#
# There is insufficient memory for the Java Runtime Environment to continue.
# Native memory allocation (malloc) failed to allocate 1104816 bytes for Chunk::new
# Possible reasons:
#   The system is out of physical RAM or swap space
#   The process is running with CompressedOops enabled, and the Java Heap may be blocking the growth of the native heap
# Possible solutions:
#   Reduce memory load on the system
#   Increase physical memory or swap space
#   Check if swap backing store is full
#   Decrease Java heap size (-Xmx/-Xms)
#   Decrease number of Java threads
#   Decrease Java thread stack sizes (-Xss)
#   Set larger code cache with -XX:ReservedCodeCacheSize=
#   JVM is running with Unscaled Compressed Oops mode in which the Java heap is
#     placed in the first 4GB address space. The Java Heap base address is the
#     maximum limit for the native heap growth. Please use -XX:HeapBaseMinAddress
#     to set the Java Heap base and to place the Java Heap above 4GB virtual address.
# This output file may be truncated or incomplete.
#
#  Out of Memory Error (./src/hotspot/share/memory/arena.cpp:197), pid=18316, tid=3252
#
# JRE version: OpenJDK Runtime Environment (11.0.11+9) (build 11.0.11+9-b60-7590822)
# Java VM: OpenJDK 64-Bit Server VM (11.0.11+9-b60-7590822, mixed mode, tiered, compressed oops, g1 gc, windows-amd64)
# No core dump will be written. Minidumps are not enabled by default on client versions of Windows
#

---------------  S U M M A R Y ------------

Command Line: --add-opens=java.base/java.util=ALL-UNNAMED --add-opens=java.base/java.lang=ALL-UNNAMED --add-opens=java.base/java.lang.invoke=ALL-UNNAMED --add-opens=java.base/java.util=ALL-UNNAMED --add-opens=java.prefs/java.util.prefs=ALL-UNNAMED --add-opens=java.prefs/java.util.prefs=ALL-UNNAMED --add-opens=java.base/java.nio.charset=ALL-UNNAMED --add-opens=java.base/java.net=ALL-UNNAMED --add-opens=java.base/java.util.concurrent.atomic=ALL-UNNAMED -Xmx2048m -Dfile.encoding=UTF-8 -Duser.country=US -Duser.language=en -Duser.variant org.gradle.launcher.daemon.bootstrap.GradleDaemon 7.2

Host: Intel(R) Core(TM) i5-10210U CPU @ 1.60GHz, 8 cores, 7G,  Windows 10 , 64 bit Build 19041 (10.0.19041.1645)
Time: Fri Apr 15 17:49:21 2022 West Bank Gaza Daylight Time elapsed time: 29.866715 seconds (0d 0h 0m 29s)

---------------  T H R E A D  ---------------

Current thread (0x000001f7fcad8800):  JavaThread "C2 CompilerThread0" daemon [_thread_in_native, id=3252, stack(0x0000005731d00000,0x0000005731e00000)]


Current CompileTask:
C2:  29866 10222  s!   4       jdk.internal.loader.URLClassPath::getLoader (194 bytes)

Stack: [0x0000005731d00000,0x0000005731e00000]
Native frames: (J=compiled Java code, j=interpreted, Vv=VM code, C=native code)
V  [jvm.dll+0x5f214a]
V  [jvm.dll+0x726fb5]
V  [jvm.dll+0x7285cd]
V  [jvm.dll+0x728c83]
V  [jvm.dll+0x243278]
V  [jvm.dll+0xbc53c]
V  [jvm.dll+0xbca3c]
V  [jvm.dll+0x353e3b]
V  [jvm.dll+0x321893]
V  [jvm.dll+0x320d8a]
V  [jvm.dll+0x1fc1e2]
V  [jvm.dll+0x1fb3d4]
V  [jvm.dll+0x183d6c]
V  [jvm.dll+0x209a57]
V  [jvm.dll+0x2082a1]
V  [jvm.dll+0x6ef58f]
V  [jvm.dll+0x6e80b5]
V  [jvm.dll+0x5f1036]
C  [ucrtbase.dll+0x21bb2]
C  [KERNEL32.DLL+0x17034]
C  [ntdll.dll+0x52651]


---------------  P R O C E S S  ---------------

Threads class SMR info:
_java_thread_list=0x000001f785e5f070, length=137, elements={
0x000001f7e263c800, 0x000001f7fcac0800, 0x000001f7fcaca800, 0x000001f7fd44b000,
0x000001f7fd44c800, 0x000001f7fd44d800, 0x000001f7fcad8800, 0x000001f7fcade800,
0x000001f7fcadf800, 0x000001f7fd5a7000, 0x000001f780030800, 0x000001f7fe03d000,
0x000001f7feb02800, 0x000001f7feef9000, 0x000001f7feef9800, 0x000001f7fd875800,
0x000001f7800e5800, 0x000001f7fe10a000, 0x000001f7800df000, 0x000001f780167000,
0x000001f780168000, 0x000001f780168800, 0x000001f780166000, 0x000001f780b93000,
0x000001f780b98000, 0x000001f780b97000, 0x000001f780b99000, 0x000001f780b99800,
0x000001f780b94000, 0x000001f780b9a800, 0x000001f780b95800, 0x000001f780b95000,
0x000001f780b9b800, 0x000001f780b9c000, 0x000001f780b96800, 0x000001f780ba2000,
0x000001f780b9d000, 0x000001f780b9e000, 0x000001f780b9e800, 0x000001f780ba0000,
0x000001f781b9d000, 0x000001f781b9e000, 0x000001f781b9e800, 0x000001f781b9f800,
0x000001f781ba0000, 0x000001f781b9a800, 0x000001f781ba1000, 0x000001f781b9b800,
0x000001f781ba2000, 0x000001f781b9c000, 0x000001f781ba5000, 0x000001f781ba6000,
0x000001f781ba7000, 0x000001f781ba7800, 0x000001f781ba8800, 0x000001f781ba2800,
0x000001f781ba9000, 0x000001f781ba3800, 0x000001f781ba4800, 0x000001f781bc3000,
0x000001f781bc0800, 0x000001f781bbe000, 0x000001f781bc1800, 0x000001f781bc4800,
0x000001f781bc2000, 0x000001f781bbf800, 0x000001f781bc4000, 0x000001f781bbf000,
0x000001f781bc8000, 0x000001f781bc6000, 0x000001f781bcb000, 0x000001f781bc5800,
0x000001f781bcd000, 0x000001f781bc8800, 0x000001f781bc7000, 0x000001f781bcc000,
0x000001f781bc9800, 0x000001f781bca800, 0x000001f78228e800, 0x000001f782290000,
0x000001f78228f000, 0x000001f782290800, 0x000001f782292800, 0x000001f782293000,
0x000001f782291800, 0x000001f78228d800, 0x000001f782294000, 0x000001f782295000,
0x000001f78229b800, 0x000001f782299800, 0x000001f782295800, 0x000001f78229a800,
0x000001f782297800, 0x000001f782299000, 0x000001f78229c000, 0x000001f782296800,
0x000001f782298000, 0x000001f78220a000, 0x000001f782207800, 0x000001f78220a800,
0x000001f782206000, 0x000001f782205000, 0x000001f782208000, 0x000001f78220b800,
0x000001f78220c800, 0x000001f782206800, 0x000001f78220d000, 0x000001f78220e800,
0x000001f782209000, 0x000001f78220f800, 0x000001f782213800, 0x000001f78220e000,
0x000001f782211000, 0x000001f782213000, 0x000001f782210800, 0x000001f782212000,
0x000001f783b00800, 0x000001f783aff000, 0x000001f783b03000, 0x000001f783b02000,
0x000001f783b01000, 0x000001f783afe000, 0x000001f783aff800, 0x000001f783afd000,
0x000001f783b03800, 0x000001f783b07000, 0x000001f783b08800, 0x000001f783b0a000,
0x000001f783b06000, 0x000001f783b05800, 0x000001f783b09800, 0x000001f783b04800,
0x000001f783b0b000, 0x000001f783b0c000, 0x000001f7862ac000, 0x000001f7862ab000,
0x000001f7862a9800
}

Java Threads: ( => current thread )
  0x000001f7e263c800 JavaThread "main" [_thread_blocked, id=16948, stack(0x0000005731100000,0x0000005731200000)]
  0x000001f7fcac0800 JavaThread "Reference Handler" daemon [_thread_blocked, id=9472, stack(0x0000005731800000,0x0000005731900000)]
  0x000001f7fcaca800 JavaThread "Finalizer" daemon [_thread_blocked, id=19176, stack(0x0000005731900000,0x0000005731a00000)]
  0x000001f7fd44b000 JavaThread "Signal Dispatcher" daemon [_thread_blocked, id=6048, stack(0x0000005731a00000,0x0000005731b00000)]
  0x000001f7fd44c800 JavaThread "Attach Listener" daemon [_thread_blocked, id=9864, stack(0x0000005731b00000,0x0000005731c00000)]
  0x000001f7fd44d800 JavaThread "Service Thread" daemon [_thread_blocked, id=8196, stack(0x0000005731c00000,0x0000005731d00000)]
=>0x000001f7fcad8800 JavaThread "C2 CompilerThread0" daemon [_thread_in_native, id=3252, stack(0x0000005731d00000,0x0000005731e00000)]
  0x000001f7fcade800 JavaThread "C1 CompilerThread0" daemon [_thread_blocked, id=2228, stack(0x0000005731e00000,0x0000005731f00000)]
  0x000001f7fcadf800 JavaThread "Sweeper thread" daemon [_thread_blocked, id=9592, stack(0x0000005731f00000,0x0000005732000000)]
  0x000001f7fd5a7000 JavaThread "Common-Cleaner" daemon [_thread_blocked, id=16828, stack(0x0000005732000000,0x0000005732100000)]
  0x000001f780030800 JavaThread "Daemon health stats" [_thread_blocked, id=20248, stack(0x0000005732400000,0x0000005732500000)]
  0x000001f7fe03d000 JavaThread "Incoming local TCP Connector on port 49742" [_thread_in_native, id=6136, stack(0x0000005732700000,0x0000005732800000)]
  0x000001f7feb02800 JavaThread "Daemon periodic checks" [_thread_blocked, id=8576, stack(0x0000005732800000,0x0000005732900000)]
  0x000001f7feef9000 JavaThread "Daemon" [_thread_blocked, id=2740, stack(0x0000005732900000,0x0000005732a00000)]
  0x000001f7feef9800 JavaThread "Handler for socket connection from /127.0.0.1:49742 to /127.0.0.1:49743" [_thread_in_native, id=6812, stack(0x0000005732a00000,0x0000005732b00000)]
  0x000001f7fd875800 JavaThread "Cancel handler" [_thread_blocked, id=9196, stack(0x0000005732b00000,0x0000005732c00000)]
  0x000001f7800e5800 JavaThread "Daemon worker" [_thread_in_Java, id=18284, stack(0x0000005732c00000,0x0000005732d00000)]
  0x000001f7fe10a000 JavaThread "Asynchronous log dispatcher for DefaultDaemonConnection: socket connection from /127.0.0.1:49742 to /127.0.0.1:49743" [_thread_blocked, id=18176, stack(0x0000005732d00000,0x0000005732e00000)]
  0x000001f7800df000 JavaThread "Stdin handler" [_thread_blocked, id=11876, stack(0x0000005732e00000,0x0000005732f00000)]
  0x000001f780167000 JavaThread "Daemon client event forwarder" [_thread_blocked, id=19388, stack(0x0000005732f00000,0x0000005733000000)]
  0x000001f780168000 JavaThread "Cache worker for journal cache (C:\Users\hp\gradle-7.2\caches\journal-1)" [_thread_blocked, id=14820, stack(0x0000005733000000,0x0000005733100000)]
  0x000001f780168800 JavaThread "File lock request listener" [_thread_in_native, id=18024, stack(0x0000005733100000,0x0000005733200000)]
  0x000001f780166000 JavaThread "Cache worker for file hash cache (C:\Users\hp\gradle-7.2\caches\7.2\fileHashes)" [_thread_blocked, id=3400, stack(0x0000005733700000,0x0000005733800000)]
  0x000001f780b93000 JavaThread "Cache worker for file hash cache (D:\ProjectAndroid\Cashier\.gradle\7.2\fileHashes)" [_thread_blocked, id=5788, stack(0x0000005733800000,0x0000005733900000)]
  0x000001f780b98000 JavaThread "File watcher server" daemon [_thread_in_native, id=14568, stack(0x0000005733900000,0x0000005733a00000)]
  0x000001f780b97000 JavaThread "File watcher consumer" daemon [_thread_blocked, id=4428, stack(0x0000005733a00000,0x0000005733b00000)]
  0x000001f780b99000 JavaThread "jar transforms" [_thread_blocked, id=17576, stack(0x0000005733b00000,0x0000005733c00000)]
  0x000001f780b99800 JavaThread "jar transforms Thread 2" [_thread_blocked, id=7300, stack(0x0000005733c00000,0x0000005733d00000)]
  0x000001f780b94000 JavaThread "jar transforms Thread 3" [_thread_blocked, id=15320, stack(0x0000005733d00000,0x0000005733e00000)]
  0x000001f780b9a800 JavaThread "jar transforms Thread 4" [_thread_blocked, id=18264, stack(0x0000005733e00000,0x0000005733f00000)]
  0x000001f780b95800 JavaThread "jar transforms Thread 5" [_thread_blocked, id=17848, stack(0x0000005733f00000,0x0000005734000000)]
  0x000001f780b95000 JavaThread "jar transforms Thread 6" [_thread_blocked, id=17772, stack(0x0000005734000000,0x0000005734100000)]
  0x000001f780b9b800 JavaThread "jar transforms Thread 7" [_thread_blocked, id=8540, stack(0x0000005734100000,0x0000005734200000)]
  0x000001f780b9c000 JavaThread "jar transforms Thread 8" [_thread_blocked, id=19488, stack(0x0000005734200000,0x0000005734300000)]
  0x000001f780b96800 JavaThread "Cache worker for checksums cache (D:\ProjectAndroid\Cashier\.gradle\checksums)" [_thread_blocked, id=8688, stack(0x0000005734300000,0x0000005734400000)]
  0x000001f780ba2000 JavaThread "Cache worker for cache directory md-supplier (C:\Users\hp\gradle-7.2\caches\7.2\md-supplier)" [_thread_blocked, id=5512, stack(0x0000005734400000,0x0000005734500000)]
  0x000001f780b9d000 JavaThread "Cache worker for cache directory md-rule (C:\Users\hp\gradle-7.2\caches\7.2\md-rule)" [_thread_blocked, id=18568, stack(0x0000005734500000,0x0000005734600000)]
  0x000001f780b9e000 JavaThread "Cache worker for execution history cache (C:\Users\hp\gradle-7.2\caches\7.2\executionHistory)" [_thread_blocked, id=7280, stack(0x0000005734600000,0x0000005734700000)]
  0x000001f780b9e800 JavaThread "Cache worker for file content cache (C:\Users\hp\gradle-7.2\caches\7.2\fileContent)" [_thread_blocked, id=2448, stack(0x0000005734700000,0x0000005734800000)]
  0x000001f780ba0000 JavaThread "Cache worker for dependencies-accessors (D:\ProjectAndroid\Cashier\.gradle\7.2\dependencies-accessors)" [_thread_blocked, id=10436, stack(0x0000005734800000,0x0000005734900000)]
  0x000001f781b9d000 JavaThread "Cache worker for Build Output Cleanup Cache (D:\ProjectAndroid\Cashier\.gradle\buildOutputCleanup)" [_thread_blocked, id=16936, stack(0x0000005734900000,0x0000005734a00000)]
  0x000001f781b9e000 JavaThread "Unconstrained build operations" [_thread_blocked, id=20292, stack(0x0000005734a00000,0x0000005734b00000)]
  0x000001f781b9e800 JavaThread "Unconstrained build operations Thread 2" [_thread_blocked, id=9008, stack(0x0000005734b00000,0x0000005734c00000)]
  0x000001f781b9f800 JavaThread "Unconstrained build operations Thread 3" [_thread_blocked, id=14380, stack(0x0000005734c00000,0x0000005734d00000)]
  0x000001f781ba0000 JavaThread "Unconstrained build operations Thread 4" [_thread_blocked, id=3528, stack(0x0000005734d00000,0x0000005734e00000)]
  0x000001f781b9a800 JavaThread "Unconstrained build operations Thread 5" [_thread_blocked, id=17264, stack(0x0000005734e00000,0x0000005734f00000)]
  0x000001f781ba1000 JavaThread "Unconstrained build operations Thread 6" [_thread_blocked, id=4156, stack(0x0000005734f00000,0x0000005735000000)]
  0x000001f781b9b800 JavaThread "Unconstrained build operations Thread 7" [_thread_blocked, id=18624, stack(0x0000005735000000,0x0000005735100000)]
  0x000001f781ba2000 JavaThread "Unconstrained build operations Thread 8" [_thread_blocked, id=18384, stack(0x0000005735100000,0x0000005735200000)]
  0x000001f781b9c000 JavaThread "Unconstrained build operations Thread 9" [_thread_blocked, id=16884, stack(0x0000005735200000,0x0000005735300000)]
  0x000001f781ba5000 JavaThread "Unconstrained build operations Thread 10" [_thread_blocked, id=19892, stack(0x0000005735300000,0x0000005735400000)]
  0x000001f781ba6000 JavaThread "Unconstrained build operations Thread 11" [_thread_blocked, id=18132, stack(0x0000005735400000,0x0000005735500000)]
  0x000001f781ba7000 JavaThread "Unconstrained build operations Thread 12" [_thread_blocked, id=18040, stack(0x0000005735500000,0x0000005735600000)]
  0x000001f781ba7800 JavaThread "Unconstrained build operations Thread 13" [_thread_blocked, id=6456, stack(0x0000005735600000,0x0000005735700000)]
  0x000001f781ba8800 JavaThread "Unconstrained build operations Thread 14" [_thread_blocked, id=16808, stack(0x0000005735700000,0x0000005735800000)]
  0x000001f781ba2800 JavaThread "Unconstrained build operations Thread 15" [_thread_blocked, id=19344, stack(0x0000005735800000,0x0000005735900000)]
  0x000001f781ba9000 JavaThread "Unconstrained build operations Thread 16" [_thread_blocked, id=8652, stack(0x0000005735900000,0x0000005735a00000)]
  0x000001f781ba3800 JavaThread "Unconstrained build operations Thread 17" [_thread_blocked, id=18376, stack(0x0000005735a00000,0x0000005735b00000)]
  0x000001f781ba4800 JavaThread "Unconstrained build operations Thread 18" [_thread_blocked, id=17816, stack(0x0000005735b00000,0x0000005735c00000)]
  0x000001f781bc3000 JavaThread "Unconstrained build operations Thread 19" [_thread_blocked, id=15608, stack(0x0000005735c00000,0x0000005735d00000)]
  0x000001f781bc0800 JavaThread "Unconstrained build operations Thread 20" [_thread_blocked, id=16288, stack(0x0000005735d00000,0x0000005735e00000)]
  0x000001f781bbe000 JavaThread "Unconstrained build operations Thread 21" [_thread_blocked, id=10348, stack(0x0000005735e00000,0x0000005735f00000)]
  0x000001f781bc1800 JavaThread "Unconstrained build operations Thread 22" [_thread_blocked, id=18588, stack(0x0000005735f00000,0x0000005736000000)]
  0x000001f781bc4800 JavaThread "Unconstrained build operations Thread 23" [_thread_blocked, id=10344, stack(0x0000005736000000,0x0000005736100000)]
  0x000001f781bc2000 JavaThread "Unconstrained build operations Thread 24" [_thread_blocked, id=18308, stack(0x0000005736100000,0x0000005736200000)]
  0x000001f781bbf800 JavaThread "Unconstrained build operations Thread 25" [_thread_blocked, id=19328, stack(0x0000005736200000,0x0000005736300000)]
  0x000001f781bc4000 JavaThread "Unconstrained build operations Thread 26" [_thread_blocked, id=1748, stack(0x0000005736300000,0x0000005736400000)]
  0x000001f781bbf000 JavaThread "Unconstrained build operations Thread 27" [_thread_blocked, id=11520, stack(0x0000005736400000,0x0000005736500000)]
  0x000001f781bc8000 JavaThread "Unconstrained build operations Thread 28" [_thread_blocked, id=18332, stack(0x0000005736500000,0x0000005736600000)]
  0x000001f781bc6000 JavaThread "Unconstrained build operations Thread 29" [_thread_blocked, id=14960, stack(0x0000005736600000,0x0000005736700000)]
  0x000001f781bcb000 JavaThread "Unconstrained build operations Thread 30" [_thread_blocked, id=11652, stack(0x0000005736700000,0x0000005736800000)]
  0x000001f781bc5800 JavaThread "Unconstrained build operations Thread 31" [_thread_blocked, id=18536, stack(0x0000005736800000,0x0000005736900000)]
  0x000001f781bcd000 JavaThread "Unconstrained build operations Thread 32" [_thread_blocked, id=7788, stack(0x0000005736900000,0x0000005736a00000)]
  0x000001f781bc8800 JavaThread "Unconstrained build operations Thread 33" [_thread_blocked, id=18804, stack(0x0000005736a00000,0x0000005736b00000)]
  0x000001f781bc7000 JavaThread "Unconstrained build operations Thread 34" [_thread_blocked, id=19464, stack(0x0000005736b00000,0x0000005736c00000)]
  0x000001f781bcc000 JavaThread "Unconstrained build operations Thread 35" [_thread_blocked, id=9016, stack(0x0000005736c00000,0x0000005736d00000)]
  0x000001f781bc9800 JavaThread "Unconstrained build operations Thread 36" [_thread_blocked, id=5392, stack(0x0000005736d00000,0x0000005736e00000)]
  0x000001f781bca800 JavaThread "Unconstrained build operations Thread 37" [_thread_blocked, id=18004, stack(0x0000005736e00000,0x0000005736f00000)]
  0x000001f78228e800 JavaThread "Unconstrained build operations Thread 38" [_thread_blocked, id=10864, stack(0x0000005736f00000,0x0000005737000000)]
  0x000001f782290000 JavaThread "Unconstrained build operations Thread 39" [_thread_blocked, id=1756, stack(0x0000005737000000,0x0000005737100000)]
  0x000001f78228f000 JavaThread "Unconstrained build operations Thread 40" [_thread_blocked, id=18612, stack(0x0000005737100000,0x0000005737200000)]
  0x000001f782290800 JavaThread "Unconstrained build operations Thread 41" [_thread_blocked, id=20188, stack(0x0000005737200000,0x0000005737300000)]
  0x000001f782292800 JavaThread "Unconstrained build operations Thread 42" [_thread_blocked, id=19156, stack(0x0000005737300000,0x0000005737400000)]
  0x000001f782293000 JavaThread "Unconstrained build operations Thread 43" [_thread_blocked, id=16620, stack(0x0000005737400000,0x0000005737500000)]
  0x000001f782291800 JavaThread "Unconstrained build operations Thread 44" [_thread_blocked, id=12536, stack(0x0000005737500000,0x0000005737600000)]
  0x000001f78228d800 JavaThread "Unconstrained build operations Thread 45" [_thread_blocked, id=15048, stack(0x0000005737600000,0x0000005737700000)]
  0x000001f782294000 JavaThread "Unconstrained build operations Thread 46" [_thread_blocked, id=19716, stack(0x0000005737700000,0x0000005737800000)]
  0x000001f782295000 JavaThread "Unconstrained build operations Thread 47" [_thread_blocked, id=19224, stack(0x0000005737800000,0x0000005737900000)]
  0x000001f78229b800 JavaThread "Unconstrained build operations Thread 48" [_thread_blocked, id=16476, stack(0x0000005737900000,0x0000005737a00000)]
  0x000001f782299800 JavaThread "Unconstrained build operations Thread 49" [_thread_blocked, id=17644, stack(0x0000005737a00000,0x0000005737b00000)]
  0x000001f782295800 JavaThread "Unconstrained build operations Thread 50" [_thread_blocked, id=10592, stack(0x0000005737b00000,0x0000005737c00000)]
  0x000001f78229a800 JavaThread "Unconstrained build operations Thread 51" [_thread_blocked, id=19884, stack(0x0000005737c00000,0x0000005737d00000)]
  0x000001f782297800 JavaThread "Unconstrained build operations Thread 52" [_thread_blocked, id=15768, stack(0x0000005737d00000,0x0000005737e00000)]
  0x000001f782299000 JavaThread "Unconstrained build operations Thread 53" [_thread_blocked, id=6764, stack(0x0000005737e00000,0x0000005737f00000)]
  0x000001f78229c000 JavaThread "Unconstrained build operations Thread 54" [_thread_blocked, id=18096, stack(0x0000005737f00000,0x0000005738000000)]
  0x000001f782296800 JavaThread "Unconstrained build operations Thread 55" [_thread_blocked, id=532, stack(0x0000005738000000,0x0000005738100000)]
  0x000001f782298000 JavaThread "Unconstrained build operations Thread 56" [_thread_blocked, id=6956, stack(0x0000005738100000,0x0000005738200000)]
  0x000001f78220a000 JavaThread "Unconstrained build operations Thread 57" [_thread_blocked, id=1328, stack(0x0000005738200000,0x0000005738300000)]
  0x000001f782207800 JavaThread "Unconstrained build operations Thread 58" [_thread_blocked, id=9604, stack(0x0000005738300000,0x0000005738400000)]
  0x000001f78220a800 JavaThread "Unconstrained build operations Thread 59" [_thread_blocked, id=8136, stack(0x0000005738400000,0x0000005738500000)]
  0x000001f782206000 JavaThread "Unconstrained build operations Thread 60" [_thread_blocked, id=18668, stack(0x0000005738500000,0x0000005738600000)]
  0x000001f782205000 JavaThread "Unconstrained build operations Thread 61" [_thread_blocked, id=19408, stack(0x0000005738600000,0x0000005738700000)]
  0x000001f782208000 JavaThread "Unconstrained build operations Thread 62" [_thread_blocked, id=20124, stack(0x0000005738700000,0x0000005738800000)]
  0x000001f78220b800 JavaThread "Unconstrained build operations Thread 63" [_thread_blocked, id=19520, stack(0x0000005738800000,0x0000005738900000)]
  0x000001f78220c800 JavaThread "Unconstrained build operations Thread 64" [_thread_blocked, id=18032, stack(0x0000005738900000,0x0000005738a00000)]
  0x000001f782206800 JavaThread "Unconstrained build operations Thread 65" [_thread_blocked, id=18632, stack(0x0000005738a00000,0x0000005738b00000)]
  0x000001f78220d000 JavaThread "Unconstrained build operations Thread 66" [_thread_blocked, id=992, stack(0x0000005738b00000,0x0000005738c00000)]
  0x000001f78220e800 JavaThread "Unconstrained build operations Thread 67" [_thread_blocked, id=3888, stack(0x0000005738c00000,0x0000005738d00000)]
  0x000001f782209000 JavaThread "Unconstrained build operations Thread 68" [_thread_blocked, id=19992, stack(0x0000005738d00000,0x0000005738e00000)]
  0x000001f78220f800 JavaThread "Unconstrained build operations Thread 69" [_thread_blocked, id=12324, stack(0x0000005738e00000,0x0000005738f00000)]
  0x000001f782213800 JavaThread "Unconstrained build operations Thread 70" [_thread_blocked, id=12124, stack(0x0000005738f00000,0x0000005739000000)]
  0x000001f78220e000 JavaThread "Unconstrained build operations Thread 71" [_thread_blocked, id=19184, stack(0x0000005739000000,0x0000005739100000)]
  0x000001f782211000 JavaThread "Unconstrained build operations Thread 72" [_thread_blocked, id=7220, stack(0x0000005739100000,0x0000005739200000)]
  0x000001f782213000 JavaThread "Unconstrained build operations Thread 73" [_thread_blocked, id=2460, stack(0x0000005739200000,0x0000005739300000)]
  0x000001f782210800 JavaThread "Unconstrained build operations Thread 74" [_thread_blocked, id=2600, stack(0x0000005739300000,0x0000005739400000)]
  0x000001f782212000 JavaThread "Unconstrained build operations Thread 75" [_thread_blocked, id=4276, stack(0x0000005739400000,0x0000005739500000)]
  0x000001f783b00800 JavaThread "Unconstrained build operations Thread 76" [_thread_blocked, id=7564, stack(0x0000005739500000,0x0000005739600000)]
  0x000001f783aff000 JavaThread "Unconstrained build operations Thread 77" [_thread_blocked, id=12844, stack(0x0000005739600000,0x0000005739700000)]
  0x000001f783b03000 JavaThread "Unconstrained build operations Thread 78" [_thread_blocked, id=16776, stack(0x0000005739700000,0x0000005739800000)]
  0x000001f783b02000 JavaThread "Unconstrained build operations Thread 79" [_thread_blocked, id=6036, stack(0x0000005739800000,0x0000005739900000)]
  0x000001f783b01000 JavaThread "Unconstrained build operations Thread 80" [_thread_blocked, id=3404, stack(0x0000005739900000,0x0000005739a00000)]
  0x000001f783afe000 JavaThread "Memory manager" [_thread_blocked, id=16604, stack(0x0000005739a00000,0x0000005739b00000)]
  0x000001f783aff800 JavaThread "Keep-Alive-Timer" daemon [_thread_blocked, id=8756, stack(0x0000005739b00000,0x0000005739c00000)]
  0x000001f783afd000 JavaThread "pool-2-thread-1" [_thread_in_native, id=9956, stack(0x0000005739c00000,0x0000005739d00000)]
  0x000001f783b03800 JavaThread "pool-2-thread-2" [_thread_in_native, id=19040, stack(0x0000005739d00000,0x0000005739e00000)]
  0x000001f783b07000 JavaThread "pool-2-thread-4" [_thread_in_Java, id=11164, stack(0x0000005739f00000,0x000000573a000000)]
  0x000001f783b08800 JavaThread "pool-2-thread-5" [_thread_in_native, id=15672, stack(0x000000573a000000,0x000000573a100000)]
  0x000001f783b0a000 JavaThread "pool-2-thread-6" [_thread_in_native, id=2564, stack(0x000000573a100000,0x000000573a200000)]
  0x000001f783b06000 JavaThread "pool-2-thread-7" [_thread_in_native, id=13984, stack(0x000000573a200000,0x000000573a300000)]
  0x000001f783b05800 JavaThread "pool-2-thread-8" [_thread_in_Java, id=15180, stack(0x000000573a300000,0x000000573a400000)]
  0x000001f783b09800 JavaThread "pool-2-thread-9" [_thread_in_native, id=17680, stack(0x000000573a400000,0x000000573a500000)]
  0x000001f783b04800 JavaThread "pool-2-thread-10" [_thread_in_Java, id=3128, stack(0x000000573a500000,0x000000573a600000)]
  0x000001f783b0b000 JavaThread "pool-2-thread-11" [_thread_in_Java, id=20196, stack(0x000000573a600000,0x000000573a700000)]
  0x000001f783b0c000 JavaThread "pool-2-thread-12" [_thread_in_Java, id=2960, stack(0x000000573a700000,0x000000573a800000)]
  0x000001f7862ac000 JavaThread "pool-2-thread-13" [_thread_in_native, id=17500, stack(0x000000573a800000,0x000000573a900000)]
  0x000001f7862ab000 JavaThread "pool-2-thread-14" [_thread_in_Java, id=17872, stack(0x000000573a900000,0x000000573aa00000)]
  0x000001f7862a9800 JavaThread "pool-2-thread-15" [_thread_in_Java, id=18556, stack(0x000000573aa00000,0x000000573ab00000)]

Other Threads:
  0x000001f7fcab9800 VMThread "VM Thread" [stack: 0x0000005731700000,0x0000005731800000] [id=17420]
  0x000001f7fd5b0800 WatcherThread [stack: 0x0000005732100000,0x0000005732200000] [id=2792]
  0x000001f7e2657000 GCTaskThread "GC Thread#0" [stack: 0x0000005731200000,0x0000005731300000] [id=16796]
  0x000001f7fe0cd800 GCTaskThread "GC Thread#1" [stack: 0x0000005732200000,0x0000005732300000] [id=15052]
  0x000001f7fe0d2000 GCTaskThread "GC Thread#2" [stack: 0x0000005732300000,0x0000005732400000] [id=10092]
  0x000001f7fe0d2800 GCTaskThread "GC Thread#3" [stack: 0x0000005732500000,0x0000005732600000] [id=18688]
  0x000001f7fe0cc000 GCTaskThread "GC Thread#4" [stack: 0x0000005733200000,0x0000005733300000] [id=2784]
  0x000001f7fe0cd000 GCTaskThread "GC Thread#5" [stack: 0x0000005733300000,0x0000005733400000] [id=8132]
  0x000001f7fe0d3800 GCTaskThread "GC Thread#6" [stack: 0x0000005733400000,0x0000005733500000] [id=20340]
  0x000001f7fe0ce000 GCTaskThread "GC Thread#7" [stack: 0x0000005733500000,0x0000005733600000] [id=10696]
  0x000001f7e2686800 ConcurrentGCThread "G1 Main Marker" [stack: 0x0000005731300000,0x0000005731400000] [id=14424]
  0x000001f7e2688800 ConcurrentGCThread "G1 Conc#0" [stack: 0x0000005731400000,0x0000005731500000] [id=5784]
  0x000001f7fe0cf000 ConcurrentGCThread "G1 Conc#1" [stack: 0x0000005733600000,0x0000005733700000] [id=17964]
  0x000001f7fc910800 ConcurrentGCThread "G1 Refine#0" [stack: 0x0000005731500000,0x0000005731600000] [id=16848]
  0x000001f7fe3f2800 ConcurrentGCThread "G1 Refine#1" [stack: 0x0000005732600000,0x0000005732700000] [id=19080]
  0x000001f7fc911800 ConcurrentGCThread "G1 Young RemSet Sampling" [stack: 0x0000005731600000,0x0000005731700000] [id=11384]

Threads with active compile tasks:
C2 CompilerThread0  29944 10222  s!   4       jdk.internal.loader.URLClassPath::getLoader (194 bytes)
C1 CompilerThread0  29944 10300       1       sun.security.util.ECKeySizeParameterSpec::getKeySize (5 bytes)

VM state:not at safepoint (normal execution)

VM Mutex/Monitor currently owned by a thread: None

Heap address: 0x0000000080000000, size: 2048 MB, Compressed Oops mode: 32-bit
Narrow klass base: 0x0000000000000000, Narrow klass shift: 3
Compressed class space size: 1073741824 Address: 0x0000000100000000

Heap:
 garbage-first heap   total 225280K, used 149068K [0x0000000080000000, 0x0000000100000000)
  region size 1024K, 43 young (44032K), 2 survivors (2048K)
 Metaspace       used 93824K, capacity 96279K, committed 96304K, reserved 1132544K
  class space    used 12074K, capacity 12906K, committed 12928K, reserved 1048576K
Heap Regions: E=young(eden), S=young(survivor), O=old, HS=humongous(starts), HC=humongous(continues), CS=collection set, F=free, A=archive, TAMS=top-at-mark-start (previous, next)
|   0|0x0000000080000000, 0x0000000080100000, 0x0000000080100000|100%| O|  |TAMS 0x0000000080100000, 0x0000000080000000| Untracked 
|   1|0x0000000080100000, 0x0000000080200000, 0x0000000080200000|100%| O|  |TAMS 0x0000000080200000, 0x0000000080100000| Untracked 
|   2|0x0000000080200000, 0x0000000080300000, 0x0000000080300000|100%| O|  |TAMS 0x0000000080300000, 0x0000000080200000| Untracked 
|   3|0x0000000080300000, 0x0000000080400000, 0x0000000080400000|100%|HS|  |TAMS 0x0000000080400000, 0x0000000080300000| Complete 
|   4|0x0000000080400000, 0x0000000080500000, 0x0000000080500000|100%|HC|  |TAMS 0x0000000080500000, 0x0000000080400000| Complete 
|   5|0x0000000080500000, 0x0000000080600000, 0x0000000080600000|100%|HC|  |TAMS 0x0000000080600000, 0x0000000080500000| Complete 
|   6|0x0000000080600000, 0x0000000080700000, 0x0000000080700000|100%| O|  |TAMS 0x0000000080700000, 0x0000000080600000| Untracked 
|   7|0x0000000080700000, 0x0000000080800000, 0x0000000080800000|100%| O|  |TAMS 0x0000000080800000, 0x0000000080700000| Untracked 
|   8|0x0000000080800000, 0x0000000080900000, 0x0000000080900000|100%| O|  |TAMS 0x0000000080900000, 0x0000000080800000| Untracked 
|   9|0x0000000080900000, 0x0000000080a00000, 0x0000000080a00000|100%| O|  |TAMS 0x0000000080a00000, 0x0000000080900000| Untracked 
|  10|0x0000000080a00000, 0x0000000080b00000, 0x0000000080b00000|100%| O|  |TAMS 0x0000000080b00000, 0x0000000080a00000| Untracked 
|  11|0x0000000080b00000, 0x0000000080c00000, 0x0000000080c00000|100%| O|  |TAMS 0x0000000080c00000, 0x0000000080b00000| Untracked 
|  12|0x0000000080c00000, 0x0000000080d00000, 0x0000000080d00000|100%| O|  |TAMS 0x0000000080d00000, 0x0000000080c00000| Untracked 
|  13|0x0000000080d00000, 0x0000000080e00000, 0x0000000080e00000|100%| O|  |TAMS 0x0000000080e00000, 0x0000000080d00000| Untracked 
|  14|0x0000000080e00000, 0x0000000080f00000, 0x0000000080f00000|100%| O|  |TAMS 0x0000000080f00000, 0x0000000080e00000| Untracked 
|  15|0x0000000080f00000, 0x0000000081000000, 0x0000000081000000|100%| O|  |TAMS 0x0000000081000000, 0x0000000080f00000| Untracked 
|  16|0x0000000081000000, 0x0000000081100000, 0x0000000081100000|100%|HS|  |TAMS 0x0000000081100000, 0x0000000081000000| Complete 
|  17|0x0000000081100000, 0x0000000081200000, 0x0000000081200000|100%|HC|  |TAMS 0x0000000081200000, 0x0000000081100000| Complete 
|  18|0x0000000081200000, 0x0000000081300000, 0x0000000081300000|100%|HS|  |TAMS 0x0000000081300000, 0x0000000081200000| Complete 
|  19|0x0000000081300000, 0x0000000081400000, 0x0000000081400000|100%|HC|  |TAMS 0x0000000081400000, 0x0000000081300000| Complete 
|  20|0x0000000081400000, 0x0000000081500000, 0x0000000081500000|100%|HC|  |TAMS 0x0000000081500000, 0x0000000081400000| Complete 
|  21|0x0000000081500000, 0x0000000081600000, 0x0000000081600000|100%|HS|  |TAMS 0x0000000081600000, 0x0000000081500000| Complete 
|  22|0x0000000081600000, 0x0000000081700000, 0x0000000081700000|100%|HC|  |TAMS 0x0000000081700000, 0x0000000081600000| Complete 
|  23|0x0000000081700000, 0x0000000081800000, 0x0000000081800000|100%|HC|  |TAMS 0x0000000081800000, 0x0000000081700000| Complete 
|  24|0x0000000081800000, 0x0000000081900000, 0x0000000081900000|100%|HC|  |TAMS 0x0000000081900000, 0x0000000081800000| Complete 
|  25|0x0000000081900000, 0x0000000081a00000, 0x0000000081a00000|100%| O|  |TAMS 0x0000000081a00000, 0x0000000081900000| Untracked 
|  26|0x0000000081a00000, 0x0000000081b00000, 0x0000000081b00000|100%| O|  |TAMS 0x0000000081b00000, 0x0000000081a00000| Untracked 
|  27|0x0000000081b00000, 0x0000000081c00000, 0x0000000081c00000|100%| O|  |TAMS 0x0000000081c00000, 0x0000000081b00000| Untracked 
|  28|0x0000000081c00000, 0x0000000081d00000, 0x0000000081d00000|100%| O|  |TAMS 0x0000000081d00000, 0x0000000081c00000| Untracked 
|  29|0x0000000081d00000, 0x0000000081e00000, 0x0000000081e00000|100%| O|  |TAMS 0x0000000081e00000, 0x0000000081d00000| Untracked 
|  30|0x0000000081e00000, 0x0000000081f00000, 0x0000000081f00000|100%| O|  |TAMS 0x0000000081f00000, 0x0000000081e00000| Untracked 
|  31|0x0000000081f00000, 0x0000000082000000, 0x0000000082000000|100%| O|  |TAMS 0x0000000082000000, 0x0000000081f00000| Untracked 
|  32|0x0000000082000000, 0x0000000082100000, 0x0000000082100000|100%| O|  |TAMS 0x0000000082100000, 0x0000000082000000| Untracked 
|  33|0x0000000082100000, 0x0000000082200000, 0x0000000082200000|100%| O|  |TAMS 0x0000000082200000, 0x0000000082100000| Untracked 
|  34|0x0000000082200000, 0x0000000082300000, 0x0000000082300000|100%| O|  |TAMS 0x0000000082300000, 0x0000000082200000| Untracked 
|  35|0x0000000082300000, 0x0000000082400000, 0x0000000082400000|100%| O|  |TAMS 0x0000000082400000, 0x0000000082300000| Untracked 
|  36|0x0000000082400000, 0x0000000082500000, 0x0000000082500000|100%| O|  |TAMS 0x0000000082500000, 0x0000000082400000| Untracked 
|  37|0x0000000082500000, 0x0000000082600000, 0x0000000082600000|100%| O|  |TAMS 0x0000000082600000, 0x0000000082500000| Untracked 
|  38|0x0000000082600000, 0x0000000082700000, 0x0000000082700000|100%|HS|  |TAMS 0x0000000082700000, 0x0000000082600000| Complete 
|  39|0x0000000082700000, 0x0000000082800000, 0x0000000082800000|100%|HC|  |TAMS 0x0000000082800000, 0x0000000082700000| Complete 
|  40|0x0000000082800000, 0x0000000082900000, 0x0000000082900000|100%|HC|  |TAMS 0x0000000082900000, 0x0000000082800000| Complete 
|  41|0x0000000082900000, 0x0000000082a00000, 0x0000000082a00000|100%| O|  |TAMS 0x0000000082a00000, 0x0000000082900000| Untracked 
|  42|0x0000000082a00000, 0x0000000082b00000, 0x0000000082b00000|100%| O|  |TAMS 0x0000000082b00000, 0x0000000082a00000| Untracked 
|  43|0x0000000082b00000, 0x0000000082c00000, 0x0000000082c00000|100%| O|  |TAMS 0x0000000082c00000, 0x0000000082b00000| Untracked 
|  44|0x0000000082c00000, 0x0000000082d00000, 0x0000000082d00000|100%| O|  |TAMS 0x0000000082d00000, 0x0000000082c00000| Untracked 
|  45|0x0000000082d00000, 0x0000000082e00000, 0x0000000082e00000|100%| O|  |TAMS 0x0000000082e00000, 0x0000000082d00000| Untracked 
|  46|0x0000000082e00000, 0x0000000082f00000, 0x0000000082f00000|100%|HS|  |TAMS 0x0000000082f00000, 0x0000000082e00000| Complete 
|  47|0x0000000082f00000, 0x0000000083000000, 0x0000000083000000|100%|HC|  |TAMS 0x0000000083000000, 0x0000000082f00000| Complete 
|  48|0x0000000083000000, 0x0000000083100000, 0x0000000083100000|100%|HC|  |TAMS 0x0000000083100000, 0x0000000083000000| Complete 
|  49|0x0000000083100000, 0x0000000083200000, 0x0000000083200000|100%|HC|  |TAMS 0x0000000083200000, 0x0000000083100000| Complete 
|  50|0x0000000083200000, 0x0000000083300000, 0x0000000083300000|100%| O|  |TAMS 0x0000000083300000, 0x0000000083200000| Untracked 
|  51|0x0000000083300000, 0x0000000083400000, 0x0000000083400000|100%| O|  |TAMS 0x0000000083400000, 0x0000000083300000| Untracked 
|  52|0x0000000083400000, 0x0000000083500000, 0x0000000083500000|100%|HS|  |TAMS 0x0000000083500000, 0x0000000083400000| Complete 
|  53|0x0000000083500000, 0x0000000083600000, 0x0000000083600000|100%|HS|  |TAMS 0x0000000083600000, 0x0000000083500000| Complete 
|  54|0x0000000083600000, 0x0000000083700000, 0x0000000083700000|100%|HS|  |TAMS 0x0000000083700000, 0x0000000083600000| Complete 
|  55|0x0000000083700000, 0x0000000083800000, 0x0000000083800000|100%|HS|  |TAMS 0x0000000083800000, 0x0000000083700000| Complete 
|  56|0x0000000083800000, 0x0000000083900000, 0x0000000083900000|100%|HC|  |TAMS 0x0000000083900000, 0x0000000083800000| Complete 
|  57|0x0000000083900000, 0x0000000083a00000, 0x0000000083a00000|100%| O|  |TAMS 0x0000000083a00000, 0x0000000083900000| Untracked 
|  58|0x0000000083a00000, 0x0000000083b00000, 0x0000000083b00000|100%| O|  |TAMS 0x0000000083b00000, 0x0000000083a00000| Untracked 
|  59|0x0000000083b00000, 0x0000000083c00000, 0x0000000083c00000|100%| O|  |TAMS 0x0000000083c00000, 0x0000000083b00000| Untracked 
|  60|0x0000000083c00000, 0x0000000083d00000, 0x0000000083d00000|100%| O|  |TAMS 0x0000000083d00000, 0x0000000083c00000| Untracked 
|  61|0x0000000083d00000, 0x0000000083e00000, 0x0000000083e00000|100%| O|  |TAMS 0x0000000083e00000, 0x0000000083d00000| Untracked 
|  62|0x0000000083e00000, 0x0000000083f00000, 0x0000000083f00000|100%| O|  |TAMS 0x0000000083f00000, 0x0000000083e00000| Untracked 
|  63|0x0000000083f00000, 0x0000000084000000, 0x0000000084000000|100%| O|  |TAMS 0x0000000084000000, 0x0000000083f00000| Untracked 
|  64|0x0000000084000000, 0x0000000084100000, 0x0000000084100000|100%| O|  |TAMS 0x0000000084100000, 0x0000000084000000| Untracked 
|  65|0x0000000084100000, 0x0000000084200000, 0x0000000084200000|100%| O|  |TAMS 0x0000000084200000, 0x0000000084100000| Untracked 
|  66|0x0000000084200000, 0x0000000084300000, 0x0000000084300000|100%| O|  |TAMS 0x0000000084300000, 0x0000000084200000| Untracked 
|  67|0x0000000084300000, 0x0000000084400000, 0x0000000084400000|100%| O|  |TAMS 0x0000000084400000, 0x0000000084300000| Untracked 
|  68|0x0000000084400000, 0x0000000084500000, 0x0000000084500000|100%| O|  |TAMS 0x0000000084500000, 0x0000000084400000| Untracked 
|  69|0x0000000084500000, 0x0000000084600000, 0x0000000084600000|100%| O|  |TAMS 0x0000000084600000, 0x0000000084500000| Untracked 
|  70|0x0000000084600000, 0x0000000084700000, 0x0000000084700000|100%| O|  |TAMS 0x0000000084700000, 0x0000000084600000| Untracked 
|  71|0x0000000084700000, 0x0000000084800000, 0x0000000084800000|100%| O|  |TAMS 0x0000000084800000, 0x0000000084700000| Untracked 
|  72|0x0000000084800000, 0x0000000084900000, 0x0000000084900000|100%| O|  |TAMS 0x0000000084900000, 0x0000000084800000| Untracked 
|  73|0x0000000084900000, 0x0000000084a00000, 0x0000000084a00000|100%| O|  |TAMS 0x0000000084a00000, 0x0000000084900000| Untracked 
|  74|0x0000000084a00000, 0x0000000084b00000, 0x0000000084b00000|100%| O|  |TAMS 0x0000000084b00000, 0x0000000084a00000| Untracked 
|  75|0x0000000084b00000, 0x0000000084c00000, 0x0000000084c00000|100%| O|  |TAMS 0x0000000084c00000, 0x0000000084b00000| Untracked 
|  76|0x0000000084c00000, 0x0000000084d00000, 0x0000000084d00000|100%| O|  |TAMS 0x0000000084d00000, 0x0000000084c00000| Untracked 
|  77|0x0000000084d00000, 0x0000000084e00000, 0x0000000084e00000|100%| O|  |TAMS 0x0000000084e00000, 0x0000000084d00000| Untracked 
|  78|0x0000000084e00000, 0x0000000084f00000, 0x0000000084f00000|100%| O|  |TAMS 0x0000000084f00000, 0x0000000084e00000| Untracked 
|  79|0x0000000084f00000, 0x0000000085000000, 0x0000000085000000|100%| O|  |TAMS 0x0000000085000000, 0x0000000084f00000| Untracked 
|  80|0x0000000085000000, 0x0000000085100000, 0x0000000085100000|100%| O|  |TAMS 0x0000000085100000, 0x0000000085000000| Untracked 
|  81|0x0000000085100000, 0x0000000085200000, 0x0000000085200000|100%| O|  |TAMS 0x0000000085200000, 0x0000000085100000| Untracked 
|  82|0x0000000085200000, 0x0000000085300000, 0x0000000085300000|100%| O|  |TAMS 0x0000000085300000, 0x0000000085200000| Untracked 
|  83|0x0000000085300000, 0x0000000085400000, 0x0000000085400000|100%| O|  |TAMS 0x0000000085400000, 0x0000000085300000| Untracked 
|  84|0x0000000085400000, 0x0000000085500000, 0x0000000085500000|100%|HS|  |TAMS 0x0000000085500000, 0x0000000085400000| Complete 
|  85|0x0000000085500000, 0x0000000085600000, 0x0000000085600000|100%|HC|  |TAMS 0x0000000085600000, 0x0000000085500000| Complete 
|  86|0x0000000085600000, 0x0000000085700000, 0x0000000085700000|100%|HS|  |TAMS 0x0000000085700000, 0x0000000085600000| Complete 
|  87|0x0000000085700000, 0x0000000085800000, 0x0000000085800000|100%|HC|  |TAMS 0x0000000085800000, 0x0000000085700000| Complete 
|  88|0x0000000085800000, 0x0000000085900000, 0x0000000085900000|100%|HC|  |TAMS 0x0000000085900000, 0x0000000085800000| Complete 
|  89|0x0000000085900000, 0x0000000085a00000, 0x0000000085a00000|100%| O|  |TAMS 0x0000000085a00000, 0x0000000085900000| Untracked 
|  90|0x0000000085a00000, 0x0000000085b00000, 0x0000000085b00000|100%| O|  |TAMS 0x0000000085b00000, 0x0000000085a00000| Untracked 
|  91|0x0000000085b00000, 0x0000000085c00000, 0x0000000085c00000|100%| O|  |TAMS 0x0000000085c00000, 0x0000000085b00000| Untracked 
|  92|0x0000000085c00000, 0x0000000085d00000, 0x0000000085d00000|100%| O|  |TAMS 0x0000000085d00000, 0x0000000085c00000| Untracked 
|  93|0x0000000085d00000, 0x0000000085e00000, 0x0000000085e00000|100%|HS|  |TAMS 0x0000000085e00000, 0x0000000085d00000| Complete 
|  94|0x0000000085e00000, 0x0000000085f00000, 0x0000000085f00000|100%|HC|  |TAMS 0x0000000085f00000, 0x0000000085e00000| Complete 
|  95|0x0000000085f00000, 0x0000000086000000, 0x0000000086000000|100%|HC|  |TAMS 0x0000000086000000, 0x0000000085f00000| Complete 
|  96|0x0000000086000000, 0x0000000086100000, 0x0000000086100000|100%|HC|  |TAMS 0x0000000086100000, 0x0000000086000000| Complete 
|  97|0x0000000086100000, 0x0000000086200000, 0x0000000086200000|100%| O|  |TAMS 0x0000000086200000, 0x0000000086100000| Untracked 
|  98|0x0000000086200000, 0x0000000086300000, 0x0000000086300000|100%| O|  |TAMS 0x0000000086300000, 0x0000000086200000| Untracked 
|  99|0x0000000086300000, 0x0000000086400000, 0x0000000086400000|100%| O|  |TAMS 0x0000000086400000, 0x0000000086300000| Untracked 
| 100|0x0000000086400000, 0x0000000086500000, 0x0000000086500000|100%| O|  |TAMS 0x0000000086500000, 0x0000000086400000| Untracked 
| 101|0x0000000086500000, 0x0000000086600000, 0x0000000086600000|100%| O|  |TAMS 0x0000000086600000, 0x0000000086500000| Untracked 
| 102|0x0000000086600000, 0x0000000086700000, 0x0000000086700000|100%| O|  |TAMS 0x0000000086700000, 0x0000000086600000| Untracked 
| 103|0x0000000086700000, 0x00000000867ba600, 0x0000000086800000| 72%| O|  |TAMS 0x00000000867ba600, 0x0000000086700000| Untracked 
| 104|0x0000000086800000, 0x0000000086800000, 0x0000000086900000|  0%| F|  |TAMS 0x0000000086800000, 0x0000000086800000| Untracked 
| 105|0x0000000086900000, 0x0000000086900000, 0x0000000086a00000|  0%| F|  |TAMS 0x0000000086900000, 0x0000000086900000| Untracked 
| 106|0x0000000086a00000, 0x0000000086a00000, 0x0000000086b00000|  0%| F|  |TAMS 0x0000000086a00000, 0x0000000086a00000| Untracked 
| 107|0x0000000086b00000, 0x0000000086b00000, 0x0000000086c00000|  0%| F|  |TAMS 0x0000000086b00000, 0x0000000086b00000| Untracked 
| 108|0x0000000086c00000, 0x0000000086c00000, 0x0000000086d00000|  0%| F|  |TAMS 0x0000000086c00000, 0x0000000086c00000| Untracked 
| 109|0x0000000086d00000, 0x0000000086d00000, 0x0000000086e00000|  0%| F|  |TAMS 0x0000000086d00000, 0x0000000086d00000| Untracked 
| 110|0x0000000086e00000, 0x0000000086e00000, 0x0000000086f00000|  0%| F|  |TAMS 0x0000000086e00000, 0x0000000086e00000| Untracked 
| 111|0x0000000086f00000, 0x0000000086f00000, 0x0000000087000000|  0%| F|  |TAMS 0x0000000086f00000, 0x0000000086f00000| Untracked 
| 112|0x0000000087000000, 0x0000000087000000, 0x0000000087100000|  0%| F|  |TAMS 0x0000000087000000, 0x0000000087000000| Untracked 
| 113|0x0000000087100000, 0x0000000087100000, 0x0000000087200000|  0%| F|  |TAMS 0x0000000087100000, 0x0000000087100000| Untracked 
| 114|0x0000000087200000, 0x0000000087200000, 0x0000000087300000|  0%| F|  |TAMS 0x0000000087200000, 0x0000000087200000| Untracked 
| 115|0x0000000087300000, 0x0000000087300000, 0x0000000087400000|  0%| F|  |TAMS 0x0000000087300000, 0x0000000087300000| Untracked 
| 116|0x0000000087400000, 0x0000000087400000, 0x0000000087500000|  0%| F|  |TAMS 0x0000000087400000, 0x0000000087400000| Untracked 
| 117|0x0000000087500000, 0x0000000087500000, 0x0000000087600000|  0%| F|  |TAMS 0x0000000087500000, 0x0000000087500000| Untracked 
| 118|0x0000000087600000, 0x0000000087600000, 0x0000000087700000|  0%| F|  |TAMS 0x0000000087600000, 0x0000000087600000| Untracked 
| 119|0x0000000087700000, 0x0000000087700000, 0x0000000087800000|  0%| F|  |TAMS 0x0000000087700000, 0x0000000087700000| Untracked 
| 120|0x0000000087800000, 0x0000000087800000, 0x0000000087900000|  0%| F|  |TAMS 0x0000000087800000, 0x0000000087800000| Untracked 
| 121|0x0000000087900000, 0x0000000087900000, 0x0000000087a00000|  0%| F|  |TAMS 0x0000000087900000, 0x0000000087900000| Untracked 
| 122|0x0000000087a00000, 0x0000000087a00000, 0x0000000087b00000|  0%| F|  |TAMS 0x0000000087a00000, 0x0000000087a00000| Untracked 
| 123|0x0000000087b00000, 0x0000000087b00000, 0x0000000087c00000|  0%| F|  |TAMS 0x0000000087b00000, 0x0000000087b00000| Untracked 
| 124|0x0000000087c00000, 0x0000000087c00000, 0x0000000087d00000|  0%| F|  |TAMS 0x0000000087c00000, 0x0000000087c00000| Untracked 
| 125|0x0000000087d00000, 0x0000000087d00000, 0x0000000087e00000|  0%| F|  |TAMS 0x0000000087d00000, 0x0000000087d00000| Untracked 
| 126|0x0000000087e00000, 0x0000000087e00000, 0x0000000087f00000|  0%| F|  |TAMS 0x0000000087e00000, 0x0000000087e00000| Untracked 
| 127|0x0000000087f00000, 0x0000000087f00000, 0x0000000088000000|  0%| F|  |TAMS 0x0000000087f00000, 0x0000000087f00000| Untracked 
| 128|0x0000000088000000, 0x0000000088000000, 0x0000000088100000|  0%| F|  |TAMS 0x0000000088000000, 0x0000000088000000| Untracked 
| 129|0x0000000088100000, 0x0000000088100000, 0x0000000088200000|  0%| F|  |TAMS 0x0000000088100000, 0x0000000088100000| Untracked 
| 130|0x0000000088200000, 0x0000000088200000, 0x0000000088300000|  0%| F|  |TAMS 0x0000000088200000, 0x0000000088200000| Untracked 
| 131|0x0000000088300000, 0x0000000088300000, 0x0000000088400000|  0%| F|  |TAMS 0x0000000088300000, 0x0000000088300000| Untracked 
| 132|0x0000000088400000, 0x0000000088400000, 0x0000000088500000|  0%| F|  |TAMS 0x0000000088400000, 0x0000000088400000| Untracked 
| 133|0x0000000088500000, 0x0000000088500000, 0x0000000088600000|  0%| F|  |TAMS 0x0000000088500000, 0x0000000088500000| Untracked 
| 134|0x0000000088600000, 0x0000000088600000, 0x0000000088700000|  0%| F|  |TAMS 0x0000000088600000, 0x0000000088600000| Untracked 
| 135|0x0000000088700000, 0x0000000088700000, 0x0000000088800000|  0%| F|  |TAMS 0x0000000088700000, 0x0000000088700000| Untracked 
| 136|0x0000000088800000, 0x0000000088800000, 0x0000000088900000|  0%| F|  |TAMS 0x0000000088800000, 0x0000000088800000| Untracked 
| 137|0x0000000088900000, 0x0000000088900000, 0x0000000088a00000|  0%| F|  |TAMS 0x0000000088900000, 0x0000000088900000| Untracked 
| 138|0x0000000088a00000, 0x0000000088a00000, 0x0000000088b00000|  0%| F|  |TAMS 0x0000000088a00000, 0x0000000088a00000| Untracked 
| 139|0x0000000088b00000, 0x0000000088b00000, 0x0000000088c00000|  0%| F|  |TAMS 0x0000000088b00000, 0x0000000088b00000| Untracked 
| 140|0x0000000088c00000, 0x0000000088c00000, 0x0000000088d00000|  0%| F|  |TAMS 0x0000000088c00000, 0x0000000088c00000| Untracked 
| 141|0x0000000088d00000, 0x0000000088d00000, 0x0000000088e00000|  0%| F|  |TAMS 0x0000000088d00000, 0x0000000088d00000| Untracked 
| 142|0x0000000088e00000, 0x0000000088e00000, 0x0000000088f00000|  0%| F|  |TAMS 0x0000000088e00000, 0x0000000088e00000| Untracked 
| 143|0x0000000088f00000, 0x0000000088f00000, 0x0000000089000000|  0%| F|  |TAMS 0x0000000088f00000, 0x0000000088f00000| Untracked 
| 144|0x0000000089000000, 0x0000000089000000, 0x0000000089100000|  0%| F|  |TAMS 0x0000000089000000, 0x0000000089000000| Untracked 
| 145|0x0000000089100000, 0x0000000089100000, 0x0000000089200000|  0%| F|  |TAMS 0x0000000089100000, 0x0000000089100000| Untracked 
| 146|0x0000000089200000, 0x0000000089200000, 0x0000000089300000|  0%| F|  |TAMS 0x0000000089200000, 0x0000000089200000| Untracked 
| 147|0x0000000089300000, 0x0000000089300000, 0x0000000089400000|  0%| F|  |TAMS 0x0000000089300000, 0x0000000089300000| Untracked 
| 148|0x0000000089400000, 0x0000000089400000, 0x0000000089500000|  0%| F|  |TAMS 0x0000000089400000, 0x0000000089400000| Untracked 
| 149|0x0000000089500000, 0x0000000089500000, 0x0000000089600000|  0%| F|  |TAMS 0x0000000089500000, 0x0000000089500000| Untracked 
| 150|0x0000000089600000, 0x0000000089600000, 0x0000000089700000|  0%| F|  |TAMS 0x0000000089600000, 0x0000000089600000| Untracked 
| 151|0x0000000089700000, 0x0000000089700000, 0x0000000089800000|  0%| F|  |TAMS 0x0000000089700000, 0x0000000089700000| Untracked 
| 152|0x0000000089800000, 0x0000000089800000, 0x0000000089900000|  0%| F|  |TAMS 0x0000000089800000, 0x0000000089800000| Untracked 
| 153|0x0000000089900000, 0x0000000089900000, 0x0000000089a00000|  0%| F|  |TAMS 0x0000000089900000, 0x0000000089900000| Untracked 
| 154|0x0000000089a00000, 0x0000000089a00000, 0x0000000089b00000|  0%| F|  |TAMS 0x0000000089a00000, 0x0000000089a00000| Untracked 
| 155|0x0000000089b00000, 0x0000000089b00000, 0x0000000089c00000|  0%| F|  |TAMS 0x0000000089b00000, 0x0000000089b00000| Untracked 
| 156|0x0000000089c00000, 0x0000000089c00000, 0x0000000089d00000|  0%| F|  |TAMS 0x0000000089c00000, 0x0000000089c00000| Untracked 
| 157|0x0000000089d00000, 0x0000000089d00000, 0x0000000089e00000|  0%| F|  |TAMS 0x0000000089d00000, 0x0000000089d00000| Untracked 
| 158|0x0000000089e00000, 0x0000000089e00000, 0x0000000089f00000|  0%| F|  |TAMS 0x0000000089e00000, 0x0000000089e00000| Untracked 
| 159|0x0000000089f00000, 0x0000000089f00000, 0x000000008a000000|  0%| F|  |TAMS 0x0000000089f00000, 0x0000000089f00000| Untracked 
| 160|0x000000008a000000, 0x000000008a000000, 0x000000008a100000|  0%| F|  |TAMS 0x000000008a000000, 0x000000008a000000| Untracked 
| 161|0x000000008a100000, 0x000000008a100000, 0x000000008a200000|  0%| F|  |TAMS 0x000000008a100000, 0x000000008a100000| Untracked 
| 162|0x000000008a200000, 0x000000008a200000, 0x000000008a300000|  0%| F|  |TAMS 0x000000008a200000, 0x000000008a200000| Untracked 
| 163|0x000000008a300000, 0x000000008a300000, 0x000000008a400000|  0%| F|  |TAMS 0x000000008a300000, 0x000000008a300000| Untracked 
| 164|0x000000008a400000, 0x000000008a400000, 0x000000008a500000|  0%| F|  |TAMS 0x000000008a400000, 0x000000008a400000| Untracked 
| 165|0x000000008a500000, 0x000000008a500000, 0x000000008a600000|  0%| F|  |TAMS 0x000000008a500000, 0x000000008a500000| Untracked 
| 166|0x000000008a600000, 0x000000008a600000, 0x000000008a700000|  0%| F|  |TAMS 0x000000008a600000, 0x000000008a600000| Untracked 
| 167|0x000000008a700000, 0x000000008a700000, 0x000000008a800000|  0%| F|  |TAMS 0x000000008a700000, 0x000000008a700000| Untracked 
| 168|0x000000008a800000, 0x000000008a800000, 0x000000008a900000|  0%| F|  |TAMS 0x000000008a800000, 0x000000008a800000| Untracked 
| 169|0x000000008a900000, 0x000000008a900000, 0x000000008aa00000|  0%| F|  |TAMS 0x000000008a900000, 0x000000008a900000| Untracked 
| 170|0x000000008aa00000, 0x000000008aa00000, 0x000000008ab00000|  0%| F|  |TAMS 0x000000008aa00000, 0x000000008aa00000| Untracked 
| 171|0x000000008ab00000, 0x000000008ab00000, 0x000000008ac00000|  0%| F|  |TAMS 0x000000008ab00000, 0x000000008ab00000| Untracked 
| 172|0x000000008ac00000, 0x000000008ac00000, 0x000000008ad00000|  0%| F|  |TAMS 0x000000008ac00000, 0x000000008ac00000| Untracked 
| 173|0x000000008ad00000, 0x000000008ad00000, 0x000000008ae00000|  0%| F|  |TAMS 0x000000008ad00000, 0x000000008ad00000| Untracked 
| 174|0x000000008ae00000, 0x000000008ae00000, 0x000000008af00000|  0%| F|  |TAMS 0x000000008ae00000, 0x000000008ae00000| Untracked 
| 175|0x000000008af00000, 0x000000008afd8c58, 0x000000008b000000| 84%| S|CS|TAMS 0x000000008af00000, 0x000000008af00000| Complete 
| 176|0x000000008b000000, 0x000000008b100000, 0x000000008b100000|100%| S|CS|TAMS 0x000000008b000000, 0x000000008b000000| Complete 
| 177|0x000000008b100000, 0x000000008b100000, 0x000000008b200000|  0%| F|  |TAMS 0x000000008b100000, 0x000000008b100000| Untracked 
| 178|0x000000008b200000, 0x000000008b2769b0, 0x000000008b300000| 46%| E|  |TAMS 0x000000008b200000, 0x000000008b200000| Complete 
| 179|0x000000008b300000, 0x000000008b400000, 0x000000008b400000|100%| E|CS|TAMS 0x000000008b300000, 0x000000008b300000| Complete 
| 180|0x000000008b400000, 0x000000008b500000, 0x000000008b500000|100%| E|CS|TAMS 0x000000008b400000, 0x000000008b400000| Complete 
| 181|0x000000008b500000, 0x000000008b600000, 0x000000008b600000|100%| E|CS|TAMS 0x000000008b500000, 0x000000008b500000| Complete 
| 182|0x000000008b600000, 0x000000008b700000, 0x000000008b700000|100%| E|CS|TAMS 0x000000008b600000, 0x000000008b600000| Complete 
| 183|0x000000008b700000, 0x000000008b800000, 0x000000008b800000|100%| E|CS|TAMS 0x000000008b700000, 0x000000008b700000| Complete 
| 184|0x000000008b800000, 0x000000008b900000, 0x000000008b900000|100%| E|CS|TAMS 0x000000008b800000, 0x000000008b800000| Complete 
| 185|0x000000008b900000, 0x000000008ba00000, 0x000000008ba00000|100%| E|CS|TAMS 0x000000008b900000, 0x000000008b900000| Complete 
| 186|0x000000008ba00000, 0x000000008bb00000, 0x000000008bb00000|100%| E|CS|TAMS 0x000000008ba00000, 0x000000008ba00000| Complete 
| 187|0x000000008bb00000, 0x000000008bc00000, 0x000000008bc00000|100%| E|CS|TAMS 0x000000008bb00000, 0x000000008bb00000| Complete 
| 188|0x000000008bc00000, 0x000000008bd00000, 0x000000008bd00000|100%| E|CS|TAMS 0x000000008bc00000, 0x000000008bc00000| Complete 
| 189|0x000000008bd00000, 0x000000008be00000, 0x000000008be00000|100%| E|CS|TAMS 0x000000008bd00000, 0x000000008bd00000| Complete 
| 190|0x000000008be00000, 0x000000008bf00000, 0x000000008bf00000|100%| E|CS|TAMS 0x000000008be00000, 0x000000008be00000| Complete 
| 191|0x000000008bf00000, 0x000000008c000000, 0x000000008c000000|100%| E|CS|TAMS 0x000000008bf00000, 0x000000008bf00000| Complete 
| 192|0x000000008c000000, 0x000000008c100000, 0x000000008c100000|100%| E|CS|TAMS 0x000000008c000000, 0x000000008c000000| Complete 
| 193|0x000000008c100000, 0x000000008c200000, 0x000000008c200000|100%| E|CS|TAMS 0x000000008c100000, 0x000000008c100000| Complete 
| 194|0x000000008c200000, 0x000000008c300000, 0x000000008c300000|100%| E|CS|TAMS 0x000000008c200000, 0x000000008c200000| Complete 
| 195|0x000000008c300000, 0x000000008c400000, 0x000000008c400000|100%| E|CS|TAMS 0x000000008c300000, 0x000000008c300000| Complete 
| 196|0x000000008c400000, 0x000000008c500000, 0x000000008c500000|100%| E|CS|TAMS 0x000000008c400000, 0x000000008c400000| Complete 
| 197|0x000000008c500000, 0x000000008c600000, 0x000000008c600000|100%| E|CS|TAMS 0x000000008c500000, 0x000000008c500000| Complete 
| 198|0x000000008c600000, 0x000000008c700000, 0x000000008c700000|100%| E|CS|TAMS 0x000000008c600000, 0x000000008c600000| Complete 
| 199|0x000000008c700000, 0x000000008c800000, 0x000000008c800000|100%| E|CS|TAMS 0x000000008c700000, 0x000000008c700000| Complete 
| 200|0x000000008c800000, 0x000000008c900000, 0x000000008c900000|100%| E|CS|TAMS 0x000000008c800000, 0x000000008c800000| Complete 
| 201|0x000000008c900000, 0x000000008ca00000, 0x000000008ca00000|100%| E|CS|TAMS 0x000000008c900000, 0x000000008c900000| Complete 
| 202|0x000000008ca00000, 0x000000008cb00000, 0x000000008cb00000|100%| E|CS|TAMS 0x000000008ca00000, 0x000000008ca00000| Complete 
| 203|0x000000008cb00000, 0x000000008cc00000, 0x000000008cc00000|100%| E|CS|TAMS 0x000000008cb00000, 0x000000008cb00000| Complete 
| 204|0x000000008cc00000, 0x000000008cd00000, 0x000000008cd00000|100%| E|CS|TAMS 0x000000008cc00000, 0x000000008cc00000| Complete 
| 205|0x000000008cd00000, 0x000000008ce00000, 0x000000008ce00000|100%| E|CS|TAMS 0x000000008cd00000, 0x000000008cd00000| Complete 
| 206|0x000000008ce00000, 0x000000008cf00000, 0x000000008cf00000|100%| E|CS|TAMS 0x000000008ce00000, 0x000000008ce00000| Complete 
| 207|0x000000008cf00000, 0x000000008d000000, 0x000000008d000000|100%| E|CS|TAMS 0x000000008cf00000, 0x000000008cf00000| Complete 
| 208|0x000000008d000000, 0x000000008d100000, 0x000000008d100000|100%| E|CS|TAMS 0x000000008d000000, 0x000000008d000000| Complete 
| 209|0x000000008d100000, 0x000000008d200000, 0x000000008d200000|100%| E|CS|TAMS 0x000000008d100000, 0x000000008d100000| Complete 
| 210|0x000000008d200000, 0x000000008d300000, 0x000000008d300000|100%| E|CS|TAMS 0x000000008d200000, 0x000000008d200000| Complete 
| 211|0x000000008d300000, 0x000000008d400000, 0x000000008d400000|100%| E|CS|TAMS 0x000000008d300000, 0x000000008d300000| Complete 
| 212|0x000000008d400000, 0x000000008d500000, 0x000000008d500000|100%| E|CS|TAMS 0x000000008d400000, 0x000000008d400000| Complete 
| 213|0x000000008d500000, 0x000000008d600000, 0x000000008d600000|100%| E|CS|TAMS 0x000000008d500000, 0x000000008d500000| Complete 
| 214|0x000000008d600000, 0x000000008d700000, 0x000000008d700000|100%| E|CS|TAMS 0x000000008d600000, 0x000000008d600000| Complete 
| 215|0x000000008d700000, 0x000000008d800000, 0x000000008d800000|100%| E|CS|TAMS 0x000000008d700000, 0x000000008d700000| Complete 
| 216|0x000000008d800000, 0x000000008d900000, 0x000000008d900000|100%| E|CS|TAMS 0x000000008d800000, 0x000000008d800000| Complete 
| 217|0x000000008d900000, 0x000000008da00000, 0x000000008da00000|100%| E|CS|TAMS 0x000000008d900000, 0x000000008d900000| Complete 
| 218|0x000000008da00000, 0x000000008db00000, 0x000000008db00000|100%| E|CS|TAMS 0x000000008da00000, 0x000000008da00000| Complete 
| 219|0x000000008db00000, 0x000000008dc00000, 0x000000008dc00000|100%| E|CS|TAMS 0x000000008db00000, 0x000000008db00000| Complete 

Card table byte_map: [0x000001f7f5870000,0x000001f7f5c70000] _byte_map_base: 0x000001f7f5470000

Marking Bits (Prev, Next): (CMBitMap*) 0x000001f7e267da80, (CMBitMap*) 0x000001f7e267da48
 Prev Bits: [0x000001f7f8070000, 0x000001f7fa070000)
 Next Bits: [0x000001f7f6070000, 0x000001f7f8070000)

Polling page: 0x000001f7e0600000

Metaspace:

Usage:
  Non-class:     81.42 MB capacity,    79.84 MB ( 98%) used,     1.34 MB (  2%) free+waste,   246.38 KB ( <1%) overhead. 
      Class:     12.60 MB capacity,    11.79 MB ( 94%) used,   717.08 KB (  6%) free+waste,   114.06 KB ( <1%) overhead. 
       Both:     94.02 MB capacity,    91.63 MB ( 97%) used,     2.04 MB (  2%) free+waste,   360.44 KB ( <1%) overhead. 

Virtual space:
  Non-class space:       82.00 MB reserved,      81.42 MB (>99%) committed 
      Class space:        1.00 GB reserved,      12.63 MB (  1%) committed 
             Both:        1.08 GB reserved,      94.05 MB (  9%) committed 

Chunk freelists:
   Non-Class:  3.00 KB
       Class:  0 bytes
        Both:  3.00 KB

MaxMetaspaceSize: 17179869184.00 GB
CompressedClassSpaceSize: 1.00 GB

CodeHeap 'non-profiled nmethods': size=120000Kb used=4704Kb max_used=4704Kb free=115295Kb
 bounds [0x000001f7edc10000, 0x000001f7ee0b0000, 0x000001f7f5140000]
CodeHeap 'profiled nmethods': size=120000Kb used=20149Kb max_used=20149Kb free=99850Kb
 bounds [0x000001f7e66e0000, 0x000001f7e7a90000, 0x000001f7edc10000]
CodeHeap 'non-nmethods': size=5760Kb used=2305Kb max_used=2339Kb free=3454Kb
 bounds [0x000001f7e6140000, 0x000001f7e63b0000, 0x000001f7e66e0000]
 total_blobs=10791 nmethods=9870 adapters=832
 compilation: enabled
              stopped_count=0, restarted_count=0
 full_count=0

Compilation events (20 events):
Event: 29.739 Thread 0x000001f7fcade800 10256       2       com.sun.org.apache.xerces.internal.util.XMLAttributesImpl::setValue (27 bytes)
Event: 29.740 Thread 0x000001f7fcade800 nmethod 10256 0x000001f7e7a7a790 code [0x000001f7e7a7a940, 0x000001f7e7a7ab78]
Event: 29.740 Thread 0x000001f7fcade800 10255       2       com.sun.org.apache.xerces.internal.impl.XMLDocumentFragmentScannerImpl::getString (76 bytes)
Event: 29.741 Thread 0x000001f7fcade800 nmethod 10255 0x000001f7e7a7ac90 code [0x000001f7e7a7ae80, 0x000001f7e7a7b308]
Event: 29.743 Thread 0x000001f7fcade800 10258       1       java.util.concurrent.ThreadPoolExecutor::getThreadFactory (5 bytes)
Event: 29.743 Thread 0x000001f7fcade800 nmethod 10258 0x000001f7ee0a7490 code [0x000001f7ee0a7640, 0x000001f7ee0a76f8]
Event: 29.744 Thread 0x000001f7fcade800 10259       2       sun.net.util.IPAddressUtil::match (50 bytes)
Event: 29.744 Thread 0x000001f7fcade800 nmethod 10259 0x000001f7e7a7b610 code [0x000001f7e7a7b7c0, 0x000001f7e7a7b958]
Event: 29.768 Thread 0x000001f7fcade800 10260       2       java.util.concurrent.ThreadPoolExecutor$Worker::lock (6 bytes)
Event: 29.769 Thread 0x000001f7fcade800 nmethod 10260 0x000001f7e7a7ba10 code [0x000001f7e7a7bc00, 0x000001f7e7a7bf68]
Event: 29.769 Thread 0x000001f7fcade800 10261       2       java.util.concurrent.ThreadPoolExecutor::beforeExecute (1 bytes)
Event: 29.769 Thread 0x000001f7fcade800 nmethod 10261 0x000001f7e7a7c190 code [0x000001f7e7a7c340, 0x000001f7e7a7c438]
Event: 29.771 Thread 0x000001f7fcade800 10263       2       java.util.regex.Pattern$CharPredicate$$Lambda$10/0x0000000100063c40::is (9 bytes)
Event: 29.771 Thread 0x000001f7fcade800 nmethod 10263 0x000001f7e7a7c510 code [0x000001f7e7a7c6c0, 0x000001f7e7a7c868]
Event: 29.771 Thread 0x000001f7fcade800 10264       2       java.util.regex.Pattern$CharPredicate::lambda$negate$3 (16 bytes)
Event: 29.773 Thread 0x000001f7fcade800 nmethod 10264 0x000001f7e7a7c990 code [0x000001f7e7a7cb40, 0x000001f7e7a7cc68]
Event: 29.821 Thread 0x000001f7fcade800 10265       2       java.lang.ThreadLocal::get (38 bytes)
Event: 29.821 Thread 0x000001f7fcade800 nmethod 10265 0x000001f7e7a7cd10 code [0x000001f7e7a7cee0, 0x000001f7e7a7d088]
Event: 29.832 Thread 0x000001f7fcade800 10266       2       java.nio.ByteBuffer::<init> (45 bytes)
Event: 29.833 Thread 0x000001f7fcade800 nmethod 10266 0x000001f7e7a7d190 code [0x000001f7e7a7d340, 0x000001f7e7a7d4c8]

GC Heap History (20 events):
Event: 18.260 GC heap before
{Heap before GC invocations=21 (full 0):
 garbage-first heap   total 155648K, used 92394K [0x0000000080000000, 0x0000000100000000)
  region size 1024K, 21 young (21504K), 7 survivors (7168K)
 Metaspace       used 71325K, capacity 73329K, committed 73520K, reserved 1114112K
  class space    used 9072K, capacity 9769K, committed 9856K, reserved 1048576K
}
Event: 18.276 GC heap after
{Heap after GC invocations=22 (full 0):
 garbage-first heap   total 155648K, used 80927K [0x0000000080000000, 0x0000000100000000)
  region size 1024K, 2 young (2048K), 2 survivors (2048K)
 Metaspace       used 71325K, capacity 73329K, committed 73520K, reserved 1114112K
  class space    used 9072K, capacity 9769K, committed 9856K, reserved 1048576K
}
Event: 18.913 GC heap before
{Heap before GC invocations=23 (full 0):
 garbage-first heap   total 155648K, used 119839K [0x0000000080000000, 0x0000000100000000)
  region size 1024K, 39 young (39936K), 2 survivors (2048K)
 Metaspace       used 72033K, capacity 74035K, committed 74160K, reserved 1114112K
  class space    used 9168K, capacity 9870K, committed 9984K, reserved 1048576K
}
Event: 18.916 GC heap after
{Heap after GC invocations=24 (full 0):
 garbage-first heap   total 155648K, used 80328K [0x0000000080000000, 0x0000000100000000)
  region size 1024K, 2 young (2048K), 2 survivors (2048K)
 Metaspace       used 72033K, capacity 74035K, committed 74160K, reserved 1114112K
  class space    used 9168K, capacity 9870K, committed 9984K, reserved 1048576K
}
Event: 19.383 GC heap before
{Heap before GC invocations=24 (full 0):
 garbage-first heap   total 155648K, used 120264K [0x0000000080000000, 0x0000000100000000)
  region size 1024K, 41 young (41984K), 2 survivors (2048K)
 Metaspace       used 72535K, capacity 74663K, committed 74800K, reserved 1114112K
  class space    used 9237K, capacity 9992K, committed 10112K, reserved 1048576K
}
Event: 19.394 GC heap after
{Heap after GC invocations=25 (full 0):
 garbage-first heap   total 155648K, used 82798K [0x0000000080000000, 0x0000000100000000)
  region size 1024K, 4 young (4096K), 4 survivors (4096K)
 Metaspace       used 72535K, capacity 74663K, committed 74800K, reserved 1114112K
  class space    used 9237K, capacity 9992K, committed 10112K, reserved 1048576K
}
Event: 20.156 GC heap before
{Heap before GC invocations=26 (full 0):
 garbage-first heap   total 155648K, used 122734K [0x0000000080000000, 0x0000000100000000)
  region size 1024K, 43 young (44032K), 4 survivors (4096K)
 Metaspace       used 74462K, capacity 76591K, committed 76848K, reserved 1116160K
  class space    used 9492K, capacity 10248K, committed 10368K, reserved 1048576K
}
Event: 20.168 GC heap after
{Heap after GC invocations=27 (full 0):
 garbage-first heap   total 187392K, used 85431K [0x0000000080000000, 0x0000000100000000)
  region size 1024K, 6 young (6144K), 6 survivors (6144K)
 Metaspace       used 74462K, capacity 76591K, committed 76848K, reserved 1116160K
  class space    used 9492K, capacity 10248K, committed 10368K, reserved 1048576K
}
Event: 21.873 GC heap before
{Heap before GC invocations=27 (full 0):
 garbage-first heap   total 187392K, used 139703K [0x0000000080000000, 0x0000000100000000)
  region size 1024K, 59 young (60416K), 6 survivors (6144K)
 Metaspace       used 78347K, capacity 80529K, committed 80816K, reserved 1120256K
  class space    used 10161K, capacity 10939K, committed 11008K, reserved 1048576K
}
Event: 21.889 GC heap after
{Heap after GC invocations=28 (full 0):
 garbage-first heap   total 187392K, used 89362K [0x0000000080000000, 0x0000000100000000)
  region size 1024K, 7 young (7168K), 7 survivors (7168K)
 Metaspace       used 78347K, capacity 80529K, committed 80816K, reserved 1120256K
  class space    used 10161K, capacity 10939K, committed 11008K, reserved 1048576K
}
Event: 22.310 GC heap before
{Heap before GC invocations=28 (full 0):
 garbage-first heap   total 187392K, used 107794K [0x0000000080000000, 0x0000000100000000)
  region size 1024K, 26 young (26624K), 7 survivors (7168K)
 Metaspace       used 79851K, capacity 82005K, committed 82096K, reserved 1120256K
  class space    used 10385K, capacity 11177K, committed 11264K, reserved 1048576K
}
Event: 22.325 GC heap after
{Heap after GC invocations=29 (full 0):
 garbage-first heap   total 187392K, used 91563K [0x0000000080000000, 0x0000000100000000)
  region size 1024K, 6 young (6144K), 6 survivors (6144K)
 Metaspace       used 79851K, capacity 82005K, committed 82096K, reserved 1120256K
  class space    used 10385K, capacity 11177K, committed 11264K, reserved 1048576K
}
Event: 22.633 GC heap before
{Heap before GC invocations=30 (full 0):
 garbage-first heap   total 187392K, used 97707K [0x0000000080000000, 0x0000000100000000)
  region size 1024K, 8 young (8192K), 6 survivors (6144K)
 Metaspace       used 79809K, capacity 81885K, committed 82096K, reserved 1120256K
  class space    used 10372K, capacity 11137K, committed 11264K, reserved 1048576K
}
Event: 22.644 GC heap after
{Heap after GC invocations=31 (full 0):
 garbage-first heap   total 187392K, used 98391K [0x0000000080000000, 0x0000000100000000)
  region size 1024K, 4 young (4096K), 4 survivors (4096K)
 Metaspace       used 79809K, capacity 81885K, committed 82096K, reserved 1120256K
  class space    used 10372K, capacity 11137K, committed 11264K, reserved 1048576K
}
Event: 24.085 GC heap before
{Heap before GC invocations=32 (full 0):
 garbage-first heap   total 187392K, used 136279K [0x0000000080000000, 0x0000000100000000)
  region size 1024K, 37 young (37888K), 4 survivors (4096K)
 Metaspace       used 81378K, capacity 83627K, committed 83760K, reserved 1122304K
  class space    used 10580K, capacity 11371K, committed 11392K, reserved 1048576K
}
Event: 24.100 GC heap after
{Heap after GC invocations=33 (full 0):
 garbage-first heap   total 225280K, used 106172K [0x0000000080000000, 0x0000000100000000)
  region size 1024K, 5 young (5120K), 5 survivors (5120K)
 Metaspace       used 81378K, capacity 83627K, committed 83760K, reserved 1122304K
  class space    used 10580K, capacity 11371K, committed 11392K, reserved 1048576K
}
Event: 25.707 GC heap before
{Heap before GC invocations=33 (full 0):
 garbage-first heap   total 225280K, used 118460K [0x0000000080000000, 0x0000000100000000)
  region size 1024K, 18 young (18432K), 5 survivors (5120K)
 Metaspace       used 83041K, capacity 85397K, committed 85552K, reserved 1124352K
  class space    used 10766K, capacity 11570K, committed 11648K, reserved 1048576K
}
Event: 25.714 GC heap after
{Heap after GC invocations=34 (full 0):
 garbage-first heap   total 225280K, used 107238K [0x0000000080000000, 0x0000000100000000)
  region size 1024K, 1 young (1024K), 1 survivors (1024K)
 Metaspace       used 83041K, capacity 85397K, committed 85552K, reserved 1124352K
  class space    used 10766K, capacity 11570K, committed 11648K, reserved 1048576K
}
Event: 27.037 GC heap before
{Heap before GC invocations=35 (full 0):
 garbage-first heap   total 225280K, used 151270K [0x0000000080000000, 0x0000000100000000)
  region size 1024K, 43 young (44032K), 1 survivors (1024K)
 Metaspace       used 87818K, capacity 90161K, committed 90416K, reserved 1128448K
  class space    used 11376K, capacity 12144K, committed 12160K, reserved 1048576K
}
Event: 27.043 GC heap after
{Heap after GC invocations=36 (full 0):
 garbage-first heap   total 225280K, used 108108K [0x0000000080000000, 0x0000000100000000)
  region size 1024K, 2 young (2048K), 2 survivors (2048K)
 Metaspace       used 87818K, capacity 90161K, committed 90416K, reserved 1128448K
  class space    used 11376K, capacity 12144K, committed 12160K, reserved 1048576K
}

Deoptimization events (20 events):
Event: 29.549 Thread 0x000001f7800e5800 DEOPT PACKING pc=0x000001f7e7539da8 sp=0x0000005732cf95d0
Event: 29.549 Thread 0x000001f7800e5800 DEOPT UNPACKING pc=0x000001f7e6166dde sp=0x0000005732cf8a88 mode 0
Event: 29.550 Thread 0x000001f7800e5800 DEOPT PACKING pc=0x000001f7e7539da8 sp=0x0000005732cf95d0
Event: 29.550 Thread 0x000001f7800e5800 DEOPT UNPACKING pc=0x000001f7e6166dde sp=0x0000005732cf8a88 mode 0
Event: 29.742 Thread 0x000001f783b07800 Uncommon trap: trap_request=0xffffffde fr.pc=0x000001f7ee06e43c relative=0x000000000000033c
Event: 29.742 Thread 0x000001f783b07800 Uncommon trap: reason=class_check action=maybe_recompile pc=0x000001f7ee06e43c method=java.lang.ThreadLocal.setInitialValue()Ljava/lang/Object; @ 31 c2
Event: 29.742 Thread 0x000001f783b07800 DEOPT PACKING pc=0x000001f7ee06e43c sp=0x0000005739efe5a0
Event: 29.742 Thread 0x000001f783b07800 DEOPT UNPACKING pc=0x000001f7e616662f sp=0x0000005739efe4d0 mode 2
Event: 29.744 Thread 0x000001f783b07000 Uncommon trap: trap_request=0xffffffde fr.pc=0x000001f7ee06e43c relative=0x000000000000033c
Event: 29.744 Thread 0x000001f783b07000 Uncommon trap: reason=class_check action=maybe_recompile pc=0x000001f7ee06e43c method=java.lang.ThreadLocal.setInitialValue()Ljava/lang/Object; @ 31 c2
Event: 29.744 Thread 0x000001f783b07000 DEOPT PACKING pc=0x000001f7ee06e43c sp=0x0000005739ffe640
Event: 29.744 Thread 0x000001f783b07000 DEOPT UNPACKING pc=0x000001f7e616662f sp=0x0000005739ffe570 mode 2
Event: 29.768 Thread 0x000001f783b09800 Uncommon trap: trap_request=0xffffffde fr.pc=0x000001f7ee06e43c relative=0x000000000000033c
Event: 29.768 Thread 0x000001f783b09800 Uncommon trap: reason=class_check action=maybe_recompile pc=0x000001f7ee06e43c method=java.lang.ThreadLocal.setInitialValue()Ljava/lang/Object; @ 31 c2
Event: 29.768 Thread 0x000001f7862ab000 Uncommon trap: trap_request=0xffffffde fr.pc=0x000001f7ee06e43c relative=0x000000000000033c
Event: 29.768 Thread 0x000001f783b09800 DEOPT PACKING pc=0x000001f7ee06e43c sp=0x000000573a4fe5d0
Event: 29.768 Thread 0x000001f7862ab000 Uncommon trap: reason=class_check action=maybe_recompile pc=0x000001f7ee06e43c method=java.lang.ThreadLocal.setInitialValue()Ljava/lang/Object; @ 31 c2
Event: 29.768 Thread 0x000001f7862ab000 DEOPT PACKING pc=0x000001f7ee06e43c sp=0x000000573a9fe270
Event: 29.768 Thread 0x000001f783b09800 DEOPT UNPACKING pc=0x000001f7e616662f sp=0x000000573a4fe500 mode 2
Event: 29.768 Thread 0x000001f7862ab000 DEOPT UNPACKING pc=0x000001f7e616662f sp=0x000000573a9fe1a0 mode 2

Classes redefined (0 events):
No events

Internal exceptions (20 events):
Event: 28.015 Thread 0x000001f7800e5800 Exception <a 'sun/nio/fs/WindowsException'{0x000000008d0a0a40}> (0x000000008d0a0a40) thrown at [./src/hotspot/share/prims/jni.cpp, line 615]
Event: 28.432 Thread 0x000001f7800e5800 Exception <a 'sun/nio/fs/WindowsException'{0x000000008ca1e778}> (0x000000008ca1e778) thrown at [./src/hotspot/share/prims/jni.cpp, line 615]
Event: 29.737 Thread 0x000001f7800e5800 Exception <a 'sun/nio/fs/WindowsException'{0x000000008bcbbb40}> (0x000000008bcbbb40) thrown at [./src/hotspot/share/prims/jni.cpp, line 615]
Event: 29.739 Thread 0x000001f7800e5800 Exception <a 'java/lang/NoSuchMethodError'{0x000000008bcbf870}: 'void java.lang.invoke.DirectMethodHandle$Holder.invokeStatic(java.lang.Object, int, java.lang.Object)'> (0x000000008bcbf870) thrown at [./src/hotspot/share/interpreter/linkResolver.cpp, line 773]
Event: 29.773 Thread 0x000001f783b08800 Exception <a 'sun/nio/fs/WindowsException'{0x000000008ba01e38}> (0x000000008ba01e38) thrown at [./src/hotspot/share/prims/jni.cpp, line 615]
Event: 29.774 Thread 0x000001f783b05800 Exception <a 'sun/nio/fs/WindowsException'{0x000000008b901e20}> (0x000000008b901e20) thrown at [./src/hotspot/share/prims/jni.cpp, line 615]
Event: 29.774 Thread 0x000001f783b0c000 Exception <a 'sun/nio/fs/WindowsException'{0x000000008ba9f500}> (0x000000008ba9f500) thrown at [./src/hotspot/share/prims/jni.cpp, line 615]
Event: 29.775 Thread 0x000001f7862a9800 Exception <a 'sun/nio/fs/WindowsException'{0x000000008ba78088}> (0x000000008ba78088) thrown at [./src/hotspot/share/prims/jni.cpp, line 615]
Event: 29.784 Thread 0x000001f783b0c000 Exception <a 'sun/nio/fs/WindowsException'{0x000000008ba9f608}> (0x000000008ba9f608) thrown at [./src/hotspot/share/prims/jni.cpp, line 615]
Event: 29.785 Thread 0x000001f783b05800 Exception <a 'sun/nio/fs/WindowsException'{0x000000008b901f28}> (0x000000008b901f28) thrown at [./src/hotspot/share/prims/jni.cpp, line 615]
Event: 29.785 Thread 0x000001f783b08800 Exception <a 'sun/nio/fs/WindowsException'{0x000000008ba01f40}> (0x000000008ba01f40) thrown at [./src/hotspot/share/prims/jni.cpp, line 615]
Event: 29.788 Thread 0x000001f7862a9800 Exception <a 'sun/nio/fs/WindowsException'{0x000000008ba78190}> (0x000000008ba78190) thrown at [./src/hotspot/share/prims/jni.cpp, line 615]
Event: 29.818 Thread 0x000001f783b0c000 Exception <a 'sun/nio/fs/WindowsException'{0x000000008ba9fdc0}> (0x000000008ba9fdc0) thrown at [./src/hotspot/share/prims/jni.cpp, line 615]
Event: 29.818 Thread 0x000001f783b05800 Exception <a 'sun/nio/fs/WindowsException'{0x000000008b9026e0}> (0x000000008b9026e0) thrown at [./src/hotspot/share/prims/jni.cpp, line 615]
Event: 29.831 Thread 0x000001f7862a9800 Exception <a 'sun/nio/fs/WindowsException'{0x000000008ba78948}> (0x000000008ba78948) thrown at [./src/hotspot/share/prims/jni.cpp, line 615]
Event: 29.832 Thread 0x000001f783b0c000 Exception <a 'sun/nio/fs/WindowsException'{0x000000008baa02a0}> (0x000000008baa02a0) thrown at [./src/hotspot/share/prims/jni.cpp, line 615]
Event: 29.832 Thread 0x000001f783b05800 Exception <a 'sun/nio/fs/WindowsException'{0x000000008b902bc0}> (0x000000008b902bc0) thrown at [./src/hotspot/share/prims/jni.cpp, line 615]
Event: 29.835 Thread 0x000001f7862a9800 Exception <a 'sun/nio/fs/WindowsException'{0x000000008ba78e28}> (0x000000008ba78e28) thrown at [./src/hotspot/share/prims/jni.cpp, line 615]
Event: 29.846 Thread 0x000001f783b08800 Exception <a 'sun/nio/fs/WindowsException'{0x000000008ba026f8}> (0x000000008ba026f8) thrown at [./src/hotspot/share/prims/jni.cpp, line 615]
Event: 29.849 Thread 0x000001f783b08800 Exception <a 'sun/nio/fs/WindowsException'{0x000000008ba02bd8}> (0x000000008ba02bd8) thrown at [./src/hotspot/share/prims/jni.cpp, line 615]

Events (20 events):
Event: 29.745 Thread 0x000001f7862ab000 Thread added: 0x000001f7862ab000
Event: 29.745 Thread 0x000001f7862a9800 Thread added: 0x000001f7862a9800
Event: 29.745 Executing VM operation: RevokeBias
Event: 29.765 Executing VM operation: RevokeBias done
Event: 29.765 Executing VM operation: RevokeBias
Event: 29.766 Executing VM operation: RevokeBias done
Event: 29.771 Executing VM operation: RevokeBias
Event: 29.772 Executing VM operation: RevokeBias done
Event: 29.772 Executing VM operation: RevokeBias
Event: 29.772 Executing VM operation: RevokeBias done
Event: 29.772 Executing VM operation: RevokeBias
Event: 29.772 Executing VM operation: RevokeBias done
Event: 29.773 Executing VM operation: RevokeBias
Event: 29.773 Executing VM operation: RevokeBias done
Event: 29.774 Executing VM operation: RevokeBias
Event: 29.774 Executing VM operation: RevokeBias done
Event: 29.775 Executing VM operation: RevokeBias
Event: 29.776 Executing VM operation: RevokeBias done
Event: 29.777 Executing VM operation: RevokeBias
Event: 29.778 Executing VM operation: RevokeBias done


Dynamic libraries:
0x00007ff603460000 - 0x00007ff60346a000 	C:\Program Files\Android\Android Studio\jre\bin\java.exe
0x00007ff96ab70000 - 0x00007ff96ad65000 	C:\WINDOWS\SYSTEM32\ntdll.dll
0x00007ff96aa10000 - 0x00007ff96aace000 	C:\WINDOWS\System32\KERNEL32.DLL
0x00007ff9688d0000 - 0x00007ff968b98000 	C:\WINDOWS\System32\KERNELBASE.dll
0x00007ff968350000 - 0x00007ff968450000 	C:\WINDOWS\System32\ucrtbase.dll
0x00007ff962060000 - 0x00007ff962077000 	C:\Program Files\Android\Android Studio\jre\bin\VCRUNTIME140.dll
0x00007ff9620a0000 - 0x00007ff9620b9000 	C:\Program Files\Android\Android Studio\jre\bin\jli.dll
0x00007ff969c80000 - 0x00007ff969e20000 	C:\WINDOWS\System32\USER32.dll
0x00007ff968320000 - 0x00007ff968342000 	C:\WINDOWS\System32\win32u.dll
0x00007ff969fb0000 - 0x00007ff969fda000 	C:\WINDOWS\System32\GDI32.dll
0x00007ff9687c0000 - 0x00007ff9688cb000 	C:\WINDOWS\System32\gdi32full.dll
0x00007ff968720000 - 0x00007ff9687bd000 	C:\WINDOWS\System32\msvcp_win.dll
0x00007ff945eb0000 - 0x00007ff94614a000 	C:\WINDOWS\WinSxS\amd64_microsoft.windows.common-controls_6595b64144ccf1df_6.0.19041.1110_none_60b5254171f9507e\COMCTL32.dll
0x00007ff96a040000 - 0x00007ff96a0de000 	C:\WINDOWS\System32\msvcrt.dll
0x00007ff96a180000 - 0x00007ff96a1b0000 	C:\WINDOWS\System32\IMM32.DLL
0x00007ff94eef0000 - 0x00007ff94ef8d000 	C:\Program Files\Android\Android Studio\jre\bin\msvcp140.dll
0x00007ff920720000 - 0x00007ff9211f5000 	C:\Program Files\Android\Android Studio\jre\bin\server\jvm.dll
0x00007ff968f70000 - 0x00007ff96901e000 	C:\WINDOWS\System32\ADVAPI32.dll
0x00007ff969770000 - 0x00007ff96980c000 	C:\WINDOWS\System32\sechost.dll
0x00007ff968e40000 - 0x00007ff968f65000 	C:\WINDOWS\System32\RPCRT4.dll
0x00007ff968e30000 - 0x00007ff968e38000 	C:\WINDOWS\System32\PSAPI.DLL
0x00007ff920450000 - 0x00007ff920459000 	C:\WINDOWS\SYSTEM32\WSOCK32.dll
0x00007ff959020000 - 0x00007ff959047000 	C:\WINDOWS\SYSTEM32\WINMM.dll
0x00007ff9621a0000 - 0x00007ff9621aa000 	C:\WINDOWS\SYSTEM32\VERSION.dll
0x00007ff96a9a0000 - 0x00007ff96aa0b000 	C:\WINDOWS\System32\ws2_32.DLL
0x00007ff966b70000 - 0x00007ff966b82000 	C:\WINDOWS\SYSTEM32\kernel.appcore.dll
0x00007ff920430000 - 0x00007ff920441000 	C:\Program Files\Android\Android Studio\jre\bin\verify.dll
0x00007ff966850000 - 0x00007ff966a34000 	C:\WINDOWS\SYSTEM32\DBGHELP.DLL
0x00007ff958330000 - 0x00007ff95835c000 	C:\WINDOWS\SYSTEM32\dbgcore.DLL
0x00007ff968290000 - 0x00007ff968312000 	C:\WINDOWS\System32\bcryptPrimitives.dll
0x00007ff920400000 - 0x00007ff920429000 	C:\Program Files\Android\Android Studio\jre\bin\java.dll
0x00007ff9203f0000 - 0x00007ff9203fb000 	C:\Program Files\Android\Android Studio\jre\bin\jimage.dll
0x00007ff9203d0000 - 0x00007ff9203e8000 	C:\Program Files\Android\Android Studio\jre\bin\zip.dll
0x00007ff969020000 - 0x00007ff969764000 	C:\WINDOWS\System32\SHELL32.dll
0x00007ff9660b0000 - 0x00007ff966844000 	C:\WINDOWS\SYSTEM32\windows.storage.dll
0x00007ff96a640000 - 0x00007ff96a994000 	C:\WINDOWS\System32\combase.dll
0x00007ff967c30000 - 0x00007ff967c5c000 	C:\WINDOWS\SYSTEM32\Wldp.dll
0x00007ff968bd0000 - 0x00007ff968c7d000 	C:\WINDOWS\System32\SHCORE.dll
0x00007ff969fe0000 - 0x00007ff96a035000 	C:\WINDOWS\System32\shlwapi.dll
0x00007ff9681d0000 - 0x00007ff9681ef000 	C:\WINDOWS\SYSTEM32\profapi.dll
0x00007ff9203b0000 - 0x00007ff9203ca000 	C:\Program Files\Android\Android Studio\jre\bin\net.dll
0x00007ff958be0000 - 0x00007ff958cea000 	C:\WINDOWS\SYSTEM32\WINHTTP.dll
0x00007ff967990000 - 0x00007ff9679fa000 	C:\WINDOWS\system32\mswsock.dll
0x00007ff920390000 - 0x00007ff9203a4000 	C:\Program Files\Android\Android Studio\jre\bin\nio.dll
0x00007ff9620c0000 - 0x00007ff9620e7000 	C:\Users\hp\gradle-7.2\native\e1d6ef7f7dcc3fd88c89a11ec53ec762bb8ba0a96d01ffa2cd45eb1d1d8dd5c5\windows-amd64\native-platform.dll
0x00007ff947bb0000 - 0x00007ff947cf4000 	C:\Users\hp\gradle-7.2\native\5664cfc778a61ccfe75a443a1ab52a65af34e5dc3c78e0209fed803814484fcb\windows-amd64\native-platform-file-events.dll
0x00007ff945530000 - 0x00007ff94553a000 	C:\Program Files\Android\Android Studio\jre\bin\management.dll
0x00007ff920380000 - 0x00007ff92038d000 	C:\Program Files\Android\Android Studio\jre\bin\management_ext.dll
0x00007ff967b90000 - 0x00007ff967ba8000 	C:\WINDOWS\SYSTEM32\CRYPTSP.dll
0x00007ff967310000 - 0x00007ff967344000 	C:\WINDOWS\system32\rsaenh.dll
0x00007ff968ba0000 - 0x00007ff968bc7000 	C:\WINDOWS\System32\bcrypt.dll
0x00007ff968190000 - 0x00007ff9681be000 	C:\WINDOWS\SYSTEM32\USERENV.dll
0x00007ff967b80000 - 0x00007ff967b8c000 	C:\WINDOWS\SYSTEM32\CRYPTBASE.dll
0x00007ff967680000 - 0x00007ff9676bb000 	C:\WINDOWS\SYSTEM32\IPHLPAPI.DLL
0x00007ff96a1b0000 - 0x00007ff96a1b8000 	C:\WINDOWS\System32\NSI.dll
0x00007ff95ee60000 - 0x00007ff95ee77000 	C:\WINDOWS\SYSTEM32\dhcpcsvc6.DLL
0x00007ff95f850000 - 0x00007ff95f86d000 	C:\WINDOWS\SYSTEM32\dhcpcsvc.DLL
0x00007ff9676c0000 - 0x00007ff96778b000 	C:\WINDOWS\SYSTEM32\DNSAPI.dll
0x00007ff9422a0000 - 0x00007ff9422c7000 	C:\Program Files\Android\Android Studio\jre\bin\sunec.dll
0x00007ff94eb60000 - 0x00007ff94eb6a000 	C:\Windows\System32\rasadhlp.dll
0x00007ff94e250000 - 0x00007ff94e2cf000 	C:\WINDOWS\System32\fwpuclnt.dll

dbghelp: loaded successfully - version: 4.0.5 - missing functions: none
symbol engine: initialized successfully - sym options: 0x614 - pdb path: .;C:\Program Files\Android\Android Studio\jre\bin;C:\WINDOWS\SYSTEM32;C:\WINDOWS\WinSxS\amd64_microsoft.windows.common-controls_6595b64144ccf1df_6.0.19041.1110_none_60b5254171f9507e;C:\Program Files\Android\Android Studio\jre\bin\server;C:\Users\hp\gradle-7.2\native\e1d6ef7f7dcc3fd88c89a11ec53ec762bb8ba0a96d01ffa2cd45eb1d1d8dd5c5\windows-amd64;C:\Users\hp\gradle-7.2\native\5664cfc778a61ccfe75a443a1ab52a65af34e5dc3c78e0209fed803814484fcb\windows-amd64

VM Arguments:
jvm_args: --add-opens=java.base/java.util=ALL-UNNAMED --add-opens=java.base/java.lang=ALL-UNNAMED --add-opens=java.base/java.lang.invoke=ALL-UNNAMED --add-opens=java.base/java.util=ALL-UNNAMED --add-opens=java.prefs/java.util.prefs=ALL-UNNAMED --add-opens=java.prefs/java.util.prefs=ALL-UNNAMED --add-opens=java.base/java.nio.charset=ALL-UNNAMED --add-opens=java.base/java.net=ALL-UNNAMED --add-opens=java.base/java.util.concurrent.atomic=ALL-UNNAMED -Xmx2048m -Dfile.encoding=UTF-8 -Duser.country=US -Duser.language=en -Duser.variant 
java_command: org.gradle.launcher.daemon.bootstrap.GradleDaemon 7.2
java_class_path (initial): C:\Users\hp\gradle-7.2\wrapper\dists\gradle-7.2-bin\2dnblmf4td7x66yl1d74lt32g\gradle-7.2\lib\gradle-launcher-7.2.jar
Launcher Type: SUN_STANDARD

[Global flags]
     intx CICompilerCount                          = 4                                         {product} {ergonomic}
     uint ConcGCThreads                            = 2                                         {product} {ergonomic}
     uint G1ConcRefinementThreads                  = 8                                         {product} {ergonomic}
   size_t G1HeapRegionSize                         = 1048576                                   {product} {ergonomic}
    uintx GCDrainStackTargetSize                   = 64                                        {product} {ergonomic}
   size_t InitialHeapSize                          = 132120576                                 {product} {ergonomic}
   size_t MarkStackSize                            = 4194304                                   {product} {ergonomic}
   size_t MaxHeapSize                              = 2147483648                                {product} {command line}
   size_t MaxNewSize                               = 1287651328                                {product} {ergonomic}
   size_t MinHeapDeltaBytes                        = 1048576                                   {product} {ergonomic}
    uintx NonNMethodCodeHeapSize                   = 5836300                                {pd product} {ergonomic}
    uintx NonProfiledCodeHeapSize                  = 122910970                              {pd product} {ergonomic}
    uintx ProfiledCodeHeapSize                     = 122910970                              {pd product} {ergonomic}
    uintx ReservedCodeCacheSize                    = 251658240                              {pd product} {ergonomic}
     bool SegmentedCodeCache                       = true                                      {product} {ergonomic}
     bool UseCompressedClassPointers               = true                                 {lp64_product} {ergonomic}
     bool UseCompressedOops                        = true                                 {lp64_product} {ergonomic}
     bool UseG1GC                                  = true                                      {product} {ergonomic}
     bool UseLargePagesIndividualAllocation        = false                                  {pd product} {ergonomic}

Logging:
Log output configuration:
 #0: stdout all=warning uptime,level,tags
 #1: stderr all=off uptime,level,tags

Environment Variables:
JAVA_HOME=C:\Program Files\Java\jdk1.8.0_111
PATH=C:\Program Files\Common Files\Oracle\Java\javapath;C:\Program Files (x86)\Common Files\Oracle\Java\javapath;C:\Program Files\Microsoft MPI\Bin\;C:\ProgramData\Oracle\Java\javapath;C:\WINDOWS\system32;C:\WINDOWS;C:\WINDOWS\System32\Wbem;C:\WINDOWS\System32\WindowsPowerShell\v1.0\;C:\WINDOWS\System32\OpenSSH\;C:\Program Files (x86)\Microsoft SQL Server\140\Tools\Binn\;C:\Program Files\Microsoft SQL Server\140\Tools\Binn\;C:\Program Files (x86)\Microsoft SQL Server\140\DTS\Binn\;C:\Program Files\Microsoft SQL Server\140\DTS\Binn\;C:\src\flutter\bin;C:\xampp\php;C:\Program Files\Git\cmd;C:\ProgramData\ComposerSetup\bin;C:\flutter_sdk\flutter\bin;C:\Users\hp\AppData\Local\Programs\Microsoft VS Code\bin
USERNAME=hp
OS=Windows_NT
PROCESSOR_IDENTIFIER=Intel64 Family 6 Model 166 Stepping 0, GenuineIntel



---------------  S Y S T E M  ---------------

OS: Windows 10 , 64 bit Build 19041 (10.0.19041.1645)
OS uptime: 0 days 0:51 hours

CPU:total 8 (initial active 8) (4 cores per cpu, 2 threads per core) family 6 model 166 stepping 0 microcode 0xca, cmov, cx8, fxsr, mmx, sse, sse2, sse3, ssse3, sse4.1, sse4.2, popcnt, avx, avx2, aes, clmul, erms, 3dnowpref, lzcnt, ht, tsc, tscinvbit, bmi1, bmi2, adx, fma

Memory: 4k page, system-wide physical 7996M (252M free)
TotalPageFile size 24345M (AvailPageFile size 0M)
current process WorkingSet (physical memory assigned to process): 419M, peak: 441M
current process commit charge ("private bytes"): 510M, peak: 511M

vm_info: OpenJDK 64-Bit Server VM (11.0.11+9-b60-7590822) for windows-amd64 JRE (11.0.11+9-b60-7590822), built on Jul 29 2021 21:43:44 by "builder" with MS VC++ 14.0 (VS2015)

END.
