#
# There is insufficient memory for the Java Runtime Environment to continue.
# Native memory allocation (malloc) failed to allocate 2015856 bytes for Chunk::new
# Possible reasons:
#   The system is out of physical RAM or swap space
#   The process is running with CompressedOops enabled, and the Java Heap may be blocking the growth of the native heap
# Possible solutions:
#   Reduce memory load on the system
#   Increase physical memory or swap space
#   Check if swap backing store is full
#   Decrease Java heap size (-Xmx/-Xms)
#   Decrease number of Java threads
#   Decrease Java thread stack sizes (-Xss)
#   Set larger code cache with -XX:ReservedCodeCacheSize=
#   JVM is running with Unscaled Compressed Oops mode in which the Java heap is
#     placed in the first 4GB address space. The Java Heap base address is the
#     maximum limit for the native heap growth. Please use -XX:HeapBaseMinAddress
#     to set the Java Heap base and to place the Java Heap above 4GB virtual address.
# This output file may be truncated or incomplete.
#
#  Out of Memory Error (./src/hotspot/share/memory/arena.cpp:197), pid=19948, tid=19344
#
# JRE version: OpenJDK Runtime Environment (11.0.11+9) (build 11.0.11+9-b60-7590822)
# Java VM: OpenJDK 64-Bit Server VM (11.0.11+9-b60-7590822, mixed mode, tiered, compressed oops, g1 gc, windows-amd64)
# No core dump will be written. Minidumps are not enabled by default on client versions of Windows
#

---------------  S U M M A R Y ------------

Command Line: --add-opens=java.base/java.util=ALL-UNNAMED --add-opens=java.base/java.lang=ALL-UNNAMED --add-opens=java.base/java.lang.invoke=ALL-UNNAMED --add-opens=java.base/java.util=ALL-UNNAMED --add-opens=java.prefs/java.util.prefs=ALL-UNNAMED --add-opens=java.prefs/java.util.prefs=ALL-UNNAMED --add-opens=java.base/java.nio.charset=ALL-UNNAMED --add-opens=java.base/java.net=ALL-UNNAMED --add-opens=java.base/java.util.concurrent.atomic=ALL-UNNAMED -Xmx2048m -Dfile.encoding=UTF-8 -Duser.country=US -Duser.language=en -Duser.variant org.gradle.launcher.daemon.bootstrap.GradleDaemon 7.2

Host: Intel(R) Core(TM) i5-10210U CPU @ 1.60GHz, 8 cores, 7G,  Windows 10 , 64 bit Build 19041 (10.0.19041.1645)
Time: Fri Apr 15 18:00:30 2022 West Bank Gaza Daylight Time elapsed time: 6.961032 seconds (0d 0h 0m 6s)

---------------  T H R E A D  ---------------

Current thread (0x000002c75cb16800):  JavaThread "C2 CompilerThread0" daemon [_thread_in_native, id=19344, stack(0x000000cd2b900000,0x000000cd2ba00000)]


Current CompileTask:
C2:   6961 3782       4       java.net.URLClassLoader$1::run (5 bytes)

Stack: [0x000000cd2b900000,0x000000cd2ba00000]
Native frames: (J=compiled Java code, j=interpreted, Vv=VM code, C=native code)
V  [jvm.dll+0x5f214a]
V  [jvm.dll+0x726fb5]
V  [jvm.dll+0x7285cd]
V  [jvm.dll+0x728c83]
V  [jvm.dll+0x243278]
V  [jvm.dll+0xbc53c]
V  [jvm.dll+0xbca3c]
V  [jvm.dll+0x353e7d]
V  [jvm.dll+0x321893]
V  [jvm.dll+0x320d8a]
V  [jvm.dll+0x1fc1e2]
V  [jvm.dll+0x1fb3d4]
V  [jvm.dll+0x183d6c]
V  [jvm.dll+0x209a57]
V  [jvm.dll+0x2082a1]
V  [jvm.dll+0x6ef58f]
V  [jvm.dll+0x6e80b5]
V  [jvm.dll+0x5f1036]
C  [ucrtbase.dll+0x21bb2]
C  [KERNEL32.DLL+0x17034]
C  [ntdll.dll+0x52651]


---------------  P R O C E S S  ---------------

Threads class SMR info:
_java_thread_list=0x000002c7617946f0, length=39, elements={
0x000002c742676000, 0x000002c75caf2800, 0x000002c75cafc000, 0x000002c75cb11800,
0x000002c75cb12800, 0x000002c75cb13800, 0x000002c75cb16800, 0x000002c75cb19800,
0x000002c75cb22800, 0x000002c75d5f5800, 0x000002c75ebcf800, 0x000002c75f2d1800,
0x000002c75e97d800, 0x000002c75ea16000, 0x000002c75e6e4800, 0x000002c75ec43000,
0x000002c75f3fd800, 0x000002c75edae000, 0x000002c75f2b1000, 0x000002c75ea77800,
0x000002c75ea76000, 0x000002c75ea78800, 0x000002c75ea77000, 0x000002c75fed5000,
0x000002c75fed1800, 0x000002c75fed6800, 0x000002c75fed3000, 0x000002c75fed2800,
0x000002c75fed4000, 0x000002c75fed5800, 0x000002c75fed0800, 0x000002c75fed7000,
0x000002c75fedd800, 0x000002c75fedb800, 0x000002c75fed8000, 0x000002c75fed9800,
0x000002c75fedd000, 0x000002c75feda800, 0x000002c75fed9000
}

Java Threads: ( => current thread )
  0x000002c742676000 JavaThread "main" [_thread_blocked, id=5208, stack(0x000000cd2ad00000,0x000000cd2ae00000)]
  0x000002c75caf2800 JavaThread "Reference Handler" daemon [_thread_blocked, id=20308, stack(0x000000cd2b400000,0x000000cd2b500000)]
  0x000002c75cafc000 JavaThread "Finalizer" daemon [_thread_blocked, id=7948, stack(0x000000cd2b500000,0x000000cd2b600000)]
  0x000002c75cb11800 JavaThread "Signal Dispatcher" daemon [_thread_blocked, id=11652, stack(0x000000cd2b600000,0x000000cd2b700000)]
  0x000002c75cb12800 JavaThread "Attach Listener" daemon [_thread_blocked, id=6068, stack(0x000000cd2b700000,0x000000cd2b800000)]
  0x000002c75cb13800 JavaThread "Service Thread" daemon [_thread_blocked, id=16416, stack(0x000000cd2b800000,0x000000cd2b900000)]
=>0x000002c75cb16800 JavaThread "C2 CompilerThread0" daemon [_thread_in_native, id=19344, stack(0x000000cd2b900000,0x000000cd2ba00000)]
  0x000002c75cb19800 JavaThread "C1 CompilerThread0" daemon [_thread_blocked, id=18216, stack(0x000000cd2ba00000,0x000000cd2bb00000)]
  0x000002c75cb22800 JavaThread "Sweeper thread" daemon [_thread_blocked, id=7408, stack(0x000000cd2bb00000,0x000000cd2bc00000)]
  0x000002c75d5f5800 JavaThread "Common-Cleaner" daemon [_thread_blocked, id=18536, stack(0x000000cd2bc00000,0x000000cd2bd00000)]
  0x000002c75ebcf800 JavaThread "Daemon health stats" [_thread_blocked, id=9164, stack(0x000000cd2c000000,0x000000cd2c100000)]
  0x000002c75f2d1800 JavaThread "Incoming local TCP Connector on port 50328" [_thread_in_native, id=3512, stack(0x000000cd2c300000,0x000000cd2c400000)]
  0x000002c75e97d800 JavaThread "Daemon periodic checks" [_thread_blocked, id=18468, stack(0x000000cd2c400000,0x000000cd2c500000)]
  0x000002c75ea16000 JavaThread "Daemon" [_thread_blocked, id=8988, stack(0x000000cd2c500000,0x000000cd2c600000)]
  0x000002c75e6e4800 JavaThread "Handler for socket connection from /127.0.0.1:50328 to /127.0.0.1:50329" [_thread_in_native, id=18184, stack(0x000000cd2c600000,0x000000cd2c700000)]
  0x000002c75ec43000 JavaThread "Cancel handler" [_thread_blocked, id=5880, stack(0x000000cd2c700000,0x000000cd2c800000)]
  0x000002c75f3fd800 JavaThread "Daemon worker" [_thread_in_vm, id=16872, stack(0x000000cd2c800000,0x000000cd2c900000)]
  0x000002c75edae000 JavaThread "Asynchronous log dispatcher for DefaultDaemonConnection: socket connection from /127.0.0.1:50328 to /127.0.0.1:50329" [_thread_blocked, id=11580, stack(0x000000cd2c900000,0x000000cd2ca00000)]
  0x000002c75f2b1000 JavaThread "Stdin handler" [_thread_blocked, id=8204, stack(0x000000cd2ca00000,0x000000cd2cb00000)]
  0x000002c75ea77800 JavaThread "Daemon client event forwarder" [_thread_blocked, id=4372, stack(0x000000cd2cb00000,0x000000cd2cc00000)]
  0x000002c75ea76000 JavaThread "Cache worker for journal cache (C:\Users\hp\gradle-7.2\caches\journal-1)" [_thread_blocked, id=12120, stack(0x000000cd2cc00000,0x000000cd2cd00000)]
  0x000002c75ea78800 JavaThread "File lock request listener" [_thread_in_native, id=11380, stack(0x000000cd2cd00000,0x000000cd2ce00000)]
  0x000002c75ea77000 JavaThread "Cache worker for file hash cache (C:\Users\hp\gradle-7.2\caches\7.2\fileHashes)" [_thread_blocked, id=2840, stack(0x000000cd2d300000,0x000000cd2d400000)]
  0x000002c75fed5000 JavaThread "Cache worker for file hash cache (D:\ProjectAndroid\Cashier\.gradle\7.2\fileHashes)" [_thread_blocked, id=17872, stack(0x000000cd2d400000,0x000000cd2d500000)]
  0x000002c75fed1800 JavaThread "File watcher server" daemon [_thread_in_native, id=17656, stack(0x000000cd2d500000,0x000000cd2d600000)]
  0x000002c75fed6800 JavaThread "File watcher consumer" daemon [_thread_blocked, id=8348, stack(0x000000cd2d600000,0x000000cd2d700000)]
  0x000002c75fed3000 JavaThread "jar transforms" [_thread_blocked, id=2988, stack(0x000000cd2d700000,0x000000cd2d800000)]
  0x000002c75fed2800 JavaThread "jar transforms Thread 2" [_thread_blocked, id=19764, stack(0x000000cd2d800000,0x000000cd2d900000)]
  0x000002c75fed4000 JavaThread "jar transforms Thread 3" [_thread_blocked, id=6352, stack(0x000000cd2d900000,0x000000cd2da00000)]
  0x000002c75fed5800 JavaThread "jar transforms Thread 4" [_thread_blocked, id=1676, stack(0x000000cd2da00000,0x000000cd2db00000)]
  0x000002c75fed0800 JavaThread "jar transforms Thread 5" [_thread_blocked, id=18876, stack(0x000000cd2db00000,0x000000cd2dc00000)]
  0x000002c75fed7000 JavaThread "jar transforms Thread 6" [_thread_blocked, id=20032, stack(0x000000cd2dc00000,0x000000cd2dd00000)]
  0x000002c75fedd800 JavaThread "jar transforms Thread 7" [_thread_blocked, id=4428, stack(0x000000cd2dd00000,0x000000cd2de00000)]
  0x000002c75fedb800 JavaThread "jar transforms Thread 8" [_thread_blocked, id=11396, stack(0x000000cd2de00000,0x000000cd2df00000)]
  0x000002c75fed8000 JavaThread "Cache worker for checksums cache (D:\ProjectAndroid\Cashier\.gradle\checksums)" [_thread_blocked, id=6548, stack(0x000000cd2df00000,0x000000cd2e000000)]
  0x000002c75fed9800 JavaThread "Cache worker for cache directory md-supplier (C:\Users\hp\gradle-7.2\caches\7.2\md-supplier)" [_thread_blocked, id=1372, stack(0x000000cd2e000000,0x000000cd2e100000)]
  0x000002c75fedd000 JavaThread "Cache worker for cache directory md-rule (C:\Users\hp\gradle-7.2\caches\7.2\md-rule)" [_thread_blocked, id=9956, stack(0x000000cd2e100000,0x000000cd2e200000)]
  0x000002c75feda800 JavaThread "Cache worker for execution history cache (C:\Users\hp\gradle-7.2\caches\7.2\executionHistory)" [_thread_blocked, id=16968, stack(0x000000cd2e200000,0x000000cd2e300000)]
  0x000002c75fed9000 JavaThread "Cache worker for file content cache (C:\Users\hp\gradle-7.2\caches\7.2\fileContent)" [_thread_blocked, id=7632, stack(0x000000cd2e300000,0x000000cd2e400000)]

Other Threads:
  0x000002c75caf0800 VMThread "VM Thread" [stack: 0x000000cd2b300000,0x000000cd2b400000] [id=19720]
  0x000002c75d63e800 WatcherThread [stack: 0x000000cd2bd00000,0x000000cd2be00000] [id=18660]
  0x000002c742688000 GCTaskThread "GC Thread#0" [stack: 0x000000cd2ae00000,0x000000cd2af00000] [id=1916]
  0x000002c75db38000 GCTaskThread "GC Thread#1" [stack: 0x000000cd2be00000,0x000000cd2bf00000] [id=18204]
  0x000002c75e11a800 GCTaskThread "GC Thread#2" [stack: 0x000000cd2bf00000,0x000000cd2c000000] [id=5272]
  0x000002c75e9df800 GCTaskThread "GC Thread#3" [stack: 0x000000cd2c100000,0x000000cd2c200000] [id=10948]
  0x000002c75e618000 GCTaskThread "GC Thread#4" [stack: 0x000000cd2ce00000,0x000000cd2cf00000] [id=4100]
  0x000002c75f3eb800 GCTaskThread "GC Thread#5" [stack: 0x000000cd2cf00000,0x000000cd2d000000] [id=20312]
  0x000002c75eff4000 GCTaskThread "GC Thread#6" [stack: 0x000000cd2d000000,0x000000cd2d100000] [id=17284]
  0x000002c75e1a4800 GCTaskThread "GC Thread#7" [stack: 0x000000cd2d100000,0x000000cd2d200000] [id=9248]
  0x000002c7426bb000 ConcurrentGCThread "G1 Main Marker" [stack: 0x000000cd2af00000,0x000000cd2b000000] [id=7676]
  0x000002c7426c0800 ConcurrentGCThread "G1 Conc#0" [stack: 0x000000cd2b000000,0x000000cd2b100000] [id=10840]
  0x000002c75e89f800 ConcurrentGCThread "G1 Conc#1" [stack: 0x000000cd2d200000,0x000000cd2d300000] [id=9624]
  0x000002c75c940800 ConcurrentGCThread "G1 Refine#0" [stack: 0x000000cd2b100000,0x000000cd2b200000] [id=19076]
  0x000002c75e17e000 ConcurrentGCThread "G1 Refine#1" [stack: 0x000000cd2c200000,0x000000cd2c300000] [id=9064]
  0x000002c75c941000 ConcurrentGCThread "G1 Young RemSet Sampling" [stack: 0x000000cd2b200000,0x000000cd2b300000] [id=16928]

Threads with active compile tasks:
C2 CompilerThread0   7010 3782       4       java.net.URLClassLoader$1::run (5 bytes)

VM state:not at safepoint (normal execution)

VM Mutex/Monitor currently owned by a thread: None

Heap address: 0x0000000080000000, size: 2048 MB, Compressed Oops mode: 32-bit
Narrow klass base: 0x0000000000000000, Narrow klass shift: 3
Compressed class space size: 1073741824 Address: 0x0000000100000000

Heap:
 garbage-first heap   total 129024K, used 91607K [0x0000000080000000, 0x0000000100000000)
  region size 1024K, 58 young (59392K), 9 survivors (9216K)
 Metaspace       used 45109K, capacity 46357K, committed 46408K, reserved 1089536K
  class space    used 5672K, capacity 6113K, committed 6144K, reserved 1048576K
Heap Regions: E=young(eden), S=young(survivor), O=old, HS=humongous(starts), HC=humongous(continues), CS=collection set, F=free, A=archive, TAMS=top-at-mark-start (previous, next)
|   0|0x0000000080000000, 0x0000000080100000, 0x0000000080100000|100%| O|  |TAMS 0x0000000080100000, 0x0000000080000000| Untracked 
|   1|0x0000000080100000, 0x0000000080200000, 0x0000000080200000|100%| O|  |TAMS 0x0000000080200000, 0x0000000080100000| Untracked 
|   2|0x0000000080200000, 0x0000000080300000, 0x0000000080300000|100%| O|  |TAMS 0x0000000080300000, 0x0000000080200000| Untracked 
|   3|0x0000000080300000, 0x0000000080400000, 0x0000000080400000|100%|HS|  |TAMS 0x0000000080400000, 0x0000000080300000| Complete 
|   4|0x0000000080400000, 0x0000000080500000, 0x0000000080500000|100%|HC|  |TAMS 0x0000000080500000, 0x0000000080400000| Complete 
|   5|0x0000000080500000, 0x0000000080600000, 0x0000000080600000|100%|HC|  |TAMS 0x0000000080600000, 0x0000000080500000| Complete 
|   6|0x0000000080600000, 0x0000000080700000, 0x0000000080700000|100%| O|  |TAMS 0x0000000080700000, 0x0000000080600000| Untracked 
|   7|0x0000000080700000, 0x0000000080800000, 0x0000000080800000|100%| O|  |TAMS 0x0000000080800000, 0x0000000080700000| Untracked 
|   8|0x0000000080800000, 0x0000000080900000, 0x0000000080900000|100%| O|  |TAMS 0x0000000080900000, 0x0000000080800000| Untracked 
|   9|0x0000000080900000, 0x0000000080a00000, 0x0000000080a00000|100%| O|  |TAMS 0x0000000080a00000, 0x0000000080900000| Untracked 
|  10|0x0000000080a00000, 0x0000000080b00000, 0x0000000080b00000|100%| O|  |TAMS 0x0000000080b00000, 0x0000000080a00000| Untracked 
|  11|0x0000000080b00000, 0x0000000080c00000, 0x0000000080c00000|100%| O|  |TAMS 0x0000000080c00000, 0x0000000080b00000| Untracked 
|  12|0x0000000080c00000, 0x0000000080d00000, 0x0000000080d00000|100%| O|  |TAMS 0x0000000080d00000, 0x0000000080c00000| Untracked 
|  13|0x0000000080d00000, 0x0000000080e00000, 0x0000000080e00000|100%| O|  |TAMS 0x0000000080e00000, 0x0000000080d00000| Untracked 
|  14|0x0000000080e00000, 0x0000000080f00000, 0x0000000080f00000|100%| O|  |TAMS 0x0000000080f00000, 0x0000000080e00000| Untracked 
|  15|0x0000000080f00000, 0x0000000081000000, 0x0000000081000000|100%|HS|  |TAMS 0x0000000081000000, 0x0000000080f00000| Complete 
|  16|0x0000000081000000, 0x0000000081100000, 0x0000000081100000|100%|HC|  |TAMS 0x0000000081100000, 0x0000000081000000| Complete 
|  17|0x0000000081100000, 0x0000000081200000, 0x0000000081200000|100%|HS|  |TAMS 0x0000000081200000, 0x0000000081100000| Complete 
|  18|0x0000000081200000, 0x0000000081300000, 0x0000000081300000|100%|HC|  |TAMS 0x0000000081300000, 0x0000000081200000| Complete 
|  19|0x0000000081300000, 0x0000000081400000, 0x0000000081400000|100%|HC|  |TAMS 0x0000000081400000, 0x0000000081300000| Complete 
|  20|0x0000000081400000, 0x0000000081500000, 0x0000000081500000|100%|HS|  |TAMS 0x0000000081500000, 0x0000000081400000| Complete 
|  21|0x0000000081500000, 0x0000000081600000, 0x0000000081600000|100%|HC|  |TAMS 0x0000000081600000, 0x0000000081500000| Complete 
|  22|0x0000000081600000, 0x0000000081700000, 0x0000000081700000|100%|HC|  |TAMS 0x0000000081700000, 0x0000000081600000| Complete 
|  23|0x0000000081700000, 0x0000000081800000, 0x0000000081800000|100%|HC|  |TAMS 0x0000000081800000, 0x0000000081700000| Complete 
|  24|0x0000000081800000, 0x0000000081900000, 0x0000000081900000|100%| O|  |TAMS 0x0000000081900000, 0x0000000081800000| Untracked 
|  25|0x0000000081900000, 0x0000000081a00000, 0x0000000081a00000|100%| O|  |TAMS 0x00000000819b4400, 0x0000000081900000| Untracked 
|  26|0x0000000081a00000, 0x0000000081b00000, 0x0000000081b00000|100%|HS|  |TAMS 0x0000000081a00000, 0x0000000081a00000| Complete 
|  27|0x0000000081b00000, 0x0000000081c00000, 0x0000000081c00000|100%|HC|  |TAMS 0x0000000081b00000, 0x0000000081b00000| Complete 
|  28|0x0000000081c00000, 0x0000000081d00000, 0x0000000081d00000|100%|HC|  |TAMS 0x0000000081c00000, 0x0000000081c00000| Complete 
|  29|0x0000000081d00000, 0x0000000081e00000, 0x0000000081e00000|100%| O|  |TAMS 0x0000000081d00000, 0x0000000081d00000| Untracked 
|  30|0x0000000081e00000, 0x0000000081f00000, 0x0000000081f00000|100%| O|  |TAMS 0x0000000081e00000, 0x0000000081e00000| Untracked 
|  31|0x0000000081f00000, 0x0000000082000000, 0x0000000082000000|100%| O|  |TAMS 0x0000000081f00000, 0x0000000081f00000| Untracked 
|  32|0x0000000082000000, 0x0000000082075c00, 0x0000000082100000| 45%| O|  |TAMS 0x0000000082000000, 0x0000000082000000| Untracked 
|  33|0x0000000082100000, 0x0000000082200000, 0x0000000082200000|100%|HS|  |TAMS 0x0000000082100000, 0x0000000082100000| Complete 
|  34|0x0000000082200000, 0x0000000082200000, 0x0000000082300000|  0%| F|  |TAMS 0x0000000082200000, 0x0000000082200000| Untracked 
|  35|0x0000000082300000, 0x0000000082300000, 0x0000000082400000|  0%| F|  |TAMS 0x0000000082300000, 0x0000000082300000| Untracked 
|  36|0x0000000082400000, 0x0000000082400000, 0x0000000082500000|  0%| F|  |TAMS 0x0000000082400000, 0x0000000082400000| Untracked 
|  37|0x0000000082500000, 0x0000000082500000, 0x0000000082600000|  0%| F|  |TAMS 0x0000000082500000, 0x0000000082500000| Untracked 
|  38|0x0000000082600000, 0x0000000082600000, 0x0000000082700000|  0%| F|  |TAMS 0x0000000082600000, 0x0000000082600000| Untracked 
|  39|0x0000000082700000, 0x0000000082700000, 0x0000000082800000|  0%| F|  |TAMS 0x0000000082700000, 0x0000000082700000| Untracked 
|  40|0x0000000082800000, 0x0000000082800000, 0x0000000082900000|  0%| F|  |TAMS 0x0000000082800000, 0x0000000082800000| Untracked 
|  41|0x0000000082900000, 0x0000000082900000, 0x0000000082a00000|  0%| F|  |TAMS 0x0000000082900000, 0x0000000082900000| Untracked 
|  42|0x0000000082a00000, 0x0000000082a00000, 0x0000000082b00000|  0%| F|  |TAMS 0x0000000082a00000, 0x0000000082a00000| Untracked 
|  43|0x0000000082b00000, 0x0000000082b00000, 0x0000000082c00000|  0%| F|  |TAMS 0x0000000082b00000, 0x0000000082b00000| Untracked 
|  44|0x0000000082c00000, 0x0000000082c00000, 0x0000000082d00000|  0%| F|  |TAMS 0x0000000082c00000, 0x0000000082c00000| Untracked 
|  45|0x0000000082d00000, 0x0000000082d00000, 0x0000000082e00000|  0%| F|  |TAMS 0x0000000082d00000, 0x0000000082d00000| Untracked 
|  46|0x0000000082e00000, 0x0000000082e00000, 0x0000000082f00000|  0%| F|  |TAMS 0x0000000082e00000, 0x0000000082e00000| Untracked 
|  47|0x0000000082f00000, 0x0000000082f00000, 0x0000000083000000|  0%| F|  |TAMS 0x0000000082f00000, 0x0000000082f00000| Untracked 
|  48|0x0000000083000000, 0x0000000083000000, 0x0000000083100000|  0%| F|  |TAMS 0x0000000083000000, 0x0000000083000000| Untracked 
|  49|0x0000000083100000, 0x0000000083100000, 0x0000000083200000|  0%| F|  |TAMS 0x0000000083100000, 0x0000000083100000| Untracked 
|  50|0x0000000083200000, 0x0000000083200000, 0x0000000083300000|  0%| F|  |TAMS 0x0000000083200000, 0x0000000083200000| Untracked 
|  51|0x0000000083300000, 0x0000000083300000, 0x0000000083400000|  0%| F|  |TAMS 0x0000000083300000, 0x0000000083300000| Untracked 
|  52|0x0000000083400000, 0x0000000083400000, 0x0000000083500000|  0%| F|  |TAMS 0x0000000083400000, 0x0000000083400000| Untracked 
|  53|0x0000000083500000, 0x0000000083500000, 0x0000000083600000|  0%| F|  |TAMS 0x0000000083500000, 0x0000000083500000| Untracked 
|  54|0x0000000083600000, 0x0000000083600000, 0x0000000083700000|  0%| F|  |TAMS 0x0000000083600000, 0x0000000083600000| Untracked 
|  55|0x0000000083700000, 0x0000000083700000, 0x0000000083800000|  0%| F|  |TAMS 0x0000000083700000, 0x0000000083700000| Untracked 
|  56|0x0000000083800000, 0x0000000083800000, 0x0000000083900000|  0%| F|  |TAMS 0x0000000083800000, 0x0000000083800000| Untracked 
|  57|0x0000000083900000, 0x0000000083900000, 0x0000000083a00000|  0%| F|  |TAMS 0x0000000083900000, 0x0000000083900000| Untracked 
|  58|0x0000000083a00000, 0x0000000083a00000, 0x0000000083b00000|  0%| F|  |TAMS 0x0000000083a00000, 0x0000000083a00000| Untracked 
|  59|0x0000000083b00000, 0x0000000083c00000, 0x0000000083c00000|100%| S|CS|TAMS 0x0000000083b00000, 0x0000000083b00000| Complete 
|  60|0x0000000083c00000, 0x0000000083d00000, 0x0000000083d00000|100%| S|CS|TAMS 0x0000000083c00000, 0x0000000083c00000| Complete 
|  61|0x0000000083d00000, 0x0000000083e00000, 0x0000000083e00000|100%| S|CS|TAMS 0x0000000083d00000, 0x0000000083d00000| Complete 
|  62|0x0000000083e00000, 0x0000000083f00000, 0x0000000083f00000|100%| S|CS|TAMS 0x0000000083e00000, 0x0000000083e00000| Complete 
|  63|0x0000000083f00000, 0x0000000084000000, 0x0000000084000000|100%| S|CS|TAMS 0x0000000083f00000, 0x0000000083f00000| Complete 
|  64|0x0000000084000000, 0x0000000084100000, 0x0000000084100000|100%| S|CS|TAMS 0x0000000084000000, 0x0000000084000000| Complete 
|  65|0x0000000084100000, 0x0000000084200000, 0x0000000084200000|100%| S|CS|TAMS 0x0000000084100000, 0x0000000084100000| Complete 
|  66|0x0000000084200000, 0x0000000084300000, 0x0000000084300000|100%| S|CS|TAMS 0x0000000084200000, 0x0000000084200000| Complete 
|  67|0x0000000084300000, 0x0000000084400000, 0x0000000084400000|100%| S|CS|TAMS 0x0000000084300000, 0x0000000084300000| Complete 
|  68|0x0000000084400000, 0x0000000084400000, 0x0000000084500000|  0%| F|  |TAMS 0x0000000084400000, 0x0000000084400000| Untracked 
|  69|0x0000000084500000, 0x0000000084500000, 0x0000000084600000|  0%| F|  |TAMS 0x0000000084500000, 0x0000000084500000| Untracked 
|  70|0x0000000084600000, 0x0000000084600000, 0x0000000084700000|  0%| F|  |TAMS 0x0000000084600000, 0x0000000084600000| Untracked 
|  71|0x0000000084700000, 0x0000000084700000, 0x0000000084800000|  0%| F|  |TAMS 0x0000000084700000, 0x0000000084700000| Untracked 
|  72|0x0000000084800000, 0x0000000084800000, 0x0000000084900000|  0%| F|  |TAMS 0x0000000084800000, 0x0000000084800000| Untracked 
|  73|0x0000000084900000, 0x0000000084900000, 0x0000000084a00000|  0%| F|  |TAMS 0x0000000084900000, 0x0000000084900000| Untracked 
|  74|0x0000000084a00000, 0x0000000084a00000, 0x0000000084b00000|  0%| F|  |TAMS 0x0000000084a00000, 0x0000000084a00000| Untracked 
|  75|0x0000000084b00000, 0x0000000084b00000, 0x0000000084c00000|  0%| F|  |TAMS 0x0000000084b00000, 0x0000000084b00000| Untracked 
|  76|0x0000000084c00000, 0x0000000084c00000, 0x0000000084d00000|  0%| F|  |TAMS 0x0000000084c00000, 0x0000000084c00000| Untracked 
|  77|0x0000000084d00000, 0x0000000084e00000, 0x0000000084e00000|100%| E|  |TAMS 0x0000000084d00000, 0x0000000084d00000| Complete 
|  78|0x0000000084e00000, 0x0000000084f00000, 0x0000000084f00000|100%| E|CS|TAMS 0x0000000084e00000, 0x0000000084e00000| Complete 
|  79|0x0000000084f00000, 0x0000000085000000, 0x0000000085000000|100%| E|CS|TAMS 0x0000000084f00000, 0x0000000084f00000| Complete 
|  80|0x0000000085000000, 0x0000000085100000, 0x0000000085100000|100%| E|CS|TAMS 0x0000000085000000, 0x0000000085000000| Complete 
|  81|0x0000000085100000, 0x0000000085200000, 0x0000000085200000|100%| E|CS|TAMS 0x0000000085100000, 0x0000000085100000| Complete 
|  82|0x0000000085200000, 0x0000000085300000, 0x0000000085300000|100%| E|CS|TAMS 0x0000000085200000, 0x0000000085200000| Complete 
|  83|0x0000000085300000, 0x0000000085400000, 0x0000000085400000|100%| E|CS|TAMS 0x0000000085300000, 0x0000000085300000| Complete 
|  84|0x0000000085400000, 0x0000000085500000, 0x0000000085500000|100%| E|CS|TAMS 0x0000000085400000, 0x0000000085400000| Complete 
|  85|0x0000000085500000, 0x0000000085600000, 0x0000000085600000|100%| E|CS|TAMS 0x0000000085500000, 0x0000000085500000| Complete 
|  86|0x0000000085600000, 0x0000000085700000, 0x0000000085700000|100%| E|CS|TAMS 0x0000000085600000, 0x0000000085600000| Complete 
|  87|0x0000000085700000, 0x0000000085800000, 0x0000000085800000|100%| E|CS|TAMS 0x0000000085700000, 0x0000000085700000| Complete 
|  88|0x0000000085800000, 0x0000000085900000, 0x0000000085900000|100%| E|CS|TAMS 0x0000000085800000, 0x0000000085800000| Complete 
|  89|0x0000000085900000, 0x0000000085a00000, 0x0000000085a00000|100%| E|  |TAMS 0x0000000085900000, 0x0000000085900000| Complete 
|  90|0x0000000085a00000, 0x0000000085b00000, 0x0000000085b00000|100%| E|CS|TAMS 0x0000000085a00000, 0x0000000085a00000| Complete 
|  91|0x0000000085b00000, 0x0000000085c00000, 0x0000000085c00000|100%| E|CS|TAMS 0x0000000085b00000, 0x0000000085b00000| Complete 
|  92|0x0000000085c00000, 0x0000000085d00000, 0x0000000085d00000|100%| E|CS|TAMS 0x0000000085c00000, 0x0000000085c00000| Complete 
|  93|0x0000000085d00000, 0x0000000085e00000, 0x0000000085e00000|100%| E|CS|TAMS 0x0000000085d00000, 0x0000000085d00000| Complete 
|  94|0x0000000085e00000, 0x0000000085f00000, 0x0000000085f00000|100%| E|CS|TAMS 0x0000000085e00000, 0x0000000085e00000| Complete 
|  95|0x0000000085f00000, 0x0000000086000000, 0x0000000086000000|100%| E|CS|TAMS 0x0000000085f00000, 0x0000000085f00000| Complete 
|  96|0x0000000086000000, 0x0000000086100000, 0x0000000086100000|100%| E|CS|TAMS 0x0000000086000000, 0x0000000086000000| Complete 
|  97|0x0000000086100000, 0x0000000086200000, 0x0000000086200000|100%| E|CS|TAMS 0x0000000086100000, 0x0000000086100000| Complete 
|  98|0x0000000086200000, 0x0000000086300000, 0x0000000086300000|100%| E|CS|TAMS 0x0000000086200000, 0x0000000086200000| Complete 
|  99|0x0000000086300000, 0x0000000086400000, 0x0000000086400000|100%| E|CS|TAMS 0x0000000086300000, 0x0000000086300000| Complete 
| 100|0x0000000086400000, 0x0000000086500000, 0x0000000086500000|100%| E|CS|TAMS 0x0000000086400000, 0x0000000086400000| Complete 
| 101|0x0000000086500000, 0x0000000086600000, 0x0000000086600000|100%| E|CS|TAMS 0x0000000086500000, 0x0000000086500000| Complete 
| 102|0x0000000086600000, 0x0000000086700000, 0x0000000086700000|100%| E|CS|TAMS 0x0000000086600000, 0x0000000086600000| Complete 
| 103|0x0000000086700000, 0x0000000086800000, 0x0000000086800000|100%| E|CS|TAMS 0x0000000086700000, 0x0000000086700000| Complete 
| 104|0x0000000086800000, 0x0000000086900000, 0x0000000086900000|100%| E|CS|TAMS 0x0000000086800000, 0x0000000086800000| Complete 
| 105|0x0000000086900000, 0x0000000086a00000, 0x0000000086a00000|100%| E|CS|TAMS 0x0000000086900000, 0x0000000086900000| Complete 
| 106|0x0000000086a00000, 0x0000000086b00000, 0x0000000086b00000|100%| E|CS|TAMS 0x0000000086a00000, 0x0000000086a00000| Complete 
| 107|0x0000000086b00000, 0x0000000086c00000, 0x0000000086c00000|100%| E|CS|TAMS 0x0000000086b00000, 0x0000000086b00000| Complete 
| 108|0x0000000086c00000, 0x0000000086d00000, 0x0000000086d00000|100%| E|CS|TAMS 0x0000000086c00000, 0x0000000086c00000| Complete 
| 109|0x0000000086d00000, 0x0000000086e00000, 0x0000000086e00000|100%| E|CS|TAMS 0x0000000086d00000, 0x0000000086d00000| Complete 
| 110|0x0000000086e00000, 0x0000000086f00000, 0x0000000086f00000|100%| E|CS|TAMS 0x0000000086e00000, 0x0000000086e00000| Complete 
| 111|0x0000000086f00000, 0x0000000087000000, 0x0000000087000000|100%| E|CS|TAMS 0x0000000086f00000, 0x0000000086f00000| Complete 
| 112|0x0000000087000000, 0x0000000087100000, 0x0000000087100000|100%| E|CS|TAMS 0x0000000087000000, 0x0000000087000000| Complete 
| 113|0x0000000087100000, 0x0000000087200000, 0x0000000087200000|100%| E|CS|TAMS 0x0000000087100000, 0x0000000087100000| Complete 
| 114|0x0000000087200000, 0x0000000087300000, 0x0000000087300000|100%| E|CS|TAMS 0x0000000087200000, 0x0000000087200000| Complete 
| 115|0x0000000087300000, 0x0000000087400000, 0x0000000087400000|100%| E|CS|TAMS 0x0000000087300000, 0x0000000087300000| Complete 
| 116|0x0000000087400000, 0x0000000087500000, 0x0000000087500000|100%| E|CS|TAMS 0x0000000087400000, 0x0000000087400000| Complete 
| 117|0x0000000087500000, 0x0000000087600000, 0x0000000087600000|100%| E|CS|TAMS 0x0000000087500000, 0x0000000087500000| Complete 
| 118|0x0000000087600000, 0x0000000087700000, 0x0000000087700000|100%| E|CS|TAMS 0x0000000087600000, 0x0000000087600000| Complete 
| 119|0x0000000087700000, 0x0000000087800000, 0x0000000087800000|100%| E|CS|TAMS 0x0000000087700000, 0x0000000087700000| Complete 
| 120|0x0000000087800000, 0x0000000087900000, 0x0000000087900000|100%| E|CS|TAMS 0x0000000087800000, 0x0000000087800000| Complete 
| 121|0x0000000087900000, 0x0000000087a00000, 0x0000000087a00000|100%| E|CS|TAMS 0x0000000087900000, 0x0000000087900000| Complete 
| 122|0x0000000087a00000, 0x0000000087b00000, 0x0000000087b00000|100%| E|CS|TAMS 0x0000000087a00000, 0x0000000087a00000| Complete 
| 123|0x0000000087b00000, 0x0000000087c00000, 0x0000000087c00000|100%| E|CS|TAMS 0x0000000087b00000, 0x0000000087b00000| Complete 
| 124|0x0000000087c00000, 0x0000000087d00000, 0x0000000087d00000|100%| E|CS|TAMS 0x0000000087c00000, 0x0000000087c00000| Complete 
| 125|0x0000000087d00000, 0x0000000087e00000, 0x0000000087e00000|100%| E|CS|TAMS 0x0000000087d00000, 0x0000000087d00000| Complete 

Card table byte_map: [0x000002c7558a0000,0x000002c755ca0000] _byte_map_base: 0x000002c7554a0000

Marking Bits (Prev, Next): (CMBitMap*) 0x000002c7426b20d8, (CMBitMap*) 0x000002c7426b2110
 Prev Bits: [0x000002c7560a0000, 0x000002c7580a0000)
 Next Bits: [0x000002c7580a0000, 0x000002c75a0a0000)

Polling page: 0x000002c740640000

Metaspace:

Usage:
  Non-class:     39.36 MB capacity,    38.54 MB ( 98%) used,   731.75 KB (  2%) free+waste,   113.44 KB ( <1%) overhead. 
      Class:      5.97 MB capacity,     5.54 MB ( 93%) used,   383.29 KB (  6%) free+waste,    54.56 KB ( <1%) overhead. 
       Both:     45.33 MB capacity,    44.08 MB ( 97%) used,     1.09 MB (  2%) free+waste,   168.00 KB ( <1%) overhead. 

Virtual space:
  Non-class space:       40.00 MB reserved,      39.57 MB ( 99%) committed 
      Class space:        1.00 GB reserved,       6.00 MB ( <1%) committed 
             Both:        1.04 GB reserved,      45.57 MB (  4%) committed 

Chunk freelists:
   Non-Class:  20.00 KB
       Class:  1.00 KB
        Both:  21.00 KB

MaxMetaspaceSize: 17179869184.00 GB
CompressedClassSpaceSize: 1.00 GB

CodeHeap 'non-profiled nmethods': size=120000Kb used=1686Kb max_used=1686Kb free=118313Kb
 bounds [0x000002c74dc40000, 0x000002c74deb0000, 0x000002c755170000]
CodeHeap 'profiled nmethods': size=120000Kb used=8791Kb max_used=8791Kb free=111208Kb
 bounds [0x000002c746710000, 0x000002c746fb0000, 0x000002c74dc40000]
CodeHeap 'non-nmethods': size=5760Kb used=2216Kb max_used=2237Kb free=3544Kb
 bounds [0x000002c746170000, 0x000002c7463e0000, 0x000002c746710000]
 total_blobs=4821 nmethods=4038 adapters=693
 compilation: enabled
              stopped_count=0, restarted_count=0
 full_count=0

Compilation events (20 events):
Event: 6.938 Thread 0x000002c75cb19800 4047       1       sun.reflect.generics.factory.CoreReflectionFactory::getScope (5 bytes)
Event: 6.938 Thread 0x000002c75cb19800 nmethod 4047 0x000002c74dde4710 code [0x000002c74dde48c0, 0x000002c74dde4978]
Event: 6.939 Thread 0x000002c75cb19800 4048       3       org.codehaus.groovy.runtime.metaclass.MetaMethodIndex::resize (103 bytes)
Event: 6.939 Thread 0x000002c75cb19800 nmethod 4048 0x000002c746f7dc90 code [0x000002c746f7de80, 0x000002c746f7e418]
Event: 6.940 Thread 0x000002c75cb19800 4050       3       org.codehaus.groovy.reflection.CachedClass$1$$Lambda$355/0x0000000100506440::apply (12 bytes)
Event: 6.940 Thread 0x000002c75cb19800 nmethod 4050 0x000002c746f7e610 code [0x000002c746f7e800, 0x000002c746f7ecb8]
Event: 6.940 Thread 0x000002c75cb19800 4051       3       org.codehaus.groovy.reflection.CachedField::<init> (18 bytes)
Event: 6.941 Thread 0x000002c75cb19800 nmethod 4051 0x000002c746f7ee10 code [0x000002c746f7efe0, 0x000002c746f7f2f8]
Event: 6.943 Thread 0x000002c75cb19800 4052  s    3       sun.net.www.protocol.file.Handler::openConnection (7 bytes)
Event: 6.943 Thread 0x000002c75cb19800 nmethod 4052 0x000002c746f7f410 code [0x000002c746f7f5e0, 0x000002c746f7f8a8]
Event: 6.943 Thread 0x000002c75cb19800 4053  s!   3       sun.net.www.protocol.file.Handler::openConnection (273 bytes)
Event: 6.946 Thread 0x000002c75cb19800 nmethod 4053 0x000002c746f7f990 code [0x000002c746f7ff40, 0x000002c746f82928]
Event: 6.947 Thread 0x000002c75cb19800 4054       3       org.codehaus.groovy.reflection.CachedClass$3::initValue (194 bytes)
Event: 6.949 Thread 0x000002c75cb19800 nmethod 4054 0x000002c746f83a10 code [0x000002c746f83e20, 0x000002c746f85af8]
Event: 6.949 Thread 0x000002c75cb19800 4055       3       java.util.stream.ReferencePipeline::toArray (18 bytes)
Event: 6.949 Thread 0x000002c75cb19800 nmethod 4055 0x000002c746f86710 code [0x000002c746f868e0, 0x000002c746f86b08]
Event: 6.949 Thread 0x000002c75cb19800 4056       3       java.util.stream.AbstractPipeline::evaluateToArrayNode (78 bytes)
Event: 6.950 Thread 0x000002c75cb19800 nmethod 4056 0x000002c746f86c10 code [0x000002c746f86e40, 0x000002c746f873d8]
Event: 6.950 Thread 0x000002c75cb19800 4057       3       java.util.stream.Nodes::flatten (70 bytes)
Event: 6.950 Thread 0x000002c75cb19800 nmethod 4057 0x000002c746f87590 code [0x000002c746f877e0, 0x000002c746f87ff8]

GC Heap History (12 events):
Event: 1.372 GC heap before
{Heap before GC invocations=0 (full 0):
 garbage-first heap   total 129024K, used 29696K [0x0000000080000000, 0x0000000100000000)
  region size 1024K, 24 young (24576K), 0 survivors (0K)
 Metaspace       used 9861K, capacity 10062K, committed 10112K, reserved 1058816K
  class space    used 1031K, capacity 1102K, committed 1152K, reserved 1048576K
}
Event: 1.382 GC heap after
{Heap after GC invocations=1 (full 0):
 garbage-first heap   total 129024K, used 9219K [0x0000000080000000, 0x0000000100000000)
  region size 1024K, 3 young (3072K), 3 survivors (3072K)
 Metaspace       used 9861K, capacity 10062K, committed 10112K, reserved 1058816K
  class space    used 1031K, capacity 1102K, committed 1152K, reserved 1048576K
}
Event: 2.479 GC heap before
{Heap before GC invocations=1 (full 0):
 garbage-first heap   total 129024K, used 64515K [0x0000000080000000, 0x0000000100000000)
  region size 1024K, 57 young (58368K), 3 survivors (3072K)
 Metaspace       used 13956K, capacity 14273K, committed 14464K, reserved 1062912K
  class space    used 1554K, capacity 1654K, committed 1664K, reserved 1048576K
}
Event: 2.486 GC heap after
{Heap after GC invocations=2 (full 0):
 garbage-first heap   total 129024K, used 15244K [0x0000000080000000, 0x0000000100000000)
  region size 1024K, 8 young (8192K), 8 survivors (8192K)
 Metaspace       used 13956K, capacity 14273K, committed 14464K, reserved 1062912K
  class space    used 1554K, capacity 1654K, committed 1664K, reserved 1048576K
}
Event: 3.537 GC heap before
{Heap before GC invocations=2 (full 0):
 garbage-first heap   total 129024K, used 58252K [0x0000000080000000, 0x0000000100000000)
  region size 1024K, 51 young (52224K), 8 survivors (8192K)
 Metaspace       used 20706K, capacity 21188K, committed 21296K, reserved 1069056K
  class space    used 2529K, capacity 2674K, committed 2688K, reserved 1048576K
}
Event: 3.547 GC heap after
{Heap after GC invocations=3 (full 0):
 garbage-first heap   total 129024K, used 17419K [0x0000000080000000, 0x0000000100000000)
  region size 1024K, 3 young (3072K), 3 survivors (3072K)
 Metaspace       used 20706K, capacity 21188K, committed 21296K, reserved 1069056K
  class space    used 2529K, capacity 2674K, committed 2688K, reserved 1048576K
}
Event: 4.263 GC heap before
{Heap before GC invocations=4 (full 0):
 garbage-first heap   total 129024K, used 76811K [0x0000000080000000, 0x0000000100000000)
  region size 1024K, 59 young (60416K), 3 survivors (3072K)
 Metaspace       used 26667K, capacity 27306K, committed 27568K, reserved 1073152K
  class space    used 3488K, capacity 3720K, committed 3840K, reserved 1048576K
}
Event: 4.268 GC heap after
{Heap after GC invocations=5 (full 0):
 garbage-first heap   total 129024K, used 22304K [0x0000000080000000, 0x0000000100000000)
  region size 1024K, 5 young (5120K), 5 survivors (5120K)
 Metaspace       used 26667K, capacity 27306K, committed 27568K, reserved 1073152K
  class space    used 3488K, capacity 3720K, committed 3840K, reserved 1048576K
}
Event: 5.342 GC heap before
{Heap before GC invocations=5 (full 0):
 garbage-first heap   total 129024K, used 92960K [0x0000000080000000, 0x0000000100000000)
  region size 1024K, 69 young (70656K), 5 survivors (5120K)
 Metaspace       used 34535K, capacity 35496K, committed 35632K, reserved 1079296K
  class space    used 4537K, capacity 4893K, committed 4992K, reserved 1048576K
}
Event: 5.354 GC heap after
{Heap after GC invocations=6 (full 0):
 garbage-first heap   total 129024K, used 34205K [0x0000000080000000, 0x0000000100000000)
  region size 1024K, 8 young (8192K), 8 survivors (8192K)
 Metaspace       used 34535K, capacity 35496K, committed 35632K, reserved 1079296K
  class space    used 4537K, capacity 4893K, committed 4992K, reserved 1048576K
}
Event: 6.262 GC heap before
{Heap before GC invocations=7 (full 0):
 garbage-first heap   total 129024K, used 95645K [0x0000000080000000, 0x0000000100000000)
  region size 1024K, 66 young (67584K), 8 survivors (8192K)
 Metaspace       used 41300K, capacity 42354K, committed 42696K, reserved 1087488K
  class space    used 5280K, capacity 5639K, committed 5760K, reserved 1048576K
}
Event: 6.275 GC heap after
{Heap after GC invocations=8 (full 0):
 garbage-first heap   total 129024K, used 39383K [0x0000000080000000, 0x0000000100000000)
  region size 1024K, 9 young (9216K), 9 survivors (9216K)
 Metaspace       used 41300K, capacity 42354K, committed 42696K, reserved 1087488K
  class space    used 5280K, capacity 5639K, committed 5760K, reserved 1048576K
}

Deoptimization events (20 events):
Event: 6.772 Thread 0x000002c75f3fd800 Uncommon trap: trap_request=0xffffff4d fr.pc=0x000002c74dc8f404 relative=0x00000000000005a4
Event: 6.772 Thread 0x000002c75f3fd800 Uncommon trap: reason=unstable_if action=reinterpret pc=0x000002c74dc8f404 method=java.util.jar.Manifest$FastInputStream.readLine([BII)I @ 130 c2
Event: 6.772 Thread 0x000002c75f3fd800 DEOPT PACKING pc=0x000002c74dc8f404 sp=0x000000cd2c8f6130
Event: 6.772 Thread 0x000002c75f3fd800 DEOPT UNPACKING pc=0x000002c74619662f sp=0x000000cd2c8f60c0 mode 2
Event: 6.843 Thread 0x000002c75f3fd800 Uncommon trap: trap_request=0xffffffbe fr.pc=0x000002c74dda3d14 relative=0x0000000000000a94
Event: 6.843 Thread 0x000002c75f3fd800 Uncommon trap: reason=profile_predicate action=maybe_recompile pc=0x000002c74dda3d14 method=jdk.internal.jimage.ImageStringsReader.charsFromByteBuffer([CLjava/nio/ByteBuffer;)V @ 6 c2
Event: 6.843 Thread 0x000002c75f3fd800 DEOPT PACKING pc=0x000002c74dda3d14 sp=0x000000cd2c8f5b90
Event: 6.843 Thread 0x000002c75f3fd800 DEOPT UNPACKING pc=0x000002c74619662f sp=0x000000cd2c8f5a68 mode 2
Event: 6.843 Thread 0x000002c75f3fd800 Uncommon trap: trap_request=0xffffffbe fr.pc=0x000002c74dda3d14 relative=0x0000000000000a94
Event: 6.843 Thread 0x000002c75f3fd800 Uncommon trap: reason=profile_predicate action=maybe_recompile pc=0x000002c74dda3d14 method=jdk.internal.jimage.ImageStringsReader.charsFromByteBuffer([CLjava/nio/ByteBuffer;)V @ 6 c2
Event: 6.843 Thread 0x000002c75f3fd800 DEOPT PACKING pc=0x000002c74dda3d14 sp=0x000000cd2c8f5b90
Event: 6.843 Thread 0x000002c75f3fd800 DEOPT UNPACKING pc=0x000002c74619662f sp=0x000000cd2c8f5a68 mode 2
Event: 6.843 Thread 0x000002c75f3fd800 Uncommon trap: trap_request=0xffffffbe fr.pc=0x000002c74dda3d14 relative=0x0000000000000a94
Event: 6.843 Thread 0x000002c75f3fd800 Uncommon trap: reason=profile_predicate action=maybe_recompile pc=0x000002c74dda3d14 method=jdk.internal.jimage.ImageStringsReader.charsFromByteBuffer([CLjava/nio/ByteBuffer;)V @ 6 c2
Event: 6.843 Thread 0x000002c75f3fd800 DEOPT PACKING pc=0x000002c74dda3d14 sp=0x000000cd2c8f5b90
Event: 6.843 Thread 0x000002c75f3fd800 DEOPT UNPACKING pc=0x000002c74619662f sp=0x000000cd2c8f5a68 mode 2
Event: 6.843 Thread 0x000002c75f3fd800 Uncommon trap: trap_request=0xffffffbe fr.pc=0x000002c74dda3d14 relative=0x0000000000000a94
Event: 6.843 Thread 0x000002c75f3fd800 Uncommon trap: reason=profile_predicate action=maybe_recompile pc=0x000002c74dda3d14 method=jdk.internal.jimage.ImageStringsReader.charsFromByteBuffer([CLjava/nio/ByteBuffer;)V @ 6 c2
Event: 6.843 Thread 0x000002c75f3fd800 DEOPT PACKING pc=0x000002c74dda3d14 sp=0x000000cd2c8f5b90
Event: 6.843 Thread 0x000002c75f3fd800 DEOPT UNPACKING pc=0x000002c74619662f sp=0x000000cd2c8f5a68 mode 2

Classes redefined (0 events):
No events

Internal exceptions (20 events):
Event: 6.809 Thread 0x000002c75f3fd800 Exception <a 'java/lang/ClassNotFoundException'{0x0000000085e856e0}: java/net/URLClassLoaderCustomizer> (0x0000000085e856e0) thrown at [./src/hotspot/share/classfile/systemDictionary.cpp, line 231]
Event: 6.810 Thread 0x000002c75f3fd800 Exception <a 'java/lang/ClassNotFoundException'{0x0000000085eba2f0}: org/gradle/internal/classloader/VisitableURLClassLoaderCustomizer> (0x0000000085eba2f0) thrown at [./src/hotspot/share/classfile/systemDictionary.cpp, line 231]
Event: 6.815 Thread 0x000002c75f3fd800 Exception <a 'java/lang/ClassNotFoundException'{0x0000000085d04a60}: org/jetbrains/plugins/gradle/tooling/internal/ExtraModelBuilder$ForGradle44BeanInfo> (0x0000000085d04a60) thrown at [./src/hotspot/share/classfile/systemDictionary.cpp, line 231]
Event: 6.815 Thread 0x000002c75f3fd800 Exception <a 'java/lang/ClassNotFoundException'{0x0000000085d117d0}: org/jetbrains/plugins/gradle/tooling/internal/ExtraModelBuilder$ForGradle44Customizer> (0x0000000085d117d0) thrown at [./src/hotspot/share/classfile/systemDictionary.cpp, line 231]
Event: 6.906 Thread 0x000002c75f3fd800 Exception <a 'java/lang/ClassNotFoundException'{0x00000000856c7428}: org/jetbrains/plugins/gradle/tooling/builder/WarModelBuilderImplBeanInfo> (0x00000000856c7428) thrown at [./src/hotspot/share/classfile/systemDictionary.cpp, line 231]
Event: 6.906 Thread 0x000002c75f3fd800 Exception <a 'java/lang/ClassNotFoundException'{0x00000000856d5138}: org/jetbrains/plugins/gradle/tooling/AbstractModelBuilderServiceBeanInfo> (0x00000000856d5138) thrown at [./src/hotspot/share/classfile/systemDictionary.cpp, line 231]
Event: 6.907 Thread 0x000002c75f3fd800 Exception <a 'java/lang/ClassNotFoundException'{0x00000000856e2f80}: org/jetbrains/plugins/gradle/tooling/AbstractModelBuilderServiceCustomizer> (0x00000000856e2f80) thrown at [./src/hotspot/share/classfile/systemDictionary.cpp, line 231]
Event: 6.907 Thread 0x000002c75f3fd800 Exception <a 'java/lang/ClassNotFoundException'{0x00000000856f3c60}: org/jetbrains/plugins/gradle/tooling/builder/WarModelBuilderImplCustomizer> (0x00000000856f3c60) thrown at [./src/hotspot/share/classfile/systemDictionary.cpp, line 231]
Event: 6.914 Thread 0x000002c75f3fd800 Exception <a 'java/lang/ClassNotFoundException'{0x0000000085566bd0}: org/jetbrains/plugins/gradle/tooling/builder/EarModelBuilderImplBeanInfo> (0x0000000085566bd0) thrown at [./src/hotspot/share/classfile/systemDictionary.cpp, line 231]
Event: 6.914 Thread 0x000002c75f3fd800 Exception <a 'java/lang/ClassNotFoundException'{0x0000000085574a18}: org/jetbrains/plugins/gradle/tooling/builder/EarModelBuilderImplCustomizer> (0x0000000085574a18) thrown at [./src/hotspot/share/classfile/systemDictionary.cpp, line 231]
Event: 6.924 Thread 0x000002c75f3fd800 Exception <a 'java/lang/ClassNotFoundException'{0x000000008547d7f0}: org/jetbrains/plugins/gradle/tooling/builder/ScalaModelBuilderImplBeanInfo> (0x000000008547d7f0) thrown at [./src/hotspot/share/classfile/systemDictionary.cpp, line 231]
Event: 6.925 Thread 0x000002c75f3fd800 Exception <a 'java/lang/ClassNotFoundException'{0x000000008548b9e0}: org/jetbrains/plugins/gradle/tooling/builder/ScalaModelBuilderImplCustomizer> (0x000000008548b9e0) thrown at [./src/hotspot/share/classfile/systemDictionary.cpp, line 231]
Event: 6.930 Thread 0x000002c75f3fd800 Exception <a 'java/lang/ClassNotFoundException'{0x00000000854fdc58}: org/jetbrains/plugins/gradle/tooling/builder/ExternalProjectBuilderImpl$1BeanInfo> (0x00000000854fdc58) thrown at [./src/hotspot/share/classfile/systemDictionary.cpp, line 231]
Event: 6.931 Thread 0x000002c75f3fd800 Exception <a 'java/lang/ClassNotFoundException'{0x000000008530c448}: org/jetbrains/plugins/gradle/tooling/builder/ExternalProjectBuilderImpl$1Customizer> (0x000000008530c448) thrown at [./src/hotspot/share/classfile/systemDictionary.cpp, line 231]
Event: 6.935 Thread 0x000002c75f3fd800 Exception <a 'java/lang/ClassNotFoundException'{0x0000000085380b20}: org/jetbrains/plugins/gradle/tooling/builder/ExternalProjectBuilderImplBeanInfo> (0x0000000085380b20) thrown at [./src/hotspot/share/classfile/systemDictionary.cpp, line 231]
Event: 6.935 Thread 0x000002c75f3fd800 Exception <a 'java/lang/ClassNotFoundException'{0x000000008538ebc0}: org/jetbrains/plugins/gradle/tooling/builder/ExternalProjectBuilderImplCustomizer> (0x000000008538ebc0) thrown at [./src/hotspot/share/classfile/systemDictionary.cpp, line 231]
Event: 6.940 Thread 0x000002c75f3fd800 Exception <a 'java/lang/ClassNotFoundException'{0x00000000853ea6b8}: org/jetbrains/plugins/gradle/tooling/builder/DependencyGraphModelBuilderImplBeanInfo> (0x00000000853ea6b8) thrown at [./src/hotspot/share/classfile/systemDictionary.cpp, line 231]
Event: 6.940 Thread 0x000002c75f3fd800 Exception <a 'java/lang/ClassNotFoundException'{0x00000000853f89e0}: org/jetbrains/plugins/gradle/tooling/builder/DependencyGraphModelBuilderImplCustomizer> (0x00000000853f89e0) thrown at [./src/hotspot/share/classfile/systemDictionary.cpp, line 231]
Event: 6.948 Thread 0x000002c75f3fd800 Exception <a 'java/lang/ClassNotFoundException'{0x00000000852ad220}: org/jetbrains/plugins/gradle/tooling/builder/ExternalTestsModelBuilderImplBeanInfo> (0x00000000852ad220) thrown at [./src/hotspot/share/classfile/systemDictionary.cpp, line 231]
Event: 6.949 Thread 0x000002c75f3fd800 Exception <a 'java/lang/ClassNotFoundException'{0x00000000852bb4b0}: org/jetbrains/plugins/gradle/tooling/builder/ExternalTestsModelBuilderImplCustomizer> (0x00000000852bb4b0) thrown at [./src/hotspot/share/classfile/systemDictionary.cpp, line 231]

Events (20 events):
Event: 6.953 loading class groovy/util/ObservableList
Event: 6.953 loading class groovy/util/ObservableList done
Event: 6.954 loading class org/gradle/api/internal/AbstractTask$ObservableActionWrapperList
Event: 6.954 loading class org/gradle/api/internal/AbstractTask$ObservableActionWrapperList done
Event: 6.954 loading class org/gradle/api/internal/tasks/InputChangesAwareTaskAction
Event: 6.954 loading class org/gradle/api/internal/tasks/InputChangesAwareTaskAction done
Event: 6.955 loading class org/gradle/api/internal/tasks/ImplementationAwareTaskAction
Event: 6.955 loading class org/gradle/api/internal/tasks/ImplementationAwareTaskAction done
Event: 6.955 loading class org/gradle/api/reporting/ReportContainer
Event: 6.955 loading class org/gradle/api/reporting/ReportContainer done
Event: 6.956 loading class org/gradle/api/tasks/testing/TestFilter
Event: 6.956 loading class org/gradle/api/tasks/testing/TestFilter done
Event: 6.956 loading class org/gradle/api/tasks/testing/TestExecutionException
Event: 6.956 loading class org/gradle/api/tasks/testing/TestExecutionException done
Event: 6.957 loading class org/gradle/api/internal/tasks/testing/logging/TestExceptionFormatter
Event: 6.957 loading class org/gradle/api/internal/tasks/testing/logging/TestExceptionFormatter done
Event: 6.957 loading class org/gradle/api/tasks/testing/TestListener
Event: 6.957 loading class org/gradle/api/tasks/testing/TestListener done
Event: 6.958 loading class org/gradle/api/tasks/testing/TestOutputListener
Event: 6.958 loading class org/gradle/api/tasks/testing/TestOutputListener done


Dynamic libraries:
0x00007ff603460000 - 0x00007ff60346a000 	C:\Program Files\Android\Android Studio\jre\bin\java.exe
0x00007ff96ab70000 - 0x00007ff96ad65000 	C:\WINDOWS\SYSTEM32\ntdll.dll
0x00007ff96aa10000 - 0x00007ff96aace000 	C:\WINDOWS\System32\KERNEL32.DLL
0x00007ff9688d0000 - 0x00007ff968b98000 	C:\WINDOWS\System32\KERNELBASE.dll
0x00007ff968350000 - 0x00007ff968450000 	C:\WINDOWS\System32\ucrtbase.dll
0x00007ff9620a0000 - 0x00007ff9620b9000 	C:\Program Files\Android\Android Studio\jre\bin\jli.dll
0x00007ff962060000 - 0x00007ff962077000 	C:\Program Files\Android\Android Studio\jre\bin\VCRUNTIME140.dll
0x00007ff969c80000 - 0x00007ff969e20000 	C:\WINDOWS\System32\USER32.dll
0x00007ff968320000 - 0x00007ff968342000 	C:\WINDOWS\System32\win32u.dll
0x00007ff969fb0000 - 0x00007ff969fda000 	C:\WINDOWS\System32\GDI32.dll
0x00007ff9687c0000 - 0x00007ff9688cb000 	C:\WINDOWS\System32\gdi32full.dll
0x00007ff968720000 - 0x00007ff9687bd000 	C:\WINDOWS\System32\msvcp_win.dll
0x00007ff945eb0000 - 0x00007ff94614a000 	C:\WINDOWS\WinSxS\amd64_microsoft.windows.common-controls_6595b64144ccf1df_6.0.19041.1110_none_60b5254171f9507e\COMCTL32.dll
0x00007ff96a040000 - 0x00007ff96a0de000 	C:\WINDOWS\System32\msvcrt.dll
0x00007ff96a180000 - 0x00007ff96a1b0000 	C:\WINDOWS\System32\IMM32.DLL
0x00007ff94eef0000 - 0x00007ff94ef8d000 	C:\Program Files\Android\Android Studio\jre\bin\msvcp140.dll
0x00007ff920720000 - 0x00007ff9211f5000 	C:\Program Files\Android\Android Studio\jre\bin\server\jvm.dll
0x00007ff968f70000 - 0x00007ff96901e000 	C:\WINDOWS\System32\ADVAPI32.dll
0x00007ff969770000 - 0x00007ff96980c000 	C:\WINDOWS\System32\sechost.dll
0x00007ff968e40000 - 0x00007ff968f65000 	C:\WINDOWS\System32\RPCRT4.dll
0x00007ff968e30000 - 0x00007ff968e38000 	C:\WINDOWS\System32\PSAPI.DLL
0x00007ff920450000 - 0x00007ff920459000 	C:\WINDOWS\SYSTEM32\WSOCK32.dll
0x00007ff959020000 - 0x00007ff959047000 	C:\WINDOWS\SYSTEM32\WINMM.dll
0x00007ff96a9a0000 - 0x00007ff96aa0b000 	C:\WINDOWS\System32\WS2_32.dll
0x00007ff9621a0000 - 0x00007ff9621aa000 	C:\WINDOWS\SYSTEM32\VERSION.dll
0x00007ff966b70000 - 0x00007ff966b82000 	C:\WINDOWS\SYSTEM32\kernel.appcore.dll
0x00007ff920430000 - 0x00007ff920441000 	C:\Program Files\Android\Android Studio\jre\bin\verify.dll
0x00007ff966850000 - 0x00007ff966a34000 	C:\WINDOWS\SYSTEM32\DBGHELP.DLL
0x00007ff958330000 - 0x00007ff95835c000 	C:\WINDOWS\SYSTEM32\dbgcore.DLL
0x00007ff968290000 - 0x00007ff968312000 	C:\WINDOWS\System32\bcryptPrimitives.dll
0x00007ff920400000 - 0x00007ff920429000 	C:\Program Files\Android\Android Studio\jre\bin\java.dll
0x00007ff9203f0000 - 0x00007ff9203fb000 	C:\Program Files\Android\Android Studio\jre\bin\jimage.dll
0x00007ff9203d0000 - 0x00007ff9203e8000 	C:\Program Files\Android\Android Studio\jre\bin\zip.dll
0x00007ff969020000 - 0x00007ff969764000 	C:\WINDOWS\System32\SHELL32.dll
0x00007ff9660b0000 - 0x00007ff966844000 	C:\WINDOWS\SYSTEM32\windows.storage.dll
0x00007ff96a640000 - 0x00007ff96a994000 	C:\WINDOWS\System32\combase.dll
0x00007ff967c30000 - 0x00007ff967c5c000 	C:\WINDOWS\SYSTEM32\Wldp.dll
0x00007ff968bd0000 - 0x00007ff968c7d000 	C:\WINDOWS\System32\SHCORE.dll
0x00007ff969fe0000 - 0x00007ff96a035000 	C:\WINDOWS\System32\shlwapi.dll
0x00007ff9681d0000 - 0x00007ff9681ef000 	C:\WINDOWS\SYSTEM32\profapi.dll
0x00007ff9203b0000 - 0x00007ff9203ca000 	C:\Program Files\Android\Android Studio\jre\bin\net.dll
0x00007ff958be0000 - 0x00007ff958cea000 	C:\WINDOWS\SYSTEM32\WINHTTP.dll
0x00007ff967990000 - 0x00007ff9679fa000 	C:\WINDOWS\system32\mswsock.dll
0x00007ff920390000 - 0x00007ff9203a4000 	C:\Program Files\Android\Android Studio\jre\bin\nio.dll
0x00007ff956b20000 - 0x00007ff956b47000 	C:\Users\hp\gradle-7.2\native\e1d6ef7f7dcc3fd88c89a11ec53ec762bb8ba0a96d01ffa2cd45eb1d1d8dd5c5\windows-amd64\native-platform.dll
0x00007ff947bb0000 - 0x00007ff947cf4000 	C:\Users\hp\gradle-7.2\native\5664cfc778a61ccfe75a443a1ab52a65af34e5dc3c78e0209fed803814484fcb\windows-amd64\native-platform-file-events.dll
0x00007ff945530000 - 0x00007ff94553a000 	C:\Program Files\Android\Android Studio\jre\bin\management.dll
0x00007ff920380000 - 0x00007ff92038d000 	C:\Program Files\Android\Android Studio\jre\bin\management_ext.dll
0x00007ff967b90000 - 0x00007ff967ba8000 	C:\WINDOWS\SYSTEM32\CRYPTSP.dll
0x00007ff967310000 - 0x00007ff967344000 	C:\WINDOWS\system32\rsaenh.dll
0x00007ff968ba0000 - 0x00007ff968bc7000 	C:\WINDOWS\System32\bcrypt.dll
0x00007ff968190000 - 0x00007ff9681be000 	C:\WINDOWS\SYSTEM32\USERENV.dll
0x00007ff967b80000 - 0x00007ff967b8c000 	C:\WINDOWS\SYSTEM32\CRYPTBASE.dll
0x00007ff967680000 - 0x00007ff9676bb000 	C:\WINDOWS\SYSTEM32\IPHLPAPI.DLL
0x00007ff96a1b0000 - 0x00007ff96a1b8000 	C:\WINDOWS\System32\NSI.dll
0x00007ff95ee60000 - 0x00007ff95ee77000 	C:\WINDOWS\SYSTEM32\dhcpcsvc6.DLL
0x00007ff95f850000 - 0x00007ff95f86d000 	C:\WINDOWS\SYSTEM32\dhcpcsvc.DLL
0x00007ff9676c0000 - 0x00007ff96778b000 	C:\WINDOWS\SYSTEM32\DNSAPI.dll

dbghelp: loaded successfully - version: 4.0.5 - missing functions: none
symbol engine: initialized successfully - sym options: 0x614 - pdb path: .;C:\Program Files\Android\Android Studio\jre\bin;C:\WINDOWS\SYSTEM32;C:\WINDOWS\WinSxS\amd64_microsoft.windows.common-controls_6595b64144ccf1df_6.0.19041.1110_none_60b5254171f9507e;C:\Program Files\Android\Android Studio\jre\bin\server;C:\Users\hp\gradle-7.2\native\e1d6ef7f7dcc3fd88c89a11ec53ec762bb8ba0a96d01ffa2cd45eb1d1d8dd5c5\windows-amd64;C:\Users\hp\gradle-7.2\native\5664cfc778a61ccfe75a443a1ab52a65af34e5dc3c78e0209fed803814484fcb\windows-amd64

VM Arguments:
jvm_args: --add-opens=java.base/java.util=ALL-UNNAMED --add-opens=java.base/java.lang=ALL-UNNAMED --add-opens=java.base/java.lang.invoke=ALL-UNNAMED --add-opens=java.base/java.util=ALL-UNNAMED --add-opens=java.prefs/java.util.prefs=ALL-UNNAMED --add-opens=java.prefs/java.util.prefs=ALL-UNNAMED --add-opens=java.base/java.nio.charset=ALL-UNNAMED --add-opens=java.base/java.net=ALL-UNNAMED --add-opens=java.base/java.util.concurrent.atomic=ALL-UNNAMED -Xmx2048m -Dfile.encoding=UTF-8 -Duser.country=US -Duser.language=en -Duser.variant 
java_command: org.gradle.launcher.daemon.bootstrap.GradleDaemon 7.2
java_class_path (initial): C:\Users\hp\gradle-7.2\wrapper\dists\gradle-7.2-bin\2dnblmf4td7x66yl1d74lt32g\gradle-7.2\lib\gradle-launcher-7.2.jar
Launcher Type: SUN_STANDARD

[Global flags]
     intx CICompilerCount                          = 4                                         {product} {ergonomic}
     uint ConcGCThreads                            = 2                                         {product} {ergonomic}
     uint G1ConcRefinementThreads                  = 8                                         {product} {ergonomic}
   size_t G1HeapRegionSize                         = 1048576                                   {product} {ergonomic}
    uintx GCDrainStackTargetSize                   = 64                                        {product} {ergonomic}
   size_t InitialHeapSize                          = 132120576                                 {product} {ergonomic}
   size_t MarkStackSize                            = 4194304                                   {product} {ergonomic}
   size_t MaxHeapSize                              = 2147483648                                {product} {command line}
   size_t MaxNewSize                               = 1287651328                                {product} {ergonomic}
   size_t MinHeapDeltaBytes                        = 1048576                                   {product} {ergonomic}
    uintx NonNMethodCodeHeapSize                   = 5836300                                {pd product} {ergonomic}
    uintx NonProfiledCodeHeapSize                  = 122910970                              {pd product} {ergonomic}
    uintx ProfiledCodeHeapSize                     = 122910970                              {pd product} {ergonomic}
    uintx ReservedCodeCacheSize                    = 251658240                              {pd product} {ergonomic}
     bool SegmentedCodeCache                       = true                                      {product} {ergonomic}
     bool UseCompressedClassPointers               = true                                 {lp64_product} {ergonomic}
     bool UseCompressedOops                        = true                                 {lp64_product} {ergonomic}
     bool UseG1GC                                  = true                                      {product} {ergonomic}
     bool UseLargePagesIndividualAllocation        = false                                  {pd product} {ergonomic}

Logging:
Log output configuration:
 #0: stdout all=warning uptime,level,tags
 #1: stderr all=off uptime,level,tags

Environment Variables:
JAVA_HOME=C:\Program Files\Java\jdk1.8.0_111
PATH=C:\Program Files\Common Files\Oracle\Java\javapath;C:\Program Files (x86)\Common Files\Oracle\Java\javapath;C:\Program Files\Microsoft MPI\Bin\;C:\ProgramData\Oracle\Java\javapath;C:\WINDOWS\system32;C:\WINDOWS;C:\WINDOWS\System32\Wbem;C:\WINDOWS\System32\WindowsPowerShell\v1.0\;C:\WINDOWS\System32\OpenSSH\;C:\Program Files (x86)\Microsoft SQL Server\140\Tools\Binn\;C:\Program Files\Microsoft SQL Server\140\Tools\Binn\;C:\Program Files (x86)\Microsoft SQL Server\140\DTS\Binn\;C:\Program Files\Microsoft SQL Server\140\DTS\Binn\;C:\src\flutter\bin;C:\xampp\php;C:\Program Files\Git\cmd;C:\ProgramData\ComposerSetup\bin;C:\flutter_sdk\flutter\bin;C:\Users\hp\AppData\Local\Programs\Microsoft VS Code\bin
USERNAME=hp
OS=Windows_NT
PROCESSOR_IDENTIFIER=Intel64 Family 6 Model 166 Stepping 0, GenuineIntel



---------------  S Y S T E M  ---------------

OS: Windows 10 , 64 bit Build 19041 (10.0.19041.1645)
OS uptime: 0 days 1:02 hours

CPU:total 8 (initial active 8) (4 cores per cpu, 2 threads per core) family 6 model 166 stepping 0 microcode 0xca, cmov, cx8, fxsr, mmx, sse, sse2, sse3, ssse3, sse4.1, sse4.2, popcnt, avx, avx2, aes, clmul, erms, 3dnowpref, lzcnt, ht, tsc, tscinvbit, bmi1, bmi2, adx, fma

Memory: 4k page, system-wide physical 7996M (334M free)
TotalPageFile size 24345M (AvailPageFile size 4M)
current process WorkingSet (physical memory assigned to process): 258M, peak: 258M
current process commit charge ("private bytes"): 313M, peak: 315M

vm_info: OpenJDK 64-Bit Server VM (11.0.11+9-b60-7590822) for windows-amd64 JRE (11.0.11+9-b60-7590822), built on Jul 29 2021 21:43:44 by "builder" with MS VC++ 14.0 (VS2015)

END.
