#
# There is insufficient memory for the Java Runtime Environment to continue.
# Native memory allocation (malloc) failed to allocate 32744 bytes for ChunkPool::allocate
# Possible reasons:
#   The system is out of physical RAM or swap space
#   The process is running with CompressedOops enabled, and the Java Heap may be blocking the growth of the native heap
# Possible solutions:
#   Reduce memory load on the system
#   Increase physical memory or swap space
#   Check if swap backing store is full
#   Decrease Java heap size (-Xmx/-Xms)
#   Decrease number of Java threads
#   Decrease Java thread stack sizes (-Xss)
#   Set larger code cache with -XX:ReservedCodeCacheSize=
#   JVM is running with Unscaled Compressed Oops mode in which the Java heap is
#     placed in the first 4GB address space. The Java Heap base address is the
#     maximum limit for the native heap growth. Please use -XX:HeapBaseMinAddress
#     to set the Java Heap base and to place the Java Heap above 4GB virtual address.
# This output file may be truncated or incomplete.
#
#  Out of Memory Error (./src/hotspot/share/memory/arena.cpp:81), pid=11844, tid=4796
#
# JRE version: OpenJDK Runtime Environment (11.0.11+9) (build 11.0.11+9-b60-7590822)
# Java VM: OpenJDK 64-Bit Server VM (11.0.11+9-b60-7590822, mixed mode, tiered, compressed oops, g1 gc, windows-amd64)
# No core dump will be written. Minidumps are not enabled by default on client versions of Windows
#

---------------  S U M M A R Y ------------

Command Line: --add-opens=java.base/java.util=ALL-UNNAMED --add-opens=java.base/java.lang=ALL-UNNAMED --add-opens=java.base/java.lang.invoke=ALL-UNNAMED --add-opens=java.base/java.util=ALL-UNNAMED --add-opens=java.prefs/java.util.prefs=ALL-UNNAMED --add-opens=java.prefs/java.util.prefs=ALL-UNNAMED --add-opens=java.base/java.nio.charset=ALL-UNNAMED --add-opens=java.base/java.net=ALL-UNNAMED --add-opens=java.base/java.util.concurrent.atomic=ALL-UNNAMED -Xmx2048m -Dfile.encoding=UTF-8 -Duser.country=US -Duser.language=en -Duser.variant org.gradle.launcher.daemon.bootstrap.GradleDaemon 7.2

Host: Intel(R) Core(TM) i5-10210U CPU @ 1.60GHz, 8 cores, 7G,  Windows 10 , 64 bit Build 19041 (10.0.19041.1645)
Time: Fri Apr 15 17:58:14 2022 West Bank Gaza Daylight Time elapsed time: 10.888714 seconds (0d 0h 0m 10s)

---------------  T H R E A D  ---------------

Current thread (0x000001531609d800):  GCTaskThread "GC Thread#7" [stack: 0x0000004966000000,0x0000004966100000] [id=4796]

Stack: [0x0000004966000000,0x0000004966100000]
[error occurred during error reporting (printing stack bounds), id 0xc0000005, EXCEPTION_ACCESS_VIOLATION (0xc0000005) at pc=0x0000015300000f2d]

Native frames: (J=compiled Java code, j=interpreted, Vv=VM code, C=native code)
V  [jvm.dll+0x5f214a]
V  [jvm.dll+0x726fb5]
V  [jvm.dll+0x7285cd]
V  [jvm.dll+0x728be5]
V  [jvm.dll+0x728b9b]
V  [jvm.dll+0x5f14e8]
V  [jvm.dll+0x5f1c78]
C  [ntdll.dll+0xa20cf]
C  [ntdll.dll+0x51454]
C  [ntdll.dll+0xa0bfe]
C  0x0000015300000f2d

JavaThread 0x00000153141a5000 (nid = 12076) was being processed
Java frames: (J=compiled Java code, j=interpreted, Vv=VM code)
J 2763  jdk.internal.misc.Unsafe.park(ZJ)V java.base@11.0.11 (0 bytes) @ 0x0000015307c24f7b [0x0000015307c24f40+0x000000000000003b]
J 5256 c1 java.util.concurrent.locks.AbstractQueuedSynchronizer$ConditionObject.await()V java.base@11.0.11 (98 bytes) @ 0x0000015300ee697c [0x0000015300ee63c0+0x00000000000005bc]
j  java.util.concurrent.LinkedBlockingQueue.take()Ljava/lang/Object;+27 java.base@11.0.11
j  java.util.concurrent.ThreadPoolExecutor.getTask()Ljava/lang/Runnable;+147 java.base@11.0.11
j  java.util.concurrent.ThreadPoolExecutor.runWorker(Ljava/util/concurrent/ThreadPoolExecutor$Worker;)V+26 java.base@11.0.11
j  java.util.concurrent.ThreadPoolExecutor$Worker.run()V+5 java.base@11.0.11
j  org.gradle.internal.concurrent.ThreadFactoryImpl$ManagedThreadRunnable.run()V+7
j  java.lang.Thread.run()V+11 java.base@11.0.11
v  ~StubRoutines::call_stub

---------------  P R O C E S S  ---------------

Threads class SMR info:
_java_thread_list=0x0000015315f10f40, length=121, elements={
0x0000015376aab000, 0x000001537febb800, 0x000001537febc800, 0x000001531386a000,
0x000001531386b000, 0x000001531386c800, 0x0000015313871800, 0x0000015313872800,
0x000001537fee1800, 0x00000153139ba000, 0x000001531537f000, 0x0000015315281000,
0x00000153156aa800, 0x0000015313bd2800, 0x0000015316145800, 0x000001531697a800,
0x0000015315231800, 0x0000015315718800, 0x0000015316821800, 0x0000015316827000,
0x0000015316825800, 0x0000015316826800, 0x0000015316824800, 0x0000015316828000,
0x0000015316823000, 0x0000015316822800, 0x0000015316824000, 0x0000015315966000,
0x0000015315965000, 0x0000015315967000, 0x0000015315967800, 0x000001531596a000,
0x0000015315968800, 0x0000015315969800, 0x0000015315964800, 0x000001531596e000,
0x000001531596b800, 0x000001531596b000, 0x000001531596c800, 0x0000015315970800,
0x000001531596f000, 0x0000015315970000, 0x0000015315972000, 0x000001531596d800,
0x000001531703a800, 0x000001531703b800, 0x0000015317039000, 0x000001531703a000,
0x0000015317035800, 0x0000015317037800, 0x000001531703c800, 0x0000015317038000,
0x0000015317036800, 0x0000015317738000, 0x0000015317735800, 0x0000015317739800,
0x0000015317737000, 0x0000015317738800, 0x0000015317733800, 0x000001531773a800,
0x0000015317734800, 0x0000015317736000, 0x000001531773d800, 0x000001531773e800,
0x000001531773f000, 0x000001531773c800, 0x0000015317740000, 0x0000015317741000,
0x000001531773b000, 0x0000015317741800, 0x000001531773c000, 0x0000015317742800,
0x000001531776a800, 0x0000015317765000, 0x0000015317769000, 0x0000015317769800,
0x000001531776b800, 0x0000015317765800, 0x0000015317767000, 0x000001531776c000,
0x0000015317766800, 0x000001531776d000, 0x0000015317768000, 0x000001531776f800,
0x0000015317770000, 0x0000015317771000, 0x0000015317772000, 0x0000015317772800,
0x0000015317773800, 0x000001531776e800, 0x000001531776e000, 0x00000153141a5000,
0x00000153141a6800, 0x00000153141ab800, 0x00000153141a9800, 0x00000153141a7800,
0x00000153141aa800, 0x00000153141a8000, 0x00000153141a9000, 0x00000153141a5800,
0x00000153141af800, 0x00000153141b0000, 0x00000153141ac000, 0x00000153141b2000,
0x00000153141b1000, 0x00000153141b2800, 0x00000153141ad000, 0x00000153141b3800,
0x00000153141ae000, 0x00000153141ae800, 0x00000153141d9000, 0x00000153141d8000,
0x00000153141d5800, 0x00000153141da000, 0x00000153141da800, 0x00000153141d6800,
0x00000153141d7800, 0x00000153141d5000, 0x00000153141de000, 0x00000153141e0800,
0x00000153141de800
}

Java Threads: ( => current thread )
  0x0000015376aab000 JavaThread "main" [_thread_blocked, id=4444, stack(0x0000004963f00000,0x0000004964000000)]
  0x000001537febb800 JavaThread "Reference Handler" daemon [_thread_blocked, id=9516, stack(0x0000004964600000,0x0000004964700000)]
  0x000001537febc800 JavaThread "Finalizer" daemon [_thread_blocked, id=2892, stack(0x0000004964700000,0x0000004964800000)]
  0x000001531386a000 JavaThread "Signal Dispatcher" daemon [_thread_blocked, id=18200, stack(0x0000004964800000,0x0000004964900000)]
  0x000001531386b000 JavaThread "Attach Listener" daemon [_thread_blocked, id=4584, stack(0x0000004964900000,0x0000004964a00000)]
  0x000001531386c800 JavaThread "Service Thread" daemon [_thread_blocked, id=17920, stack(0x0000004964a00000,0x0000004964b00000)]
  0x0000015313871800 JavaThread "C2 CompilerThread0" daemon [_thread_in_native, id=7468, stack(0x0000004964b00000,0x0000004964c00000)]
  0x0000015313872800 JavaThread "C1 CompilerThread0" daemon [_thread_blocked, id=11224, stack(0x0000004964c00000,0x0000004964d00000)]
  0x000001537fee1800 JavaThread "Sweeper thread" daemon [_thread_blocked, id=6036, stack(0x0000004964d00000,0x0000004964e00000)]
  0x00000153139ba000 JavaThread "Common-Cleaner" daemon [_thread_blocked, id=11784, stack(0x0000004964e00000,0x0000004964f00000)]
  0x000001531537f000 JavaThread "Daemon health stats" [_thread_blocked, id=17860, stack(0x0000004965300000,0x0000004965400000)]
  0x0000015315281000 JavaThread "Incoming local TCP Connector on port 50286" [_thread_in_native, id=10720, stack(0x0000004965000000,0x0000004965100000)]
  0x00000153156aa800 JavaThread "Daemon periodic checks" [_thread_blocked, id=17808, stack(0x0000004965400000,0x0000004965500000)]
  0x0000015313bd2800 JavaThread "Daemon" [_thread_blocked, id=15996, stack(0x0000004965500000,0x0000004965600000)]
  0x0000015316145800 JavaThread "Handler for socket connection from /127.0.0.1:50286 to /127.0.0.1:50287" [_thread_in_native, id=10272, stack(0x0000004965600000,0x0000004965700000)]
  0x000001531697a800 JavaThread "Cancel handler" [_thread_blocked, id=8720, stack(0x0000004965700000,0x0000004965800000)]
  0x0000015315231800 JavaThread "Daemon worker" [_thread_blocked, id=17704, stack(0x0000004965800000,0x0000004965900000)]
  0x0000015315718800 JavaThread "Asynchronous log dispatcher for DefaultDaemonConnection: socket connection from /127.0.0.1:50286 to /127.0.0.1:50287" [_thread_blocked, id=5608, stack(0x0000004965900000,0x0000004965a00000)]
  0x0000015316821800 JavaThread "Stdin handler" [_thread_blocked, id=19556, stack(0x0000004965a00000,0x0000004965b00000)]
  0x0000015316827000 JavaThread "Daemon client event forwarder" [_thread_blocked, id=20084, stack(0x0000004965b00000,0x0000004965c00000)]
  0x0000015316825800 JavaThread "Cache worker for journal cache (C:\Users\hp\gradle-7.2\caches\journal-1)" [_thread_blocked, id=6624, stack(0x0000004966100000,0x0000004966200000)]
  0x0000015316826800 JavaThread "File lock request listener" [_thread_in_native, id=19420, stack(0x0000004966200000,0x0000004966300000)]
  0x0000015316824800 JavaThread "Cache worker for file hash cache (C:\Users\hp\gradle-7.2\caches\7.2\fileHashes)" [_thread_blocked, id=8552, stack(0x0000004966400000,0x0000004966500000)]
  0x0000015316828000 JavaThread "Cache worker for file hash cache (D:\ProjectAndroid\Cashier\.gradle\7.2\fileHashes)" [_thread_blocked, id=20360, stack(0x0000004966500000,0x0000004966600000)]
  0x0000015316823000 JavaThread "File watcher server" daemon [_thread_in_native, id=20348, stack(0x0000004966600000,0x0000004966700000)]
  0x0000015316822800 JavaThread "File watcher consumer" daemon [_thread_blocked, id=8796, stack(0x0000004966700000,0x0000004966800000)]
  0x0000015316824000 JavaThread "jar transforms" [_thread_blocked, id=5892, stack(0x0000004966800000,0x0000004966900000)]
  0x0000015315966000 JavaThread "jar transforms Thread 2" [_thread_blocked, id=18064, stack(0x0000004966900000,0x0000004966a00000)]
  0x0000015315965000 JavaThread "jar transforms Thread 3" [_thread_blocked, id=7364, stack(0x0000004966a00000,0x0000004966b00000)]
  0x0000015315967000 JavaThread "jar transforms Thread 4" [_thread_blocked, id=18440, stack(0x0000004966b00000,0x0000004966c00000)]
  0x0000015315967800 JavaThread "jar transforms Thread 5" [_thread_blocked, id=1148, stack(0x0000004966c00000,0x0000004966d00000)]
  0x000001531596a000 JavaThread "jar transforms Thread 6" [_thread_blocked, id=17632, stack(0x0000004966d00000,0x0000004966e00000)]
  0x0000015315968800 JavaThread "jar transforms Thread 7" [_thread_blocked, id=20184, stack(0x0000004966e00000,0x0000004966f00000)]
  0x0000015315969800 JavaThread "jar transforms Thread 8" [_thread_blocked, id=17416, stack(0x0000004966f00000,0x0000004967000000)]
  0x0000015315964800 JavaThread "Cache worker for checksums cache (D:\ProjectAndroid\Cashier\.gradle\checksums)" [_thread_blocked, id=18300, stack(0x0000004967000000,0x0000004967100000)]
  0x000001531596e000 JavaThread "Cache worker for cache directory md-supplier (C:\Users\hp\gradle-7.2\caches\7.2\md-supplier)" [_thread_blocked, id=11464, stack(0x0000004967100000,0x0000004967200000)]
  0x000001531596b800 JavaThread "Cache worker for cache directory md-rule (C:\Users\hp\gradle-7.2\caches\7.2\md-rule)" [_thread_blocked, id=18424, stack(0x0000004967200000,0x0000004967300000)]
  0x000001531596b000 JavaThread "Cache worker for execution history cache (C:\Users\hp\gradle-7.2\caches\7.2\executionHistory)" [_thread_blocked, id=19284, stack(0x0000004967300000,0x0000004967400000)]
  0x000001531596c800 JavaThread "Cache worker for file content cache (C:\Users\hp\gradle-7.2\caches\7.2\fileContent)" [_thread_blocked, id=10480, stack(0x0000004967400000,0x0000004967500000)]
  0x0000015315970800 JavaThread "Cache worker for dependencies-accessors (D:\ProjectAndroid\Cashier\.gradle\7.2\dependencies-accessors)" [_thread_blocked, id=18692, stack(0x0000004967500000,0x0000004967600000)]
  0x000001531596f000 JavaThread "Cache worker for Build Output Cleanup Cache (D:\ProjectAndroid\Cashier\.gradle\buildOutputCleanup)" [_thread_blocked, id=18796, stack(0x0000004967600000,0x0000004967700000)]
  0x0000015315970000 JavaThread "Unconstrained build operations" [_thread_blocked, id=10448, stack(0x0000004967700000,0x0000004967800000)]
  0x0000015315972000 JavaThread "Unconstrained build operations Thread 2" [_thread_blocked, id=18380, stack(0x0000004967800000,0x0000004967900000)]
  0x000001531596d800 JavaThread "Unconstrained build operations Thread 3" [_thread_blocked, id=15848, stack(0x0000004967900000,0x0000004967a00000)]
  0x000001531703a800 JavaThread "Unconstrained build operations Thread 4" [_thread_blocked, id=7840, stack(0x0000004967a00000,0x0000004967b00000)]
  0x000001531703b800 JavaThread "Unconstrained build operations Thread 5" [_thread_blocked, id=17716, stack(0x0000004967b00000,0x0000004967c00000)]
  0x0000015317039000 JavaThread "Unconstrained build operations Thread 6" [_thread_blocked, id=19064, stack(0x0000004967c00000,0x0000004967d00000)]
  0x000001531703a000 JavaThread "Unconstrained build operations Thread 7" [_thread_blocked, id=17564, stack(0x0000004967d00000,0x0000004967e00000)]
  0x0000015317035800 JavaThread "Unconstrained build operations Thread 8" [_thread_blocked, id=20476, stack(0x0000004967e00000,0x0000004967f00000)]
  0x0000015317037800 JavaThread "Unconstrained build operations Thread 9" [_thread_blocked, id=17868, stack(0x0000004967f00000,0x0000004968000000)]
  0x000001531703c800 JavaThread "Unconstrained build operations Thread 10" [_thread_blocked, id=16196, stack(0x0000004968000000,0x0000004968100000)]
  0x0000015317038000 JavaThread "Unconstrained build operations Thread 11" [_thread_blocked, id=18604, stack(0x0000004968100000,0x0000004968200000)]
  0x0000015317036800 JavaThread "Unconstrained build operations Thread 12" [_thread_blocked, id=17760, stack(0x0000004968200000,0x0000004968300000)]
  0x0000015317738000 JavaThread "Unconstrained build operations Thread 13" [_thread_blocked, id=20220, stack(0x0000004968300000,0x0000004968400000)]
  0x0000015317735800 JavaThread "Unconstrained build operations Thread 14" [_thread_blocked, id=9652, stack(0x0000004968400000,0x0000004968500000)]
  0x0000015317739800 JavaThread "Unconstrained build operations Thread 15" [_thread_blocked, id=18020, stack(0x0000004968500000,0x0000004968600000)]
  0x0000015317737000 JavaThread "Unconstrained build operations Thread 16" [_thread_blocked, id=11092, stack(0x0000004968600000,0x0000004968700000)]
  0x0000015317738800 JavaThread "Unconstrained build operations Thread 17" [_thread_blocked, id=18716, stack(0x0000004968700000,0x0000004968800000)]
  0x0000015317733800 JavaThread "Unconstrained build operations Thread 18" [_thread_blocked, id=19312, stack(0x0000004968800000,0x0000004968900000)]
  0x000001531773a800 JavaThread "Unconstrained build operations Thread 19" [_thread_blocked, id=19300, stack(0x0000004968900000,0x0000004968a00000)]
  0x0000015317734800 JavaThread "Unconstrained build operations Thread 20" [_thread_blocked, id=8412, stack(0x0000004968a00000,0x0000004968b00000)]
  0x0000015317736000 JavaThread "Unconstrained build operations Thread 21" [_thread_blocked, id=18592, stack(0x0000004968b00000,0x0000004968c00000)]
  0x000001531773d800 JavaThread "Unconstrained build operations Thread 22" [_thread_blocked, id=2340, stack(0x0000004968c00000,0x0000004968d00000)]
  0x000001531773e800 JavaThread "Unconstrained build operations Thread 23" [_thread_blocked, id=20064, stack(0x0000004968d00000,0x0000004968e00000)]
  0x000001531773f000 JavaThread "Unconstrained build operations Thread 24" [_thread_blocked, id=14940, stack(0x0000004968e00000,0x0000004968f00000)]
  0x000001531773c800 JavaThread "Unconstrained build operations Thread 25" [_thread_blocked, id=10176, stack(0x0000004968f00000,0x0000004969000000)]
  0x0000015317740000 JavaThread "Unconstrained build operations Thread 26" [_thread_blocked, id=7416, stack(0x0000004969000000,0x0000004969100000)]
  0x0000015317741000 JavaThread "Unconstrained build operations Thread 27" [_thread_blocked, id=15768, stack(0x0000004969100000,0x0000004969200000)]
  0x000001531773b000 JavaThread "Unconstrained build operations Thread 28" [_thread_blocked, id=7400, stack(0x0000004969200000,0x0000004969300000)]
  0x0000015317741800 JavaThread "Unconstrained build operations Thread 29" [_thread_blocked, id=11604, stack(0x0000004969300000,0x0000004969400000)]
  0x000001531773c000 JavaThread "Unconstrained build operations Thread 30" [_thread_blocked, id=5632, stack(0x0000004969400000,0x0000004969500000)]
  0x0000015317742800 JavaThread "Unconstrained build operations Thread 31" [_thread_blocked, id=6832, stack(0x0000004969500000,0x0000004969600000)]
  0x000001531776a800 JavaThread "Unconstrained build operations Thread 32" [_thread_blocked, id=18532, stack(0x0000004969600000,0x0000004969700000)]
  0x0000015317765000 JavaThread "Unconstrained build operations Thread 33" [_thread_blocked, id=12348, stack(0x0000004969700000,0x0000004969800000)]
  0x0000015317769000 JavaThread "Unconstrained build operations Thread 34" [_thread_blocked, id=18580, stack(0x0000004969800000,0x0000004969900000)]
  0x0000015317769800 JavaThread "Unconstrained build operations Thread 35" [_thread_blocked, id=13264, stack(0x0000004969900000,0x0000004969a00000)]
  0x000001531776b800 JavaThread "Unconstrained build operations Thread 36" [_thread_blocked, id=6696, stack(0x0000004969a00000,0x0000004969b00000)]
  0x0000015317765800 JavaThread "Unconstrained build operations Thread 37" [_thread_blocked, id=2984, stack(0x0000004969b00000,0x0000004969c00000)]
  0x0000015317767000 JavaThread "Unconstrained build operations Thread 38" [_thread_blocked, id=5612, stack(0x0000004969c00000,0x0000004969d00000)]
  0x000001531776c000 JavaThread "Unconstrained build operations Thread 39" [_thread_blocked, id=8532, stack(0x0000004969d00000,0x0000004969e00000)]
  0x0000015317766800 JavaThread "Unconstrained build operations Thread 40" [_thread_blocked, id=16084, stack(0x0000004969e00000,0x0000004969f00000)]
  0x000001531776d000 JavaThread "Unconstrained build operations Thread 41" [_thread_blocked, id=10404, stack(0x0000004969f00000,0x000000496a000000)]
  0x0000015317768000 JavaThread "Unconstrained build operations Thread 42" [_thread_blocked, id=20068, stack(0x000000496a000000,0x000000496a100000)]
  0x000001531776f800 JavaThread "Unconstrained build operations Thread 43" [_thread_blocked, id=712, stack(0x000000496a100000,0x000000496a200000)]
  0x0000015317770000 JavaThread "Unconstrained build operations Thread 44" [_thread_blocked, id=6608, stack(0x000000496a200000,0x000000496a300000)]
  0x0000015317771000 JavaThread "Unconstrained build operations Thread 45" [_thread_blocked, id=8372, stack(0x000000496a300000,0x000000496a400000)]
  0x0000015317772000 JavaThread "Unconstrained build operations Thread 46" [_thread_blocked, id=2900, stack(0x000000496a400000,0x000000496a500000)]
  0x0000015317772800 JavaThread "Unconstrained build operations Thread 47" [_thread_blocked, id=6004, stack(0x000000496a500000,0x000000496a600000)]
  0x0000015317773800 JavaThread "Unconstrained build operations Thread 48" [_thread_blocked, id=6748, stack(0x000000496a600000,0x000000496a700000)]
  0x000001531776e800 JavaThread "Unconstrained build operations Thread 49" [_thread_blocked, id=18328, stack(0x000000496a700000,0x000000496a800000)]
  0x000001531776e000 JavaThread "Unconstrained build operations Thread 50" [_thread_blocked, id=20008, stack(0x000000496a800000,0x000000496a900000)]
  0x00000153141a5000 JavaThread "Unconstrained build operations Thread 51" [_thread_blocked, id=12076, stack(0x000000496a900000,0x000000496aa00000)]
  0x00000153141a6800 JavaThread "Unconstrained build operations Thread 52" [_thread_blocked, id=15324, stack(0x000000496aa00000,0x000000496ab00000)]
  0x00000153141ab800 JavaThread "Unconstrained build operations Thread 53" [_thread_blocked, id=9668, stack(0x000000496ab00000,0x000000496ac00000)]
  0x00000153141a9800 JavaThread "Unconstrained build operations Thread 54" [_thread_blocked, id=19992, stack(0x000000496ac00000,0x000000496ad00000)]
  0x00000153141a7800 JavaThread "Unconstrained build operations Thread 55" [_thread_blocked, id=6024, stack(0x000000496ad00000,0x000000496ae00000)]
  0x00000153141aa800 JavaThread "Unconstrained build operations Thread 56" [_thread_blocked, id=19772, stack(0x000000496ae00000,0x000000496af00000)]
  0x00000153141a8000 JavaThread "Unconstrained build operations Thread 57" [_thread_blocked, id=12124, stack(0x000000496af00000,0x000000496b000000)]
  0x00000153141a9000 JavaThread "Unconstrained build operations Thread 58" [_thread_blocked, id=12044, stack(0x000000496b000000,0x000000496b100000)]
  0x00000153141a5800 JavaThread "Unconstrained build operations Thread 59" [_thread_blocked, id=992, stack(0x000000496b100000,0x000000496b200000)]
  0x00000153141af800 JavaThread "Unconstrained build operations Thread 60" [_thread_blocked, id=2600, stack(0x000000496b200000,0x000000496b300000)]
  0x00000153141b0000 JavaThread "Unconstrained build operations Thread 61" [_thread_blocked, id=19520, stack(0x000000496b300000,0x000000496b400000)]
  0x00000153141ac000 JavaThread "Unconstrained build operations Thread 62" [_thread_blocked, id=19184, stack(0x000000496b400000,0x000000496b500000)]
  0x00000153141b2000 JavaThread "Unconstrained build operations Thread 63" [_thread_blocked, id=2460, stack(0x000000496b500000,0x000000496b600000)]
  0x00000153141b1000 JavaThread "Unconstrained build operations Thread 64" [_thread_blocked, id=2628, stack(0x000000496b600000,0x000000496b700000)]
  0x00000153141b2800 JavaThread "Unconstrained build operations Thread 65" [_thread_blocked, id=7564, stack(0x000000496b700000,0x000000496b800000)]
  0x00000153141ad000 JavaThread "Unconstrained build operations Thread 66" [_thread_blocked, id=19964, stack(0x000000496b800000,0x000000496b900000)]
  0x00000153141b3800 JavaThread "Unconstrained build operations Thread 67" [_thread_blocked, id=11980, stack(0x000000496b900000,0x000000496ba00000)]
  0x00000153141ae000 JavaThread "Unconstrained build operations Thread 68" [_thread_blocked, id=11196, stack(0x000000496ba00000,0x000000496bb00000)]
  0x00000153141ae800 JavaThread "Unconstrained build operations Thread 69" [_thread_blocked, id=1464, stack(0x000000496bb00000,0x000000496bc00000)]
  0x00000153141d9000 JavaThread "Unconstrained build operations Thread 70" [_thread_blocked, id=17696, stack(0x000000496bc00000,0x000000496bd00000)]
  0x00000153141d8000 JavaThread "Unconstrained build operations Thread 71" [_thread_blocked, id=16616, stack(0x000000496bd00000,0x000000496be00000)]
  0x00000153141d5800 JavaThread "Unconstrained build operations Thread 72" [_thread_blocked, id=12736, stack(0x000000496be00000,0x000000496bf00000)]
  0x00000153141da000 JavaThread "Unconstrained build operations Thread 73" [_thread_blocked, id=20020, stack(0x000000496bf00000,0x000000496c000000)]
  0x00000153141da800 JavaThread "Unconstrained build operations Thread 74" [_thread_blocked, id=4724, stack(0x000000496c000000,0x000000496c100000)]
  0x00000153141d6800 JavaThread "Unconstrained build operations Thread 75" [_thread_blocked, id=6224, stack(0x000000496c100000,0x000000496c200000)]
  0x00000153141d7800 JavaThread "Unconstrained build operations Thread 76" [_thread_blocked, id=8400, stack(0x000000496c200000,0x000000496c300000)]
  0x00000153141d5000 JavaThread "Unconstrained build operations Thread 77" [_thread_blocked, id=11924, stack(0x000000496c300000,0x000000496c400000)]
  0x00000153141de000 JavaThread "Unconstrained build operations Thread 78" [_thread_blocked, id=13184, stack(0x000000496c400000,0x000000496c500000)]
  0x00000153141e0800 JavaThread "Unconstrained build operations Thread 79" [_thread_blocked, id=17484, stack(0x000000496c500000,0x000000496c600000)]
  0x00000153141de800 JavaThread "Unconstrained build operations Thread 80" [_thread_blocked, id=4508, stack(0x000000496c600000,0x000000496c700000)]

Other Threads:
  0x000001537feb7800 VMThread "VM Thread" [stack: 0x0000004964500000,0x0000004964600000] [id=18232]
  0x00000153139e8000 WatcherThread [stack: 0x0000004964f00000,0x0000004965000000] [id=12784]
  0x0000015376acb800 GCTaskThread "GC Thread#0" [stack: 0x0000004964000000,0x0000004964100000] [id=16204]
  0x0000015314895000 GCTaskThread "GC Thread#1" [stack: 0x0000004965100000,0x0000004965200000] [id=6028]
  0x0000015314677800 GCTaskThread "GC Thread#2" [stack: 0x0000004965200000,0x0000004965300000] [id=11256]
  0x0000015315120800 GCTaskThread "GC Thread#3" [stack: 0x0000004965c00000,0x0000004965d00000] [id=18772]
  0x0000015315bf0000 GCTaskThread "GC Thread#4" [stack: 0x0000004965d00000,0x0000004965e00000] [id=20204]
  0x0000015315963800 GCTaskThread "GC Thread#5" [stack: 0x0000004965e00000,0x0000004965f00000] [id=3040]
  0x0000015316820000 GCTaskThread "GC Thread#6" [stack: 0x0000004965f00000,0x0000004966000000] [id=14280]
=>0x000001531609d800 GCTaskThread "GC Thread#7" [stack: 0x0000004966000000,0x0000004966100000] [id=4796]
  0x0000015376b00000 ConcurrentGCThread "G1 Main Marker" [stack: 0x0000004964100000,0x0000004964200000] [id=11020]
  0x0000015376b01800 ConcurrentGCThread "G1 Conc#0" [stack: 0x0000004964200000,0x0000004964300000] [id=6524]
  0x0000015315a19800 ConcurrentGCThread "G1 Conc#1" [stack: 0x0000004966300000,0x0000004966400000] [id=3344]
  0x000001537fd10800 ConcurrentGCThread "G1 Refine#0" [stack: 0x0000004964300000,0x0000004964400000] [id=1360]
  0x000001537fd11800 ConcurrentGCThread "G1 Young RemSet Sampling" [stack: 0x0000004964400000,0x0000004964500000] [id=18304]

Threads with active compile tasks:
C2 CompilerThread0  10920 5780       4       java.lang.invoke.LambdaForm$Name::replaceNames (174 bytes)

VM state:at safepoint (normal execution)

VM Mutex/Monitor currently owned by a thread:  ([mutex/lock_event])
[0x0000015376aa8350] Threads_lock - owner thread: 0x000001537feb7800
[0x0000015376aa9040] Heap_lock - owner thread: 0x0000015315231800

Heap address: 0x0000000080000000, size: 2048 MB, Compressed Oops mode: 32-bit
Narrow klass base: 0x0000000000000000, Narrow klass shift: 3
Compressed class space size: 1073741824 Address: 0x0000000100000000

Heap:
 garbage-first heap   total 155648K, used 119525K [0x0000000080000000, 0x0000000100000000)
  region size 1024K, 63 young (64512K), 8 survivors (8192K)
 Metaspace       used 55914K, capacity 57592K, committed 57800K, reserved 1099776K
  class space    used 7155K, capacity 7760K, committed 7808K, reserved 1048576K
Heap Regions: E=young(eden), S=young(survivor), O=old, HS=humongous(starts), HC=humongous(continues), CS=collection set, F=free, A=archive, TAMS=top-at-mark-start (previous, next)
|   0|0x0000000080000000, 0x0000000080100000, 0x0000000080100000|100%| O|  |TAMS 0x0000000080100000, 0x0000000080000000| Untracked 
|   1|0x0000000080100000, 0x0000000080200000, 0x0000000080200000|100%| O|  |TAMS 0x0000000080200000, 0x0000000080100000| Untracked 
|   2|0x0000000080200000, 0x0000000080300000, 0x0000000080300000|100%| O|  |TAMS 0x0000000080300000, 0x0000000080200000| Untracked 
|   3|0x0000000080300000, 0x0000000080400000, 0x0000000080400000|100%|HS|  |TAMS 0x0000000080400000, 0x0000000080300000| Complete 
|   4|0x0000000080400000, 0x0000000080500000, 0x0000000080500000|100%|HC|  |TAMS 0x0000000080500000, 0x0000000080400000| Complete 
|   5|0x0000000080500000, 0x0000000080600000, 0x0000000080600000|100%|HC|  |TAMS 0x0000000080600000, 0x0000000080500000| Complete 
|   6|0x0000000080600000, 0x0000000080700000, 0x0000000080700000|100%| O|  |TAMS 0x0000000080700000, 0x0000000080600000| Untracked 
|   7|0x0000000080700000, 0x0000000080800000, 0x0000000080800000|100%| O|  |TAMS 0x0000000080800000, 0x0000000080700000| Untracked 
|   8|0x0000000080800000, 0x0000000080900000, 0x0000000080900000|100%| O|  |TAMS 0x0000000080900000, 0x0000000080800000| Untracked 
|   9|0x0000000080900000, 0x0000000080a00000, 0x0000000080a00000|100%| O|  |TAMS 0x0000000080a00000, 0x0000000080900000| Untracked 
|  10|0x0000000080a00000, 0x0000000080b00000, 0x0000000080b00000|100%| O|  |TAMS 0x0000000080b00000, 0x0000000080a00000| Untracked 
|  11|0x0000000080b00000, 0x0000000080c00000, 0x0000000080c00000|100%| O|  |TAMS 0x0000000080c00000, 0x0000000080b00000| Untracked 
|  12|0x0000000080c00000, 0x0000000080d00000, 0x0000000080d00000|100%| O|  |TAMS 0x0000000080d00000, 0x0000000080c00000| Untracked 
|  13|0x0000000080d00000, 0x0000000080e00000, 0x0000000080e00000|100%| O|  |TAMS 0x0000000080e00000, 0x0000000080d00000| Untracked 
|  14|0x0000000080e00000, 0x0000000080f00000, 0x0000000080f00000|100%| O|  |TAMS 0x0000000080f00000, 0x0000000080e00000| Untracked 
|  15|0x0000000080f00000, 0x0000000081000000, 0x0000000081000000|100%| O|  |TAMS 0x0000000081000000, 0x0000000080f00000| Untracked 
|  16|0x0000000081000000, 0x0000000081100000, 0x0000000081100000|100%| O|  |TAMS 0x0000000081100000, 0x0000000081000000| Untracked 
|  17|0x0000000081100000, 0x0000000081200000, 0x0000000081200000|100%|HS|  |TAMS 0x0000000081200000, 0x0000000081100000| Complete 
|  18|0x0000000081200000, 0x0000000081300000, 0x0000000081300000|100%|HC|  |TAMS 0x0000000081300000, 0x0000000081200000| Complete 
|  19|0x0000000081300000, 0x0000000081400000, 0x0000000081400000|100%|HS|  |TAMS 0x0000000081400000, 0x0000000081300000| Complete 
|  20|0x0000000081400000, 0x0000000081500000, 0x0000000081500000|100%|HC|  |TAMS 0x0000000081500000, 0x0000000081400000| Complete 
|  21|0x0000000081500000, 0x0000000081600000, 0x0000000081600000|100%|HC|  |TAMS 0x0000000081600000, 0x0000000081500000| Complete 
|  22|0x0000000081600000, 0x0000000081700000, 0x0000000081700000|100%|HS|  |TAMS 0x0000000081700000, 0x0000000081600000| Complete 
|  23|0x0000000081700000, 0x0000000081800000, 0x0000000081800000|100%|HC|  |TAMS 0x0000000081800000, 0x0000000081700000| Complete 
|  24|0x0000000081800000, 0x0000000081900000, 0x0000000081900000|100%|HC|  |TAMS 0x0000000081900000, 0x0000000081800000| Complete 
|  25|0x0000000081900000, 0x0000000081a00000, 0x0000000081a00000|100%|HC|  |TAMS 0x0000000081a00000, 0x0000000081900000| Complete 
|  26|0x0000000081a00000, 0x0000000081b00000, 0x0000000081b00000|100%| O|  |TAMS 0x0000000081b00000, 0x0000000081a00000| Untracked 
|  27|0x0000000081b00000, 0x0000000081c00000, 0x0000000081c00000|100%| O|  |TAMS 0x0000000081c00000, 0x0000000081b00000| Untracked 
|  28|0x0000000081c00000, 0x0000000081d00000, 0x0000000081d00000|100%| O|  |TAMS 0x0000000081d00000, 0x0000000081c00000| Untracked 
|  29|0x0000000081d00000, 0x0000000081e00000, 0x0000000081e00000|100%| O|  |TAMS 0x0000000081e00000, 0x0000000081d00000| Untracked 
|  30|0x0000000081e00000, 0x0000000081f00000, 0x0000000081f00000|100%| O|  |TAMS 0x0000000081f00000, 0x0000000081e00000| Untracked 
|  31|0x0000000081f00000, 0x0000000082000000, 0x0000000082000000|100%| O|  |TAMS 0x0000000082000000, 0x0000000081f00000| Untracked 
|  32|0x0000000082000000, 0x0000000082100000, 0x0000000082100000|100%| O|  |TAMS 0x0000000082066e00, 0x0000000082000000| Untracked 
|  33|0x0000000082100000, 0x0000000082200000, 0x0000000082200000|100%|HS|  |TAMS 0x0000000082100000, 0x0000000082100000| Complete 
|  34|0x0000000082200000, 0x0000000082300000, 0x0000000082300000|100%|HC|  |TAMS 0x0000000082200000, 0x0000000082200000| Complete 
|  35|0x0000000082300000, 0x0000000082400000, 0x0000000082400000|100%|HC|  |TAMS 0x0000000082300000, 0x0000000082300000| Complete 
|  36|0x0000000082400000, 0x0000000082500000, 0x0000000082500000|100%| O|  |TAMS 0x0000000082400000, 0x0000000082400000| Untracked 
|  37|0x0000000082500000, 0x0000000082600000, 0x0000000082600000|100%| O|  |TAMS 0x0000000082500000, 0x0000000082500000| Untracked 
|  38|0x0000000082600000, 0x0000000082700000, 0x0000000082700000|100%| O|  |TAMS 0x0000000082600000, 0x0000000082600000| Untracked 
|  39|0x0000000082700000, 0x0000000082800000, 0x0000000082800000|100%|HS|  |TAMS 0x0000000082700000, 0x0000000082700000| Complete 
|  40|0x0000000082800000, 0x0000000082900000, 0x0000000082900000|100%|HC|  |TAMS 0x0000000082800000, 0x0000000082800000| Complete 
|  41|0x0000000082900000, 0x0000000082a00000, 0x0000000082a00000|100%|HC|  |TAMS 0x0000000082900000, 0x0000000082900000| Complete 
|  42|0x0000000082a00000, 0x0000000082b00000, 0x0000000082b00000|100%|HC|  |TAMS 0x0000000082a00000, 0x0000000082a00000| Complete 
|  43|0x0000000082b00000, 0x0000000082c00000, 0x0000000082c00000|100%| O|  |TAMS 0x0000000082b00000, 0x0000000082b00000| Untracked 
|  44|0x0000000082c00000, 0x0000000082d00000, 0x0000000082d00000|100%| O|  |TAMS 0x0000000082c00000, 0x0000000082c00000| Untracked 
|  45|0x0000000082d00000, 0x0000000082e00000, 0x0000000082e00000|100%| O|  |TAMS 0x0000000082d00000, 0x0000000082d00000| Untracked 
|  46|0x0000000082e00000, 0x0000000082f00000, 0x0000000082f00000|100%| O|  |TAMS 0x0000000082e00000, 0x0000000082e00000| Untracked 
|  47|0x0000000082f00000, 0x0000000083000000, 0x0000000083000000|100%| O|  |TAMS 0x0000000082f00000, 0x0000000082f00000| Untracked 
|  48|0x0000000083000000, 0x0000000083100000, 0x0000000083100000|100%| O|  |TAMS 0x0000000083000000, 0x0000000083000000| Untracked 
|  49|0x0000000083100000, 0x0000000083200000, 0x0000000083200000|100%| O|  |TAMS 0x0000000083100000, 0x0000000083100000| Untracked 
|  50|0x0000000083200000, 0x0000000083300000, 0x0000000083300000|100%|HS|  |TAMS 0x0000000083200000, 0x0000000083200000| Complete 
|  51|0x0000000083300000, 0x0000000083400000, 0x0000000083400000|100%|HS|  |TAMS 0x0000000083300000, 0x0000000083300000| Complete 
|  52|0x0000000083400000, 0x0000000083500000, 0x0000000083500000|100%|HS|  |TAMS 0x0000000083400000, 0x0000000083400000| Complete 
|  53|0x0000000083500000, 0x0000000083600000, 0x0000000083600000|100%|HS|  |TAMS 0x0000000083500000, 0x0000000083500000| Complete 
|  54|0x0000000083600000, 0x0000000083700000, 0x0000000083700000|100%|HC|  |TAMS 0x0000000083600000, 0x0000000083600000| Complete 
|  55|0x0000000083700000, 0x0000000083800000, 0x0000000083800000|100%| O|  |TAMS 0x0000000083700000, 0x0000000083700000| Untracked 
|  56|0x0000000083800000, 0x0000000083900000, 0x0000000083900000|100%| O|  |TAMS 0x0000000083800000, 0x0000000083800000| Untracked 
|  57|0x0000000083900000, 0x0000000083a00000, 0x0000000083a00000|100%| O|  |TAMS 0x0000000083900000, 0x0000000083900000| Untracked 
|  58|0x0000000083a00000, 0x0000000083b00000, 0x0000000083b00000|100%| O|  |TAMS 0x0000000083a00000, 0x0000000083a00000| Untracked 
|  59|0x0000000083b00000, 0x0000000083c00000, 0x0000000083c00000|100%| O|  |TAMS 0x0000000083b00000, 0x0000000083b00000| Untracked 
|  60|0x0000000083c00000, 0x0000000083c5c800, 0x0000000083d00000| 36%| O|  |TAMS 0x0000000083c00000, 0x0000000083c00000| Untracked 
|  61|0x0000000083d00000, 0x0000000083d00000, 0x0000000083e00000|  0%| F|  |TAMS 0x0000000083d00000, 0x0000000083d00000| Untracked 
|  62|0x0000000083e00000, 0x0000000083e00000, 0x0000000083f00000|  0%| F|  |TAMS 0x0000000083e00000, 0x0000000083e00000| Untracked 
|  63|0x0000000083f00000, 0x0000000083f00000, 0x0000000084000000|  0%| F|  |TAMS 0x0000000083f00000, 0x0000000083f00000| Untracked 
|  64|0x0000000084000000, 0x0000000084000000, 0x0000000084100000|  0%| F|  |TAMS 0x0000000084000000, 0x0000000084000000| Untracked 
|  65|0x0000000084100000, 0x0000000084100000, 0x0000000084200000|  0%| F|  |TAMS 0x0000000084100000, 0x0000000084100000| Untracked 
|  66|0x0000000084200000, 0x0000000084200000, 0x0000000084300000|  0%| F|  |TAMS 0x0000000084200000, 0x0000000084200000| Untracked 
|  67|0x0000000084300000, 0x0000000084300000, 0x0000000084400000|  0%| F|  |TAMS 0x0000000084300000, 0x0000000084300000| Untracked 
|  68|0x0000000084400000, 0x0000000084400000, 0x0000000084500000|  0%| F|  |TAMS 0x0000000084400000, 0x0000000084400000| Untracked 
|  69|0x0000000084500000, 0x0000000084500000, 0x0000000084600000|  0%| F|  |TAMS 0x0000000084500000, 0x0000000084500000| Untracked 
|  70|0x0000000084600000, 0x0000000084600000, 0x0000000084700000|  0%| F|  |TAMS 0x0000000084600000, 0x0000000084600000| Untracked 
|  71|0x0000000084700000, 0x0000000084700000, 0x0000000084800000|  0%| F|  |TAMS 0x0000000084700000, 0x0000000084700000| Untracked 
|  72|0x0000000084800000, 0x0000000084800000, 0x0000000084900000|  0%| F|  |TAMS 0x0000000084800000, 0x0000000084800000| Untracked 
|  73|0x0000000084900000, 0x0000000084900000, 0x0000000084a00000|  0%| F|  |TAMS 0x0000000084900000, 0x0000000084900000| Untracked 
|  74|0x0000000084a00000, 0x0000000084a00000, 0x0000000084b00000|  0%| F|  |TAMS 0x0000000084a00000, 0x0000000084a00000| Untracked 
|  75|0x0000000084b00000, 0x0000000084b00000, 0x0000000084c00000|  0%| F|  |TAMS 0x0000000084b00000, 0x0000000084b00000| Untracked 
|  76|0x0000000084c00000, 0x0000000084c00000, 0x0000000084d00000|  0%| F|  |TAMS 0x0000000084c00000, 0x0000000084c00000| Untracked 
|  77|0x0000000084d00000, 0x0000000084d00000, 0x0000000084e00000|  0%| F|  |TAMS 0x0000000084d00000, 0x0000000084d00000| Untracked 
|  78|0x0000000084e00000, 0x0000000084e00000, 0x0000000084f00000|  0%| F|  |TAMS 0x0000000084e00000, 0x0000000084e00000| Untracked 
|  79|0x0000000084f00000, 0x0000000084f00000, 0x0000000085000000|  0%| F|  |TAMS 0x0000000084f00000, 0x0000000084f00000| Untracked 
|  80|0x0000000085000000, 0x0000000085000000, 0x0000000085100000|  0%| F|  |TAMS 0x0000000085000000, 0x0000000085000000| Untracked 
|  81|0x0000000085100000, 0x0000000085100000, 0x0000000085200000|  0%| F|  |TAMS 0x0000000085100000, 0x0000000085100000| Untracked 
|  82|0x0000000085200000, 0x0000000085300000, 0x0000000085300000|100%| S|  |TAMS 0x0000000085200000, 0x0000000085200000| Complete 
|  83|0x0000000085300000, 0x0000000085400000, 0x0000000085400000|100%| S|  |TAMS 0x0000000085300000, 0x0000000085300000| Complete 
|  84|0x0000000085400000, 0x0000000085500000, 0x0000000085500000|100%| S|  |TAMS 0x0000000085400000, 0x0000000085400000| Complete 
|  85|0x0000000085500000, 0x0000000085600000, 0x0000000085600000|100%| S|  |TAMS 0x0000000085500000, 0x0000000085500000| Complete 
|  86|0x0000000085600000, 0x0000000085700000, 0x0000000085700000|100%| S|  |TAMS 0x0000000085600000, 0x0000000085600000| Complete 
|  87|0x0000000085700000, 0x0000000085800000, 0x0000000085800000|100%| S|  |TAMS 0x0000000085700000, 0x0000000085700000| Complete 
|  88|0x0000000085800000, 0x0000000085900000, 0x0000000085900000|100%| S|  |TAMS 0x0000000085800000, 0x0000000085800000| Complete 
|  89|0x0000000085900000, 0x0000000085a00000, 0x0000000085a00000|100%| S|  |TAMS 0x0000000085900000, 0x0000000085900000| Complete 
|  90|0x0000000085a00000, 0x0000000085aed750, 0x0000000085b00000| 92%| E|CS|TAMS 0x0000000085a00000, 0x0000000085a00000| Complete 
|  91|0x0000000085b00000, 0x0000000085c00000, 0x0000000085c00000|100%| E|CS|TAMS 0x0000000085b00000, 0x0000000085b00000| Complete 
|  92|0x0000000085c00000, 0x0000000085d00000, 0x0000000085d00000|100%| E|CS|TAMS 0x0000000085c00000, 0x0000000085c00000| Complete 
|  93|0x0000000085d00000, 0x0000000085e00000, 0x0000000085e00000|100%| E|CS|TAMS 0x0000000085d00000, 0x0000000085d00000| Complete 
|  94|0x0000000085e00000, 0x0000000085f00000, 0x0000000085f00000|100%| E|CS|TAMS 0x0000000085e00000, 0x0000000085e00000| Complete 
|  95|0x0000000085f00000, 0x0000000086000000, 0x0000000086000000|100%| E|CS|TAMS 0x0000000085f00000, 0x0000000085f00000| Complete 
|  96|0x0000000086000000, 0x0000000086100000, 0x0000000086100000|100%| E|CS|TAMS 0x0000000086000000, 0x0000000086000000| Complete 
|  97|0x0000000086100000, 0x0000000086200000, 0x0000000086200000|100%| E|CS|TAMS 0x0000000086100000, 0x0000000086100000| Complete 
|  98|0x0000000086200000, 0x0000000086300000, 0x0000000086300000|100%| E|CS|TAMS 0x0000000086200000, 0x0000000086200000| Complete 
|  99|0x0000000086300000, 0x0000000086400000, 0x0000000086400000|100%| E|CS|TAMS 0x0000000086300000, 0x0000000086300000| Complete 
| 100|0x0000000086400000, 0x0000000086500000, 0x0000000086500000|100%| E|CS|TAMS 0x0000000086400000, 0x0000000086400000| Complete 
| 101|0x0000000086500000, 0x0000000086600000, 0x0000000086600000|100%| E|CS|TAMS 0x0000000086500000, 0x0000000086500000| Complete 
| 102|0x0000000086600000, 0x0000000086700000, 0x0000000086700000|100%| E|CS|TAMS 0x0000000086600000, 0x0000000086600000| Complete 
| 103|0x0000000086700000, 0x0000000086800000, 0x0000000086800000|100%| E|CS|TAMS 0x0000000086700000, 0x0000000086700000| Complete 
| 104|0x0000000086800000, 0x0000000086900000, 0x0000000086900000|100%| E|CS|TAMS 0x0000000086800000, 0x0000000086800000| Complete 
| 105|0x0000000086900000, 0x0000000086a00000, 0x0000000086a00000|100%| E|CS|TAMS 0x0000000086900000, 0x0000000086900000| Complete 
| 106|0x0000000086a00000, 0x0000000086b00000, 0x0000000086b00000|100%| E|CS|TAMS 0x0000000086a00000, 0x0000000086a00000| Complete 
| 107|0x0000000086b00000, 0x0000000086c00000, 0x0000000086c00000|100%| E|CS|TAMS 0x0000000086b00000, 0x0000000086b00000| Complete 
| 108|0x0000000086c00000, 0x0000000086d00000, 0x0000000086d00000|100%| E|CS|TAMS 0x0000000086c00000, 0x0000000086c00000| Complete 
| 109|0x0000000086d00000, 0x0000000086e00000, 0x0000000086e00000|100%| E|CS|TAMS 0x0000000086d00000, 0x0000000086d00000| Complete 
| 110|0x0000000086e00000, 0x0000000086f00000, 0x0000000086f00000|100%| E|CS|TAMS 0x0000000086e00000, 0x0000000086e00000| Complete 
| 111|0x0000000086f00000, 0x0000000087000000, 0x0000000087000000|100%| E|CS|TAMS 0x0000000086f00000, 0x0000000086f00000| Complete 
| 112|0x0000000087000000, 0x0000000087100000, 0x0000000087100000|100%| E|CS|TAMS 0x0000000087000000, 0x0000000087000000| Complete 
| 113|0x0000000087100000, 0x0000000087200000, 0x0000000087200000|100%| E|CS|TAMS 0x0000000087100000, 0x0000000087100000| Complete 
| 114|0x0000000087200000, 0x0000000087300000, 0x0000000087300000|100%| E|CS|TAMS 0x0000000087200000, 0x0000000087200000| Complete 
| 115|0x0000000087300000, 0x0000000087400000, 0x0000000087400000|100%| E|CS|TAMS 0x0000000087300000, 0x0000000087300000| Complete 
| 116|0x0000000087400000, 0x0000000087500000, 0x0000000087500000|100%| E|CS|TAMS 0x0000000087400000, 0x0000000087400000| Complete 
| 117|0x0000000087500000, 0x0000000087600000, 0x0000000087600000|100%| E|CS|TAMS 0x0000000087500000, 0x0000000087500000| Complete 
| 118|0x0000000087600000, 0x0000000087700000, 0x0000000087700000|100%| E|CS|TAMS 0x0000000087600000, 0x0000000087600000| Complete 
| 119|0x0000000087700000, 0x0000000087800000, 0x0000000087800000|100%| E|CS|TAMS 0x0000000087700000, 0x0000000087700000| Complete 
| 120|0x0000000087800000, 0x0000000087900000, 0x0000000087900000|100%| E|CS|TAMS 0x0000000087800000, 0x0000000087800000| Complete 
| 121|0x0000000087900000, 0x0000000087a00000, 0x0000000087a00000|100%| E|CS|TAMS 0x0000000087900000, 0x0000000087900000| Complete 
| 122|0x0000000087a00000, 0x0000000087b00000, 0x0000000087b00000|100%| E|CS|TAMS 0x0000000087a00000, 0x0000000087a00000| Complete 
| 123|0x0000000087b00000, 0x0000000087c00000, 0x0000000087c00000|100%| E|CS|TAMS 0x0000000087b00000, 0x0000000087b00000| Complete 
| 124|0x0000000087c00000, 0x0000000087d00000, 0x0000000087d00000|100%| E|CS|TAMS 0x0000000087c00000, 0x0000000087c00000| Complete 
| 125|0x0000000087d00000, 0x0000000087e00000, 0x0000000087e00000|100%| E|CS|TAMS 0x0000000087d00000, 0x0000000087d00000| Complete 
| 126|0x0000000087e00000, 0x0000000087f00000, 0x0000000087f00000|100%| E|CS|TAMS 0x0000000087e00000, 0x0000000087e00000| Complete 
| 127|0x0000000087f00000, 0x0000000088000000, 0x0000000088000000|100%| E|CS|TAMS 0x0000000087f00000, 0x0000000087f00000| Complete 
| 128|0x0000000088000000, 0x0000000088100000, 0x0000000088100000|100%| E|CS|TAMS 0x0000000088000000, 0x0000000088000000| Complete 
| 129|0x0000000088100000, 0x0000000088200000, 0x0000000088200000|100%| E|CS|TAMS 0x0000000088100000, 0x0000000088100000| Complete 
| 130|0x0000000088200000, 0x0000000088300000, 0x0000000088300000|100%| E|CS|TAMS 0x0000000088200000, 0x0000000088200000| Complete 
| 131|0x0000000088300000, 0x0000000088400000, 0x0000000088400000|100%| E|CS|TAMS 0x0000000088300000, 0x0000000088300000| Complete 
| 132|0x0000000088400000, 0x0000000088500000, 0x0000000088500000|100%| E|CS|TAMS 0x0000000088400000, 0x0000000088400000| Complete 
| 133|0x0000000088500000, 0x0000000088600000, 0x0000000088600000|100%| E|CS|TAMS 0x0000000088500000, 0x0000000088500000| Complete 
| 134|0x0000000088600000, 0x0000000088700000, 0x0000000088700000|100%| E|CS|TAMS 0x0000000088600000, 0x0000000088600000| Complete 
| 135|0x0000000088700000, 0x0000000088800000, 0x0000000088800000|100%| E|CS|TAMS 0x0000000088700000, 0x0000000088700000| Complete 
| 136|0x0000000088800000, 0x0000000088900000, 0x0000000088900000|100%| E|CS|TAMS 0x0000000088800000, 0x0000000088800000| Complete 
| 137|0x0000000088900000, 0x0000000088a00000, 0x0000000088a00000|100%| E|CS|TAMS 0x0000000088900000, 0x0000000088900000| Complete 
| 138|0x0000000088a00000, 0x0000000088b00000, 0x0000000088b00000|100%| E|CS|TAMS 0x0000000088a00000, 0x0000000088a00000| Complete 
| 139|0x0000000088b00000, 0x0000000088c00000, 0x0000000088c00000|100%| E|CS|TAMS 0x0000000088b00000, 0x0000000088b00000| Complete 
| 140|0x0000000088c00000, 0x0000000088d00000, 0x0000000088d00000|100%| E|CS|TAMS 0x0000000088c00000, 0x0000000088c00000| Complete 
| 141|0x0000000088d00000, 0x0000000088e00000, 0x0000000088e00000|100%| E|CS|TAMS 0x0000000088d00000, 0x0000000088d00000| Complete 
| 142|0x0000000088e00000, 0x0000000088f00000, 0x0000000088f00000|100%| E|CS|TAMS 0x0000000088e00000, 0x0000000088e00000| Complete 
| 143|0x0000000088f00000, 0x0000000089000000, 0x0000000089000000|100%| E|CS|TAMS 0x0000000088f00000, 0x0000000088f00000| Complete 
| 144|0x0000000089000000, 0x00000000890ffd18, 0x0000000089100000| 99%| E|CS|TAMS 0x0000000089000000, 0x0000000089000000| Complete 
| 145|0x0000000089100000, 0x0000000089200000, 0x0000000089200000|100%| E|CS|TAMS 0x0000000089100000, 0x0000000089100000| Complete 
| 146|0x0000000089200000, 0x0000000089300000, 0x0000000089300000|100%| E|CS|TAMS 0x0000000089200000, 0x0000000089200000| Complete 
| 147|0x0000000089300000, 0x0000000089400000, 0x0000000089400000|100%| E|CS|TAMS 0x0000000089300000, 0x0000000089300000| Complete 
| 148|0x0000000089400000, 0x0000000089500000, 0x0000000089500000|100%| E|CS|TAMS 0x0000000089400000, 0x0000000089400000| Complete 
| 149|0x0000000089500000, 0x0000000089600000, 0x0000000089600000|100%| E|CS|TAMS 0x0000000089500000, 0x0000000089500000| Complete 
| 150|0x0000000089600000, 0x0000000089700000, 0x0000000089700000|100%| E|CS|TAMS 0x0000000089600000, 0x0000000089600000| Complete 
| 151|0x0000000089700000, 0x0000000089800000, 0x0000000089800000|100%| E|CS|TAMS 0x0000000089700000, 0x0000000089700000| Complete 

Card table byte_map: [0x000001537cbf0000,0x000001537cff0000] _byte_map_base: 0x000001537c7f0000

Marking Bits (Prev, Next): (CMBitMap*) 0x0000015376af71f8, (CMBitMap*) 0x0000015376af7230
 Prev Bits: [0x000001537d3f0000, 0x000001537f3f0000)
 Next Bits: [0x000001530f000000, 0x0000015311000000)

Polling page: 0x0000015376980000

Metaspace:

Usage:
  Non-class:     48.66 MB capacity,    47.62 MB ( 98%) used,   921.66 KB (  2%) free+waste,   151.25 KB ( <1%) overhead. 
      Class:      7.58 MB capacity,     6.99 MB ( 92%) used,   531.75 KB (  7%) free+waste,    72.69 KB ( <1%) overhead. 
       Both:     56.24 MB capacity,    54.60 MB ( 97%) used,     1.42 MB (  3%) free+waste,   223.94 KB ( <1%) overhead. 

Virtual space:
  Non-class space:       50.00 MB reserved,      48.82 MB ( 98%) committed 
      Class space:        1.00 GB reserved,       7.63 MB ( <1%) committed 
             Both:        1.05 GB reserved,      56.45 MB (  5%) committed 

Chunk freelists:
   Non-Class:  32.00 KB
       Class:  16.00 KB
        Both:  48.00 KB

MaxMetaspaceSize: 17179869184.00 GB
CompressedClassSpaceSize: 1.00 GB

CodeHeap 'non-profiled nmethods': size=120000Kb used=2553Kb max_used=2553Kb free=117446Kb
 bounds [0x0000015307ad0000, 0x0000015307d50000, 0x000001530f000000]
CodeHeap 'profiled nmethods': size=120000Kb used=11128Kb max_used=11128Kb free=108871Kb
 bounds [0x00000153005a0000, 0x0000015301080000, 0x0000015307ad0000]
CodeHeap 'non-nmethods': size=5760Kb used=2236Kb max_used=2266Kb free=3523Kb
 bounds [0x0000015300000000, 0x0000015300270000, 0x00000153005a0000]
 total_blobs=6634 nmethods=5817 adapters=728
 compilation: enabled
              stopped_count=0, restarted_count=0
 full_count=0

Compilation events (20 events):
Event: 10.850 Thread 0x0000015313872800 5910       3       com.android.support.AndroidxNameUtils$$Lambda$594/0x000000010075f840::compare (12 bytes)
Event: 10.851 Thread 0x0000015313872800 nmethod 5910 0x000001530107ae90 code [0x000001530107b0a0, 0x000001530107b6d8]
Event: 10.851 Thread 0x0000015313872800 5915       3       com.google.common.collect.ImmutableMapEntry::<init> (12 bytes)
Event: 10.851 Thread 0x0000015313872800 nmethod 5915 0x000001530107b910 code [0x000001530107bae0, 0x000001530107bde8]
Event: 10.851 Thread 0x0000015313872800 5916       3       com.google.common.collect.ImmutableEntry::<init> (15 bytes)
Event: 10.851 Thread 0x0000015313872800 nmethod 5916 0x000001530107bf10 code [0x000001530107c0e0, 0x000001530107c358]
Event: 10.851 Thread 0x0000015313872800 5917       3       com.google.common.collect.AbstractMapEntry::<init> (5 bytes)
Event: 10.851 Thread 0x0000015313872800 nmethod 5917 0x000001530107c490 code [0x000001530107c640, 0x000001530107c798]
Event: 10.851 Thread 0x0000015313872800 5913       3       com.google.common.collect.RegularImmutableMap::makeImmutable (44 bytes)
Event: 10.851 Thread 0x0000015313872800 nmethod 5913 0x000001530107c890 code [0x000001530107caa0, 0x000001530107d2d8]
Event: 10.851 Thread 0x0000015313872800 5912       3       com.google.common.primitives.Ints::compare (20 bytes)
Event: 10.852 Thread 0x0000015313872800 nmethod 5912 0x000001530107d510 code [0x000001530107d6c0, 0x000001530107d858]
Event: 10.852 Thread 0x0000015313872800 5920       1       com.google.common.collect.ImmutableMapEntry$NonTerminalImmutableMapEntry::getNextInKeyBucket (5 bytes)
Event: 10.852 Thread 0x0000015313872800 nmethod 5920 0x0000015307d4de90 code [0x0000015307d4e040, 0x0000015307d4e0f8]
Event: 10.856 Thread 0x0000015313872800 5922       1       org.gradle.internal.instantiation.generator.AbstractClassGenerator$PropertyMetadata::access$1300 (5 bytes)
Event: 10.856 Thread 0x0000015313872800 nmethod 5922 0x0000015307d4e190 code [0x0000015307d4e340, 0x0000015307d4e3d8]
Event: 10.865 Thread 0x0000015313872800 5924       2       org.gradle.api.internal.provider.AbstractMinimalProvider::<init> (5 bytes)
Event: 10.865 Thread 0x0000015313872800 nmethod 5924 0x000001530107d910 code [0x000001530107dac0, 0x000001530107dbb8]
Event: 10.868 Thread 0x0000015313872800 5925       2       com.google.common.collect.ImmutableSet::builder (8 bytes)
Event: 10.868 Thread 0x0000015313872800 nmethod 5925 0x000001530107dc90 code [0x000001530107de40, 0x000001530107e068]

GC Heap History (20 events):
Event: 2.159 GC heap after
{Heap after GC invocations=2 (full 0):
 garbage-first heap   total 129024K, used 13060K [0x0000000080000000, 0x0000000100000000)
  region size 1024K, 4 young (4096K), 4 survivors (4096K)
 Metaspace       used 10922K, capacity 11145K, committed 11264K, reserved 1058816K
  class space    used 1134K, capacity 1207K, committed 1280K, reserved 1048576K
}
Event: 3.952 GC heap before
{Heap before GC invocations=2 (full 0):
 garbage-first heap   total 129024K, used 59140K [0x0000000080000000, 0x0000000100000000)
  region size 1024K, 49 young (50176K), 4 survivors (4096K)
 Metaspace       used 19116K, capacity 19506K, committed 19712K, reserved 1067008K
  class space    used 2292K, capacity 2433K, committed 2560K, reserved 1048576K
}
Event: 3.958 GC heap after
{Heap after GC invocations=3 (full 0):
 garbage-first heap   total 129024K, used 16661K [0x0000000080000000, 0x0000000100000000)
  region size 1024K, 7 young (7168K), 7 survivors (7168K)
 Metaspace       used 19116K, capacity 19506K, committed 19712K, reserved 1067008K
  class space    used 2292K, capacity 2433K, committed 2560K, reserved 1048576K
}
Event: 4.198 GC heap before
{Heap before GC invocations=3 (full 0):
 garbage-first heap   total 129024K, used 32021K [0x0000000080000000, 0x0000000100000000)
  region size 1024K, 23 young (23552K), 7 survivors (7168K)
 Metaspace       used 20713K, capacity 21188K, committed 21296K, reserved 1069056K
  class space    used 2529K, capacity 2674K, committed 2688K, reserved 1048576K
}
Event: 4.211 GC heap after
{Heap after GC invocations=4 (full 0):
 garbage-first heap   total 129024K, used 17629K [0x0000000080000000, 0x0000000100000000)
  region size 1024K, 5 young (5120K), 5 survivors (5120K)
 Metaspace       used 20713K, capacity 21188K, committed 21296K, reserved 1069056K
  class space    used 2529K, capacity 2674K, committed 2688K, reserved 1048576K
}
Event: 5.141 GC heap before
{Heap before GC invocations=5 (full 0):
 garbage-first heap   total 129024K, used 64733K [0x0000000080000000, 0x0000000100000000)
  region size 1024K, 51 young (52224K), 5 survivors (5120K)
 Metaspace       used 25479K, capacity 26117K, committed 26288K, reserved 1073152K
  class space    used 3294K, capacity 3514K, committed 3584K, reserved 1048576K
}
Event: 5.146 GC heap after
{Heap after GC invocations=6 (full 0):
 garbage-first heap   total 129024K, used 19254K [0x0000000080000000, 0x0000000100000000)
  region size 1024K, 3 young (3072K), 3 survivors (3072K)
 Metaspace       used 25479K, capacity 26117K, committed 26288K, reserved 1073152K
  class space    used 3294K, capacity 3514K, committed 3584K, reserved 1048576K
}
Event: 5.961 GC heap before
{Heap before GC invocations=6 (full 0):
 garbage-first heap   total 129024K, used 83766K [0x0000000080000000, 0x0000000100000000)
  region size 1024K, 57 young (58368K), 3 survivors (3072K)
 Metaspace       used 30473K, capacity 31341K, committed 31536K, reserved 1077248K
  class space    used 4084K, capacity 4403K, committed 4480K, reserved 1048576K
}
Event: 5.968 GC heap after
{Heap after GC invocations=7 (full 0):
 garbage-first heap   total 129024K, used 33690K [0x0000000080000000, 0x0000000100000000)
  region size 1024K, 8 young (8192K), 8 survivors (8192K)
 Metaspace       used 30473K, capacity 31341K, committed 31536K, reserved 1077248K
  class space    used 4084K, capacity 4403K, committed 4480K, reserved 1048576K
}
Event: 6.469 GC heap before
{Heap before GC invocations=7 (full 0):
 garbage-first heap   total 129024K, used 55194K [0x0000000080000000, 0x0000000100000000)
  region size 1024K, 30 young (30720K), 8 survivors (8192K)
 Metaspace       used 34572K, capacity 35499K, committed 35632K, reserved 1079296K
  class space    used 4540K, capacity 4894K, committed 4992K, reserved 1048576K
}
Event: 6.483 GC heap after
{Heap after GC invocations=8 (full 0):
 garbage-first heap   total 129024K, used 35227K [0x0000000080000000, 0x0000000100000000)
  region size 1024K, 2 young (2048K), 2 survivors (2048K)
 Metaspace       used 34572K, capacity 35499K, committed 35632K, reserved 1079296K
  class space    used 4540K, capacity 4894K, committed 4992K, reserved 1048576K
}
Event: 7.220 GC heap before
{Heap before GC invocations=9 (full 0):
 garbage-first heap   total 129024K, used 84379K [0x0000000080000000, 0x0000000100000000)
  region size 1024K, 48 young (49152K), 2 survivors (2048K)
 Metaspace       used 40322K, capacity 41416K, committed 41672K, reserved 1085440K
  class space    used 5108K, capacity 5498K, committed 5504K, reserved 1048576K
}
Event: 7.228 GC heap after
{Heap after GC invocations=10 (full 0):
 garbage-first heap   total 155648K, used 39794K [0x0000000080000000, 0x0000000100000000)
  region size 1024K, 6 young (6144K), 6 survivors (6144K)
 Metaspace       used 40322K, capacity 41416K, committed 41672K, reserved 1085440K
  class space    used 5108K, capacity 5498K, committed 5504K, reserved 1048576K
}
Event: 8.027 GC heap before
{Heap before GC invocations=10 (full 0):
 garbage-first heap   total 155648K, used 100210K [0x0000000080000000, 0x0000000100000000)
  region size 1024K, 62 young (63488K), 6 survivors (6144K)
 Metaspace       used 44858K, capacity 46187K, committed 46408K, reserved 1089536K
  class space    used 5630K, capacity 6077K, committed 6144K, reserved 1048576K
}
Event: 8.035 GC heap after
{Heap after GC invocations=11 (full 0):
 garbage-first heap   total 155648K, used 46805K [0x0000000080000000, 0x0000000100000000)
  region size 1024K, 8 young (8192K), 8 survivors (8192K)
 Metaspace       used 44858K, capacity 46187K, committed 46408K, reserved 1089536K
  class space    used 5630K, capacity 6077K, committed 6144K, reserved 1048576K
}
Event: 8.757 GC heap before
{Heap before GC invocations=11 (full 0):
 garbage-first heap   total 155648K, used 108245K [0x0000000080000000, 0x0000000100000000)
  region size 1024K, 64 young (65536K), 8 survivors (8192K)
 Metaspace       used 47497K, capacity 48885K, committed 49096K, reserved 1091584K
  class space    used 6048K, capacity 6508K, committed 6528K, reserved 1048576K
}
Event: 8.768 GC heap after
{Heap after GC invocations=12 (full 0):
 garbage-first heap   total 155648K, used 54893K [0x0000000080000000, 0x0000000100000000)
  region size 1024K, 8 young (8192K), 8 survivors (8192K)
 Metaspace       used 47497K, capacity 48885K, committed 49096K, reserved 1091584K
  class space    used 6048K, capacity 6508K, committed 6528K, reserved 1048576K
}
Event: 9.785 GC heap before
{Heap before GC invocations=12 (full 0):
 garbage-first heap   total 155648K, used 110189K [0x0000000080000000, 0x0000000100000000)
  region size 1024K, 63 young (64512K), 8 survivors (8192K)
 Metaspace       used 50372K, capacity 51904K, committed 52168K, reserved 1095680K
  class space    used 6423K, capacity 6932K, committed 7040K, reserved 1048576K
}
Event: 9.796 GC heap after
{Heap after GC invocations=13 (full 0):
 garbage-first heap   total 155648K, used 58086K [0x0000000080000000, 0x0000000100000000)
  region size 1024K, 7 young (7168K), 7 survivors (7168K)
 Metaspace       used 50372K, capacity 51904K, committed 52168K, reserved 1095680K
  class space    used 6423K, capacity 6932K, committed 7040K, reserved 1048576K
}
Event: 10.883 GC heap before
{Heap before GC invocations=13 (full 0):
 garbage-first heap   total 155648K, used 118502K [0x0000000080000000, 0x0000000100000000)
  region size 1024K, 62 young (63488K), 7 survivors (7168K)
 Metaspace       used 55914K, capacity 57592K, committed 57800K, reserved 1099776K
  class space    used 7155K, capacity 7760K, committed 7808K, reserved 1048576K
}

Deoptimization events (20 events):
Event: 10.801 Thread 0x0000015315231800 DEOPT PACKING pc=0x00000153007f3817 sp=0x00000049658f66e0
Event: 10.801 Thread 0x0000015315231800 DEOPT UNPACKING pc=0x0000015300026dde sp=0x00000049658f5c68 mode 0
Event: 10.804 Thread 0x0000015315231800 DEOPT PACKING pc=0x00000153007f3817 sp=0x00000049658f6830
Event: 10.804 Thread 0x0000015315231800 DEOPT UNPACKING pc=0x0000015300026dde sp=0x00000049658f5db8 mode 0
Event: 10.806 Thread 0x0000015315231800 DEOPT PACKING pc=0x00000153007f3817 sp=0x00000049658f66d0
Event: 10.806 Thread 0x0000015315231800 DEOPT UNPACKING pc=0x0000015300026dde sp=0x00000049658f5c58 mode 0
Event: 10.809 Thread 0x0000015315231800 DEOPT PACKING pc=0x00000153007f3817 sp=0x00000049658f66d0
Event: 10.809 Thread 0x0000015315231800 DEOPT UNPACKING pc=0x0000015300026dde sp=0x00000049658f5c58 mode 0
Event: 10.811 Thread 0x0000015315231800 DEOPT PACKING pc=0x00000153007f3817 sp=0x00000049658f66d0
Event: 10.811 Thread 0x0000015315231800 DEOPT UNPACKING pc=0x0000015300026dde sp=0x00000049658f5c58 mode 0
Event: 10.813 Thread 0x0000015315231800 DEOPT PACKING pc=0x00000153007f3817 sp=0x00000049658f66d0
Event: 10.813 Thread 0x0000015315231800 DEOPT UNPACKING pc=0x0000015300026dde sp=0x00000049658f5c58 mode 0
Event: 10.815 Thread 0x0000015315231800 DEOPT PACKING pc=0x00000153007f3817 sp=0x00000049658f65e0
Event: 10.815 Thread 0x0000015315231800 DEOPT UNPACKING pc=0x0000015300026dde sp=0x00000049658f5b68 mode 0
Event: 10.816 Thread 0x0000015315231800 DEOPT PACKING pc=0x00000153007f3817 sp=0x00000049658f6830
Event: 10.816 Thread 0x0000015315231800 DEOPT UNPACKING pc=0x0000015300026dde sp=0x00000049658f5db8 mode 0
Event: 10.817 Thread 0x0000015315231800 DEOPT PACKING pc=0x00000153007f3817 sp=0x00000049658f65e0
Event: 10.817 Thread 0x0000015315231800 DEOPT UNPACKING pc=0x0000015300026dde sp=0x00000049658f5b68 mode 0
Event: 10.819 Thread 0x0000015315231800 DEOPT PACKING pc=0x00000153007f3817 sp=0x00000049658f66e0
Event: 10.819 Thread 0x0000015315231800 DEOPT UNPACKING pc=0x0000015300026dde sp=0x00000049658f5c68 mode 0

Classes redefined (0 events):
No events

Internal exceptions (20 events):
Event: 10.125 Thread 0x0000015315231800 Exception <a 'java/lang/ClassNotFoundException'{0x0000000088df6ca8}: org/gradle/api/tasks/Delete_DecoratedBeanInfo> (0x0000000088df6ca8) thrown at [./src/hotspot/share/classfile/systemDictionary.cpp, line 231]
Event: 10.126 Thread 0x0000015315231800 Exception <a 'java/lang/ClassNotFoundException'{0x0000000088c3cff8}: org/gradle/api/tasks/DeleteBeanInfo> (0x0000000088c3cff8) thrown at [./src/hotspot/share/classfile/systemDictionary.cpp, line 231]
Event: 10.127 Thread 0x0000015315231800 Exception <a 'java/lang/ClassNotFoundException'{0x0000000088c6aa78}: org/gradle/api/internal/ConventionTaskBeanInfo> (0x0000000088c6aa78) thrown at [./src/hotspot/share/classfile/systemDictionary.cpp, line 231]
Event: 10.127 Thread 0x0000015315231800 Exception <a 'java/lang/ClassNotFoundException'{0x0000000088c94538}: org/gradle/api/DefaultTaskBeanInfo> (0x0000000088c94538) thrown at [./src/hotspot/share/classfile/systemDictionary.cpp, line 231]
Event: 10.128 Thread 0x0000015315231800 Exception <a 'java/lang/ClassNotFoundException'{0x0000000088cc2218}: org/gradle/api/internal/AbstractTaskBeanInfo> (0x0000000088cc2218) thrown at [./src/hotspot/share/classfile/systemDictionary.cpp, line 231]
Event: 10.129 Thread 0x0000015315231800 Exception <a 'java/lang/ClassNotFoundException'{0x0000000088cf01c0}: org/gradle/api/internal/AbstractTaskCustomizer> (0x0000000088cf01c0) thrown at [./src/hotspot/share/classfile/systemDictionary.cpp, line 231]
Event: 10.132 Thread 0x0000015315231800 Exception <a 'java/lang/ClassNotFoundException'{0x0000000088b639c0}: org/gradle/api/DefaultTaskCustomizer> (0x0000000088b639c0) thrown at [./src/hotspot/share/classfile/systemDictionary.cpp, line 231]
Event: 10.135 Thread 0x0000015315231800 Exception <a 'java/lang/ClassNotFoundException'{0x0000000088be58c8}: org/gradle/api/internal/ConventionTaskCustomizer> (0x0000000088be58c8) thrown at [./src/hotspot/share/classfile/systemDictionary.cpp, line 231]
Event: 10.136 Thread 0x0000015315231800 Exception <a 'java/lang/ClassNotFoundException'{0x0000000088a1e6c0}: org/gradle/api/tasks/DeleteCustomizer> (0x0000000088a1e6c0) thrown at [./src/hotspot/share/classfile/systemDictionary.cpp, line 231]
Event: 10.138 Thread 0x0000015315231800 Exception <a 'java/lang/ClassNotFoundException'{0x0000000088a5d7c0}: org/gradle/api/tasks/Delete_DecoratedCustomizer> (0x0000000088a5d7c0) thrown at [./src/hotspot/share/classfile/systemDictionary.cpp, line 231]
Event: 10.164 Thread 0x0000015315231800 Exception <a 'java/lang/ClassNotFoundException'{0x00000000889c17a8}: build_62oc4bw54jtvkhnsbco4po4meBeanInfo> (0x00000000889c17a8) thrown at [./src/hotspot/share/classfile/systemDictionary.cpp, line 231]
Event: 10.164 Thread 0x0000015315231800 Exception <a 'java/lang/ClassNotFoundException'{0x00000000889cc760}: build_62oc4bw54jtvkhnsbco4po4meCustomizer> (0x00000000889cc760) thrown at [./src/hotspot/share/classfile/systemDictionary.cpp, line 231]
Event: 10.171 Thread 0x0000015315231800 Exception <a 'java/lang/ClassNotFoundException'{0x0000000088851630}: org/gradle/plugin/use/internal/PluginRequestCollector$PluginDependenciesSpecImplBeanInfo> (0x0000000088851630) thrown at [./src/hotspot/share/classfile/systemDictionary.cpp, line 231]
Event: 10.172 Thread 0x0000015315231800 Exception <a 'java/lang/ClassNotFoundException'{0x0000000088880418}: org/gradle/plugin/use/internal/PluginRequestCollector$PluginDependenciesSpecImplCustomizer> (0x0000000088880418) thrown at [./src/hotspot/share/classfile/systemDictionary.cpp, line 231]
Event: 10.178 Thread 0x0000015315231800 Exception <a 'java/lang/NoSuchMethodError'{0x00000000888fa288}: 'void java.lang.invoke.DirectMethodHandle$Holder.invokeInterface(java.lang.Object, java.lang.Object)'> (0x00000000888fa288) thrown at [./src/hotspot/share/interpreter/linkResolver.cpp, line 773]
Event: 10.405 Thread 0x0000015315231800 Exception <a 'java/lang/NoSuchMethodError'{0x0000000087cb50e8}: 'java.lang.Object java.lang.invoke.DirectMethodHandle$Holder.invokeStatic(java.lang.Object, java.lang.Object, java.lang.Object, java.lang.Object, int)'> (0x0000000087cb50e8) thrown at [./src/hotspot/share/interpreter/linkResolver.cpp, line 773]
Event: 10.405 Thread 0x0000015315231800 Exception <a 'java/lang/NoSuchMethodError'{0x0000000087cb9ae0}: 'java.lang.Object java.lang.invoke.DirectMethodHandle$Holder.invokeSpecial(java.lang.Object, java.lang.Object, java.lang.Object, java.lang.Object, java.lang.Object, int)'> (0x0000000087cb9ae0) thrown at [./src/hotspot/share/interpreter/linkResolver.cpp, line 773]
Event: 10.406 Thread 0x0000015315231800 Exception <a 'java/lang/NoSuchMethodError'{0x0000000087cbe120}: 'java.lang.Object java.lang.invoke.Invokers$Holder.linkToTargetMethod(java.lang.Object, java.lang.Object, java.lang.Object, int, java.lang.Object)'> (0x0000000087cbe120) thrown at [./src/hotspot/share/interpreter/linkResolver.cpp, line 773]
Event: 10.659 Thread 0x0000015315231800 Exception <a 'java/lang/NoSuchMethodError'{0x0000000086deb8f8}: 'java.lang.Object java.lang.invoke.DirectMethodHandle$Holder.invokeSpecial(java.lang.Object, java.lang.Object, int, int, java.lang.Object, java.lang.Object, java.lang.Object)'> (0x0000000086deb8f8) thrown at [./src/hotspot/share/interpreter/linkResolver.cpp, line 773]
Event: 10.659 Thread 0x0000015315231800 Exception <a 'java/lang/NoSuchMethodError'{0x0000000086defe78}: 'java.lang.Object java.lang.invoke.DelegatingMethodHandle$Holder.reinvoke_L(java.lang.Object, int, int, java.lang.Object, java.lang.Object, java.lang.Object)'> (0x0000000086defe78) thrown at [./src/hotspot/share/interpreter/linkResolver.cpp, line 773]

Events (20 events):
Event: 10.877 loading class com/google/common/collect/MultimapBuilder$MultimapBuilderWithKeys$2 done
Event: 10.877 loading class com/google/common/collect/MultimapBuilder$MultimapBuilderWithKeys$3
Event: 10.877 loading class com/google/common/collect/MultimapBuilder$MultimapBuilderWithKeys$3 done
Event: 10.877 loading class com/google/common/collect/MultimapBuilder$MultimapBuilderWithKeys$6
Event: 10.877 loading class com/google/common/collect/MultimapBuilder$MultimapBuilderWithKeys$6 done
Event: 10.878 loading class com/google/common/collect/MultimapBuilder$ArrayListSupplier
Event: 10.878 loading class com/google/common/collect/MultimapBuilder$ArrayListSupplier done
Event: 10.878 loading class com/google/common/collect/Multimaps
Event: 10.878 loading class com/google/common/collect/Multimaps done
Event: 10.879 loading class com/google/common/collect/SortedSetMultimap
Event: 10.879 loading class com/google/common/collect/SortedSetMultimap done
Event: 10.880 loading class com/google/common/collect/Multimaps$CustomListMultimap
Event: 10.880 loading class com/google/common/collect/Multimaps$CustomListMultimap done
Event: 10.881 loading class com/google/common/collect/MultimapBuilder$LinkedHashSetSupplier
Event: 10.881 loading class com/google/common/collect/MultimapBuilder$LinkedHashSetSupplier done
Event: 10.881 loading class com/google/common/collect/Multimaps$CustomSetMultimap
Event: 10.881 loading class com/google/common/collect/Multimaps$CustomSetMultimap done
Event: 10.882 Executing VM operation: Deoptimize
Event: 10.883 Executing VM operation: Deoptimize done
Event: 10.883 Executing VM operation: G1CollectForAllocation


Dynamic libraries:
0x00007ff603460000 - 0x00007ff60346a000 	C:\Program Files\Android\Android Studio\jre\bin\java.exe
0x00007ff96ab70000 - 0x00007ff96ad65000 	C:\WINDOWS\SYSTEM32\ntdll.dll
0x00007ff96aa10000 - 0x00007ff96aace000 	C:\WINDOWS\System32\KERNEL32.DLL
0x00007ff9688d0000 - 0x00007ff968b98000 	C:\WINDOWS\System32\KERNELBASE.dll
0x00007ff968350000 - 0x00007ff968450000 	C:\WINDOWS\System32\ucrtbase.dll
0x00007ff9620a0000 - 0x00007ff9620b9000 	C:\Program Files\Android\Android Studio\jre\bin\jli.dll
0x00007ff962060000 - 0x00007ff962077000 	C:\Program Files\Android\Android Studio\jre\bin\VCRUNTIME140.dll
0x00007ff969c80000 - 0x00007ff969e20000 	C:\WINDOWS\System32\USER32.dll
0x00007ff968320000 - 0x00007ff968342000 	C:\WINDOWS\System32\win32u.dll
0x00007ff969fb0000 - 0x00007ff969fda000 	C:\WINDOWS\System32\GDI32.dll
0x00007ff945eb0000 - 0x00007ff94614a000 	C:\WINDOWS\WinSxS\amd64_microsoft.windows.common-controls_6595b64144ccf1df_6.0.19041.1110_none_60b5254171f9507e\COMCTL32.dll
0x00007ff9687c0000 - 0x00007ff9688cb000 	C:\WINDOWS\System32\gdi32full.dll
0x00007ff96a040000 - 0x00007ff96a0de000 	C:\WINDOWS\System32\msvcrt.dll
0x00007ff968720000 - 0x00007ff9687bd000 	C:\WINDOWS\System32\msvcp_win.dll
0x00007ff96a180000 - 0x00007ff96a1b0000 	C:\WINDOWS\System32\IMM32.DLL
0x00007ff94eef0000 - 0x00007ff94ef8d000 	C:\Program Files\Android\Android Studio\jre\bin\msvcp140.dll
0x00007ff920720000 - 0x00007ff9211f5000 	C:\Program Files\Android\Android Studio\jre\bin\server\jvm.dll
0x00007ff968f70000 - 0x00007ff96901e000 	C:\WINDOWS\System32\ADVAPI32.dll
0x00007ff969770000 - 0x00007ff96980c000 	C:\WINDOWS\System32\sechost.dll
0x00007ff968e40000 - 0x00007ff968f65000 	C:\WINDOWS\System32\RPCRT4.dll
0x00007ff968e30000 - 0x00007ff968e38000 	C:\WINDOWS\System32\PSAPI.DLL
0x00007ff9621a0000 - 0x00007ff9621aa000 	C:\WINDOWS\SYSTEM32\VERSION.dll
0x00007ff959020000 - 0x00007ff959047000 	C:\WINDOWS\SYSTEM32\WINMM.dll
0x00007ff920450000 - 0x00007ff920459000 	C:\WINDOWS\SYSTEM32\WSOCK32.dll
0x00007ff96a9a0000 - 0x00007ff96aa0b000 	C:\WINDOWS\System32\WS2_32.dll
0x00007ff966b70000 - 0x00007ff966b82000 	C:\WINDOWS\SYSTEM32\kernel.appcore.dll
0x00007ff920430000 - 0x00007ff920441000 	C:\Program Files\Android\Android Studio\jre\bin\verify.dll
0x00007ff966850000 - 0x00007ff966a34000 	C:\WINDOWS\SYSTEM32\DBGHELP.DLL
0x00007ff958330000 - 0x00007ff95835c000 	C:\WINDOWS\SYSTEM32\dbgcore.DLL
0x00007ff968290000 - 0x00007ff968312000 	C:\WINDOWS\System32\bcryptPrimitives.dll
0x00007ff920400000 - 0x00007ff920429000 	C:\Program Files\Android\Android Studio\jre\bin\java.dll
0x00007ff9203f0000 - 0x00007ff9203fb000 	C:\Program Files\Android\Android Studio\jre\bin\jimage.dll
0x00007ff9203d0000 - 0x00007ff9203e8000 	C:\Program Files\Android\Android Studio\jre\bin\zip.dll
0x00007ff969020000 - 0x00007ff969764000 	C:\WINDOWS\System32\SHELL32.dll
0x00007ff9660b0000 - 0x00007ff966844000 	C:\WINDOWS\SYSTEM32\windows.storage.dll
0x00007ff96a640000 - 0x00007ff96a994000 	C:\WINDOWS\System32\combase.dll
0x00007ff967c30000 - 0x00007ff967c5c000 	C:\WINDOWS\SYSTEM32\Wldp.dll
0x00007ff968bd0000 - 0x00007ff968c7d000 	C:\WINDOWS\System32\SHCORE.dll
0x00007ff969fe0000 - 0x00007ff96a035000 	C:\WINDOWS\System32\shlwapi.dll
0x00007ff9681d0000 - 0x00007ff9681ef000 	C:\WINDOWS\SYSTEM32\profapi.dll
0x00007ff9203b0000 - 0x00007ff9203ca000 	C:\Program Files\Android\Android Studio\jre\bin\net.dll
0x00007ff958be0000 - 0x00007ff958cea000 	C:\WINDOWS\SYSTEM32\WINHTTP.dll
0x00007ff967990000 - 0x00007ff9679fa000 	C:\WINDOWS\system32\mswsock.dll
0x00007ff920390000 - 0x00007ff9203a4000 	C:\Program Files\Android\Android Studio\jre\bin\nio.dll
0x00007ff956b20000 - 0x00007ff956b47000 	C:\Users\hp\gradle-7.2\native\e1d6ef7f7dcc3fd88c89a11ec53ec762bb8ba0a96d01ffa2cd45eb1d1d8dd5c5\windows-amd64\native-platform.dll
0x00007ff947bb0000 - 0x00007ff947cf4000 	C:\Users\hp\gradle-7.2\native\5664cfc778a61ccfe75a443a1ab52a65af34e5dc3c78e0209fed803814484fcb\windows-amd64\native-platform-file-events.dll
0x00007ff945530000 - 0x00007ff94553a000 	C:\Program Files\Android\Android Studio\jre\bin\management.dll
0x00007ff920380000 - 0x00007ff92038d000 	C:\Program Files\Android\Android Studio\jre\bin\management_ext.dll
0x00007ff967b90000 - 0x00007ff967ba8000 	C:\WINDOWS\SYSTEM32\CRYPTSP.dll
0x00007ff967310000 - 0x00007ff967344000 	C:\WINDOWS\system32\rsaenh.dll
0x00007ff968ba0000 - 0x00007ff968bc7000 	C:\WINDOWS\System32\bcrypt.dll
0x00007ff968190000 - 0x00007ff9681be000 	C:\WINDOWS\SYSTEM32\USERENV.dll
0x00007ff967b80000 - 0x00007ff967b8c000 	C:\WINDOWS\SYSTEM32\CRYPTBASE.dll
0x00007ff967680000 - 0x00007ff9676bb000 	C:\WINDOWS\SYSTEM32\IPHLPAPI.DLL
0x00007ff96a1b0000 - 0x00007ff96a1b8000 	C:\WINDOWS\System32\NSI.dll
0x00007ff95ee60000 - 0x00007ff95ee77000 	C:\WINDOWS\SYSTEM32\dhcpcsvc6.DLL
0x00007ff95f850000 - 0x00007ff95f86d000 	C:\WINDOWS\SYSTEM32\dhcpcsvc.DLL
0x00007ff9676c0000 - 0x00007ff96778b000 	C:\WINDOWS\SYSTEM32\DNSAPI.dll

dbghelp: loaded successfully - version: 4.0.5 - missing functions: none
symbol engine: initialized successfully - sym options: 0x614 - pdb path: .;C:\Program Files\Android\Android Studio\jre\bin;C:\WINDOWS\SYSTEM32;C:\WINDOWS\WinSxS\amd64_microsoft.windows.common-controls_6595b64144ccf1df_6.0.19041.1110_none_60b5254171f9507e;C:\Program Files\Android\Android Studio\jre\bin\server;C:\Users\hp\gradle-7.2\native\e1d6ef7f7dcc3fd88c89a11ec53ec762bb8ba0a96d01ffa2cd45eb1d1d8dd5c5\windows-amd64;C:\Users\hp\gradle-7.2\native\5664cfc778a61ccfe75a443a1ab52a65af34e5dc3c78e0209fed803814484fcb\windows-amd64

VM Arguments:
jvm_args: --add-opens=java.base/java.util=ALL-UNNAMED --add-opens=java.base/java.lang=ALL-UNNAMED --add-opens=java.base/java.lang.invoke=ALL-UNNAMED --add-opens=java.base/java.util=ALL-UNNAMED --add-opens=java.prefs/java.util.prefs=ALL-UNNAMED --add-opens=java.prefs/java.util.prefs=ALL-UNNAMED --add-opens=java.base/java.nio.charset=ALL-UNNAMED --add-opens=java.base/java.net=ALL-UNNAMED --add-opens=java.base/java.util.concurrent.atomic=ALL-UNNAMED -Xmx2048m -Dfile.encoding=UTF-8 -Duser.country=US -Duser.language=en -Duser.variant 
java_command: org.gradle.launcher.daemon.bootstrap.GradleDaemon 7.2
java_class_path (initial): C:\Users\hp\gradle-7.2\wrapper\dists\gradle-7.2-bin\2dnblmf4td7x66yl1d74lt32g\gradle-7.2\lib\gradle-launcher-7.2.jar
Launcher Type: SUN_STANDARD

[Global flags]
     intx CICompilerCount                          = 4                                         {product} {ergonomic}
     uint ConcGCThreads                            = 2                                         {product} {ergonomic}
     uint G1ConcRefinementThreads                  = 8                                         {product} {ergonomic}
   size_t G1HeapRegionSize                         = 1048576                                   {product} {ergonomic}
    uintx GCDrainStackTargetSize                   = 64                                        {product} {ergonomic}
   size_t InitialHeapSize                          = 132120576                                 {product} {ergonomic}
   size_t MarkStackSize                            = 4194304                                   {product} {ergonomic}
   size_t MaxHeapSize                              = 2147483648                                {product} {command line}
   size_t MaxNewSize                               = 1287651328                                {product} {ergonomic}
   size_t MinHeapDeltaBytes                        = 1048576                                   {product} {ergonomic}
    uintx NonNMethodCodeHeapSize                   = 5836300                                {pd product} {ergonomic}
    uintx NonProfiledCodeHeapSize                  = 122910970                              {pd product} {ergonomic}
    uintx ProfiledCodeHeapSize                     = 122910970                              {pd product} {ergonomic}
    uintx ReservedCodeCacheSize                    = 251658240                              {pd product} {ergonomic}
     bool SegmentedCodeCache                       = true                                      {product} {ergonomic}
     bool UseCompressedClassPointers               = true                                 {lp64_product} {ergonomic}
     bool UseCompressedOops                        = true                                 {lp64_product} {ergonomic}
     bool UseG1GC                                  = true                                      {product} {ergonomic}
     bool UseLargePagesIndividualAllocation        = false                                  {pd product} {ergonomic}

Logging:
Log output configuration:
 #0: stdout all=warning uptime,level,tags
 #1: stderr all=off uptime,level,tags

Environment Variables:
JAVA_HOME=C:\Program Files\Java\jdk1.8.0_111
PATH=C:\Program Files\Common Files\Oracle\Java\javapath;C:\Program Files (x86)\Common Files\Oracle\Java\javapath;C:\Program Files\Microsoft MPI\Bin\;C:\ProgramData\Oracle\Java\javapath;C:\WINDOWS\system32;C:\WINDOWS;C:\WINDOWS\System32\Wbem;C:\WINDOWS\System32\WindowsPowerShell\v1.0\;C:\WINDOWS\System32\OpenSSH\;C:\Program Files (x86)\Microsoft SQL Server\140\Tools\Binn\;C:\Program Files\Microsoft SQL Server\140\Tools\Binn\;C:\Program Files (x86)\Microsoft SQL Server\140\DTS\Binn\;C:\Program Files\Microsoft SQL Server\140\DTS\Binn\;C:\src\flutter\bin;C:\xampp\php;C:\Program Files\Git\cmd;C:\ProgramData\ComposerSetup\bin;C:\flutter_sdk\flutter\bin;C:\Users\hp\AppData\Local\Programs\Microsoft VS Code\bin
USERNAME=hp
OS=Windows_NT
PROCESSOR_IDENTIFIER=Intel64 Family 6 Model 166 Stepping 0, GenuineIntel



---------------  S Y S T E M  ---------------

OS: Windows 10 , 64 bit Build 19041 (10.0.19041.1645)
OS uptime: 0 days 1:00 hours

CPU:total 8 (initial active 8) (4 cores per cpu, 2 threads per core) family 6 model 166 stepping 0 microcode 0xca, cmov, cx8, fxsr, mmx, sse, sse2, sse3, ssse3, sse4.1, sse4.2, popcnt, avx, avx2, aes, clmul, erms, 3dnowpref, lzcnt, ht, tsc, tscinvbit, bmi1, bmi2, adx, fma

Memory: 4k page, system-wide physical 7996M (302M free)
TotalPageFile size 24345M (AvailPageFile size 2M)
current process WorkingSet (physical memory assigned to process): 332M, peak: 332M
current process commit charge ("private bytes"): 375M, peak: 375M

vm_info: OpenJDK 64-Bit Server VM (11.0.11+9-b60-7590822) for windows-amd64 JRE (11.0.11+9-b60-7590822), built on Jul 29 2021 21:43:44 by "builder" with MS VC++ 14.0 (VS2015)

END.
