#
# There is insufficient memory for the Java Runtime Environment to continue.
# Native memory allocation (malloc) failed to allocate 1925616 bytes for Chunk::new
# Possible reasons:
#   The system is out of physical RAM or swap space
#   The process is running with CompressedOops enabled, and the Java Heap may be blocking the growth of the native heap
# Possible solutions:
#   Reduce memory load on the system
#   Increase physical memory or swap space
#   Check if swap backing store is full
#   Decrease Java heap size (-Xmx/-Xms)
#   Decrease number of Java threads
#   Decrease Java thread stack sizes (-Xss)
#   Set larger code cache with -XX:ReservedCodeCacheSize=
#   JVM is running with Unscaled Compressed Oops mode in which the Java heap is
#     placed in the first 4GB address space. The Java Heap base address is the
#     maximum limit for the native heap growth. Please use -XX:HeapBaseMinAddress
#     to set the Java Heap base and to place the Java Heap above 4GB virtual address.
# This output file may be truncated or incomplete.
#
#  Out of Memory Error (./src/hotspot/share/memory/arena.cpp:197), pid=17292, tid=14428
#
# JRE version: OpenJDK Runtime Environment (11.0.11+9) (build 11.0.11+9-b60-7590822)
# Java VM: OpenJDK 64-Bit Server VM (11.0.11+9-b60-7590822, mixed mode, tiered, compressed oops, g1 gc, windows-amd64)
# No core dump will be written. Minidumps are not enabled by default on client versions of Windows
#

---------------  S U M M A R Y ------------

Command Line: --add-opens=java.base/java.util=ALL-UNNAMED --add-opens=java.base/java.lang=ALL-UNNAMED --add-opens=java.base/java.lang.invoke=ALL-UNNAMED --add-opens=java.base/java.util=ALL-UNNAMED --add-opens=java.prefs/java.util.prefs=ALL-UNNAMED --add-opens=java.prefs/java.util.prefs=ALL-UNNAMED --add-opens=java.base/java.nio.charset=ALL-UNNAMED --add-opens=java.base/java.net=ALL-UNNAMED --add-opens=java.base/java.util.concurrent.atomic=ALL-UNNAMED -Xmx2048m -Dfile.encoding=UTF-8 -Duser.country=US -Duser.language=en -Duser.variant org.gradle.launcher.daemon.bootstrap.GradleDaemon 7.2

Host: Intel(R) Core(TM) i5-10210U CPU @ 1.60GHz, 8 cores, 7G,  Windows 10 , 64 bit Build 19041 (10.0.19041.1645)
Time: Fri Apr 15 17:58:35 2022 West Bank Gaza Daylight Time elapsed time: 11.391073 seconds (0d 0h 0m 11s)

---------------  T H R E A D  ---------------

Current thread (0x00000211f9a26800):  JavaThread "C2 CompilerThread0" daemon [_thread_in_native, id=14428, stack(0x000000a900700000,0x000000a900800000)]


Current CompileTask:
C2:  11391 6527       4       groovy.lang.MetaClassImpl$1MOPIter::methodNameAction (325 bytes)

Stack: [0x000000a900700000,0x000000a900800000]
Native frames: (J=compiled Java code, j=interpreted, Vv=VM code, C=native code)
V  [jvm.dll+0x5f214a]
V  [jvm.dll+0x726fb5]
V  [jvm.dll+0x7285cd]
V  [jvm.dll+0x728c83]
V  [jvm.dll+0x243278]
V  [jvm.dll+0xbc53c]
V  [jvm.dll+0xbca3c]
V  [jvm.dll+0x353e3b]
V  [jvm.dll+0x321893]
V  [jvm.dll+0x320d8a]
V  [jvm.dll+0x1fc1e2]
V  [jvm.dll+0x1fb3d4]
V  [jvm.dll+0x183d6c]
V  [jvm.dll+0x209a57]
V  [jvm.dll+0x2082a1]
V  [jvm.dll+0x6ef58f]
V  [jvm.dll+0x6e80b5]
V  [jvm.dll+0x5f1036]
C  [ucrtbase.dll+0x21bb2]
C  [KERNEL32.DLL+0x17034]
C  [ntdll.dll+0x52651]


---------------  P R O C E S S  ---------------

Threads class SMR info:
_java_thread_list=0x0000021181b5c5d0, length=123, elements={
0x00000211df57e800, 0x00000211fa24c000, 0x00000211fa24d800, 0x00000211fa26a800,
0x00000211fa26b800, 0x00000211fa26d000, 0x00000211f9a26800, 0x00000211f9a32800,
0x00000211f9a39800, 0x00000211f9a34800, 0x00000211f9a35000, 0x00000211f9a33800,
0x00000211f9a36000, 0x00000211f9a30000, 0x00000211f9a31000, 0x00000211f9a32000,
0x00000211f9a36800, 0x00000211fc51f000, 0x00000211fc51e800, 0x00000211fc51b000,
0x00000211fc51c000, 0x00000211fc520000, 0x00000211fc51c800, 0x00000211fc51d800,
0x00000211fc51a000, 0x00000211fc525800, 0x00000211fc523000, 0x00000211fc524000,
0x00000211fc525000, 0x00000211fc521800, 0x00000211fc527800, 0x00000211fc528000,
0x00000211fc522800, 0x00000211fdd07000, 0x00000211fdd05800, 0x00000211fdd06000,
0x00000211fdd08000, 0x00000211fdd02000, 0x00000211fdd08800, 0x00000211fdd03000,
0x00000211fdd0f000, 0x00000211fdd0e800, 0x00000211fdd0c000, 0x00000211fdd0b000,
0x00000211fdd0d800, 0x00000211fdd09800, 0x00000211fdd10000, 0x00000211fdd0c800,
0x00000211fdd0a800, 0x00000211fdd11000, 0x00000211fc519800, 0x000002118036e000,
0x0000021180370000, 0x0000021180370800, 0x0000021180371800, 0x0000021180373000,
0x0000021180372800, 0x0000021180374000, 0x0000021180374800, 0x000002118036f000,
0x0000021180376800, 0x0000021180379000, 0x0000021180375800, 0x000002118037b800,
0x0000021180379800, 0x000002118037a800, 0x0000021180377000, 0x000002118037d000,
0x0000021180378000, 0x000002118037c000, 0x0000021181049000, 0x000002118104b000,
0x000002118104b800, 0x0000021181047000, 0x000002118104a000, 0x0000021181046000,
0x0000021181048800, 0x000002118104c800, 0x000002118104d800, 0x0000021181047800,
0x0000021181050000, 0x0000021181052000, 0x0000021181053000, 0x000002118104e000,
0x0000021181051800, 0x0000021181054800, 0x000002118104f000, 0x0000021181050800,
0x0000021181054000, 0x00000211812e0000, 0x00000211812de800, 0x00000211812dd800,
0x00000211812e1000, 0x00000211812df000, 0x00000211812e1800, 0x00000211812dc800,
0x00000211812dc000, 0x00000211812e5800, 0x00000211812e8000, 0x00000211812e7800,
0x00000211812e6800, 0x00000211812e2800, 0x00000211812e9000, 0x00000211812e4000,
0x00000211812e3800, 0x00000211812e5000, 0x00000211812ea000, 0x00000211812ea800,
0x000002118034f000, 0x0000021180353000, 0x0000021180354000, 0x0000021180350000,
0x0000021180352800, 0x000002118034e800, 0x0000021180355000, 0x0000021180355800,
0x0000021180356800, 0x0000021180350800, 0x0000021180357800, 0x0000021180351800,
0x000002118035d000, 0x000002118035a800, 0x0000021180359800
}

Java Threads: ( => current thread )
  0x00000211df57e800 JavaThread "main" [_thread_blocked, id=18684, stack(0x000000a97fb00000,0x000000a97fc00000)]
  0x00000211fa24c000 JavaThread "Reference Handler" daemon [_thread_blocked, id=19220, stack(0x000000a900200000,0x000000a900300000)]
  0x00000211fa24d800 JavaThread "Finalizer" daemon [_thread_blocked, id=9592, stack(0x000000a900300000,0x000000a900400000)]
  0x00000211fa26a800 JavaThread "Signal Dispatcher" daemon [_thread_blocked, id=11876, stack(0x000000a900400000,0x000000a900500000)]
  0x00000211fa26b800 JavaThread "Attach Listener" daemon [_thread_blocked, id=20004, stack(0x000000a900500000,0x000000a900600000)]
  0x00000211fa26d000 JavaThread "Service Thread" daemon [_thread_blocked, id=20172, stack(0x000000a900600000,0x000000a900700000)]
=>0x00000211f9a26800 JavaThread "C2 CompilerThread0" daemon [_thread_in_native, id=14428, stack(0x000000a900700000,0x000000a900800000)]
  0x00000211f9a32800 JavaThread "C1 CompilerThread0" daemon [_thread_blocked, id=8136, stack(0x000000a900800000,0x000000a900900000)]
  0x00000211f9a39800 JavaThread "Sweeper thread" daemon [_thread_blocked, id=3888, stack(0x000000a900900000,0x000000a900a00000)]
  0x00000211f9a34800 JavaThread "Common-Cleaner" daemon [_thread_blocked, id=7220, stack(0x000000a900a00000,0x000000a900b00000)]
  0x00000211f9a35000 JavaThread "Daemon health stats" [_thread_blocked, id=2584, stack(0x000000a900f00000,0x000000a901000000)]
  0x00000211f9a33800 JavaThread "Incoming local TCP Connector on port 50296" [_thread_in_native, id=11664, stack(0x000000a900c00000,0x000000a900d00000)]
  0x00000211f9a36000 JavaThread "Daemon periodic checks" [_thread_blocked, id=9844, stack(0x000000a901000000,0x000000a901100000)]
  0x00000211f9a30000 JavaThread "Daemon" [_thread_blocked, id=19436, stack(0x000000a901100000,0x000000a901200000)]
  0x00000211f9a31000 JavaThread "Handler for socket connection from /127.0.0.1:50296 to /127.0.0.1:50297" [_thread_in_native, id=13940, stack(0x000000a901200000,0x000000a901300000)]
  0x00000211f9a32000 JavaThread "Cancel handler" [_thread_blocked, id=16988, stack(0x000000a901300000,0x000000a901400000)]
  0x00000211f9a36800 JavaThread "Daemon worker" [_thread_in_vm, id=19612, stack(0x000000a901400000,0x000000a901500000)]
  0x00000211fc51f000 JavaThread "Asynchronous log dispatcher for DefaultDaemonConnection: socket connection from /127.0.0.1:50296 to /127.0.0.1:50297" [_thread_blocked, id=19128, stack(0x000000a901500000,0x000000a901600000)]
  0x00000211fc51e800 JavaThread "Stdin handler" [_thread_blocked, id=17552, stack(0x000000a901600000,0x000000a901700000)]
  0x00000211fc51b000 JavaThread "Daemon client event forwarder" [_thread_blocked, id=12284, stack(0x000000a901700000,0x000000a901800000)]
  0x00000211fc51c000 JavaThread "Cache worker for journal cache (C:\Users\hp\gradle-7.2\caches\journal-1)" [_thread_blocked, id=2128, stack(0x000000a901e00000,0x000000a901f00000)]
  0x00000211fc520000 JavaThread "File lock request listener" [_thread_in_native, id=17692, stack(0x000000a901f00000,0x000000a902000000)]
  0x00000211fc51c800 JavaThread "Cache worker for file hash cache (C:\Users\hp\gradle-7.2\caches\7.2\fileHashes)" [_thread_blocked, id=17672, stack(0x000000a902000000,0x000000a902100000)]
  0x00000211fc51d800 JavaThread "Cache worker for file hash cache (D:\ProjectAndroid\Cashier\.gradle\7.2\fileHashes)" [_thread_blocked, id=1652, stack(0x000000a901800000,0x000000a901900000)]
  0x00000211fc51a000 JavaThread "File watcher server" daemon [_thread_in_native, id=10228, stack(0x000000a902300000,0x000000a902400000)]
  0x00000211fc525800 JavaThread "File watcher consumer" daemon [_thread_blocked, id=1664, stack(0x000000a902400000,0x000000a902500000)]
  0x00000211fc523000 JavaThread "Cache worker for checksums cache (D:\ProjectAndroid\Cashier\.gradle\checksums)" [_thread_blocked, id=5600, stack(0x000000a902500000,0x000000a902600000)]
  0x00000211fc524000 JavaThread "Cache worker for cache directory md-supplier (C:\Users\hp\gradle-7.2\caches\7.2\md-supplier)" [_thread_blocked, id=19048, stack(0x000000a902600000,0x000000a902700000)]
  0x00000211fc525000 JavaThread "Cache worker for cache directory md-rule (C:\Users\hp\gradle-7.2\caches\7.2\md-rule)" [_thread_blocked, id=984, stack(0x000000a902700000,0x000000a902800000)]
  0x00000211fc521800 JavaThread "Cache worker for execution history cache (C:\Users\hp\gradle-7.2\caches\7.2\executionHistory)" [_thread_blocked, id=8840, stack(0x000000a902800000,0x000000a902900000)]
  0x00000211fc527800 JavaThread "jar transforms" [_thread_blocked, id=5040, stack(0x000000a902900000,0x000000a902a00000)]
  0x00000211fc528000 JavaThread "jar transforms Thread 2" [_thread_blocked, id=17932, stack(0x000000a902a00000,0x000000a902b00000)]
  0x00000211fc522800 JavaThread "Cache worker for file content cache (C:\Users\hp\gradle-7.2\caches\7.2\fileContent)" [_thread_blocked, id=6472, stack(0x000000a902b00000,0x000000a902c00000)]
  0x00000211fdd07000 JavaThread "Cache worker for dependencies-accessors (D:\ProjectAndroid\Cashier\.gradle\7.2\dependencies-accessors)" [_thread_blocked, id=17720, stack(0x000000a902c00000,0x000000a902d00000)]
  0x00000211fdd05800 JavaThread "jar transforms Thread 3" [_thread_blocked, id=9552, stack(0x000000a902d00000,0x000000a902e00000)]
  0x00000211fdd06000 JavaThread "Cache worker for Build Output Cleanup Cache (D:\ProjectAndroid\Cashier\.gradle\buildOutputCleanup)" [_thread_blocked, id=13216, stack(0x000000a902e00000,0x000000a902f00000)]
  0x00000211fdd08000 JavaThread "C2 CompilerThread1" daemon [_thread_in_native, id=16000, stack(0x000000a902200000,0x000000a902300000)]
  0x00000211fdd02000 JavaThread "Unconstrained build operations" [_thread_blocked, id=18132, stack(0x000000a902f00000,0x000000a903000000)]
  0x00000211fdd08800 JavaThread "Unconstrained build operations Thread 2" [_thread_blocked, id=18384, stack(0x000000a903000000,0x000000a903100000)]
  0x00000211fdd03000 JavaThread "Unconstrained build operations Thread 3" [_thread_blocked, id=18624, stack(0x000000a903100000,0x000000a903200000)]
  0x00000211fdd0f000 JavaThread "Unconstrained build operations Thread 4" [_thread_blocked, id=19416, stack(0x000000a903200000,0x000000a903300000)]
  0x00000211fdd0e800 JavaThread "Unconstrained build operations Thread 5" [_thread_blocked, id=19296, stack(0x000000a903300000,0x000000a903400000)]
  0x00000211fdd0c000 JavaThread "Unconstrained build operations Thread 6" [_thread_blocked, id=7132, stack(0x000000a903400000,0x000000a903500000)]
  0x00000211fdd0b000 JavaThread "Unconstrained build operations Thread 7" [_thread_blocked, id=17996, stack(0x000000a903500000,0x000000a903600000)]
  0x00000211fdd0d800 JavaThread "Unconstrained build operations Thread 8" [_thread_blocked, id=3612, stack(0x000000a903600000,0x000000a903700000)]
  0x00000211fdd09800 JavaThread "Unconstrained build operations Thread 9" [_thread_blocked, id=19552, stack(0x000000a903700000,0x000000a903800000)]
  0x00000211fdd10000 JavaThread "Unconstrained build operations Thread 10" [_thread_blocked, id=11352, stack(0x000000a903800000,0x000000a903900000)]
  0x00000211fdd0c800 JavaThread "Unconstrained build operations Thread 11" [_thread_blocked, id=11096, stack(0x000000a903900000,0x000000a903a00000)]
  0x00000211fdd0a800 JavaThread "Unconstrained build operations Thread 12" [_thread_blocked, id=2576, stack(0x000000a903a00000,0x000000a903b00000)]
  0x00000211fdd11000 JavaThread "Unconstrained build operations Thread 13" [_thread_blocked, id=708, stack(0x000000a903b00000,0x000000a903c00000)]
  0x00000211fc519800 JavaThread "Unconstrained build operations Thread 14" [_thread_blocked, id=6764, stack(0x000000a903c00000,0x000000a903d00000)]
  0x000002118036e000 JavaThread "Unconstrained build operations Thread 15" [_thread_blocked, id=12844, stack(0x000000a903d00000,0x000000a903e00000)]
  0x0000021180370000 JavaThread "Unconstrained build operations Thread 16" [_thread_blocked, id=6956, stack(0x000000a903e00000,0x000000a903f00000)]
  0x0000021180370800 JavaThread "Unconstrained build operations Thread 17" [_thread_blocked, id=9940, stack(0x000000a903f00000,0x000000a904000000)]
  0x0000021180371800 JavaThread "Unconstrained build operations Thread 18" [_thread_blocked, id=18776, stack(0x000000a904000000,0x000000a904100000)]
  0x0000021180373000 JavaThread "Unconstrained build operations Thread 19" [_thread_blocked, id=12324, stack(0x000000a904100000,0x000000a904200000)]
  0x0000021180372800 JavaThread "Unconstrained build operations Thread 20" [_thread_blocked, id=1328, stack(0x000000a904200000,0x000000a904300000)]
  0x0000021180374000 JavaThread "Unconstrained build operations Thread 21" [_thread_blocked, id=20188, stack(0x000000a904300000,0x000000a904400000)]
  0x0000021180374800 JavaThread "Unconstrained build operations Thread 22" [_thread_blocked, id=9932, stack(0x000000a904400000,0x000000a904500000)]
  0x000002118036f000 JavaThread "Unconstrained build operations Thread 23" [_thread_blocked, id=5508, stack(0x000000a904500000,0x000000a904600000)]
  0x0000021180376800 JavaThread "Unconstrained build operations Thread 24" [_thread_blocked, id=3904, stack(0x000000a904600000,0x000000a904700000)]
  0x0000021180379000 JavaThread "Unconstrained build operations Thread 25" [_thread_blocked, id=18584, stack(0x000000a904700000,0x000000a904800000)]
  0x0000021180375800 JavaThread "Unconstrained build operations Thread 26" [_thread_blocked, id=16504, stack(0x000000a904800000,0x000000a904900000)]
  0x000002118037b800 JavaThread "Unconstrained build operations Thread 27" [_thread_blocked, id=18724, stack(0x000000a904900000,0x000000a904a00000)]
  0x0000021180379800 JavaThread "Unconstrained build operations Thread 28" [_thread_blocked, id=11384, stack(0x000000a904a00000,0x000000a904b00000)]
  0x000002118037a800 JavaThread "Unconstrained build operations Thread 29" [_thread_blocked, id=11160, stack(0x000000a904b00000,0x000000a904c00000)]
  0x0000021180377000 JavaThread "Unconstrained build operations Thread 30" [_thread_blocked, id=1540, stack(0x000000a904c00000,0x000000a904d00000)]
  0x000002118037d000 JavaThread "Unconstrained build operations Thread 31" [_thread_blocked, id=7708, stack(0x000000a904d00000,0x000000a904e00000)]
  0x0000021180378000 JavaThread "Unconstrained build operations Thread 32" [_thread_blocked, id=7024, stack(0x000000a904e00000,0x000000a904f00000)]
  0x000002118037c000 JavaThread "Unconstrained build operations Thread 33" [_thread_blocked, id=17540, stack(0x000000a904f00000,0x000000a905000000)]
  0x0000021181049000 JavaThread "Unconstrained build operations Thread 34" [_thread_blocked, id=18636, stack(0x000000a905000000,0x000000a905100000)]
  0x000002118104b000 JavaThread "Unconstrained build operations Thread 35" [_thread_blocked, id=18848, stack(0x000000a905100000,0x000000a905200000)]
  0x000002118104b800 JavaThread "Unconstrained build operations Thread 36" [_thread_blocked, id=18852, stack(0x000000a905200000,0x000000a905300000)]
  0x0000021181047000 JavaThread "Unconstrained build operations Thread 37" [_thread_blocked, id=15608, stack(0x000000a905300000,0x000000a905400000)]
  0x000002118104a000 JavaThread "Unconstrained build operations Thread 38" [_thread_blocked, id=10292, stack(0x000000a905400000,0x000000a905500000)]
  0x0000021181046000 JavaThread "Unconstrained build operations Thread 39" [_thread_blocked, id=1612, stack(0x000000a905500000,0x000000a905600000)]
  0x0000021181048800 JavaThread "Unconstrained build operations Thread 40" [_thread_blocked, id=19500, stack(0x000000a905600000,0x000000a905700000)]
  0x000002118104c800 JavaThread "Unconstrained build operations Thread 41" [_thread_blocked, id=8168, stack(0x000000a905700000,0x000000a905800000)]
  0x000002118104d800 JavaThread "Unconstrained build operations Thread 42" [_thread_blocked, id=14376, stack(0x000000a905800000,0x000000a905900000)]
  0x0000021181047800 JavaThread "Unconstrained build operations Thread 43" [_thread_blocked, id=16652, stack(0x000000a905900000,0x000000a905a00000)]
  0x0000021181050000 JavaThread "Unconstrained build operations Thread 44" [_thread_blocked, id=16692, stack(0x000000a905a00000,0x000000a905b00000)]
  0x0000021181052000 JavaThread "Unconstrained build operations Thread 45" [_thread_blocked, id=2336, stack(0x000000a905b00000,0x000000a905c00000)]
  0x0000021181053000 JavaThread "Unconstrained build operations Thread 46" [_thread_blocked, id=16532, stack(0x000000a905c00000,0x000000a905d00000)]
  0x000002118104e000 JavaThread "Unconstrained build operations Thread 47" [_thread_blocked, id=6348, stack(0x000000a905d00000,0x000000a905e00000)]
  0x0000021181051800 JavaThread "Unconstrained build operations Thread 48" [_thread_blocked, id=4632, stack(0x000000a905e00000,0x000000a905f00000)]
  0x0000021181054800 JavaThread "Unconstrained build operations Thread 49" [_thread_blocked, id=19892, stack(0x000000a905f00000,0x000000a906000000)]
  0x000002118104f000 JavaThread "Unconstrained build operations Thread 50" [_thread_blocked, id=8032, stack(0x000000a906000000,0x000000a906100000)]
  0x0000021181050800 JavaThread "Unconstrained build operations Thread 51" [_thread_blocked, id=18420, stack(0x000000a906100000,0x000000a906200000)]
  0x0000021181054000 JavaThread "Unconstrained build operations Thread 52" [_thread_blocked, id=11908, stack(0x000000a906200000,0x000000a906300000)]
  0x00000211812e0000 JavaThread "Unconstrained build operations Thread 53" [_thread_blocked, id=7904, stack(0x000000a906300000,0x000000a906400000)]
  0x00000211812de800 JavaThread "Unconstrained build operations Thread 54" [_thread_blocked, id=18208, stack(0x000000a906400000,0x000000a906500000)]
  0x00000211812dd800 JavaThread "Unconstrained build operations Thread 55" [_thread_blocked, id=11812, stack(0x000000a906500000,0x000000a906600000)]
  0x00000211812e1000 JavaThread "Unconstrained build operations Thread 56" [_thread_blocked, id=17520, stack(0x000000a906600000,0x000000a906700000)]
  0x00000211812df000 JavaThread "Unconstrained build operations Thread 57" [_thread_blocked, id=3664, stack(0x000000a906700000,0x000000a906800000)]
  0x00000211812e1800 JavaThread "Unconstrained build operations Thread 58" [_thread_blocked, id=6456, stack(0x000000a906800000,0x000000a906900000)]
  0x00000211812dc800 JavaThread "Unconstrained build operations Thread 59" [_thread_blocked, id=12276, stack(0x000000a906900000,0x000000a906a00000)]
  0x00000211812dc000 JavaThread "Unconstrained build operations Thread 60" [_thread_blocked, id=16248, stack(0x000000a906a00000,0x000000a906b00000)]
  0x00000211812e5800 JavaThread "Unconstrained build operations Thread 61" [_thread_blocked, id=11824, stack(0x000000a906b00000,0x000000a906c00000)]
  0x00000211812e8000 JavaThread "Unconstrained build operations Thread 62" [_thread_blocked, id=14116, stack(0x000000a906c00000,0x000000a906d00000)]
  0x00000211812e7800 JavaThread "Unconstrained build operations Thread 63" [_thread_blocked, id=19464, stack(0x000000a906d00000,0x000000a906e00000)]
  0x00000211812e6800 JavaThread "Unconstrained build operations Thread 64" [_thread_blocked, id=2788, stack(0x000000a906e00000,0x000000a906f00000)]
  0x00000211812e2800 JavaThread "Unconstrained build operations Thread 65" [_thread_blocked, id=11996, stack(0x000000a906f00000,0x000000a907000000)]
  0x00000211812e9000 JavaThread "Unconstrained build operations Thread 66" [_thread_blocked, id=14192, stack(0x000000a907000000,0x000000a907100000)]
  0x00000211812e4000 JavaThread "Unconstrained build operations Thread 67" [_thread_blocked, id=3912, stack(0x000000a907100000,0x000000a907200000)]
  0x00000211812e3800 JavaThread "Unconstrained build operations Thread 68" [_thread_blocked, id=19252, stack(0x000000a907200000,0x000000a907300000)]
  0x00000211812e5000 JavaThread "Unconstrained build operations Thread 69" [_thread_blocked, id=2136, stack(0x000000a907300000,0x000000a907400000)]
  0x00000211812ea000 JavaThread "Unconstrained build operations Thread 70" [_thread_blocked, id=12224, stack(0x000000a907400000,0x000000a907500000)]
  0x00000211812ea800 JavaThread "Unconstrained build operations Thread 71" [_thread_blocked, id=19108, stack(0x000000a907500000,0x000000a907600000)]
  0x000002118034f000 JavaThread "Unconstrained build operations Thread 72" [_thread_blocked, id=18152, stack(0x000000a907600000,0x000000a907700000)]
  0x0000021180353000 JavaThread "Unconstrained build operations Thread 73" [_thread_blocked, id=8672, stack(0x000000a907700000,0x000000a907800000)]
  0x0000021180354000 JavaThread "Unconstrained build operations Thread 74" [_thread_blocked, id=10652, stack(0x000000a907800000,0x000000a907900000)]
  0x0000021180350000 JavaThread "Unconstrained build operations Thread 75" [_thread_blocked, id=8588, stack(0x000000a907900000,0x000000a907a00000)]
  0x0000021180352800 JavaThread "Unconstrained build operations Thread 76" [_thread_blocked, id=19496, stack(0x000000a907a00000,0x000000a907b00000)]
  0x000002118034e800 JavaThread "Unconstrained build operations Thread 77" [_thread_blocked, id=7944, stack(0x000000a907b00000,0x000000a907c00000)]
  0x0000021180355000 JavaThread "Unconstrained build operations Thread 78" [_thread_blocked, id=2816, stack(0x000000a907c00000,0x000000a907d00000)]
  0x0000021180355800 JavaThread "Unconstrained build operations Thread 79" [_thread_blocked, id=8724, stack(0x000000a907d00000,0x000000a907e00000)]
  0x0000021180356800 JavaThread "Unconstrained build operations Thread 80" [_thread_blocked, id=6504, stack(0x000000a907e00000,0x000000a907f00000)]
  0x0000021180350800 JavaThread "jar transforms Thread 4" [_thread_blocked, id=19628, stack(0x000000a907f00000,0x000000a908000000)]
  0x0000021180357800 JavaThread "jar transforms Thread 5" [_thread_blocked, id=18144, stack(0x000000a908000000,0x000000a908100000)]
  0x0000021180351800 JavaThread "jar transforms Thread 6" [_thread_blocked, id=17752, stack(0x000000a908100000,0x000000a908200000)]
  0x000002118035d000 JavaThread "jar transforms Thread 7" [_thread_blocked, id=2564, stack(0x000000a908200000,0x000000a908300000)]
  0x000002118035a800 JavaThread "jar transforms Thread 8" [_thread_blocked, id=11172, stack(0x000000a908300000,0x000000a908400000)]
  0x0000021180359800 JavaThread "Memory manager" [_thread_blocked, id=7188, stack(0x000000a908400000,0x000000a908500000)]

Other Threads:
  0x00000211fa246800 VMThread "VM Thread" [stack: 0x000000a900100000,0x000000a900200000] [id=18068]
  0x00000211fa452800 WatcherThread [stack: 0x000000a900b00000,0x000000a900c00000] [id=17528]
  0x00000211df596800 GCTaskThread "GC Thread#0" [stack: 0x000000a97fc00000,0x000000a97fd00000] [id=1616]
  0x00000211fb2f8000 GCTaskThread "GC Thread#1" [stack: 0x000000a900d00000,0x000000a900e00000] [id=13984]
  0x00000211fb248800 GCTaskThread "GC Thread#2" [stack: 0x000000a900e00000,0x000000a900f00000] [id=17864]
  0x00000211fd441800 GCTaskThread "GC Thread#3" [stack: 0x000000a901900000,0x000000a901a00000] [id=11720]
  0x00000211fc2db800 GCTaskThread "GC Thread#4" [stack: 0x000000a901a00000,0x000000a901b00000] [id=3204]
  0x00000211fb39d000 GCTaskThread "GC Thread#5" [stack: 0x000000a901b00000,0x000000a901c00000] [id=1936]
  0x00000211fc4e3000 GCTaskThread "GC Thread#6" [stack: 0x000000a901c00000,0x000000a901d00000] [id=19484]
  0x00000211fba95800 GCTaskThread "GC Thread#7" [stack: 0x000000a901d00000,0x000000a901e00000] [id=6452]
  0x00000211df5c6800 ConcurrentGCThread "G1 Main Marker" [stack: 0x000000a97fd00000,0x000000a97fe00000] [id=2672]
  0x00000211df5c8000 ConcurrentGCThread "G1 Conc#0" [stack: 0x000000a97fe00000,0x000000a97ff00000] [id=18712]
  0x00000211fcdd7800 ConcurrentGCThread "G1 Conc#1" [stack: 0x000000a902100000,0x000000a902200000] [id=3092]
  0x00000211df657800 ConcurrentGCThread "G1 Refine#0" [stack: 0x000000a97ff00000,0x000000a980000000] [id=18236]
  0x00000211f9850800 ConcurrentGCThread "G1 Young RemSet Sampling" [stack: 0x000000a900000000,0x000000a900100000] [id=9244]

Threads with active compile tasks:
C2 CompilerThread0  11436 6527       4       groovy.lang.MetaClassImpl$1MOPIter::methodNameAction (325 bytes)
C2 CompilerThread1  11436 6508       4       java.lang.Class::getMethodsRecursive (99 bytes)

VM state:not at safepoint (normal execution)

VM Mutex/Monitor currently owned by a thread: None

Heap address: 0x0000000080000000, size: 2048 MB, Compressed Oops mode: 32-bit
Narrow klass base: 0x0000000000000000, Narrow klass shift: 3
Compressed class space size: 1073741824 Address: 0x0000000100000000

Heap:
 garbage-first heap   total 155648K, used 111302K [0x0000000080000000, 0x0000000100000000)
  region size 1024K, 67 young (68608K), 7 survivors (7168K)
 Metaspace       used 65639K, capacity 67319K, committed 67584K, reserved 1107968K
  class space    used 8345K, capacity 8985K, committed 9036K, reserved 1048576K
Heap Regions: E=young(eden), S=young(survivor), O=old, HS=humongous(starts), HC=humongous(continues), CS=collection set, F=free, A=archive, TAMS=top-at-mark-start (previous, next)
|   0|0x0000000080000000, 0x0000000080100000, 0x0000000080100000|100%| O|  |TAMS 0x0000000080100000, 0x0000000080000000| Untracked 
|   1|0x0000000080100000, 0x0000000080200000, 0x0000000080200000|100%| O|  |TAMS 0x0000000080200000, 0x0000000080100000| Untracked 
|   2|0x0000000080200000, 0x0000000080300000, 0x0000000080300000|100%| O|  |TAMS 0x0000000080300000, 0x0000000080200000| Untracked 
|   3|0x0000000080300000, 0x0000000080400000, 0x0000000080400000|100%|HS|  |TAMS 0x0000000080400000, 0x0000000080300000| Complete 
|   4|0x0000000080400000, 0x0000000080500000, 0x0000000080500000|100%|HC|  |TAMS 0x0000000080500000, 0x0000000080400000| Complete 
|   5|0x0000000080500000, 0x0000000080600000, 0x0000000080600000|100%|HC|  |TAMS 0x0000000080600000, 0x0000000080500000| Complete 
|   6|0x0000000080600000, 0x0000000080700000, 0x0000000080700000|100%| O|  |TAMS 0x0000000080700000, 0x0000000080600000| Untracked 
|   7|0x0000000080700000, 0x0000000080800000, 0x0000000080800000|100%| O|  |TAMS 0x0000000080800000, 0x0000000080700000| Untracked 
|   8|0x0000000080800000, 0x0000000080900000, 0x0000000080900000|100%| O|  |TAMS 0x0000000080900000, 0x0000000080800000| Untracked 
|   9|0x0000000080900000, 0x0000000080a00000, 0x0000000080a00000|100%| O|  |TAMS 0x0000000080a00000, 0x0000000080900000| Untracked 
|  10|0x0000000080a00000, 0x0000000080b00000, 0x0000000080b00000|100%| O|  |TAMS 0x0000000080b00000, 0x0000000080a00000| Untracked 
|  11|0x0000000080b00000, 0x0000000080c00000, 0x0000000080c00000|100%| O|  |TAMS 0x0000000080c00000, 0x0000000080b00000| Untracked 
|  12|0x0000000080c00000, 0x0000000080d00000, 0x0000000080d00000|100%| O|  |TAMS 0x0000000080d00000, 0x0000000080c00000| Untracked 
|  13|0x0000000080d00000, 0x0000000080e00000, 0x0000000080e00000|100%| O|  |TAMS 0x0000000080e00000, 0x0000000080d00000| Untracked 
|  14|0x0000000080e00000, 0x0000000080f00000, 0x0000000080f00000|100%| O|  |TAMS 0x0000000080f00000, 0x0000000080e00000| Untracked 
|  15|0x0000000080f00000, 0x0000000081000000, 0x0000000081000000|100%| O|  |TAMS 0x0000000081000000, 0x0000000080f00000| Untracked 
|  16|0x0000000081000000, 0x0000000081100000, 0x0000000081100000|100%|HS|  |TAMS 0x0000000081100000, 0x0000000081000000| Complete 
|  17|0x0000000081100000, 0x0000000081200000, 0x0000000081200000|100%| O|  |TAMS 0x0000000081200000, 0x0000000081100000| Untracked 
|  18|0x0000000081200000, 0x0000000081300000, 0x0000000081300000|100%| O|  |TAMS 0x0000000081300000, 0x0000000081200000| Untracked 
|  19|0x0000000081300000, 0x0000000081400000, 0x0000000081400000|100%| O|  |TAMS 0x0000000081400000, 0x0000000081300000| Untracked 
|  20|0x0000000081400000, 0x0000000081500000, 0x0000000081500000|100%| O|  |TAMS 0x0000000081500000, 0x0000000081400000| Untracked 
|  21|0x0000000081500000, 0x0000000081600000, 0x0000000081600000|100%| O|  |TAMS 0x0000000081600000, 0x0000000081500000| Untracked 
|  22|0x0000000081600000, 0x0000000081700000, 0x0000000081700000|100%| O|  |TAMS 0x0000000081700000, 0x0000000081600000| Untracked 
|  23|0x0000000081700000, 0x0000000081800000, 0x0000000081800000|100%|HS|  |TAMS 0x0000000081800000, 0x0000000081700000| Complete 
|  24|0x0000000081800000, 0x0000000081900000, 0x0000000081900000|100%|HS|  |TAMS 0x0000000081900000, 0x0000000081800000| Complete 
|  25|0x0000000081900000, 0x0000000081a00000, 0x0000000081a00000|100%|HS|  |TAMS 0x0000000081a00000, 0x0000000081900000| Complete 
|  26|0x0000000081a00000, 0x0000000081b00000, 0x0000000081b00000|100%|HC|  |TAMS 0x0000000081b00000, 0x0000000081a00000| Complete 
|  27|0x0000000081b00000, 0x0000000081c00000, 0x0000000081c00000|100%| O|  |TAMS 0x0000000081c00000, 0x0000000081b00000| Untracked 
|  28|0x0000000081c00000, 0x0000000081d00000, 0x0000000081d00000|100%| O|  |TAMS 0x0000000081d00000, 0x0000000081c00000| Untracked 
|  29|0x0000000081d00000, 0x0000000081e00000, 0x0000000081e00000|100%| O|  |TAMS 0x0000000081e00000, 0x0000000081d00000| Untracked 
|  30|0x0000000081e00000, 0x0000000081f00000, 0x0000000081f00000|100%| O|  |TAMS 0x0000000081f00000, 0x0000000081e00000| Untracked 
|  31|0x0000000081f00000, 0x0000000082000000, 0x0000000082000000|100%| O|  |TAMS 0x0000000082000000, 0x0000000081f00000| Untracked 
|  32|0x0000000082000000, 0x0000000082100000, 0x0000000082100000|100%| O|  |TAMS 0x0000000082100000, 0x0000000082000000| Untracked 
|  33|0x0000000082100000, 0x0000000082200000, 0x0000000082200000|100%| O|  |TAMS 0x0000000082200000, 0x0000000082100000| Untracked 
|  34|0x0000000082200000, 0x0000000082300000, 0x0000000082300000|100%| O|  |TAMS 0x0000000082300000, 0x0000000082200000| Untracked 
|  35|0x0000000082300000, 0x0000000082400000, 0x0000000082400000|100%| O|  |TAMS 0x0000000082400000, 0x0000000082300000| Untracked 
|  36|0x0000000082400000, 0x0000000082500000, 0x0000000082500000|100%| O|  |TAMS 0x0000000082500000, 0x0000000082400000| Untracked 
|  37|0x0000000082500000, 0x0000000082600000, 0x0000000082600000|100%| O|  |TAMS 0x0000000082600000, 0x0000000082500000| Untracked 
|  38|0x0000000082600000, 0x0000000082700000, 0x0000000082700000|100%| O|  |TAMS 0x0000000082700000, 0x0000000082600000| Untracked 
|  39|0x0000000082700000, 0x0000000082800000, 0x0000000082800000|100%| O|  |TAMS 0x0000000082800000, 0x0000000082700000| Untracked 
|  40|0x0000000082800000, 0x0000000082900000, 0x0000000082900000|100%| O|  |TAMS 0x0000000082900000, 0x0000000082800000| Untracked 
|  41|0x0000000082900000, 0x0000000082a00000, 0x0000000082a00000|100%| O|  |TAMS 0x0000000082a00000, 0x0000000082900000| Untracked 
|  42|0x0000000082a00000, 0x0000000082ad3600, 0x0000000082b00000| 82%| O|  |TAMS 0x0000000082ad3600, 0x0000000082a00000| Untracked 
|  43|0x0000000082b00000, 0x0000000082b00000, 0x0000000082c00000|  0%| F|  |TAMS 0x0000000082b00000, 0x0000000082b00000| Untracked 
|  44|0x0000000082c00000, 0x0000000082c00000, 0x0000000082d00000|  0%| F|  |TAMS 0x0000000082c00000, 0x0000000082c00000| Untracked 
|  45|0x0000000082d00000, 0x0000000082d00000, 0x0000000082e00000|  0%| F|  |TAMS 0x0000000082d00000, 0x0000000082d00000| Untracked 
|  46|0x0000000082e00000, 0x0000000082e00000, 0x0000000082f00000|  0%| F|  |TAMS 0x0000000082e00000, 0x0000000082e00000| Untracked 
|  47|0x0000000082f00000, 0x0000000082f00000, 0x0000000083000000|  0%| F|  |TAMS 0x0000000082f00000, 0x0000000082f00000| Untracked 
|  48|0x0000000083000000, 0x0000000083000000, 0x0000000083100000|  0%| F|  |TAMS 0x0000000083000000, 0x0000000083000000| Untracked 
|  49|0x0000000083100000, 0x0000000083100000, 0x0000000083200000|  0%| F|  |TAMS 0x0000000083100000, 0x0000000083100000| Untracked 
|  50|0x0000000083200000, 0x0000000083200000, 0x0000000083300000|  0%| F|  |TAMS 0x0000000083200000, 0x0000000083200000| Untracked 
|  51|0x0000000083300000, 0x0000000083300000, 0x0000000083400000|  0%| F|  |TAMS 0x0000000083300000, 0x0000000083300000| Untracked 
|  52|0x0000000083400000, 0x0000000083400000, 0x0000000083500000|  0%| F|  |TAMS 0x0000000083400000, 0x0000000083400000| Untracked 
|  53|0x0000000083500000, 0x0000000083500000, 0x0000000083600000|  0%| F|  |TAMS 0x0000000083500000, 0x0000000083500000| Untracked 
|  54|0x0000000083600000, 0x0000000083600000, 0x0000000083700000|  0%| F|  |TAMS 0x0000000083600000, 0x0000000083600000| Untracked 
|  55|0x0000000083700000, 0x0000000083700000, 0x0000000083800000|  0%| F|  |TAMS 0x0000000083700000, 0x0000000083700000| Untracked 
|  56|0x0000000083800000, 0x0000000083800000, 0x0000000083900000|  0%| F|  |TAMS 0x0000000083800000, 0x0000000083800000| Untracked 
|  57|0x0000000083900000, 0x0000000083900000, 0x0000000083a00000|  0%| F|  |TAMS 0x0000000083900000, 0x0000000083900000| Untracked 
|  58|0x0000000083a00000, 0x0000000083a00000, 0x0000000083b00000|  0%| F|  |TAMS 0x0000000083a00000, 0x0000000083a00000| Untracked 
|  59|0x0000000083b00000, 0x0000000083b00000, 0x0000000083c00000|  0%| F|  |TAMS 0x0000000083b00000, 0x0000000083b00000| Untracked 
|  60|0x0000000083c00000, 0x0000000083c00000, 0x0000000083d00000|  0%| F|  |TAMS 0x0000000083c00000, 0x0000000083c00000| Untracked 
|  61|0x0000000083d00000, 0x0000000083d00000, 0x0000000083e00000|  0%| F|  |TAMS 0x0000000083d00000, 0x0000000083d00000| Untracked 
|  62|0x0000000083e00000, 0x0000000083e00000, 0x0000000083f00000|  0%| F|  |TAMS 0x0000000083e00000, 0x0000000083e00000| Untracked 
|  63|0x0000000083f00000, 0x0000000083f00000, 0x0000000084000000|  0%| F|  |TAMS 0x0000000083f00000, 0x0000000083f00000| Untracked 
|  64|0x0000000084000000, 0x0000000084000000, 0x0000000084100000|  0%| F|  |TAMS 0x0000000084000000, 0x0000000084000000| Untracked 
|  65|0x0000000084100000, 0x0000000084100000, 0x0000000084200000|  0%| F|  |TAMS 0x0000000084100000, 0x0000000084100000| Untracked 
|  66|0x0000000084200000, 0x0000000084200000, 0x0000000084300000|  0%| F|  |TAMS 0x0000000084200000, 0x0000000084200000| Untracked 
|  67|0x0000000084300000, 0x0000000084300000, 0x0000000084400000|  0%| F|  |TAMS 0x0000000084300000, 0x0000000084300000| Untracked 
|  68|0x0000000084400000, 0x0000000084400000, 0x0000000084500000|  0%| F|  |TAMS 0x0000000084400000, 0x0000000084400000| Untracked 
|  69|0x0000000084500000, 0x0000000084500000, 0x0000000084600000|  0%| F|  |TAMS 0x0000000084500000, 0x0000000084500000| Untracked 
|  70|0x0000000084600000, 0x0000000084600000, 0x0000000084700000|  0%| F|  |TAMS 0x0000000084600000, 0x0000000084600000| Untracked 
|  71|0x0000000084700000, 0x0000000084700000, 0x0000000084800000|  0%| F|  |TAMS 0x0000000084700000, 0x0000000084700000| Untracked 
|  72|0x0000000084800000, 0x0000000084800000, 0x0000000084900000|  0%| F|  |TAMS 0x0000000084800000, 0x0000000084800000| Untracked 
|  73|0x0000000084900000, 0x0000000084900000, 0x0000000084a00000|  0%| F|  |TAMS 0x0000000084900000, 0x0000000084900000| Untracked 
|  74|0x0000000084a00000, 0x0000000084a00000, 0x0000000084b00000|  0%| F|  |TAMS 0x0000000084a00000, 0x0000000084a00000| Untracked 
|  75|0x0000000084b00000, 0x0000000084b00000, 0x0000000084c00000|  0%| F|  |TAMS 0x0000000084b00000, 0x0000000084b00000| Untracked 
|  76|0x0000000084c00000, 0x0000000084c00000, 0x0000000084d00000|  0%| F|  |TAMS 0x0000000084c00000, 0x0000000084c00000| Untracked 
|  77|0x0000000084d00000, 0x0000000084d00000, 0x0000000084e00000|  0%| F|  |TAMS 0x0000000084d00000, 0x0000000084d00000| Untracked 
|  78|0x0000000084e00000, 0x0000000084e00000, 0x0000000084f00000|  0%| F|  |TAMS 0x0000000084e00000, 0x0000000084e00000| Untracked 
|  79|0x0000000084f00000, 0x0000000084fde350, 0x0000000085000000| 86%| S|CS|TAMS 0x0000000084f00000, 0x0000000084f00000| Complete 
|  80|0x0000000085000000, 0x0000000085100000, 0x0000000085100000|100%| S|CS|TAMS 0x0000000085000000, 0x0000000085000000| Complete 
|  81|0x0000000085100000, 0x0000000085200000, 0x0000000085200000|100%| S|CS|TAMS 0x0000000085100000, 0x0000000085100000| Complete 
|  82|0x0000000085200000, 0x0000000085300000, 0x0000000085300000|100%| S|CS|TAMS 0x0000000085200000, 0x0000000085200000| Complete 
|  83|0x0000000085300000, 0x0000000085400000, 0x0000000085400000|100%| S|CS|TAMS 0x0000000085300000, 0x0000000085300000| Complete 
|  84|0x0000000085400000, 0x0000000085500000, 0x0000000085500000|100%| S|CS|TAMS 0x0000000085400000, 0x0000000085400000| Complete 
|  85|0x0000000085500000, 0x0000000085600000, 0x0000000085600000|100%| S|CS|TAMS 0x0000000085500000, 0x0000000085500000| Complete 
|  86|0x0000000085600000, 0x0000000085600000, 0x0000000085700000|  0%| F|  |TAMS 0x0000000085600000, 0x0000000085600000| Untracked 
|  87|0x0000000085700000, 0x0000000085700000, 0x0000000085800000|  0%| F|  |TAMS 0x0000000085700000, 0x0000000085700000| Untracked 
|  88|0x0000000085800000, 0x0000000085800000, 0x0000000085900000|  0%| F|  |TAMS 0x0000000085800000, 0x0000000085800000| Untracked 
|  89|0x0000000085900000, 0x0000000085900000, 0x0000000085a00000|  0%| F|  |TAMS 0x0000000085900000, 0x0000000085900000| Untracked 
|  90|0x0000000085a00000, 0x0000000085a00000, 0x0000000085b00000|  0%| F|  |TAMS 0x0000000085a00000, 0x0000000085a00000| Untracked 
|  91|0x0000000085b00000, 0x0000000085b00000, 0x0000000085c00000|  0%| F|  |TAMS 0x0000000085b00000, 0x0000000085b00000| Untracked 
|  92|0x0000000085c00000, 0x0000000085d00000, 0x0000000085d00000|100%| E|  |TAMS 0x0000000085c00000, 0x0000000085c00000| Complete 
|  93|0x0000000085d00000, 0x0000000085e00000, 0x0000000085e00000|100%| E|CS|TAMS 0x0000000085d00000, 0x0000000085d00000| Complete 
|  94|0x0000000085e00000, 0x0000000085f00000, 0x0000000085f00000|100%| E|CS|TAMS 0x0000000085e00000, 0x0000000085e00000| Complete 
|  95|0x0000000085f00000, 0x0000000086000000, 0x0000000086000000|100%| E|CS|TAMS 0x0000000085f00000, 0x0000000085f00000| Complete 
|  96|0x0000000086000000, 0x0000000086100000, 0x0000000086100000|100%| E|CS|TAMS 0x0000000086000000, 0x0000000086000000| Complete 
|  97|0x0000000086100000, 0x0000000086200000, 0x0000000086200000|100%| E|CS|TAMS 0x0000000086100000, 0x0000000086100000| Complete 
|  98|0x0000000086200000, 0x0000000086300000, 0x0000000086300000|100%| E|CS|TAMS 0x0000000086200000, 0x0000000086200000| Complete 
|  99|0x0000000086300000, 0x0000000086400000, 0x0000000086400000|100%| E|CS|TAMS 0x0000000086300000, 0x0000000086300000| Complete 
| 100|0x0000000086400000, 0x0000000086500000, 0x0000000086500000|100%| E|CS|TAMS 0x0000000086400000, 0x0000000086400000| Complete 
| 101|0x0000000086500000, 0x0000000086600000, 0x0000000086600000|100%| E|CS|TAMS 0x0000000086500000, 0x0000000086500000| Complete 
| 102|0x0000000086600000, 0x0000000086700000, 0x0000000086700000|100%| E|CS|TAMS 0x0000000086600000, 0x0000000086600000| Complete 
| 103|0x0000000086700000, 0x0000000086800000, 0x0000000086800000|100%| E|CS|TAMS 0x0000000086700000, 0x0000000086700000| Complete 
| 104|0x0000000086800000, 0x0000000086900000, 0x0000000086900000|100%| E|CS|TAMS 0x0000000086800000, 0x0000000086800000| Complete 
| 105|0x0000000086900000, 0x0000000086a00000, 0x0000000086a00000|100%| E|CS|TAMS 0x0000000086900000, 0x0000000086900000| Complete 
| 106|0x0000000086a00000, 0x0000000086b00000, 0x0000000086b00000|100%| E|CS|TAMS 0x0000000086a00000, 0x0000000086a00000| Complete 
| 107|0x0000000086b00000, 0x0000000086c00000, 0x0000000086c00000|100%| E|CS|TAMS 0x0000000086b00000, 0x0000000086b00000| Complete 
| 108|0x0000000086c00000, 0x0000000086d00000, 0x0000000086d00000|100%| E|CS|TAMS 0x0000000086c00000, 0x0000000086c00000| Complete 
| 109|0x0000000086d00000, 0x0000000086e00000, 0x0000000086e00000|100%| E|CS|TAMS 0x0000000086d00000, 0x0000000086d00000| Complete 
| 110|0x0000000086e00000, 0x0000000086f00000, 0x0000000086f00000|100%| E|CS|TAMS 0x0000000086e00000, 0x0000000086e00000| Complete 
| 111|0x0000000086f00000, 0x0000000087000000, 0x0000000087000000|100%| E|CS|TAMS 0x0000000086f00000, 0x0000000086f00000| Complete 
| 112|0x0000000087000000, 0x0000000087100000, 0x0000000087100000|100%| E|CS|TAMS 0x0000000087000000, 0x0000000087000000| Complete 
| 113|0x0000000087100000, 0x0000000087200000, 0x0000000087200000|100%| E|CS|TAMS 0x0000000087100000, 0x0000000087100000| Complete 
| 114|0x0000000087200000, 0x0000000087300000, 0x0000000087300000|100%| E|CS|TAMS 0x0000000087200000, 0x0000000087200000| Complete 
| 115|0x0000000087300000, 0x0000000087400000, 0x0000000087400000|100%| E|CS|TAMS 0x0000000087300000, 0x0000000087300000| Complete 
| 116|0x0000000087400000, 0x0000000087500000, 0x0000000087500000|100%| E|CS|TAMS 0x0000000087400000, 0x0000000087400000| Complete 
| 117|0x0000000087500000, 0x0000000087600000, 0x0000000087600000|100%| E|CS|TAMS 0x0000000087500000, 0x0000000087500000| Complete 
| 118|0x0000000087600000, 0x0000000087700000, 0x0000000087700000|100%| E|CS|TAMS 0x0000000087600000, 0x0000000087600000| Complete 
| 119|0x0000000087700000, 0x0000000087800000, 0x0000000087800000|100%| E|CS|TAMS 0x0000000087700000, 0x0000000087700000| Complete 
| 120|0x0000000087800000, 0x0000000087900000, 0x0000000087900000|100%| E|CS|TAMS 0x0000000087800000, 0x0000000087800000| Complete 
| 121|0x0000000087900000, 0x0000000087a00000, 0x0000000087a00000|100%| E|CS|TAMS 0x0000000087900000, 0x0000000087900000| Complete 
| 122|0x0000000087a00000, 0x0000000087b00000, 0x0000000087b00000|100%| E|CS|TAMS 0x0000000087a00000, 0x0000000087a00000| Complete 
| 123|0x0000000087b00000, 0x0000000087c00000, 0x0000000087c00000|100%| E|CS|TAMS 0x0000000087b00000, 0x0000000087b00000| Complete 
| 124|0x0000000087c00000, 0x0000000087d00000, 0x0000000087d00000|100%| E|CS|TAMS 0x0000000087c00000, 0x0000000087c00000| Complete 
| 125|0x0000000087d00000, 0x0000000087e00000, 0x0000000087e00000|100%| E|CS|TAMS 0x0000000087d00000, 0x0000000087d00000| Complete 
| 126|0x0000000087e00000, 0x0000000087f00000, 0x0000000087f00000|100%| E|CS|TAMS 0x0000000087e00000, 0x0000000087e00000| Complete 
| 127|0x0000000087f00000, 0x0000000088000000, 0x0000000088000000|100%| E|CS|TAMS 0x0000000087f00000, 0x0000000087f00000| Complete 
| 128|0x0000000088000000, 0x0000000088100000, 0x0000000088100000|100%| E|CS|TAMS 0x0000000088000000, 0x0000000088000000| Complete 
| 129|0x0000000088100000, 0x0000000088200000, 0x0000000088200000|100%| E|CS|TAMS 0x0000000088100000, 0x0000000088100000| Complete 
| 130|0x0000000088200000, 0x0000000088300000, 0x0000000088300000|100%| E|CS|TAMS 0x0000000088200000, 0x0000000088200000| Complete 
| 131|0x0000000088300000, 0x0000000088400000, 0x0000000088400000|100%| E|CS|TAMS 0x0000000088300000, 0x0000000088300000| Complete 
| 132|0x0000000088400000, 0x0000000088500000, 0x0000000088500000|100%| E|CS|TAMS 0x0000000088400000, 0x0000000088400000| Complete 
| 133|0x0000000088500000, 0x0000000088600000, 0x0000000088600000|100%| E|CS|TAMS 0x0000000088500000, 0x0000000088500000| Complete 
| 134|0x0000000088600000, 0x0000000088700000, 0x0000000088700000|100%| E|CS|TAMS 0x0000000088600000, 0x0000000088600000| Complete 
| 135|0x0000000088700000, 0x0000000088800000, 0x0000000088800000|100%| E|CS|TAMS 0x0000000088700000, 0x0000000088700000| Complete 
| 136|0x0000000088800000, 0x0000000088900000, 0x0000000088900000|100%| E|CS|TAMS 0x0000000088800000, 0x0000000088800000| Complete 
| 137|0x0000000088900000, 0x0000000088a00000, 0x0000000088a00000|100%| E|CS|TAMS 0x0000000088900000, 0x0000000088900000| Complete 
| 138|0x0000000088a00000, 0x0000000088b00000, 0x0000000088b00000|100%| E|CS|TAMS 0x0000000088a00000, 0x0000000088a00000| Complete 
| 139|0x0000000088b00000, 0x0000000088c00000, 0x0000000088c00000|100%| E|CS|TAMS 0x0000000088b00000, 0x0000000088b00000| Complete 
| 140|0x0000000088c00000, 0x0000000088d00000, 0x0000000088d00000|100%| E|CS|TAMS 0x0000000088c00000, 0x0000000088c00000| Complete 
| 141|0x0000000088d00000, 0x0000000088e00000, 0x0000000088e00000|100%| E|CS|TAMS 0x0000000088d00000, 0x0000000088d00000| Complete 
| 142|0x0000000088e00000, 0x0000000088f00000, 0x0000000088f00000|100%| E|CS|TAMS 0x0000000088e00000, 0x0000000088e00000| Complete 
| 143|0x0000000088f00000, 0x0000000089000000, 0x0000000089000000|100%| E|CS|TAMS 0x0000000088f00000, 0x0000000088f00000| Complete 
| 144|0x0000000089000000, 0x0000000089100000, 0x0000000089100000|100%| E|CS|TAMS 0x0000000089000000, 0x0000000089000000| Complete 
| 145|0x0000000089100000, 0x0000000089200000, 0x0000000089200000|100%| E|CS|TAMS 0x0000000089100000, 0x0000000089100000| Complete 
| 146|0x0000000089200000, 0x0000000089300000, 0x0000000089300000|100%| E|CS|TAMS 0x0000000089200000, 0x0000000089200000| Complete 
| 147|0x0000000089300000, 0x0000000089400000, 0x0000000089400000|100%| E|CS|TAMS 0x0000000089300000, 0x0000000089300000| Complete 
| 148|0x0000000089400000, 0x0000000089500000, 0x0000000089500000|100%| E|CS|TAMS 0x0000000089400000, 0x0000000089400000| Complete 
| 149|0x0000000089500000, 0x0000000089600000, 0x0000000089600000|100%| E|CS|TAMS 0x0000000089500000, 0x0000000089500000| Complete 
| 150|0x0000000089600000, 0x0000000089700000, 0x0000000089700000|100%| E|CS|TAMS 0x0000000089600000, 0x0000000089600000| Complete 
| 151|0x0000000089700000, 0x0000000089800000, 0x0000000089800000|100%| E|CS|TAMS 0x0000000089700000, 0x0000000089700000| Complete 

Card table byte_map: [0x00000211f27b0000,0x00000211f2bb0000] _byte_map_base: 0x00000211f23b0000

Marking Bits (Prev, Next): (CMBitMap*) 0x00000211df5bd978, (CMBitMap*) 0x00000211df5bd9b0
 Prev Bits: [0x00000211f2fb0000, 0x00000211f4fb0000)
 Next Bits: [0x00000211f4fb0000, 0x00000211f6fb0000)

Polling page: 0x00000211ded60000

Metaspace:

Usage:
  Non-class:     57.03 MB capacity,    55.98 MB ( 98%) used,   914.10 KB (  2%) free+waste,   165.00 KB ( <1%) overhead. 
      Class:      8.77 MB capacity,     8.15 MB ( 93%) used,   557.65 KB (  6%) free+waste,    77.13 KB ( <1%) overhead. 
       Both:     65.80 MB capacity,    64.13 MB ( 97%) used,     1.44 MB (  2%) free+waste,   242.13 KB ( <1%) overhead. 

Virtual space:
  Non-class space:       58.00 MB reserved,      57.18 MB ( 99%) committed 
      Class space:        1.00 GB reserved,       8.82 MB ( <1%) committed 
             Both:        1.06 GB reserved,      66.00 MB (  6%) committed 

Chunk freelists:
   Non-Class:  22.00 KB
       Class:  39.00 KB
        Both:  61.00 KB

MaxMetaspaceSize: 17179869184.00 GB
CompressedClassSpaceSize: 1.00 GB

CodeHeap 'non-profiled nmethods': size=120000Kb used=3570Kb max_used=3570Kb free=116429Kb
 bounds [0x00000211eab50000, 0x00000211eaed0000, 0x00000211f2080000]
CodeHeap 'profiled nmethods': size=120000Kb used=13663Kb max_used=13663Kb free=106336Kb
 bounds [0x00000211e3620000, 0x00000211e4380000, 0x00000211eab50000]
CodeHeap 'non-nmethods': size=5760Kb used=2298Kb max_used=2310Kb free=3461Kb
 bounds [0x00000211e3080000, 0x00000211e32f0000, 0x00000211e3620000]
 total_blobs=7396 nmethods=6538 adapters=767
 compilation: enabled
              stopped_count=0, restarted_count=0
 full_count=0

Compilation events (20 events):
Event: 11.295 Thread 0x00000211f9a32800 6589       2       org.codehaus.groovy.reflection.ParameterTypes::<init> (5 bytes)
Event: 11.295 Thread 0x00000211f9a32800 nmethod 6589 0x00000211e4366c10 code [0x00000211e4366dc0, 0x00000211e4366eb8]
Event: 11.295 Thread 0x00000211f9a32800 6588       2       org.codehaus.groovy.runtime.metaclass.MetaMethodIndex$Header::<init> (26 bytes)
Event: 11.295 Thread 0x00000211f9a32800 nmethod 6588 0x00000211e4366f90 code [0x00000211e4367140, 0x00000211e4367328]
Event: 11.295 Thread 0x00000211f9a32800 6590       2       org.codehaus.groovy.reflection.CachedClass$3::initValue (5 bytes)
Event: 11.295 Thread 0x00000211f9a32800 nmethod 6590 0x00000211e4367410 code [0x00000211e43675c0, 0x00000211e43676c8]
Event: 11.319 Thread 0x00000211f9a32800 6594       2       jdk.internal.loader.URLClassPath::findResource (38 bytes)
Event: 11.319 Thread 0x00000211f9a32800 nmethod 6594 0x00000211e4367790 code [0x00000211e4367960, 0x00000211e4367b58]
Event: 11.320 Thread 0x00000211f9a32800 6595       2       java.util.Properties::load0 (249 bytes)
Event: 11.320 Thread 0x00000211f9a32800 nmethod 6595 0x00000211e4367c90 code [0x00000211e4367ea0, 0x00000211e4368368]
Event: 11.332 Thread 0x00000211f9a32800 6597       2       java.lang.String::replace (149 bytes)
Event: 11.333 Thread 0x00000211f9a32800 nmethod 6597 0x00000211e4368690 code [0x00000211e43688e0, 0x00000211e4368f88]
Event: 11.335 Thread 0x00000211f9a32800 6598       2       com.google.common.base.Preconditions::checkNotNull (14 bytes)
Event: 11.335 Thread 0x00000211f9a32800 nmethod 6598 0x00000211e4369510 code [0x00000211e43696c0, 0x00000211e4369848]
Event: 11.380 Thread 0x00000211f9a32800 6599       2       java.lang.Character::toUpperCase (9 bytes)
Event: 11.380 Thread 0x00000211f9a32800 nmethod 6599 0x00000211e4369910 code [0x00000211e4369ae0, 0x00000211e4369bf8]
Event: 11.381 Thread 0x00000211f9a32800 6600       2       java.util.regex.Matcher::replaceAll (59 bytes)
Event: 11.382 Thread 0x00000211f9a32800 nmethod 6600 0x00000211e4369c90 code [0x00000211e4369ec0, 0x00000211e436a378]
Event: 11.385 Thread 0x00000211f9a32800 6601       2       org.gradle.api.internal.collections.AbstractIterationOrderRetainingElementSource::<init> (27 bytes)
Event: 11.386 Thread 0x00000211f9a32800 nmethod 6601 0x00000211e436a610 code [0x00000211e436a7e0, 0x00000211e436abf8]

GC Heap History (20 events):
Event: 1.083 GC heap before
{Heap before GC invocations=0 (full 0):
 garbage-first heap   total 129024K, used 29696K [0x0000000080000000, 0x0000000100000000)
  region size 1024K, 24 young (24576K), 0 survivors (0K)
 Metaspace       used 9890K, capacity 10130K, committed 10368K, reserved 1058816K
  class space    used 1030K, capacity 1102K, committed 1152K, reserved 1048576K
}
Event: 1.089 GC heap after
{Heap after GC invocations=1 (full 0):
 garbage-first heap   total 129024K, used 9185K [0x0000000080000000, 0x0000000100000000)
  region size 1024K, 3 young (3072K), 3 survivors (3072K)
 Metaspace       used 9890K, capacity 10130K, committed 10368K, reserved 1058816K
  class space    used 1030K, capacity 1102K, committed 1152K, reserved 1048576K
}
Event: 3.116 GC heap before
{Heap before GC invocations=1 (full 0):
 garbage-first heap   total 129024K, used 82913K [0x0000000080000000, 0x0000000100000000)
  region size 1024K, 75 young (76800K), 3 survivors (3072K)
 Metaspace       used 17663K, capacity 18066K, committed 18176K, reserved 1064960K
  class space    used 2083K, capacity 2217K, committed 2304K, reserved 1048576K
}
Event: 3.123 GC heap after
{Heap after GC invocations=2 (full 0):
 garbage-first heap   total 129024K, used 15764K [0x0000000080000000, 0x0000000100000000)
  region size 1024K, 10 young (10240K), 10 survivors (10240K)
 Metaspace       used 17663K, capacity 18066K, committed 18176K, reserved 1064960K
  class space    used 2083K, capacity 2217K, committed 2304K, reserved 1048576K
}
Event: 3.391 GC heap before
{Heap before GC invocations=2 (full 0):
 garbage-first heap   total 129024K, used 40340K [0x0000000080000000, 0x0000000100000000)
  region size 1024K, 35 young (35840K), 10 survivors (10240K)
 Metaspace       used 20701K, capacity 21085K, committed 21248K, reserved 1067008K
  class space    used 2536K, capacity 2691K, committed 2816K, reserved 1048576K
}
Event: 3.400 GC heap after
{Heap after GC invocations=3 (full 0):
 garbage-first heap   total 129024K, used 16931K [0x0000000080000000, 0x0000000100000000)
  region size 1024K, 2 young (2048K), 2 survivors (2048K)
 Metaspace       used 20701K, capacity 21085K, committed 21248K, reserved 1067008K
  class space    used 2536K, capacity 2691K, committed 2816K, reserved 1048576K
}
Event: 4.340 GC heap before
{Heap before GC invocations=4 (full 0):
 garbage-first heap   total 129024K, used 76323K [0x0000000080000000, 0x0000000100000000)
  region size 1024K, 60 young (61440K), 2 survivors (2048K)
 Metaspace       used 26518K, capacity 27046K, committed 27264K, reserved 1073152K
  class space    used 3479K, capacity 3685K, committed 3712K, reserved 1048576K
}
Event: 4.345 GC heap after
{Heap after GC invocations=5 (full 0):
 garbage-first heap   total 129024K, used 18966K [0x0000000080000000, 0x0000000100000000)
  region size 1024K, 4 young (4096K), 4 survivors (4096K)
 Metaspace       used 26518K, capacity 27046K, committed 27264K, reserved 1073152K
  class space    used 3479K, capacity 3685K, committed 3712K, reserved 1048576K
}
Event: 5.215 GC heap before
{Heap before GC invocations=5 (full 0):
 garbage-first heap   total 129024K, used 71190K [0x0000000080000000, 0x0000000100000000)
  region size 1024K, 56 young (57344K), 4 survivors (4096K)
 Metaspace       used 35030K, capacity 35801K, committed 35840K, reserved 1081344K
  class space    used 4552K, capacity 4863K, committed 4864K, reserved 1048576K
}
Event: 5.227 GC heap after
{Heap after GC invocations=6 (full 0):
 garbage-first heap   total 129024K, used 22371K [0x0000000080000000, 0x0000000100000000)
  region size 1024K, 7 young (7168K), 7 survivors (7168K)
 Metaspace       used 35030K, capacity 35801K, committed 35840K, reserved 1081344K
  class space    used 4552K, capacity 4863K, committed 4864K, reserved 1048576K
}
Event: 6.065 GC heap before
{Heap before GC invocations=7 (full 0):
 garbage-first heap   total 129024K, used 92003K [0x0000000080000000, 0x0000000100000000)
  region size 1024K, 73 young (74752K), 7 survivors (7168K)
 Metaspace       used 40222K, capacity 41166K, committed 41420K, reserved 1085440K
  class space    used 5149K, capacity 5495K, committed 5580K, reserved 1048576K
}
Event: 6.077 GC heap after
{Heap after GC invocations=8 (full 0):
 garbage-first heap   total 129024K, used 27469K [0x0000000080000000, 0x0000000100000000)
  region size 1024K, 9 young (9216K), 9 survivors (9216K)
 Metaspace       used 40222K, capacity 41166K, committed 41420K, reserved 1085440K
  class space    used 5149K, capacity 5495K, committed 5580K, reserved 1048576K
}
Event: 7.454 GC heap before
{Heap before GC invocations=8 (full 0):
 garbage-first heap   total 129024K, used 93005K [0x0000000080000000, 0x0000000100000000)
  region size 1024K, 73 young (74752K), 9 survivors (9216K)
 Metaspace       used 46115K, capacity 47246K, committed 47436K, reserved 1089536K
  class space    used 5923K, capacity 6363K, committed 6476K, reserved 1048576K
}
Event: 7.465 GC heap after
{Heap after GC invocations=9 (full 0):
 garbage-first heap   total 155648K, used 30257K [0x0000000080000000, 0x0000000100000000)
  region size 1024K, 8 young (8192K), 8 survivors (8192K)
 Metaspace       used 46115K, capacity 47246K, committed 47436K, reserved 1089536K
  class space    used 5923K, capacity 6363K, committed 6476K, reserved 1048576K
}
Event: 8.823 GC heap before
{Heap before GC invocations=9 (full 0):
 garbage-first heap   total 155648K, used 115249K [0x0000000080000000, 0x0000000100000000)
  region size 1024K, 87 young (89088K), 8 survivors (8192K)
 Metaspace       used 50646K, capacity 52097K, committed 52428K, reserved 1095680K
  class space    used 6456K, capacity 6983K, committed 7116K, reserved 1048576K
}
Event: 8.838 GC heap after
{Heap after GC invocations=10 (full 0):
 garbage-first heap   total 155648K, used 43744K [0x0000000080000000, 0x0000000100000000)
  region size 1024K, 11 young (11264K), 11 survivors (11264K)
 Metaspace       used 50646K, capacity 52097K, committed 52428K, reserved 1095680K
  class space    used 6456K, capacity 6983K, committed 7116K, reserved 1048576K
}
Event: 9.857 GC heap before
{Heap before GC invocations=10 (full 0):
 garbage-first heap   total 155648K, used 96992K [0x0000000080000000, 0x0000000100000000)
  region size 1024K, 64 young (65536K), 11 survivors (11264K)
 Metaspace       used 58610K, capacity 60155K, committed 60288K, reserved 1101824K
  class space    used 7463K, capacity 8087K, committed 8140K, reserved 1048576K
}
Event: 9.879 GC heap after
{Heap after GC invocations=11 (full 0):
 garbage-first heap   total 155648K, used 46579K [0x0000000080000000, 0x0000000100000000)
  region size 1024K, 3 young (3072K), 3 survivors (3072K)
 Metaspace       used 58610K, capacity 60155K, committed 60288K, reserved 1101824K
  class space    used 7463K, capacity 8087K, committed 8140K, reserved 1048576K
}
Event: 10.891 GC heap before
{Heap before GC invocations=12 (full 0):
 garbage-first heap   total 155648K, used 111091K [0x0000000080000000, 0x0000000100000000)
  region size 1024K, 66 young (67584K), 3 survivors (3072K)
 Metaspace       used 64402K, capacity 65983K, committed 66176K, reserved 1105920K
  class space    used 8185K, capacity 8797K, committed 8908K, reserved 1048576K
}
Event: 10.905 GC heap after
{Heap after GC invocations=13 (full 0):
 garbage-first heap   total 155648K, used 50886K [0x0000000080000000, 0x0000000100000000)
  region size 1024K, 7 young (7168K), 7 survivors (7168K)
 Metaspace       used 64402K, capacity 65983K, committed 66176K, reserved 1105920K
  class space    used 8185K, capacity 8797K, committed 8908K, reserved 1048576K
}

Deoptimization events (20 events):
Event: 10.945 Thread 0x00000211f9a36800 Uncommon trap: trap_request=0xffffff4d fr.pc=0x00000211eae3f670 relative=0x0000000000000bb0
Event: 10.945 Thread 0x00000211f9a36800 Uncommon trap: reason=unstable_if action=reinterpret pc=0x00000211eae3f670 method=java.lang.ClassLoader.loadClass(Ljava/lang/String;Z)Ljava/lang/Class; @ 29 c2
Event: 10.945 Thread 0x00000211f9a36800 DEOPT PACKING pc=0x00000211eae3f670 sp=0x000000a9014f6de0
Event: 10.946 Thread 0x00000211f9a36800 DEOPT UNPACKING pc=0x00000211e30a662f sp=0x000000a9014f6da8 mode 2
Event: 11.028 Thread 0x00000211f9a36800 Uncommon trap: trap_request=0xffffff4d fr.pc=0x00000211eacdd480 relative=0x0000000000000340
Event: 11.028 Thread 0x00000211f9a36800 Uncommon trap: reason=unstable_if action=reinterpret pc=0x00000211eacdd480 method=java.util.StringJoiner.add(Ljava/lang/CharSequence;)Ljava/util/StringJoiner; @ 33 c2
Event: 11.028 Thread 0x00000211f9a36800 DEOPT PACKING pc=0x00000211eacdd480 sp=0x000000a9014f5980
Event: 11.028 Thread 0x00000211f9a36800 DEOPT UNPACKING pc=0x00000211e30a662f sp=0x000000a9014f5930 mode 2
Event: 11.204 Thread 0x00000211f9a36800 Uncommon trap: trap_request=0xffffff4d fr.pc=0x00000211eadecca0 relative=0x0000000000001020
Event: 11.204 Thread 0x00000211f9a36800 Uncommon trap: reason=unstable_if action=reinterpret pc=0x00000211eadecca0 method=org.codehaus.groovy.runtime.metaclass.MetaMethodIndex.isOverridden(Lgroovy/lang/MetaMethod;Lgroovy/lang/MetaMethod;)Z @ 33 c2
Event: 11.204 Thread 0x00000211f9a36800 DEOPT PACKING pc=0x00000211eadecca0 sp=0x000000a9014f4c30
Event: 11.204 Thread 0x00000211f9a36800 DEOPT UNPACKING pc=0x00000211e30a662f sp=0x000000a9014f4b88 mode 2
Event: 11.261 Thread 0x00000211f9a36800 Uncommon trap: trap_request=0xfffffff4 fr.pc=0x00000211ead86790 relative=0x0000000000000790
Event: 11.261 Thread 0x00000211f9a36800 Uncommon trap: reason=null_check action=make_not_entrant pc=0x00000211ead86790 method=org.gradle.util.internal.SimpleMapInterner.intern(Ljava/lang/Object;)Ljava/lang/Object; @ 2 c2
Event: 11.261 Thread 0x00000211f9a36800 DEOPT PACKING pc=0x00000211ead86790 sp=0x000000a9014f77c0
Event: 11.261 Thread 0x00000211f9a36800 DEOPT UNPACKING pc=0x00000211e30a662f sp=0x000000a9014f7788 mode 2
Event: 11.319 Thread 0x00000211f9a36800 DEOPT PACKING pc=0x00000211e37fae20 sp=0x000000a9014f6e30
Event: 11.319 Thread 0x00000211f9a36800 DEOPT UNPACKING pc=0x00000211e30a6dde sp=0x000000a9014f6368 mode 0
Event: 11.324 Thread 0x00000211f9a36800 DEOPT PACKING pc=0x00000211e3bf714c sp=0x000000a9014f8400
Event: 11.324 Thread 0x00000211f9a36800 DEOPT UNPACKING pc=0x00000211e30a6dde sp=0x000000a9014f79a0 mode 0

Classes redefined (0 events):
No events

Internal exceptions (20 events):
Event: 11.251 Thread 0x00000211f9a36800 Exception <a 'java/lang/ClassNotFoundException'{0x00000000870a33d8}: com/android/build/gradle/internal/dsl/BuildFeaturesImplCustomizer> (0x00000000870a33d8) thrown at [./src/hotspot/share/classfile/systemDictionary.cpp, line 231]
Event: 11.252 Thread 0x00000211f9a36800 Exception <a 'java/lang/ClassNotFoundException'{0x00000000870cad58}: com/android/build/gradle/internal/dsl/ApplicationBuildFeaturesImplCustomizer> (0x00000000870cad58) thrown at [./src/hotspot/share/classfile/systemDictionary.cpp, line 231]
Event: 11.253 Thread 0x00000211f9a36800 Exception <a 'java/lang/ClassNotFoundException'{0x00000000870ee950}: com/android/build/gradle/internal/dsl/ApplicationBuildFeaturesImpl_DecoratedCustomizer> (0x00000000870ee950) thrown at [./src/hotspot/share/classfile/systemDictionary.cpp, line 231]
Event: 11.261 Thread 0x00000211f9a36800 Implicit null exception at 0x00000211ead86032 to 0x00000211ead86780
Event: 11.266 Thread 0x00000211f9a36800 Exception <a 'java/lang/ClassNotFoundException'{0x0000000086e1b470}: groovy/lang/GString$1BeanInfo> (0x0000000086e1b470) thrown at [./src/hotspot/share/classfile/systemDictionary.cpp, line 231]
Event: 11.267 Thread 0x00000211f9a36800 Exception <a 'java/lang/ClassNotFoundException'{0x0000000086e56220}: groovy/lang/GStringBeanInfo> (0x0000000086e56220) thrown at [./src/hotspot/share/classfile/systemDictionary.cpp, line 231]
Event: 11.268 Thread 0x00000211f9a36800 Exception <a 'java/lang/ClassNotFoundException'{0x0000000086e91388}: groovy/lang/GStringCustomizer> (0x0000000086e91388) thrown at [./src/hotspot/share/classfile/systemDictionary.cpp, line 231]
Event: 11.271 Thread 0x00000211f9a36800 Exception <a 'java/lang/ClassNotFoundException'{0x0000000086ed6a48}: groovy/lang/GString$1Customizer> (0x0000000086ed6a48) thrown at [./src/hotspot/share/classfile/systemDictionary.cpp, line 231]
Event: 11.281 Thread 0x00000211f9a36800 Exception <a 'java/lang/ClassNotFoundException'{0x0000000086a93d48}: org/codehaus/groovy/runtime/GStringImplBeanInfo> (0x0000000086a93d48) thrown at [./src/hotspot/share/classfile/systemDictionary.cpp, line 231]
Event: 11.287 Thread 0x00000211f9a36800 Exception <a 'java/lang/ClassNotFoundException'{0x000000008674c6f0}: org/codehaus/groovy/runtime/GStringImplCustomizer> (0x000000008674c6f0) thrown at [./src/hotspot/share/classfile/systemDictionary.cpp, line 231]
Event: 11.298 Thread 0x00000211f9a36800 Exception <a 'java/lang/ClassNotFoundException'{0x0000000086681cc0}: org/gradle/api/internal/artifacts/dependencies/DefaultExternalModuleDependency_DecoratedBeanInfo> (0x0000000086681cc0) thrown at [./src/hotspot/share/classfile/systemDictionary.cpp, line 231]
Event: 11.299 Thread 0x00000211f9a36800 Exception <a 'java/lang/ClassNotFoundException'{0x00000000866ccd38}: org/gradle/api/internal/artifacts/dependencies/DefaultExternalModuleDependencyBeanInfo> (0x00000000866ccd38) thrown at [./src/hotspot/share/classfile/systemDictionary.cpp, line 231]
Event: 11.300 Thread 0x00000211f9a36800 Exception <a 'java/lang/ClassNotFoundException'{0x0000000086518cc0}: org/gradle/api/internal/artifacts/dependencies/AbstractExternalModuleDependencyBeanInfo> (0x0000000086518cc0) thrown at [./src/hotspot/share/classfile/systemDictionary.cpp, line 231]
Event: 11.301 Thread 0x00000211f9a36800 Exception <a 'java/lang/ClassNotFoundException'{0x00000000865538f8}: org/gradle/api/internal/artifacts/dependencies/AbstractModuleDependencyBeanInfo> (0x00000000865538f8) thrown at [./src/hotspot/share/classfile/systemDictionary.cpp, line 231]
Event: 11.301 Thread 0x00000211f9a36800 Exception <a 'java/lang/ClassNotFoundException'{0x000000008658bee8}: org/gradle/api/internal/artifacts/dependencies/AbstractDependencyBeanInfo> (0x000000008658bee8) thrown at [./src/hotspot/share/classfile/systemDictionary.cpp, line 231]
Event: 11.302 Thread 0x00000211f9a36800 Exception <a 'java/lang/ClassNotFoundException'{0x00000000865c66d0}: org/gradle/api/internal/artifacts/dependencies/AbstractDependencyCustomizer> (0x00000000865c66d0) thrown at [./src/hotspot/share/classfile/systemDictionary.cpp, line 231]
Event: 11.303 Thread 0x00000211f9a36800 Exception <a 'java/lang/ClassNotFoundException'{0x0000000086404e18}: org/gradle/api/internal/artifacts/dependencies/AbstractModuleDependencyCustomizer> (0x0000000086404e18) thrown at [./src/hotspot/share/classfile/systemDictionary.cpp, line 231]
Event: 11.305 Thread 0x00000211f9a36800 Exception <a 'java/lang/ClassNotFoundException'{0x0000000086469438}: org/gradle/api/internal/artifacts/dependencies/AbstractExternalModuleDependencyCustomizer> (0x0000000086469438) thrown at [./src/hotspot/share/classfile/systemDictionary.cpp, line 231]
Event: 11.307 Thread 0x00000211f9a36800 Exception <a 'java/lang/ClassNotFoundException'{0x00000000864c4310}: org/gradle/api/internal/artifacts/dependencies/DefaultExternalModuleDependencyCustomizer> (0x00000000864c4310) thrown at [./src/hotspot/share/classfile/systemDictionary.cpp, line 231]
Event: 11.309 Thread 0x00000211f9a36800 Exception <a 'java/lang/ClassNotFoundException'{0x000000008631e758}: org/gradle/api/internal/artifacts/dependencies/DefaultExternalModuleDependency_DecoratedCustomizer> (0x000000008631e758) thrown at [./src/hotspot/share/classfile/systemDictionary.cpp, line 231]

Events (20 events):
Event: 11.381 loading class com/android/build/api/attributes/AgpVersionAttr
Event: 11.381 loading class com/android/build/api/attributes/AgpVersionAttr done
Event: 11.382 loading class com/android/build/api/attributes/AgpVersionAttr$Companion
Event: 11.382 loading class com/android/build/api/attributes/AgpVersionAttr$Companion done
Event: 11.382 loading class org/gradle/api/attributes/Attribute
Event: 11.382 loading class org/gradle/api/attributes/Attribute done
Event: 11.383 loading class org/gradle/api/internal/model/NamedObjectInstantiator$ClassGeneratingLoader
Event: 11.383 loading class org/gradle/api/internal/model/NamedObjectInstantiator$ClassGeneratingLoader done
Event: 11.383 loading class com/android/builder/errors/IssueReporter$Type
Event: 11.383 loading class com/android/builder/errors/IssueReporter$Type done
Event: 11.385 loading class org/gradle/api/artifacts/ResolutionStrategy$SortOrder
Event: 11.385 loading class org/gradle/api/artifacts/ResolutionStrategy$SortOrder done
Event: 11.386 loading class org/gradle/api/artifacts/ResolutionStrategy
Event: 11.386 loading class org/gradle/api/artifacts/ResolutionStrategy done
Event: 11.386 loading class com/android/build/api/attributes/BuildTypeAttr
Event: 11.386 loading class com/android/build/api/attributes/BuildTypeAttr done
Event: 11.386 loading class com/android/build/api/attributes/BuildTypeAttr$Companion
Event: 11.386 loading class com/android/build/api/attributes/BuildTypeAttr$Companion done
Event: 11.387 loading class org/apache/commons/lang/WordUtils
Event: 11.387 loading class org/apache/commons/lang/WordUtils done


Dynamic libraries:
0x00007ff603460000 - 0x00007ff60346a000 	C:\Program Files\Android\Android Studio\jre\bin\java.exe
0x00007ff96ab70000 - 0x00007ff96ad65000 	C:\WINDOWS\SYSTEM32\ntdll.dll
0x00007ff96aa10000 - 0x00007ff96aace000 	C:\WINDOWS\System32\KERNEL32.DLL
0x00007ff9688d0000 - 0x00007ff968b98000 	C:\WINDOWS\System32\KERNELBASE.dll
0x00007ff968350000 - 0x00007ff968450000 	C:\WINDOWS\System32\ucrtbase.dll
0x00007ff962060000 - 0x00007ff962077000 	C:\Program Files\Android\Android Studio\jre\bin\VCRUNTIME140.dll
0x00007ff9620a0000 - 0x00007ff9620b9000 	C:\Program Files\Android\Android Studio\jre\bin\jli.dll
0x00007ff969c80000 - 0x00007ff969e20000 	C:\WINDOWS\System32\USER32.dll
0x00007ff968320000 - 0x00007ff968342000 	C:\WINDOWS\System32\win32u.dll
0x00007ff969fb0000 - 0x00007ff969fda000 	C:\WINDOWS\System32\GDI32.dll
0x00007ff9687c0000 - 0x00007ff9688cb000 	C:\WINDOWS\System32\gdi32full.dll
0x00007ff945eb0000 - 0x00007ff94614a000 	C:\WINDOWS\WinSxS\amd64_microsoft.windows.common-controls_6595b64144ccf1df_6.0.19041.1110_none_60b5254171f9507e\COMCTL32.dll
0x00007ff968720000 - 0x00007ff9687bd000 	C:\WINDOWS\System32\msvcp_win.dll
0x00007ff96a040000 - 0x00007ff96a0de000 	C:\WINDOWS\System32\msvcrt.dll
0x00007ff96a180000 - 0x00007ff96a1b0000 	C:\WINDOWS\System32\IMM32.DLL
0x00007ff94eef0000 - 0x00007ff94ef8d000 	C:\Program Files\Android\Android Studio\jre\bin\msvcp140.dll
0x00007ff920720000 - 0x00007ff9211f5000 	C:\Program Files\Android\Android Studio\jre\bin\server\jvm.dll
0x00007ff968f70000 - 0x00007ff96901e000 	C:\WINDOWS\System32\ADVAPI32.dll
0x00007ff969770000 - 0x00007ff96980c000 	C:\WINDOWS\System32\sechost.dll
0x00007ff968e40000 - 0x00007ff968f65000 	C:\WINDOWS\System32\RPCRT4.dll
0x00007ff968e30000 - 0x00007ff968e38000 	C:\WINDOWS\System32\PSAPI.DLL
0x00007ff920450000 - 0x00007ff920459000 	C:\WINDOWS\SYSTEM32\WSOCK32.dll
0x00007ff96a9a0000 - 0x00007ff96aa0b000 	C:\WINDOWS\System32\WS2_32.dll
0x00007ff959020000 - 0x00007ff959047000 	C:\WINDOWS\SYSTEM32\WINMM.dll
0x00007ff9621a0000 - 0x00007ff9621aa000 	C:\WINDOWS\SYSTEM32\VERSION.dll
0x00007ff966b70000 - 0x00007ff966b82000 	C:\WINDOWS\SYSTEM32\kernel.appcore.dll
0x00007ff920430000 - 0x00007ff920441000 	C:\Program Files\Android\Android Studio\jre\bin\verify.dll
0x00007ff966850000 - 0x00007ff966a34000 	C:\WINDOWS\SYSTEM32\DBGHELP.DLL
0x00007ff958330000 - 0x00007ff95835c000 	C:\WINDOWS\SYSTEM32\dbgcore.DLL
0x00007ff968290000 - 0x00007ff968312000 	C:\WINDOWS\System32\bcryptPrimitives.dll
0x00007ff920400000 - 0x00007ff920429000 	C:\Program Files\Android\Android Studio\jre\bin\java.dll
0x00007ff9203f0000 - 0x00007ff9203fb000 	C:\Program Files\Android\Android Studio\jre\bin\jimage.dll
0x00007ff9203d0000 - 0x00007ff9203e8000 	C:\Program Files\Android\Android Studio\jre\bin\zip.dll
0x00007ff969020000 - 0x00007ff969764000 	C:\WINDOWS\System32\SHELL32.dll
0x00007ff9660b0000 - 0x00007ff966844000 	C:\WINDOWS\SYSTEM32\windows.storage.dll
0x00007ff96a640000 - 0x00007ff96a994000 	C:\WINDOWS\System32\combase.dll
0x00007ff967c30000 - 0x00007ff967c5c000 	C:\WINDOWS\SYSTEM32\Wldp.dll
0x00007ff968bd0000 - 0x00007ff968c7d000 	C:\WINDOWS\System32\SHCORE.dll
0x00007ff969fe0000 - 0x00007ff96a035000 	C:\WINDOWS\System32\shlwapi.dll
0x00007ff9681d0000 - 0x00007ff9681ef000 	C:\WINDOWS\SYSTEM32\profapi.dll
0x00007ff9203b0000 - 0x00007ff9203ca000 	C:\Program Files\Android\Android Studio\jre\bin\net.dll
0x00007ff958be0000 - 0x00007ff958cea000 	C:\WINDOWS\SYSTEM32\WINHTTP.dll
0x00007ff967990000 - 0x00007ff9679fa000 	C:\WINDOWS\system32\mswsock.dll
0x00007ff920390000 - 0x00007ff9203a4000 	C:\Program Files\Android\Android Studio\jre\bin\nio.dll
0x00007ff956b20000 - 0x00007ff956b47000 	C:\Users\hp\gradle-7.2\native\e1d6ef7f7dcc3fd88c89a11ec53ec762bb8ba0a96d01ffa2cd45eb1d1d8dd5c5\windows-amd64\native-platform.dll
0x00007ff947bb0000 - 0x00007ff947cf4000 	C:\Users\hp\gradle-7.2\native\5664cfc778a61ccfe75a443a1ab52a65af34e5dc3c78e0209fed803814484fcb\windows-amd64\native-platform-file-events.dll
0x00007ff945530000 - 0x00007ff94553a000 	C:\Program Files\Android\Android Studio\jre\bin\management.dll
0x00007ff920380000 - 0x00007ff92038d000 	C:\Program Files\Android\Android Studio\jre\bin\management_ext.dll
0x00007ff967b90000 - 0x00007ff967ba8000 	C:\WINDOWS\SYSTEM32\CRYPTSP.dll
0x00007ff967310000 - 0x00007ff967344000 	C:\WINDOWS\system32\rsaenh.dll
0x00007ff968ba0000 - 0x00007ff968bc7000 	C:\WINDOWS\System32\bcrypt.dll
0x00007ff968190000 - 0x00007ff9681be000 	C:\WINDOWS\SYSTEM32\USERENV.dll
0x00007ff967b80000 - 0x00007ff967b8c000 	C:\WINDOWS\SYSTEM32\CRYPTBASE.dll
0x00007ff967680000 - 0x00007ff9676bb000 	C:\WINDOWS\SYSTEM32\IPHLPAPI.DLL
0x00007ff96a1b0000 - 0x00007ff96a1b8000 	C:\WINDOWS\System32\NSI.dll
0x00007ff95ee60000 - 0x00007ff95ee77000 	C:\WINDOWS\SYSTEM32\dhcpcsvc6.DLL
0x00007ff95f850000 - 0x00007ff95f86d000 	C:\WINDOWS\SYSTEM32\dhcpcsvc.DLL
0x00007ff9676c0000 - 0x00007ff96778b000 	C:\WINDOWS\SYSTEM32\DNSAPI.dll

dbghelp: loaded successfully - version: 4.0.5 - missing functions: none
symbol engine: initialized successfully - sym options: 0x614 - pdb path: .;C:\Program Files\Android\Android Studio\jre\bin;C:\WINDOWS\SYSTEM32;C:\WINDOWS\WinSxS\amd64_microsoft.windows.common-controls_6595b64144ccf1df_6.0.19041.1110_none_60b5254171f9507e;C:\Program Files\Android\Android Studio\jre\bin\server;C:\Users\hp\gradle-7.2\native\e1d6ef7f7dcc3fd88c89a11ec53ec762bb8ba0a96d01ffa2cd45eb1d1d8dd5c5\windows-amd64;C:\Users\hp\gradle-7.2\native\5664cfc778a61ccfe75a443a1ab52a65af34e5dc3c78e0209fed803814484fcb\windows-amd64

VM Arguments:
jvm_args: --add-opens=java.base/java.util=ALL-UNNAMED --add-opens=java.base/java.lang=ALL-UNNAMED --add-opens=java.base/java.lang.invoke=ALL-UNNAMED --add-opens=java.base/java.util=ALL-UNNAMED --add-opens=java.prefs/java.util.prefs=ALL-UNNAMED --add-opens=java.prefs/java.util.prefs=ALL-UNNAMED --add-opens=java.base/java.nio.charset=ALL-UNNAMED --add-opens=java.base/java.net=ALL-UNNAMED --add-opens=java.base/java.util.concurrent.atomic=ALL-UNNAMED -Xmx2048m -Dfile.encoding=UTF-8 -Duser.country=US -Duser.language=en -Duser.variant 
java_command: org.gradle.launcher.daemon.bootstrap.GradleDaemon 7.2
java_class_path (initial): C:\Users\hp\gradle-7.2\wrapper\dists\gradle-7.2-bin\2dnblmf4td7x66yl1d74lt32g\gradle-7.2\lib\gradle-launcher-7.2.jar
Launcher Type: SUN_STANDARD

[Global flags]
     intx CICompilerCount                          = 4                                         {product} {ergonomic}
     uint ConcGCThreads                            = 2                                         {product} {ergonomic}
     uint G1ConcRefinementThreads                  = 8                                         {product} {ergonomic}
   size_t G1HeapRegionSize                         = 1048576                                   {product} {ergonomic}
    uintx GCDrainStackTargetSize                   = 64                                        {product} {ergonomic}
   size_t InitialHeapSize                          = 132120576                                 {product} {ergonomic}
   size_t MarkStackSize                            = 4194304                                   {product} {ergonomic}
   size_t MaxHeapSize                              = 2147483648                                {product} {command line}
   size_t MaxNewSize                               = 1287651328                                {product} {ergonomic}
   size_t MinHeapDeltaBytes                        = 1048576                                   {product} {ergonomic}
    uintx NonNMethodCodeHeapSize                   = 5836300                                {pd product} {ergonomic}
    uintx NonProfiledCodeHeapSize                  = 122910970                              {pd product} {ergonomic}
    uintx ProfiledCodeHeapSize                     = 122910970                              {pd product} {ergonomic}
    uintx ReservedCodeCacheSize                    = 251658240                              {pd product} {ergonomic}
     bool SegmentedCodeCache                       = true                                      {product} {ergonomic}
     bool UseCompressedClassPointers               = true                                 {lp64_product} {ergonomic}
     bool UseCompressedOops                        = true                                 {lp64_product} {ergonomic}
     bool UseG1GC                                  = true                                      {product} {ergonomic}
     bool UseLargePagesIndividualAllocation        = false                                  {pd product} {ergonomic}

Logging:
Log output configuration:
 #0: stdout all=warning uptime,level,tags
 #1: stderr all=off uptime,level,tags

Environment Variables:
JAVA_HOME=C:\Program Files\Java\jdk1.8.0_111
PATH=C:\Program Files\Common Files\Oracle\Java\javapath;C:\Program Files (x86)\Common Files\Oracle\Java\javapath;C:\Program Files\Microsoft MPI\Bin\;C:\ProgramData\Oracle\Java\javapath;C:\WINDOWS\system32;C:\WINDOWS;C:\WINDOWS\System32\Wbem;C:\WINDOWS\System32\WindowsPowerShell\v1.0\;C:\WINDOWS\System32\OpenSSH\;C:\Program Files (x86)\Microsoft SQL Server\140\Tools\Binn\;C:\Program Files\Microsoft SQL Server\140\Tools\Binn\;C:\Program Files (x86)\Microsoft SQL Server\140\DTS\Binn\;C:\Program Files\Microsoft SQL Server\140\DTS\Binn\;C:\src\flutter\bin;C:\xampp\php;C:\Program Files\Git\cmd;C:\ProgramData\ComposerSetup\bin;C:\flutter_sdk\flutter\bin;C:\Users\hp\AppData\Local\Programs\Microsoft VS Code\bin
USERNAME=hp
OS=Windows_NT
PROCESSOR_IDENTIFIER=Intel64 Family 6 Model 166 Stepping 0, GenuineIntel



---------------  S Y S T E M  ---------------

OS: Windows 10 , 64 bit Build 19041 (10.0.19041.1645)
OS uptime: 0 days 1:00 hours

CPU:total 8 (initial active 8) (4 cores per cpu, 2 threads per core) family 6 model 166 stepping 0 microcode 0xca, cmov, cx8, fxsr, mmx, sse, sse2, sse3, ssse3, sse4.1, sse4.2, popcnt, avx, avx2, aes, clmul, erms, 3dnowpref, lzcnt, ht, tsc, tscinvbit, bmi1, bmi2, adx, fma

Memory: 4k page, system-wide physical 7996M (410M free)
TotalPageFile size 24345M (AvailPageFile size 7M)
current process WorkingSet (physical memory assigned to process): 365M, peak: 367M
current process commit charge ("private bytes"): 403M, peak: 406M

vm_info: OpenJDK 64-Bit Server VM (11.0.11+9-b60-7590822) for windows-amd64 JRE (11.0.11+9-b60-7590822), built on Jul 29 2021 21:43:44 by "builder" with MS VC++ 14.0 (VS2015)

END.
