#
# There is insufficient memory for the Java Runtime Environment to continue.
# Native memory allocation (mmap) failed to map 32505856 bytes for Failed to commit area from 0x0000000089800000 to 0x000000008b700000 of length 32505856.
# Possible reasons:
#   The system is out of physical RAM or swap space
#   The process is running with CompressedOops enabled, and the Java Heap may be blocking the growth of the native heap
# Possible solutions:
#   Reduce memory load on the system
#   Increase physical memory or swap space
#   Check if swap backing store is full
#   Decrease Java heap size (-Xmx/-Xms)
#   Decrease number of Java threads
#   Decrease Java thread stack sizes (-Xss)
#   Set larger code cache with -XX:ReservedCodeCacheSize=
#   JVM is running with Unscaled Compressed Oops mode in which the Java heap is
#     placed in the first 4GB address space. The Java Heap base address is the
#     maximum limit for the native heap growth. Please use -XX:HeapBaseMinAddress
#     to set the Java Heap base and to place the Java Heap above 4GB virtual address.
# This output file may be truncated or incomplete.
#
#  Out of Memory Error (./src/hotspot/os/windows/os_windows.cpp:3301), pid=19344, tid=16928
#
# JRE version: OpenJDK Runtime Environment (11.0.11+9) (build 11.0.11+9-b60-7590822)
# Java VM: OpenJDK 64-Bit Server VM (11.0.11+9-b60-7590822, mixed mode, tiered, compressed oops, g1 gc, windows-amd64)
# No core dump will be written. Minidumps are not enabled by default on client versions of Windows
#

---------------  S U M M A R Y ------------

Command Line: --add-opens=java.base/java.util=ALL-UNNAMED --add-opens=java.base/java.lang=ALL-UNNAMED --add-opens=java.base/java.lang.invoke=ALL-UNNAMED --add-opens=java.base/java.util=ALL-UNNAMED --add-opens=java.prefs/java.util.prefs=ALL-UNNAMED --add-opens=java.prefs/java.util.prefs=ALL-UNNAMED --add-opens=java.base/java.nio.charset=ALL-UNNAMED --add-opens=java.base/java.net=ALL-UNNAMED --add-opens=java.base/java.util.concurrent.atomic=ALL-UNNAMED -Xmx2048m -Dfile.encoding=UTF-8 -Duser.country=US -Duser.language=en -Duser.variant org.gradle.launcher.daemon.bootstrap.GradleDaemon 7.2

Host: Intel(R) Core(TM) i5-10210U CPU @ 1.60GHz, 8 cores, 7G,  Windows 10 , 64 bit Build 19041 (10.0.19041.1645)
Time: Fri Apr 15 17:57:53 2022 West Bank Gaza Daylight Time elapsed time: 13.042856 seconds (0d 0h 0m 13s)

---------------  T H R E A D  ---------------

Current thread (0x000001f828052000):  VMThread "VM Thread" [stack: 0x000000538f900000,0x000000538fa00000] [id=16928]

Stack: [0x000000538f900000,0x000000538fa00000]
[error occurred during error reporting (printing stack bounds), id 0xc0000005, EXCEPTION_ACCESS_VIOLATION (0xc0000005) at pc=0x000001f810f10f2d]

Native frames: (J=compiled Java code, j=interpreted, Vv=VM code, C=native code)
V  [jvm.dll+0x5f214a]
V  [jvm.dll+0x726fb5]
V  [jvm.dll+0x7285cd]
V  [jvm.dll+0x728be5]
V  [jvm.dll+0x728b9b]
V  [jvm.dll+0x5f14e8]
V  [jvm.dll+0x5f1c78]
C  [ntdll.dll+0xa20cf]
C  [ntdll.dll+0x51454]
C  [ntdll.dll+0xa0bfe]
C  0x000001f810f10f2d

VM_Operation (0x0000005390cf4830): G1CollectForAllocation, mode: safepoint, requested by thread 0x000001f828b6d800


---------------  P R O C E S S  ---------------

Threads class SMR info:
_java_thread_list=0x000001f82d77f600, length=121, elements={
0x000001f80bc40000, 0x000001f828055800, 0x000001f82805f000, 0x000001f828072000,
0x000001f828073000, 0x000001f828076000, 0x000001f828079000, 0x000001f82807a000,
0x000001f828083000, 0x000001f828b6e800, 0x000001f828b71000, 0x000001f828b6b000,
0x000001f828b70000, 0x000001f828b72000, 0x000001f828b6c000, 0x000001f828b6d000,
0x000001f828b6d800, 0x000001f828b6f800, 0x000001f82a889800, 0x000001f82a885800,
0x000001f82a887800, 0x000001f82a887000, 0x000001f82a888800, 0x000001f82a883800,
0x000001f82a88a000, 0x000001f82a884800, 0x000001f82a88b000, 0x000001f82a88c000,
0x000001f82a886000, 0x000001f82a890000, 0x000001f82a88f000, 0x000001f82a890800,
0x000001f82a88e000, 0x000001f82a88d800, 0x000001f82a891800, 0x000001f82a88c800,
0x000001f82a892800, 0x000001f828cd7800, 0x000001f828cd9000, 0x000001f828cd8000,
0x000001f828cd5800, 0x000001f828cdf800, 0x000001f828ce1000, 0x000001f828ce0800,
0x000001f828ce2000, 0x000001f828cde000, 0x000001f828cdd000, 0x000001f828cde800,
0x000001f828cdc000, 0x000001f828ce3000, 0x000001f828ce3800, 0x000001f828ce4800,
0x000001f829783000, 0x000001f829788000, 0x000001f829786800, 0x000001f829787800,
0x000001f829784000, 0x000001f829785000, 0x000001f829782800, 0x000001f829789000,
0x000001f82978a000, 0x000001f829785800, 0x000001f82978b800, 0x000001f82978c000,
0x000001f82978d000, 0x000001f82978f800, 0x000001f82978e800, 0x000001f82978e000,
0x000001f82978a800, 0x000001f829790800, 0x000001f829791000, 0x000001f82cc50800,
0x000001f82cc52800, 0x000001f82cc55800, 0x000001f82cc53000, 0x000001f82cc56800,
0x000001f82cc54000, 0x000001f82cc57000, 0x000001f82cc51800, 0x000001f82cc5a800,
0x000001f82cc54800, 0x000001f82cc5d800, 0x000001f82cc58000, 0x000001f82cc5c000,
0x000001f82cc5e800, 0x000001f82cc5d000, 0x000001f82cc59000, 0x000001f82cc5f800,
0x000001f82cc5b800, 0x000001f82cc59800, 0x000001f82d691000, 0x000001f82d692000,
0x000001f82d693800, 0x000001f82d693000, 0x000001f82d68e000, 0x000001f82d694800,
0x000001f82d690800, 0x000001f82d68e800, 0x000001f82d695800, 0x000001f82d68f800,
0x000001f82d696000, 0x000001f82d697800, 0x000001f82d69b000, 0x000001f82d697000,
0x000001f82d69c800, 0x000001f82d698800, 0x000001f82d699800, 0x000001f82d69a000,
0x000001f82d69c000, 0x000001f82d0d9000, 0x000001f82d0dc800, 0x000001f82d0da000,
0x000001f82d0de000, 0x000001f82d0d8800, 0x000001f82d0df000, 0x000001f82d0df800,
0x000001f82d0e0800, 0x000001f82d0db800, 0x000001f82d0dd000, 0x000001f82d0da800,
0x000001f82d0e4800
}

Java Threads: ( => current thread )
  0x000001f80bc40000 JavaThread "main" [_thread_blocked, id=19468, stack(0x000000538f300000,0x000000538f400000)]
  0x000001f828055800 JavaThread "Reference Handler" daemon [_thread_blocked, id=19328, stack(0x000000538fa00000,0x000000538fb00000)]
  0x000001f82805f000 JavaThread "Finalizer" daemon [_thread_blocked, id=10788, stack(0x000000538fb00000,0x000000538fc00000)]
  0x000001f828072000 JavaThread "Signal Dispatcher" daemon [_thread_blocked, id=17700, stack(0x000000538fc00000,0x000000538fd00000)]
  0x000001f828073000 JavaThread "Attach Listener" daemon [_thread_blocked, id=11432, stack(0x000000538fd00000,0x000000538fe00000)]
  0x000001f828076000 JavaThread "Service Thread" daemon [_thread_blocked, id=17884, stack(0x000000538fe00000,0x000000538ff00000)]
  0x000001f828079000 JavaThread "C2 CompilerThread0" daemon [_thread_blocked, id=2520, stack(0x000000538ff00000,0x0000005390000000)]
  0x000001f82807a000 JavaThread "C1 CompilerThread0" daemon [_thread_blocked, id=19304, stack(0x0000005390000000,0x0000005390100000)]
  0x000001f828083000 JavaThread "Sweeper thread" daemon [_thread_blocked, id=19800, stack(0x0000005390100000,0x0000005390200000)]
  0x000001f828b6e800 JavaThread "Common-Cleaner" daemon [_thread_blocked, id=3836, stack(0x0000005390200000,0x0000005390300000)]
  0x000001f828b71000 JavaThread "Daemon health stats" [_thread_blocked, id=20224, stack(0x0000005390600000,0x0000005390700000)]
  0x000001f828b6b000 JavaThread "Incoming local TCP Connector on port 50273" [_thread_in_native, id=11712, stack(0x0000005390700000,0x0000005390800000)]
  0x000001f828b70000 JavaThread "Daemon periodic checks" [_thread_blocked, id=17784, stack(0x0000005390800000,0x0000005390900000)]
  0x000001f828b72000 JavaThread "Daemon" [_thread_blocked, id=14176, stack(0x0000005390900000,0x0000005390a00000)]
  0x000001f828b6c000 JavaThread "Handler for socket connection from /127.0.0.1:50273 to /127.0.0.1:50274" [_thread_in_native, id=9472, stack(0x0000005390a00000,0x0000005390b00000)]
  0x000001f828b6d000 JavaThread "Cancel handler" [_thread_blocked, id=15180, stack(0x0000005390b00000,0x0000005390c00000)]
  0x000001f828b6d800 JavaThread "Daemon worker" [_thread_blocked, id=8540, stack(0x0000005390c00000,0x0000005390d00000)]
  0x000001f828b6f800 JavaThread "Asynchronous log dispatcher for DefaultDaemonConnection: socket connection from /127.0.0.1:50273 to /127.0.0.1:50274" [_thread_blocked, id=20380, stack(0x0000005390d00000,0x0000005390e00000)]
  0x000001f82a889800 JavaThread "Stdin handler" [_thread_blocked, id=10920, stack(0x0000005390e00000,0x0000005390f00000)]
  0x000001f82a885800 JavaThread "Daemon client event forwarder" [_thread_blocked, id=17616, stack(0x0000005390f00000,0x0000005391000000)]
  0x000001f82a887800 JavaThread "Cache worker for journal cache (C:\Users\hp\gradle-7.2\caches\journal-1)" [_thread_blocked, id=17544, stack(0x0000005391500000,0x0000005391600000)]
  0x000001f82a887000 JavaThread "File lock request listener" [_thread_in_native, id=17904, stack(0x0000005391600000,0x0000005391700000)]
  0x000001f82a888800 JavaThread "Cache worker for file hash cache (C:\Users\hp\gradle-7.2\caches\7.2\fileHashes)" [_thread_blocked, id=8576, stack(0x0000005391800000,0x0000005391900000)]
  0x000001f82a883800 JavaThread "Cache worker for file hash cache (D:\ProjectAndroid\Cashier\.gradle\7.2\fileHashes)" [_thread_blocked, id=18612, stack(0x0000005391900000,0x0000005391a00000)]
  0x000001f82a88a000 JavaThread "File watcher server" daemon [_thread_in_native, id=6136, stack(0x0000005391a00000,0x0000005391b00000)]
  0x000001f82a884800 JavaThread "File watcher consumer" daemon [_thread_blocked, id=2228, stack(0x0000005391b00000,0x0000005391c00000)]
  0x000001f82a88b000 JavaThread "jar transforms" [_thread_blocked, id=1772, stack(0x0000005391c00000,0x0000005391d00000)]
  0x000001f82a88c000 JavaThread "jar transforms Thread 2" [_thread_blocked, id=18360, stack(0x0000005391d00000,0x0000005391e00000)]
  0x000001f82a886000 JavaThread "jar transforms Thread 3" [_thread_blocked, id=5012, stack(0x0000005391e00000,0x0000005391f00000)]
  0x000001f82a890000 JavaThread "jar transforms Thread 4" [_thread_blocked, id=11460, stack(0x0000005391f00000,0x0000005392000000)]
  0x000001f82a88f000 JavaThread "jar transforms Thread 5" [_thread_blocked, id=6368, stack(0x0000005392000000,0x0000005392100000)]
  0x000001f82a890800 JavaThread "jar transforms Thread 6" [_thread_blocked, id=17844, stack(0x0000005392100000,0x0000005392200000)]
  0x000001f82a88e000 JavaThread "jar transforms Thread 7" [_thread_blocked, id=11296, stack(0x0000005392200000,0x0000005392300000)]
  0x000001f82a88d800 JavaThread "jar transforms Thread 8" [_thread_blocked, id=16852, stack(0x0000005392300000,0x0000005392400000)]
  0x000001f82a891800 JavaThread "Cache worker for checksums cache (D:\ProjectAndroid\Cashier\.gradle\checksums)" [_thread_blocked, id=11804, stack(0x0000005392400000,0x0000005392500000)]
  0x000001f82a88c800 JavaThread "Cache worker for cache directory md-supplier (C:\Users\hp\gradle-7.2\caches\7.2\md-supplier)" [_thread_blocked, id=19268, stack(0x0000005392500000,0x0000005392600000)]
  0x000001f82a892800 JavaThread "Cache worker for cache directory md-rule (C:\Users\hp\gradle-7.2\caches\7.2\md-rule)" [_thread_blocked, id=17796, stack(0x0000005392600000,0x0000005392700000)]
  0x000001f828cd7800 JavaThread "Cache worker for execution history cache (C:\Users\hp\gradle-7.2\caches\7.2\executionHistory)" [_thread_blocked, id=20028, stack(0x0000005392700000,0x0000005392800000)]
  0x000001f828cd9000 JavaThread "Cache worker for file content cache (C:\Users\hp\gradle-7.2\caches\7.2\fileContent)" [_thread_blocked, id=19100, stack(0x0000005392800000,0x0000005392900000)]
  0x000001f828cd8000 JavaThread "Cache worker for dependencies-accessors (D:\ProjectAndroid\Cashier\.gradle\7.2\dependencies-accessors)" [_thread_blocked, id=19712, stack(0x0000005392900000,0x0000005392a00000)]
  0x000001f828cd5800 JavaThread "Cache worker for Build Output Cleanup Cache (D:\ProjectAndroid\Cashier\.gradle\buildOutputCleanup)" [_thread_blocked, id=19980, stack(0x0000005392a00000,0x0000005392b00000)]
  0x000001f828cdf800 JavaThread "Unconstrained build operations" [_thread_blocked, id=4740, stack(0x0000005392b00000,0x0000005392c00000)]
  0x000001f828ce1000 JavaThread "Unconstrained build operations Thread 2" [_thread_blocked, id=18512, stack(0x0000005392c00000,0x0000005392d00000)]
  0x000001f828ce0800 JavaThread "Unconstrained build operations Thread 3" [_thread_blocked, id=10040, stack(0x0000005392d00000,0x0000005392e00000)]
  0x000001f828ce2000 JavaThread "Unconstrained build operations Thread 4" [_thread_blocked, id=17756, stack(0x0000005392e00000,0x0000005392f00000)]
  0x000001f828cde000 JavaThread "Unconstrained build operations Thread 5" [_thread_blocked, id=17900, stack(0x0000005392f00000,0x0000005393000000)]
  0x000001f828cdd000 JavaThread "Unconstrained build operations Thread 6" [_thread_blocked, id=20388, stack(0x0000005393000000,0x0000005393100000)]
  0x000001f828cde800 JavaThread "Unconstrained build operations Thread 7" [_thread_blocked, id=20444, stack(0x0000005393100000,0x0000005393200000)]
  0x000001f828cdc000 JavaThread "Unconstrained build operations Thread 8" [_thread_blocked, id=18180, stack(0x0000005393200000,0x0000005393300000)]
  0x000001f828ce3000 JavaThread "Unconstrained build operations Thread 9" [_thread_blocked, id=18364, stack(0x0000005393300000,0x0000005393400000)]
  0x000001f828ce3800 JavaThread "Unconstrained build operations Thread 10" [_thread_blocked, id=3372, stack(0x0000005393400000,0x0000005393500000)]
  0x000001f828ce4800 JavaThread "Unconstrained build operations Thread 11" [_thread_blocked, id=16996, stack(0x0000005393500000,0x0000005393600000)]
  0x000001f829783000 JavaThread "Unconstrained build operations Thread 12" [_thread_blocked, id=12164, stack(0x0000005393600000,0x0000005393700000)]
  0x000001f829788000 JavaThread "Unconstrained build operations Thread 13" [_thread_blocked, id=18800, stack(0x0000005393700000,0x0000005393800000)]
  0x000001f829786800 JavaThread "Unconstrained build operations Thread 14" [_thread_blocked, id=7672, stack(0x0000005393800000,0x0000005393900000)]
  0x000001f829787800 JavaThread "Unconstrained build operations Thread 15" [_thread_blocked, id=4612, stack(0x0000005393900000,0x0000005393a00000)]
  0x000001f829784000 JavaThread "Unconstrained build operations Thread 16" [_thread_blocked, id=17288, stack(0x0000005393a00000,0x0000005393b00000)]
  0x000001f829785000 JavaThread "Unconstrained build operations Thread 17" [_thread_blocked, id=3272, stack(0x0000005393b00000,0x0000005393c00000)]
  0x000001f829782800 JavaThread "Unconstrained build operations Thread 18" [_thread_blocked, id=20472, stack(0x0000005393c00000,0x0000005393d00000)]
  0x000001f829789000 JavaThread "Unconstrained build operations Thread 19" [_thread_blocked, id=2512, stack(0x0000005393d00000,0x0000005393e00000)]
  0x000001f82978a000 JavaThread "Unconstrained build operations Thread 20" [_thread_blocked, id=17840, stack(0x0000005393e00000,0x0000005393f00000)]
  0x000001f829785800 JavaThread "Unconstrained build operations Thread 21" [_thread_blocked, id=10816, stack(0x0000005393f00000,0x0000005394000000)]
  0x000001f82978b800 JavaThread "Unconstrained build operations Thread 22" [_thread_blocked, id=8604, stack(0x0000005394000000,0x0000005394100000)]
  0x000001f82978c000 JavaThread "Unconstrained build operations Thread 23" [_thread_blocked, id=3896, stack(0x0000005394100000,0x0000005394200000)]
  0x000001f82978d000 JavaThread "Unconstrained build operations Thread 24" [_thread_blocked, id=19824, stack(0x0000005394200000,0x0000005394300000)]
  0x000001f82978f800 JavaThread "Unconstrained build operations Thread 25" [_thread_blocked, id=2476, stack(0x0000005394300000,0x0000005394400000)]
  0x000001f82978e800 JavaThread "Unconstrained build operations Thread 26" [_thread_blocked, id=11268, stack(0x0000005394400000,0x0000005394500000)]
  0x000001f82978e000 JavaThread "Unconstrained build operations Thread 27" [_thread_blocked, id=18272, stack(0x0000005394500000,0x0000005394600000)]
  0x000001f82978a800 JavaThread "Unconstrained build operations Thread 28" [_thread_blocked, id=7336, stack(0x0000005394600000,0x0000005394700000)]
  0x000001f829790800 JavaThread "Unconstrained build operations Thread 29" [_thread_blocked, id=5068, stack(0x0000005394700000,0x0000005394800000)]
  0x000001f829791000 JavaThread "Unconstrained build operations Thread 30" [_thread_blocked, id=19176, stack(0x0000005394800000,0x0000005394900000)]
  0x000001f82cc50800 JavaThread "Unconstrained build operations Thread 31" [_thread_blocked, id=15164, stack(0x0000005394900000,0x0000005394a00000)]
  0x000001f82cc52800 JavaThread "Unconstrained build operations Thread 32" [_thread_blocked, id=9596, stack(0x0000005394a00000,0x0000005394b00000)]
  0x000001f82cc55800 JavaThread "Unconstrained build operations Thread 33" [_thread_blocked, id=19056, stack(0x0000005394b00000,0x0000005394c00000)]
  0x000001f82cc53000 JavaThread "Unconstrained build operations Thread 34" [_thread_blocked, id=17496, stack(0x0000005394c00000,0x0000005394d00000)]
  0x000001f82cc56800 JavaThread "Unconstrained build operations Thread 35" [_thread_blocked, id=16836, stack(0x0000005394d00000,0x0000005394e00000)]
  0x000001f82cc54000 JavaThread "Unconstrained build operations Thread 36" [_thread_blocked, id=17772, stack(0x0000005394e00000,0x0000005394f00000)]
  0x000001f82cc57000 JavaThread "Unconstrained build operations Thread 37" [_thread_blocked, id=10764, stack(0x0000005394f00000,0x0000005395000000)]
  0x000001f82cc51800 JavaThread "Unconstrained build operations Thread 38" [_thread_blocked, id=18104, stack(0x0000005395000000,0x0000005395100000)]
  0x000001f82cc5a800 JavaThread "Unconstrained build operations Thread 39" [_thread_blocked, id=18476, stack(0x0000005395100000,0x0000005395200000)]
  0x000001f82cc54800 JavaThread "Unconstrained build operations Thread 40" [_thread_blocked, id=2844, stack(0x0000005395200000,0x0000005395300000)]
  0x000001f82cc5d800 JavaThread "Unconstrained build operations Thread 41" [_thread_blocked, id=8000, stack(0x0000005395300000,0x0000005395400000)]
  0x000001f82cc58000 JavaThread "Unconstrained build operations Thread 42" [_thread_blocked, id=17944, stack(0x0000005395400000,0x0000005395500000)]
  0x000001f82cc5c000 JavaThread "Unconstrained build operations Thread 43" [_thread_blocked, id=18028, stack(0x0000005395500000,0x0000005395600000)]
  0x000001f82cc5e800 JavaThread "Unconstrained build operations Thread 44" [_thread_blocked, id=18396, stack(0x0000005395600000,0x0000005395700000)]
  0x000001f82cc5d000 JavaThread "Unconstrained build operations Thread 45" [_thread_blocked, id=8392, stack(0x0000005395700000,0x0000005395800000)]
  0x000001f82cc59000 JavaThread "Unconstrained build operations Thread 46" [_thread_blocked, id=20128, stack(0x0000005395800000,0x0000005395900000)]
  0x000001f82cc5f800 JavaThread "Unconstrained build operations Thread 47" [_thread_blocked, id=2716, stack(0x0000005395900000,0x0000005395a00000)]
  0x000001f82cc5b800 JavaThread "Unconstrained build operations Thread 48" [_thread_blocked, id=5700, stack(0x0000005395a00000,0x0000005395b00000)]
  0x000001f82cc59800 JavaThread "Unconstrained build operations Thread 49" [_thread_blocked, id=436, stack(0x0000005395b00000,0x0000005395c00000)]
  0x000001f82d691000 JavaThread "Unconstrained build operations Thread 50" [_thread_blocked, id=16596, stack(0x0000005395c00000,0x0000005395d00000)]
  0x000001f82d692000 JavaThread "Unconstrained build operations Thread 51" [_thread_blocked, id=14424, stack(0x0000005395d00000,0x0000005395e00000)]
  0x000001f82d693800 JavaThread "Unconstrained build operations Thread 52" [_thread_blocked, id=19948, stack(0x0000005395e00000,0x0000005395f00000)]
  0x000001f82d693000 JavaThread "Unconstrained build operations Thread 53" [_thread_blocked, id=3256, stack(0x0000005395f00000,0x0000005396000000)]
  0x000001f82d68e000 JavaThread "Unconstrained build operations Thread 54" [_thread_blocked, id=15144, stack(0x0000005396000000,0x0000005396100000)]
  0x000001f82d694800 JavaThread "Unconstrained build operations Thread 55" [_thread_blocked, id=8868, stack(0x0000005396100000,0x0000005396200000)]
  0x000001f82d690800 JavaThread "Unconstrained build operations Thread 56" [_thread_blocked, id=19208, stack(0x0000005396200000,0x0000005396300000)]
  0x000001f82d68e800 JavaThread "Unconstrained build operations Thread 57" [_thread_blocked, id=6848, stack(0x0000005396300000,0x0000005396400000)]
  0x000001f82d695800 JavaThread "Unconstrained build operations Thread 58" [_thread_blocked, id=20436, stack(0x0000005396400000,0x0000005396500000)]
  0x000001f82d68f800 JavaThread "Unconstrained build operations Thread 59" [_thread_blocked, id=5072, stack(0x0000005396500000,0x0000005396600000)]
  0x000001f82d696000 JavaThread "Unconstrained build operations Thread 60" [_thread_blocked, id=2328, stack(0x0000005396600000,0x0000005396700000)]
  0x000001f82d697800 JavaThread "Unconstrained build operations Thread 61" [_thread_blocked, id=6484, stack(0x0000005396700000,0x0000005396800000)]
  0x000001f82d69b000 JavaThread "Unconstrained build operations Thread 62" [_thread_blocked, id=6688, stack(0x0000005396800000,0x0000005396900000)]
  0x000001f82d697000 JavaThread "Unconstrained build operations Thread 63" [_thread_blocked, id=18916, stack(0x0000005396900000,0x0000005396a00000)]
  0x000001f82d69c800 JavaThread "Unconstrained build operations Thread 64" [_thread_blocked, id=17792, stack(0x0000005396a00000,0x0000005396b00000)]
  0x000001f82d698800 JavaThread "Unconstrained build operations Thread 65" [_thread_blocked, id=11184, stack(0x0000005396b00000,0x0000005396c00000)]
  0x000001f82d699800 JavaThread "Unconstrained build operations Thread 66" [_thread_blocked, id=17980, stack(0x0000005396c00000,0x0000005396d00000)]
  0x000001f82d69a000 JavaThread "Unconstrained build operations Thread 67" [_thread_blocked, id=13228, stack(0x0000005396d00000,0x0000005396e00000)]
  0x000001f82d69c000 JavaThread "Unconstrained build operations Thread 68" [_thread_blocked, id=10872, stack(0x0000005396e00000,0x0000005396f00000)]
  0x000001f82d0d9000 JavaThread "Unconstrained build operations Thread 69" [_thread_blocked, id=11052, stack(0x0000005396f00000,0x0000005397000000)]
  0x000001f82d0dc800 JavaThread "Unconstrained build operations Thread 70" [_thread_blocked, id=8924, stack(0x0000005397000000,0x0000005397100000)]
  0x000001f82d0da000 JavaThread "Unconstrained build operations Thread 71" [_thread_blocked, id=1008, stack(0x0000005397100000,0x0000005397200000)]
  0x000001f82d0de000 JavaThread "Unconstrained build operations Thread 72" [_thread_blocked, id=5208, stack(0x0000005397200000,0x0000005397300000)]
  0x000001f82d0d8800 JavaThread "Unconstrained build operations Thread 73" [_thread_blocked, id=17776, stack(0x0000005397300000,0x0000005397400000)]
  0x000001f82d0df000 JavaThread "Unconstrained build operations Thread 74" [_thread_blocked, id=18664, stack(0x0000005397400000,0x0000005397500000)]
  0x000001f82d0df800 JavaThread "Unconstrained build operations Thread 75" [_thread_blocked, id=2728, stack(0x0000005397500000,0x0000005397600000)]
  0x000001f82d0e0800 JavaThread "Unconstrained build operations Thread 76" [_thread_blocked, id=1916, stack(0x0000005397600000,0x0000005397700000)]
  0x000001f82d0db800 JavaThread "Unconstrained build operations Thread 77" [_thread_blocked, id=7676, stack(0x0000005397700000,0x0000005397800000)]
  0x000001f82d0dd000 JavaThread "Unconstrained build operations Thread 78" [_thread_blocked, id=10840, stack(0x0000005397800000,0x0000005397900000)]
  0x000001f82d0da800 JavaThread "Unconstrained build operations Thread 79" [_thread_blocked, id=8912, stack(0x0000005397900000,0x0000005397a00000)]
  0x000001f82d0e4800 JavaThread "Unconstrained build operations Thread 80" [_thread_blocked, id=15156, stack(0x0000005397a00000,0x0000005397b00000)]

Other Threads:
=>0x000001f828052000 VMThread "VM Thread" [stack: 0x000000538f900000,0x000000538fa00000] [id=16928]
  0x000001f828b8d800 WatcherThread [stack: 0x0000005390300000,0x0000005390400000] [id=20168]
  0x000001f80bc58000 GCTaskThread "GC Thread#0" [stack: 0x000000538f400000,0x000000538f500000] [id=12380]
  0x000001f828f98000 GCTaskThread "GC Thread#1" [stack: 0x0000005390400000,0x0000005390500000] [id=9048]
  0x000001f829532800 GCTaskThread "GC Thread#2" [stack: 0x0000005390500000,0x0000005390600000] [id=8408]
  0x000001f82ac97000 GCTaskThread "GC Thread#3" [stack: 0x0000005391000000,0x0000005391100000] [id=18688]
  0x000001f82ac97800 GCTaskThread "GC Thread#4" [stack: 0x0000005391100000,0x0000005391200000] [id=16948]
  0x000001f82ac99000 GCTaskThread "GC Thread#5" [stack: 0x0000005391200000,0x0000005391300000] [id=2740]
  0x000001f82ac98800 GCTaskThread "GC Thread#6" [stack: 0x0000005391300000,0x0000005391400000] [id=18248]
  0x000001f82ac9c000 GCTaskThread "GC Thread#7" [stack: 0x0000005391400000,0x0000005391500000] [id=17648]
  0x000001f80bc88800 ConcurrentGCThread "G1 Main Marker" [stack: 0x000000538f500000,0x000000538f600000] [id=16944]
  0x000001f80bc8a000 ConcurrentGCThread "G1 Conc#0" [stack: 0x000000538f600000,0x000000538f700000] [id=18012]
  0x000001f82ac9d000 ConcurrentGCThread "G1 Conc#1" [stack: 0x0000005391700000,0x0000005391800000] [id=3688]
  0x000001f827ea0800 ConcurrentGCThread "G1 Refine#0" [stack: 0x000000538f700000,0x000000538f800000] [id=10380]
  0x000001f827ea1000 ConcurrentGCThread "G1 Young RemSet Sampling" [stack: 0x000000538f800000,0x000000538f900000] [id=19548]

Threads with active compile tasks:
C2 CompilerThread0  13093 6969       4       java.lang.invoke.MethodType$ConcurrentWeakInternSet::get (54 bytes)

VM state:at safepoint (normal execution)

VM Mutex/Monitor currently owned by a thread:  ([mutex/lock_event])
[0x000001f80bc3ba20] Threads_lock - owner thread: 0x000001f828052000
[0x000001f80bc3bab0] Heap_lock - owner thread: 0x000001f828b6d800

Heap address: 0x0000000080000000, size: 2048 MB, Compressed Oops mode: 32-bit
Narrow klass base: 0x0000000000000000, Narrow klass shift: 3
Compressed class space size: 1073741824 Address: 0x0000000100000000

Heap:
 garbage-first heap   total 187392K, used 74106K [0x0000000080000000, 0x0000000100000000)
  region size 1024K, 3 young (3072K), 3 survivors (3072K)
 Metaspace       used 64378K, capacity 66452K, committed 66632K, reserved 1107968K
  class space    used 8219K, capacity 8917K, committed 8960K, reserved 1048576K
Heap Regions: E=young(eden), S=young(survivor), O=old, HS=humongous(starts), HC=humongous(continues), CS=collection set, F=free, A=archive, TAMS=top-at-mark-start (previous, next)
|   0|0x0000000080000000, 0x0000000080100000, 0x0000000080100000|100%| O|  |TAMS 0x0000000080100000, 0x0000000080000000| Untracked 
|   1|0x0000000080100000, 0x0000000080200000, 0x0000000080200000|100%| O|  |TAMS 0x0000000080200000, 0x0000000080100000| Untracked 
|   2|0x0000000080200000, 0x0000000080300000, 0x0000000080300000|100%| O|  |TAMS 0x0000000080300000, 0x0000000080200000| Untracked 
|   3|0x0000000080300000, 0x0000000080400000, 0x0000000080400000|100%|HS|  |TAMS 0x0000000080400000, 0x0000000080300000| Complete 
|   4|0x0000000080400000, 0x0000000080500000, 0x0000000080500000|100%|HC|  |TAMS 0x0000000080500000, 0x0000000080400000| Complete 
|   5|0x0000000080500000, 0x0000000080600000, 0x0000000080600000|100%|HC|  |TAMS 0x0000000080600000, 0x0000000080500000| Complete 
|   6|0x0000000080600000, 0x0000000080700000, 0x0000000080700000|100%| O|  |TAMS 0x0000000080700000, 0x0000000080600000| Untracked 
|   7|0x0000000080700000, 0x0000000080800000, 0x0000000080800000|100%| O|  |TAMS 0x0000000080800000, 0x0000000080700000| Untracked 
|   8|0x0000000080800000, 0x0000000080900000, 0x0000000080900000|100%| O|  |TAMS 0x0000000080900000, 0x0000000080800000| Untracked 
|   9|0x0000000080900000, 0x0000000080a00000, 0x0000000080a00000|100%| O|  |TAMS 0x0000000080a00000, 0x0000000080900000| Untracked 
|  10|0x0000000080a00000, 0x0000000080b00000, 0x0000000080b00000|100%| O|  |TAMS 0x0000000080b00000, 0x0000000080a00000| Untracked 
|  11|0x0000000080b00000, 0x0000000080c00000, 0x0000000080c00000|100%| O|  |TAMS 0x0000000080c00000, 0x0000000080b00000| Untracked 
|  12|0x0000000080c00000, 0x0000000080d00000, 0x0000000080d00000|100%| O|  |TAMS 0x0000000080d00000, 0x0000000080c00000| Untracked 
|  13|0x0000000080d00000, 0x0000000080e00000, 0x0000000080e00000|100%| O|  |TAMS 0x0000000080e00000, 0x0000000080d00000| Untracked 
|  14|0x0000000080e00000, 0x0000000080f00000, 0x0000000080f00000|100%| O|  |TAMS 0x0000000080f00000, 0x0000000080e00000| Untracked 
|  15|0x0000000080f00000, 0x0000000081000000, 0x0000000081000000|100%| O|  |TAMS 0x0000000081000000, 0x0000000080f00000| Untracked 
|  16|0x0000000081000000, 0x0000000081100000, 0x0000000081100000|100%|HS|  |TAMS 0x0000000081100000, 0x0000000081000000| Complete 
|  17|0x0000000081100000, 0x0000000081200000, 0x0000000081200000|100%|HC|  |TAMS 0x0000000081200000, 0x0000000081100000| Complete 
|  18|0x0000000081200000, 0x0000000081300000, 0x0000000081300000|100%|HS|  |TAMS 0x0000000081300000, 0x0000000081200000| Complete 
|  19|0x0000000081300000, 0x0000000081400000, 0x0000000081400000|100%|HC|  |TAMS 0x0000000081400000, 0x0000000081300000| Complete 
|  20|0x0000000081400000, 0x0000000081500000, 0x0000000081500000|100%|HC|  |TAMS 0x0000000081500000, 0x0000000081400000| Complete 
|  21|0x0000000081500000, 0x0000000081600000, 0x0000000081600000|100%|HS|  |TAMS 0x0000000081600000, 0x0000000081500000| Complete 
|  22|0x0000000081600000, 0x0000000081700000, 0x0000000081700000|100%|HC|  |TAMS 0x0000000081700000, 0x0000000081600000| Complete 
|  23|0x0000000081700000, 0x0000000081800000, 0x0000000081800000|100%|HC|  |TAMS 0x0000000081800000, 0x0000000081700000| Complete 
|  24|0x0000000081800000, 0x0000000081900000, 0x0000000081900000|100%|HC|  |TAMS 0x0000000081900000, 0x0000000081800000| Complete 
|  25|0x0000000081900000, 0x0000000081a00000, 0x0000000081a00000|100%| O|  |TAMS 0x0000000081a00000, 0x0000000081900000| Untracked 
|  26|0x0000000081a00000, 0x0000000081b00000, 0x0000000081b00000|100%| O|  |TAMS 0x0000000081b00000, 0x0000000081a00000| Untracked 
|  27|0x0000000081b00000, 0x0000000081c00000, 0x0000000081c00000|100%| O|  |TAMS 0x0000000081c00000, 0x0000000081b00000| Untracked 
|  28|0x0000000081c00000, 0x0000000081d00000, 0x0000000081d00000|100%| O|  |TAMS 0x0000000081d00000, 0x0000000081c00000| Untracked 
|  29|0x0000000081d00000, 0x0000000081e00000, 0x0000000081e00000|100%| O|  |TAMS 0x0000000081de1c00, 0x0000000081d00000| Untracked 
|  30|0x0000000081e00000, 0x0000000081f00000, 0x0000000081f00000|100%| O|  |TAMS 0x0000000081e00000, 0x0000000081e00000| Untracked 
|  31|0x0000000081f00000, 0x0000000082000000, 0x0000000082000000|100%| O|  |TAMS 0x0000000081f00000, 0x0000000081f00000| Untracked 
|  32|0x0000000082000000, 0x0000000082100000, 0x0000000082100000|100%| O|  |TAMS 0x0000000082000000, 0x0000000082000000| Untracked 
|  33|0x0000000082100000, 0x0000000082200000, 0x0000000082200000|100%| O|  |TAMS 0x0000000082100000, 0x0000000082100000| Untracked 
|  34|0x0000000082200000, 0x0000000082300000, 0x0000000082300000|100%| O|  |TAMS 0x0000000082200000, 0x0000000082200000| Untracked 
|  35|0x0000000082300000, 0x0000000082400000, 0x0000000082400000|100%| O|  |TAMS 0x0000000082300000, 0x0000000082300000| Untracked 
|  36|0x0000000082400000, 0x0000000082500000, 0x0000000082500000|100%| O|  |TAMS 0x0000000082400000, 0x0000000082400000| Untracked 
|  37|0x0000000082500000, 0x0000000082600000, 0x0000000082600000|100%| O|  |TAMS 0x0000000082500000, 0x0000000082500000| Untracked 
|  38|0x0000000082600000, 0x0000000082700000, 0x0000000082700000|100%|HS|  |TAMS 0x0000000082600000, 0x0000000082600000| Complete 
|  39|0x0000000082700000, 0x0000000082800000, 0x0000000082800000|100%|HC|  |TAMS 0x0000000082700000, 0x0000000082700000| Complete 
|  40|0x0000000082800000, 0x0000000082900000, 0x0000000082900000|100%|HC|  |TAMS 0x0000000082800000, 0x0000000082800000| Complete 
|  41|0x0000000082900000, 0x0000000082a00000, 0x0000000082a00000|100%|HS|  |TAMS 0x0000000082900000, 0x0000000082900000| Complete 
|  42|0x0000000082a00000, 0x0000000082b00000, 0x0000000082b00000|100%|HC|  |TAMS 0x0000000082a00000, 0x0000000082a00000| Complete 
|  43|0x0000000082b00000, 0x0000000082c00000, 0x0000000082c00000|100%|HC|  |TAMS 0x0000000082b00000, 0x0000000082b00000| Complete 
|  44|0x0000000082c00000, 0x0000000082d00000, 0x0000000082d00000|100%|HC|  |TAMS 0x0000000082c00000, 0x0000000082c00000| Complete 
|  45|0x0000000082d00000, 0x0000000082e00000, 0x0000000082e00000|100%| O|  |TAMS 0x0000000082d00000, 0x0000000082d00000| Untracked 
|  46|0x0000000082e00000, 0x0000000082f00000, 0x0000000082f00000|100%| O|  |TAMS 0x0000000082e00000, 0x0000000082e00000| Untracked 
|  47|0x0000000082f00000, 0x0000000083000000, 0x0000000083000000|100%| O|  |TAMS 0x0000000082f00000, 0x0000000082f00000| Untracked 
|  48|0x0000000083000000, 0x0000000083100000, 0x0000000083100000|100%| O|  |TAMS 0x0000000083000000, 0x0000000083000000| Untracked 
|  49|0x0000000083100000, 0x0000000083200000, 0x0000000083200000|100%|HS|  |TAMS 0x0000000083100000, 0x0000000083100000| Complete 
|  50|0x0000000083200000, 0x0000000083300000, 0x0000000083300000|100%|HS|  |TAMS 0x0000000083200000, 0x0000000083200000| Complete 
|  51|0x0000000083300000, 0x0000000083400000, 0x0000000083400000|100%|HS|  |TAMS 0x0000000083300000, 0x0000000083300000| Complete 
|  52|0x0000000083400000, 0x0000000083500000, 0x0000000083500000|100%|HS|  |TAMS 0x0000000083400000, 0x0000000083400000| Complete 
|  53|0x0000000083500000, 0x0000000083600000, 0x0000000083600000|100%|HC|  |TAMS 0x0000000083500000, 0x0000000083500000| Complete 
|  54|0x0000000083600000, 0x0000000083700000, 0x0000000083700000|100%| O|  |TAMS 0x0000000083600000, 0x0000000083600000| Untracked 
|  55|0x0000000083700000, 0x0000000083800000, 0x0000000083800000|100%| O|  |TAMS 0x0000000083700000, 0x0000000083700000| Untracked 
|  56|0x0000000083800000, 0x0000000083900000, 0x0000000083900000|100%| O|  |TAMS 0x0000000083800000, 0x0000000083800000| Untracked 
|  57|0x0000000083900000, 0x0000000083a00000, 0x0000000083a00000|100%| O|  |TAMS 0x0000000083900000, 0x0000000083900000| Untracked 
|  58|0x0000000083a00000, 0x0000000083b00000, 0x0000000083b00000|100%| O|  |TAMS 0x0000000083a00000, 0x0000000083a00000| Untracked 
|  59|0x0000000083b00000, 0x0000000083c00000, 0x0000000083c00000|100%| O|  |TAMS 0x0000000083b00000, 0x0000000083b00000| Untracked 
|  60|0x0000000083c00000, 0x0000000083d00000, 0x0000000083d00000|100%| O|  |TAMS 0x0000000083c00000, 0x0000000083c00000| Untracked 
|  61|0x0000000083d00000, 0x0000000083e00000, 0x0000000083e00000|100%| O|  |TAMS 0x0000000083d00000, 0x0000000083d00000| Untracked 
|  62|0x0000000083e00000, 0x0000000083f00000, 0x0000000083f00000|100%| O|  |TAMS 0x0000000083e00000, 0x0000000083e00000| Untracked 
|  63|0x0000000083f00000, 0x0000000084000000, 0x0000000084000000|100%| O|  |TAMS 0x0000000083f00000, 0x0000000083f00000| Untracked 
|  64|0x0000000084000000, 0x0000000084100000, 0x0000000084100000|100%| O|  |TAMS 0x0000000084000000, 0x0000000084000000| Untracked 
|  65|0x0000000084100000, 0x0000000084200000, 0x0000000084200000|100%| O|  |TAMS 0x0000000084100000, 0x0000000084100000| Untracked 
|  66|0x0000000084200000, 0x0000000084300000, 0x0000000084300000|100%| O|  |TAMS 0x0000000084200000, 0x0000000084200000| Untracked 
|  67|0x0000000084300000, 0x0000000084400000, 0x0000000084400000|100%| O|  |TAMS 0x0000000084300000, 0x0000000084300000| Untracked 
|  68|0x0000000084400000, 0x0000000084500000, 0x0000000084500000|100%| O|  |TAMS 0x0000000084400000, 0x0000000084400000| Untracked 
|  69|0x0000000084500000, 0x0000000084500000, 0x0000000084600000|  0%| F|  |TAMS 0x0000000084500000, 0x0000000084500000| Untracked 
|  70|0x0000000084600000, 0x0000000084600000, 0x0000000084700000|  0%| F|  |TAMS 0x0000000084600000, 0x0000000084600000| Untracked 
|  71|0x0000000084700000, 0x0000000084700000, 0x0000000084800000|  0%| F|  |TAMS 0x0000000084700000, 0x0000000084700000| Untracked 
|  72|0x0000000084800000, 0x0000000084800000, 0x0000000084900000|  0%| F|  |TAMS 0x0000000084800000, 0x0000000084800000| Untracked 
|  73|0x0000000084900000, 0x0000000084900000, 0x0000000084a00000|  0%| F|  |TAMS 0x0000000084900000, 0x0000000084900000| Untracked 
|  74|0x0000000084a00000, 0x0000000084b00000, 0x0000000084b00000|100%| O|  |TAMS 0x0000000084a00000, 0x0000000084a00000| Untracked 
|  75|0x0000000084b00000, 0x0000000084b33c00, 0x0000000084c00000| 20%| O|  |TAMS 0x0000000084b00000, 0x0000000084b00000| Untracked 
|  76|0x0000000084c00000, 0x0000000084c00000, 0x0000000084d00000|  0%| F|  |TAMS 0x0000000084c00000, 0x0000000084c00000| Untracked 
|  77|0x0000000084d00000, 0x0000000084d00000, 0x0000000084e00000|  0%| F|  |TAMS 0x0000000084d00000, 0x0000000084d00000| Untracked 
|  78|0x0000000084e00000, 0x0000000084e00000, 0x0000000084f00000|  0%| F|  |TAMS 0x0000000084e00000, 0x0000000084e00000| Untracked 
|  79|0x0000000084f00000, 0x0000000084f00000, 0x0000000085000000|  0%| F|  |TAMS 0x0000000084f00000, 0x0000000084f00000| Untracked 
|  80|0x0000000085000000, 0x0000000085000000, 0x0000000085100000|  0%| F|  |TAMS 0x0000000085000000, 0x0000000085000000| Untracked 
|  81|0x0000000085100000, 0x0000000085100000, 0x0000000085200000|  0%| F|  |TAMS 0x0000000085100000, 0x0000000085100000| Untracked 
|  82|0x0000000085200000, 0x0000000085200000, 0x0000000085300000|  0%| F|  |TAMS 0x0000000085200000, 0x0000000085200000| Untracked 
|  83|0x0000000085300000, 0x0000000085300000, 0x0000000085400000|  0%| F|  |TAMS 0x0000000085300000, 0x0000000085300000| Untracked 
|  84|0x0000000085400000, 0x0000000085400000, 0x0000000085500000|  0%| F|  |TAMS 0x0000000085400000, 0x0000000085400000| Untracked 
|  85|0x0000000085500000, 0x0000000085500000, 0x0000000085600000|  0%| F|  |TAMS 0x0000000085500000, 0x0000000085500000| Untracked 
|  86|0x0000000085600000, 0x0000000085600000, 0x0000000085700000|  0%| F|  |TAMS 0x0000000085600000, 0x0000000085600000| Untracked 
|  87|0x0000000085700000, 0x0000000085700000, 0x0000000085800000|  0%| F|  |TAMS 0x0000000085700000, 0x0000000085700000| Untracked 
|  88|0x0000000085800000, 0x0000000085800000, 0x0000000085900000|  0%| F|  |TAMS 0x0000000085800000, 0x0000000085800000| Untracked 
|  89|0x0000000085900000, 0x0000000085900000, 0x0000000085a00000|  0%| F|  |TAMS 0x0000000085900000, 0x0000000085900000| Untracked 
|  90|0x0000000085a00000, 0x0000000085a00000, 0x0000000085b00000|  0%| F|  |TAMS 0x0000000085a00000, 0x0000000085a00000| Untracked 
|  91|0x0000000085b00000, 0x0000000085b00000, 0x0000000085c00000|  0%| F|  |TAMS 0x0000000085b00000, 0x0000000085b00000| Untracked 
|  92|0x0000000085c00000, 0x0000000085c00000, 0x0000000085d00000|  0%| F|  |TAMS 0x0000000085c00000, 0x0000000085c00000| Untracked 
|  93|0x0000000085d00000, 0x0000000085d00000, 0x0000000085e00000|  0%| F|  |TAMS 0x0000000085d00000, 0x0000000085d00000| Untracked 
|  94|0x0000000085e00000, 0x0000000085e00000, 0x0000000085f00000|  0%| F|  |TAMS 0x0000000085e00000, 0x0000000085e00000| Untracked 
|  95|0x0000000085f00000, 0x0000000085f00000, 0x0000000086000000|  0%| F|  |TAMS 0x0000000085f00000, 0x0000000085f00000| Untracked 
|  96|0x0000000086000000, 0x000000008602af50, 0x0000000086100000| 16%| S|CS|TAMS 0x0000000086000000, 0x0000000086000000| Complete 
|  97|0x0000000086100000, 0x0000000086200000, 0x0000000086200000|100%| S|CS|TAMS 0x0000000086100000, 0x0000000086100000| Complete 
|  98|0x0000000086200000, 0x0000000086300000, 0x0000000086300000|100%| S|CS|TAMS 0x0000000086200000, 0x0000000086200000| Complete 
|  99|0x0000000086300000, 0x0000000086300000, 0x0000000086400000|  0%| F|  |TAMS 0x0000000086300000, 0x0000000086300000| Untracked 
| 100|0x0000000086400000, 0x0000000086400000, 0x0000000086500000|  0%| F|  |TAMS 0x0000000086400000, 0x0000000086400000| Untracked 
| 101|0x0000000086500000, 0x0000000086500000, 0x0000000086600000|  0%| F|  |TAMS 0x0000000086500000, 0x0000000086500000| Untracked 
| 102|0x0000000086600000, 0x0000000086600000, 0x0000000086700000|  0%| F|  |TAMS 0x0000000086600000, 0x0000000086600000| Untracked 
| 103|0x0000000086700000, 0x0000000086700000, 0x0000000086800000|  0%| F|  |TAMS 0x0000000086700000, 0x0000000086700000| Untracked 
| 104|0x0000000086800000, 0x0000000086800000, 0x0000000086900000|  0%| F|  |TAMS 0x0000000086800000, 0x0000000086800000| Untracked 
| 105|0x0000000086900000, 0x0000000086900000, 0x0000000086a00000|  0%| F|  |TAMS 0x0000000086900000, 0x0000000086900000| Untracked 
| 106|0x0000000086a00000, 0x0000000086a00000, 0x0000000086b00000|  0%| F|  |TAMS 0x0000000086a00000, 0x0000000086a00000| Untracked 
| 107|0x0000000086b00000, 0x0000000086b00000, 0x0000000086c00000|  0%| F|  |TAMS 0x0000000086b00000, 0x0000000086b00000| Untracked 
| 108|0x0000000086c00000, 0x0000000086c00000, 0x0000000086d00000|  0%| F|  |TAMS 0x0000000086c00000, 0x0000000086c00000| Untracked 
| 109|0x0000000086d00000, 0x0000000086d00000, 0x0000000086e00000|  0%| F|  |TAMS 0x0000000086d00000, 0x0000000086d00000| Untracked 
| 110|0x0000000086e00000, 0x0000000086e00000, 0x0000000086f00000|  0%| F|  |TAMS 0x0000000086e00000, 0x0000000086e00000| Untracked 
| 111|0x0000000086f00000, 0x0000000086f00000, 0x0000000087000000|  0%| F|  |TAMS 0x0000000086f00000, 0x0000000086f00000| Untracked 
| 112|0x0000000087000000, 0x0000000087000000, 0x0000000087100000|  0%| F|  |TAMS 0x0000000087000000, 0x0000000087000000| Untracked 
| 113|0x0000000087100000, 0x0000000087100000, 0x0000000087200000|  0%| F|  |TAMS 0x0000000087100000, 0x0000000087100000| Untracked 
| 114|0x0000000087200000, 0x0000000087200000, 0x0000000087300000|  0%| F|  |TAMS 0x0000000087200000, 0x0000000087200000| Untracked 
| 115|0x0000000087300000, 0x0000000087300000, 0x0000000087400000|  0%| F|  |TAMS 0x0000000087300000, 0x0000000087300000| Untracked 
| 116|0x0000000087400000, 0x0000000087400000, 0x0000000087500000|  0%| F|  |TAMS 0x0000000087400000, 0x0000000087400000| Untracked 
| 117|0x0000000087500000, 0x0000000087500000, 0x0000000087600000|  0%| F|  |TAMS 0x0000000087500000, 0x0000000087500000| Untracked 
| 118|0x0000000087600000, 0x0000000087600000, 0x0000000087700000|  0%| F|  |TAMS 0x0000000087600000, 0x0000000087600000| Untracked 
| 119|0x0000000087700000, 0x0000000087700000, 0x0000000087800000|  0%| F|  |TAMS 0x0000000087700000, 0x0000000087700000| Untracked 
| 120|0x0000000087800000, 0x0000000087800000, 0x0000000087900000|  0%| F|  |TAMS 0x0000000087800000, 0x0000000087800000| Untracked 
| 121|0x0000000087900000, 0x0000000087900000, 0x0000000087a00000|  0%| F|  |TAMS 0x0000000087900000, 0x0000000087900000| Untracked 
| 122|0x0000000087a00000, 0x0000000087a00000, 0x0000000087b00000|  0%| F|  |TAMS 0x0000000087a00000, 0x0000000087a00000| Untracked 
| 123|0x0000000087b00000, 0x0000000087b00000, 0x0000000087c00000|  0%| F|  |TAMS 0x0000000087b00000, 0x0000000087b00000| Untracked 
| 124|0x0000000087c00000, 0x0000000087c00000, 0x0000000087d00000|  0%| F|  |TAMS 0x0000000087c00000, 0x0000000087c00000| Untracked 
| 125|0x0000000087d00000, 0x0000000087d00000, 0x0000000087e00000|  0%| F|  |TAMS 0x0000000087d00000, 0x0000000087d00000| Untracked 
| 126|0x0000000087e00000, 0x0000000087e00000, 0x0000000087f00000|  0%| F|  |TAMS 0x0000000087e00000, 0x0000000087e00000| Untracked 
| 127|0x0000000087f00000, 0x0000000087f00000, 0x0000000088000000|  0%| F|  |TAMS 0x0000000087f00000, 0x0000000087f00000| Untracked 
| 128|0x0000000088000000, 0x0000000088000000, 0x0000000088100000|  0%| F|  |TAMS 0x0000000088000000, 0x0000000088000000| Untracked 
| 129|0x0000000088100000, 0x0000000088100000, 0x0000000088200000|  0%| F|  |TAMS 0x0000000088100000, 0x0000000088100000| Untracked 
| 130|0x0000000088200000, 0x0000000088200000, 0x0000000088300000|  0%| F|  |TAMS 0x0000000088200000, 0x0000000088200000| Untracked 
| 131|0x0000000088300000, 0x0000000088300000, 0x0000000088400000|  0%| F|  |TAMS 0x0000000088300000, 0x0000000088300000| Untracked 
| 132|0x0000000088400000, 0x0000000088400000, 0x0000000088500000|  0%| F|  |TAMS 0x0000000088400000, 0x0000000088400000| Untracked 
| 133|0x0000000088500000, 0x0000000088500000, 0x0000000088600000|  0%| F|  |TAMS 0x0000000088500000, 0x0000000088500000| Untracked 
| 134|0x0000000088600000, 0x0000000088600000, 0x0000000088700000|  0%| F|  |TAMS 0x0000000088600000, 0x0000000088600000| Untracked 
| 135|0x0000000088700000, 0x0000000088700000, 0x0000000088800000|  0%| F|  |TAMS 0x0000000088700000, 0x0000000088700000| Untracked 
| 136|0x0000000088800000, 0x0000000088800000, 0x0000000088900000|  0%| F|  |TAMS 0x0000000088800000, 0x0000000088800000| Untracked 
| 137|0x0000000088900000, 0x0000000088900000, 0x0000000088a00000|  0%| F|  |TAMS 0x0000000088900000, 0x0000000088900000| Untracked 
| 138|0x0000000088a00000, 0x0000000088a00000, 0x0000000088b00000|  0%| F|  |TAMS 0x0000000088a00000, 0x0000000088a00000| Untracked 
| 139|0x0000000088b00000, 0x0000000088b00000, 0x0000000088c00000|  0%| F|  |TAMS 0x0000000088b00000, 0x0000000088b00000| Untracked 
| 140|0x0000000088c00000, 0x0000000088c00000, 0x0000000088d00000|  0%| F|  |TAMS 0x0000000088c00000, 0x0000000088c00000| Untracked 
| 141|0x0000000088d00000, 0x0000000088d00000, 0x0000000088e00000|  0%| F|  |TAMS 0x0000000088d00000, 0x0000000088d00000| Untracked 
| 142|0x0000000088e00000, 0x0000000088e00000, 0x0000000088f00000|  0%| F|  |TAMS 0x0000000088e00000, 0x0000000088e00000| Untracked 
| 143|0x0000000088f00000, 0x0000000088f00000, 0x0000000089000000|  0%| F|  |TAMS 0x0000000088f00000, 0x0000000088f00000| Untracked 
| 144|0x0000000089000000, 0x0000000089000000, 0x0000000089100000|  0%| F|  |TAMS 0x0000000089000000, 0x0000000089000000| Untracked 
| 145|0x0000000089100000, 0x0000000089100000, 0x0000000089200000|  0%| F|  |TAMS 0x0000000089100000, 0x0000000089100000| Untracked 
| 146|0x0000000089200000, 0x0000000089200000, 0x0000000089300000|  0%| F|  |TAMS 0x0000000089200000, 0x0000000089200000| Untracked 
| 147|0x0000000089300000, 0x0000000089300000, 0x0000000089400000|  0%| F|  |TAMS 0x0000000089300000, 0x0000000089300000| Untracked 
| 148|0x0000000089400000, 0x0000000089400000, 0x0000000089500000|  0%| F|  |TAMS 0x0000000089400000, 0x0000000089400000| Untracked 
| 149|0x0000000089500000, 0x0000000089500000, 0x0000000089600000|  0%| F|  |TAMS 0x0000000089500000, 0x0000000089500000| Untracked 
| 150|0x0000000089600000, 0x0000000089600000, 0x0000000089700000|  0%| F|  |TAMS 0x0000000089600000, 0x0000000089600000| Untracked 
| 151|0x0000000089700000, 0x0000000089700000, 0x0000000089800000|  0%| F|  |TAMS 0x0000000089700000, 0x0000000089700000| Untracked 

Card table byte_map: [0x000001f820d80000,0x000001f821180000] _byte_map_base: 0x000001f820980000

Marking Bits (Prev, Next): (CMBitMap*) 0x000001f80bc7fc20, (CMBitMap*) 0x000001f80bc7fbe8
 Prev Bits: [0x000001f823580000, 0x000001f825580000)
 Next Bits: [0x000001f821580000, 0x000001f823580000)

Polling page: 0x000001f80bd20000

Metaspace:

Usage:
  Non-class:     56.19 MB capacity,    54.84 MB ( 98%) used,     1.17 MB (  2%) free+waste,   177.44 KB ( <1%) overhead. 
      Class:      8.71 MB capacity,     8.03 MB ( 92%) used,   612.61 KB (  7%) free+waste,    84.50 KB ( <1%) overhead. 
       Both:     64.89 MB capacity,    62.87 MB ( 97%) used,     1.77 MB (  3%) free+waste,   261.94 KB ( <1%) overhead. 

Virtual space:
  Non-class space:       58.00 MB reserved,      56.32 MB ( 97%) committed 
      Class space:        1.00 GB reserved,       8.75 MB ( <1%) committed 
             Both:        1.06 GB reserved,      65.07 MB (  6%) committed 

Chunk freelists:
   Non-Class:  9.00 KB
       Class:  11.00 KB
        Both:  20.00 KB

MaxMetaspaceSize: 17179869184.00 GB
CompressedClassSpaceSize: 1.00 GB

CodeHeap 'non-profiled nmethods': size=120000Kb used=3070Kb max_used=3070Kb free=116929Kb
 bounds [0x000001f8189e0000, 0x000001f818ce0000, 0x000001f81ff10000]
CodeHeap 'profiled nmethods': size=120000Kb used=14789Kb max_used=14789Kb free=105211Kb
 bounds [0x000001f8114b0000, 0x000001f812330000, 0x000001f8189e0000]
CodeHeap 'non-nmethods': size=5760Kb used=2255Kb max_used=2301Kb free=3504Kb
 bounds [0x000001f810f10000, 0x000001f811180000, 0x000001f8114b0000]
 total_blobs=7998 nmethods=7155 adapters=753
 compilation: enabled
              stopped_count=0, restarted_count=0
 full_count=0

Compilation events (20 events):
Event: 12.967 Thread 0x000001f828079000 nmethod 7103 0x000001f818cdd990 code [0x000001f818cddb20, 0x000001f818cddbf8]
Event: 12.968 Thread 0x000001f828079000 6965       4       jdk.internal.org.objectweb.asm.MethodWriter::visitVarInsn (300 bytes)
Event: 12.970 Thread 0x000001f82807a000 7276       2       java.util.HashSet::contains (9 bytes)
Event: 12.970 Thread 0x000001f82807a000 nmethod 7276 0x000001f812311590 code [0x000001f812311740, 0x000001f812311868]
Event: 12.980 Thread 0x000001f828079000 nmethod 6965 0x000001f818cddd10 code [0x000001f818cddf00, 0x000001f818cde428]
Event: 12.980 Thread 0x000001f828079000 6995       4       jdk.internal.ref.PhantomCleanable::clean (16 bytes)
Event: 12.988 Thread 0x000001f82807a000 7277 %     3       org.gradle.internal.instantiation.generator.AbstractClassGenerator::inspectType @ 163 (560 bytes)
Event: 12.991 Thread 0x000001f828079000 nmethod 6995 0x000001f818cde890 code [0x000001f818cdea40, 0x000001f818cdf0f8]
Event: 12.992 Thread 0x000001f828079000 7280       4       org.objectweb.asm.ByteVector::put12 (64 bytes)
Event: 12.994 Thread 0x000001f82807a000 nmethod 7277% 0x000001f812311910 code [0x000001f812312140, 0x000001f8123175a8]
Event: 12.994 Thread 0x000001f82807a000 7278       3       com.google.common.collect.AbstractMapBasedMultimap::put (92 bytes)
Event: 12.994 Thread 0x000001f828079000 nmethod 7280 0x000001f818cdf290 code [0x000001f818cdf440, 0x000001f818cdf5e8]
Event: 12.994 Thread 0x000001f828079000 6996       4       jdk.internal.ref.CleanerImpl$PhantomCleanableRef::performCleanup (10 bytes)
Event: 12.995 Thread 0x000001f82807a000 nmethod 7278 0x000001f812318f90 code [0x000001f8123191c0, 0x000001f812319978]
Event: 12.995 Thread 0x000001f82807a000 7279       3       com.google.common.collect.AbstractSetMultimap::put (7 bytes)
Event: 12.995 Thread 0x000001f828079000 nmethod 6996 0x000001f818cdf790 code [0x000001f818cdf920, 0x000001f818cdf9b8]
Event: 12.995 Thread 0x000001f828079000 6969       4       java.lang.invoke.MethodType$ConcurrentWeakInternSet::get (54 bytes)
Event: 12.995 Thread 0x000001f82807a000 nmethod 7279 0x000001f812319b90 code [0x000001f812319d40, 0x000001f812319e68]
Event: 12.997 Thread 0x000001f82807a000 7281 %     3       org.gradle.internal.instantiation.generator.AbstractClassGenerator::inspectType @ 517 (560 bytes)
Event: 13.003 Thread 0x000001f82807a000 nmethod 7281% 0x000001f812319f10 code [0x000001f81231a720, 0x000001f81231fae8]

GC Heap History (20 events):
Event: 3.783 GC heap after
{Heap after GC invocations=4 (full 0):
 garbage-first heap   total 129024K, used 16919K [0x0000000080000000, 0x0000000100000000)
  region size 1024K, 1 young (1024K), 1 survivors (1024K)
 Metaspace       used 20678K, capacity 21120K, committed 21296K, reserved 1069056K
  class space    used 2529K, capacity 2674K, committed 2688K, reserved 1048576K
}
Event: 4.722 GC heap before
{Heap before GC invocations=5 (full 0):
 garbage-first heap   total 129024K, used 82455K [0x0000000080000000, 0x0000000100000000)
  region size 1024K, 60 young (61440K), 1 survivors (1024K)
 Metaspace       used 26832K, capacity 27531K, committed 27824K, reserved 1073152K
  class space    used 3517K, capacity 3768K, committed 3840K, reserved 1048576K
}
Event: 4.727 GC heap after
{Heap after GC invocations=6 (full 0):
 garbage-first heap   total 129024K, used 25903K [0x0000000080000000, 0x0000000100000000)
  region size 1024K, 5 young (5120K), 5 survivors (5120K)
 Metaspace       used 26832K, capacity 27531K, committed 27824K, reserved 1073152K
  class space    used 3517K, capacity 3768K, committed 3840K, reserved 1048576K
}
Event: 5.748 GC heap before
{Heap before GC invocations=6 (full 0):
 garbage-first heap   total 129024K, used 90415K [0x0000000080000000, 0x0000000100000000)
  region size 1024K, 64 young (65536K), 5 survivors (5120K)
 Metaspace       used 33623K, capacity 34616K, committed 34736K, reserved 1079296K
  class space    used 4492K, capacity 4857K, committed 4864K, reserved 1048576K
}
Event: 5.755 GC heap after
{Heap after GC invocations=7 (full 0):
 garbage-first heap   total 129024K, used 33289K [0x0000000080000000, 0x0000000100000000)
  region size 1024K, 8 young (8192K), 8 survivors (8192K)
 Metaspace       used 33623K, capacity 34616K, committed 34736K, reserved 1079296K
  class space    used 4492K, capacity 4857K, committed 4864K, reserved 1048576K
}
Event: 5.824 GC heap before
{Heap before GC invocations=7 (full 0):
 garbage-first heap   total 129024K, used 35337K [0x0000000080000000, 0x0000000100000000)
  region size 1024K, 11 young (11264K), 8 survivors (8192K)
 Metaspace       used 34560K, capacity 35501K, committed 35632K, reserved 1079296K
  class space    used 4544K, capacity 4896K, committed 4992K, reserved 1048576K
}
Event: 5.835 GC heap after
{Heap after GC invocations=8 (full 0):
 garbage-first heap   total 129024K, used 33877K [0x0000000080000000, 0x0000000100000000)
  region size 1024K, 4 young (4096K), 4 survivors (4096K)
 Metaspace       used 34560K, capacity 35501K, committed 35632K, reserved 1079296K
  class space    used 4544K, capacity 4896K, committed 4992K, reserved 1048576K
}
Event: 6.783 GC heap before
{Heap before GC invocations=9 (full 0):
 garbage-first heap   total 129024K, used 97365K [0x0000000080000000, 0x0000000100000000)
  region size 1024K, 64 young (65536K), 4 survivors (4096K)
 Metaspace       used 41468K, capacity 42610K, committed 42696K, reserved 1087488K
  class space    used 5307K, capacity 5705K, committed 5760K, reserved 1048576K
}
Event: 6.797 GC heap after
{Heap after GC invocations=10 (full 0):
 garbage-first heap   total 129024K, used 38791K [0x0000000080000000, 0x0000000100000000)
  region size 1024K, 8 young (8192K), 8 survivors (8192K)
 Metaspace       used 41468K, capacity 42610K, committed 42696K, reserved 1087488K
  class space    used 5307K, capacity 5705K, committed 5760K, reserved 1048576K
}
Event: 7.533 GC heap before
{Heap before GC invocations=11 (full 0):
 garbage-first heap   total 129024K, used 98183K [0x0000000080000000, 0x0000000100000000)
  region size 1024K, 67 young (68608K), 8 survivors (8192K)
 Metaspace       used 45710K, capacity 46873K, committed 46920K, reserved 1089536K
  class space    used 5965K, capacity 6381K, committed 6400K, reserved 1048576K
}
Event: 7.547 GC heap after
{Heap after GC invocations=12 (full 0):
 garbage-first heap   total 155648K, used 41788K [0x0000000080000000, 0x0000000100000000)
  region size 1024K, 8 young (8192K), 8 survivors (8192K)
 Metaspace       used 45710K, capacity 46873K, committed 46920K, reserved 1089536K
  class space    used 5965K, capacity 6381K, committed 6400K, reserved 1048576K
}
Event: 8.249 GC heap before
{Heap before GC invocations=12 (full 0):
 garbage-first heap   total 155648K, used 109372K [0x0000000080000000, 0x0000000100000000)
  region size 1024K, 74 young (75776K), 8 survivors (8192K)
 Metaspace       used 46921K, capacity 48233K, committed 48456K, reserved 1091584K
  class space    used 6107K, capacity 6556K, committed 6656K, reserved 1048576K
}
Event: 8.259 GC heap after
{Heap after GC invocations=13 (full 0):
 garbage-first heap   total 155648K, used 43847K [0x0000000080000000, 0x0000000100000000)
  region size 1024K, 6 young (6144K), 6 survivors (6144K)
 Metaspace       used 46921K, capacity 48233K, committed 48456K, reserved 1091584K
  class space    used 6107K, capacity 6556K, committed 6656K, reserved 1048576K
}
Event: 9.208 GC heap before
{Heap before GC invocations=13 (full 0):
 garbage-first heap   total 155648K, used 120647K [0x0000000080000000, 0x0000000100000000)
  region size 1024K, 78 young (79872K), 6 survivors (6144K)
 Metaspace       used 50245K, capacity 51790K, committed 52040K, reserved 1095680K
  class space    used 6354K, capacity 6878K, committed 6912K, reserved 1048576K
}
Event: 9.215 GC heap after
{Heap after GC invocations=14 (full 0):
 garbage-first heap   total 155648K, used 50070K [0x0000000080000000, 0x0000000100000000)
  region size 1024K, 9 young (9216K), 9 survivors (9216K)
 Metaspace       used 50245K, capacity 51790K, committed 52040K, reserved 1095680K
  class space    used 6354K, capacity 6878K, committed 6912K, reserved 1048576K
}
Event: 10.097 GC heap before
{Heap before GC invocations=14 (full 0):
 garbage-first heap   total 155648K, used 125846K [0x0000000080000000, 0x0000000100000000)
  region size 1024K, 79 young (80896K), 9 survivors (9216K)
 Metaspace       used 53986K, capacity 55731K, committed 55752K, reserved 1097728K
  class space    used 6949K, capacity 7531K, committed 7552K, reserved 1048576K
}
Event: 10.108 GC heap after
{Heap after GC invocations=15 (full 0):
 garbage-first heap   total 155648K, used 58837K [0x0000000080000000, 0x0000000100000000)
  region size 1024K, 9 young (9216K), 9 survivors (9216K)
 Metaspace       used 53986K, capacity 55731K, committed 55752K, reserved 1097728K
  class space    used 6949K, capacity 7531K, committed 7552K, reserved 1048576K
}
Event: 11.914 GC heap before
{Heap before GC invocations=15 (full 0):
 garbage-first heap   total 155648K, used 129493K [0x0000000080000000, 0x0000000100000000)
  region size 1024K, 74 young (75776K), 9 survivors (9216K)
 Metaspace       used 56844K, capacity 58755K, committed 59080K, reserved 1099776K
  class space    used 7307K, capacity 7953K, committed 8064K, reserved 1048576K
}
Event: 11.928 GC heap after
{Heap after GC invocations=16 (full 0):
 garbage-first heap   total 155648K, used 71215K [0x0000000080000000, 0x0000000100000000)
  region size 1024K, 10 young (10240K), 10 survivors (10240K)
 Metaspace       used 56844K, capacity 58755K, committed 59080K, reserved 1099776K
  class space    used 7307K, capacity 7953K, committed 8064K, reserved 1048576K
}
Event: 13.024 GC heap before
{Heap before GC invocations=16 (full 0):
 garbage-first heap   total 155648K, used 125487K [0x0000000080000000, 0x0000000100000000)
  region size 1024K, 63 young (64512K), 10 survivors (10240K)
 Metaspace       used 64378K, capacity 66452K, committed 66632K, reserved 1107968K
  class space    used 8219K, capacity 8917K, committed 8960K, reserved 1048576K
}

Deoptimization events (20 events):
Event: 12.078 Thread 0x000001f828b6d800 Uncommon trap: trap_request=0xffffff4d fr.pc=0x000001f818b76fc0 relative=0x00000000000061a0
Event: 12.078 Thread 0x000001f828b6d800 Uncommon trap: reason=unstable_if action=reinterpret pc=0x000001f818b76fc0 method=org.objectweb.asm.Frame.execute(IILorg/objectweb/asm/Symbol;Lorg/objectweb/asm/SymbolTable;)V @ 1 c2
Event: 12.078 Thread 0x000001f828b6d800 DEOPT PACKING pc=0x000001f818b76fc0 sp=0x0000005390cf7c50
Event: 12.078 Thread 0x000001f828b6d800 DEOPT UNPACKING pc=0x000001f810f3662f sp=0x0000005390cf7bf8 mode 2
Event: 12.118 Thread 0x000001f828b6d800 Uncommon trap: trap_request=0xffffff45 fr.pc=0x000001f818afa7ec relative=0x000000000000020c
Event: 12.119 Thread 0x000001f828b6d800 Uncommon trap: reason=unstable_fused_if action=reinterpret pc=0x000001f818afa7ec method=org.objectweb.asm.ByteVector.putUTF8(Ljava/lang/String;)Lorg/objectweb/asm/ByteVector; @ 93 c2
Event: 12.119 Thread 0x000001f828b6d800 DEOPT PACKING pc=0x000001f818afa7ec sp=0x0000005390cf7d80
Event: 12.119 Thread 0x000001f828b6d800 DEOPT UNPACKING pc=0x000001f810f3662f sp=0x0000005390cf7d00 mode 2
Event: 12.857 Thread 0x000001f828b6d800 Uncommon trap: trap_request=0xffffffde fr.pc=0x000001f818b621a0 relative=0x00000000000014e0
Event: 12.857 Thread 0x000001f828b6d800 Uncommon trap: reason=class_check action=maybe_recompile pc=0x000001f818b621a0 method=jdk.internal.loader.BuiltinClassLoader.loadClassOrNull(Ljava/lang/String;Z)Ljava/lang/Class; @ 86 c2
Event: 12.857 Thread 0x000001f828b6d800 DEOPT PACKING pc=0x000001f818b621a0 sp=0x0000005390cf5ef0
Event: 12.857 Thread 0x000001f828b6d800 DEOPT UNPACKING pc=0x000001f810f3662f sp=0x0000005390cf5e48 mode 2
Event: 12.954 Thread 0x000001f828b6d800 Uncommon trap: trap_request=0xffffffde fr.pc=0x000001f818bed9b0 relative=0x00000000000000f0
Event: 12.954 Thread 0x000001f828b6d800 Uncommon trap: reason=class_check action=maybe_recompile pc=0x000001f818bed9b0 method=java.util.HashSet.contains(Ljava/lang/Object;)Z @ 5 c2
Event: 12.954 Thread 0x000001f828b6d800 DEOPT PACKING pc=0x000001f818bed9b0 sp=0x0000005390cf82b0
Event: 12.954 Thread 0x000001f828b6d800 DEOPT UNPACKING pc=0x000001f810f3662f sp=0x0000005390cf8248 mode 2
Event: 12.954 Thread 0x000001f828b6d800 Uncommon trap: trap_request=0xffffffde fr.pc=0x000001f818bed9b0 relative=0x00000000000000f0
Event: 12.954 Thread 0x000001f828b6d800 Uncommon trap: reason=class_check action=maybe_recompile pc=0x000001f818bed9b0 method=java.util.HashSet.contains(Ljava/lang/Object;)Z @ 5 c2
Event: 12.954 Thread 0x000001f828b6d800 DEOPT PACKING pc=0x000001f818bed9b0 sp=0x0000005390cf82b0
Event: 12.954 Thread 0x000001f828b6d800 DEOPT UNPACKING pc=0x000001f810f3662f sp=0x0000005390cf8248 mode 2

Classes redefined (0 events):
No events

Internal exceptions (20 events):
Event: 11.723 Thread 0x000001f828b6d800 Exception <a 'java/lang/ClassNotFoundException'{0x0000000086067828}: org/gradle/api/internal/ConventionTaskBeanInfo> (0x0000000086067828) thrown at [./src/hotspot/share/classfile/systemDictionary.cpp, line 231]
Event: 11.725 Thread 0x000001f828b6d800 Exception <a 'java/lang/ClassNotFoundException'{0x00000000860912e8}: org/gradle/api/DefaultTaskBeanInfo> (0x00000000860912e8) thrown at [./src/hotspot/share/classfile/systemDictionary.cpp, line 231]
Event: 11.726 Thread 0x000001f828b6d800 Exception <a 'java/lang/ClassNotFoundException'{0x00000000860befc8}: org/gradle/api/internal/AbstractTaskBeanInfo> (0x00000000860befc8) thrown at [./src/hotspot/share/classfile/systemDictionary.cpp, line 231]
Event: 11.727 Thread 0x000001f828b6d800 Exception <a 'java/lang/ClassNotFoundException'{0x00000000860ecf70}: org/gradle/api/internal/AbstractTaskCustomizer> (0x00000000860ecf70) thrown at [./src/hotspot/share/classfile/systemDictionary.cpp, line 231]
Event: 11.731 Thread 0x000001f828b6d800 Exception <a 'java/lang/ClassNotFoundException'{0x0000000085f607b8}: org/gradle/api/DefaultTaskCustomizer> (0x0000000085f607b8) thrown at [./src/hotspot/share/classfile/systemDictionary.cpp, line 231]
Event: 11.736 Thread 0x000001f828b6d800 Exception <a 'java/lang/ClassNotFoundException'{0x0000000085fe2628}: org/gradle/api/internal/ConventionTaskCustomizer> (0x0000000085fe2628) thrown at [./src/hotspot/share/classfile/systemDictionary.cpp, line 231]
Event: 11.738 Thread 0x000001f828b6d800 Exception <a 'java/lang/ClassNotFoundException'{0x0000000085e1b408}: org/gradle/api/tasks/DeleteCustomizer> (0x0000000085e1b408) thrown at [./src/hotspot/share/classfile/systemDictionary.cpp, line 231]
Event: 11.740 Thread 0x000001f828b6d800 Exception <a 'java/lang/ClassNotFoundException'{0x0000000085e5a508}: org/gradle/api/tasks/Delete_DecoratedCustomizer> (0x0000000085e5a508) thrown at [./src/hotspot/share/classfile/systemDictionary.cpp, line 231]
Event: 11.779 Thread 0x000001f828b6d800 Exception <a 'java/lang/ClassNotFoundException'{0x0000000085dae830}: build_62oc4bw54jtvkhnsbco4po4meBeanInfo> (0x0000000085dae830) thrown at [./src/hotspot/share/classfile/systemDictionary.cpp, line 231]
Event: 11.780 Thread 0x000001f828b6d800 Exception <a 'java/lang/ClassNotFoundException'{0x0000000085db97e8}: build_62oc4bw54jtvkhnsbco4po4meCustomizer> (0x0000000085db97e8) thrown at [./src/hotspot/share/classfile/systemDictionary.cpp, line 231]
Event: 11.789 Thread 0x000001f828b6d800 Exception <a 'java/lang/ClassNotFoundException'{0x0000000085c3e6d8}: org/gradle/plugin/use/internal/PluginRequestCollector$PluginDependenciesSpecImplBeanInfo> (0x0000000085c3e6d8) thrown at [./src/hotspot/share/classfile/systemDictionary.cpp, line 231]
Event: 11.790 Thread 0x000001f828b6d800 Exception <a 'java/lang/ClassNotFoundException'{0x0000000085c6d4c0}: org/gradle/plugin/use/internal/PluginRequestCollector$PluginDependenciesSpecImplCustomizer> (0x0000000085c6d4c0) thrown at [./src/hotspot/share/classfile/systemDictionary.cpp, line 231]
Event: 11.801 Thread 0x000001f828b6d800 Exception <a 'java/lang/NoSuchMethodError'{0x0000000085ce7138}: 'void java.lang.invoke.DirectMethodHandle$Holder.invokeInterface(java.lang.Object, java.lang.Object)'> (0x0000000085ce7138) thrown at [./src/hotspot/share/interpreter/linkResolver.cpp, line 773]
Event: 12.063 Thread 0x000001f828b6d800 Exception <a 'java/lang/NoSuchMethodError'{0x00000000891b6978}: 'java.lang.Object java.lang.invoke.DirectMethodHandle$Holder.invokeStatic(java.lang.Object, java.lang.Object, java.lang.Object, java.lang.Object, int)'> (0x00000000891b6978) thrown at [./src/hotspot/share/interpreter/linkResolver.cpp, line 773]
Event: 12.064 Thread 0x000001f828b6d800 Exception <a 'java/lang/NoSuchMethodError'{0x00000000891bb370}: 'java.lang.Object java.lang.invoke.DirectMethodHandle$Holder.invokeSpecial(java.lang.Object, java.lang.Object, java.lang.Object, java.lang.Object, java.lang.Object, int)'> (0x00000000891bb370) thrown at [./src/hotspot/share/interpreter/linkResolver.cpp, line 773]
Event: 12.064 Thread 0x000001f828b6d800 Exception <a 'java/lang/NoSuchMethodError'{0x00000000891bf9b0}: 'java.lang.Object java.lang.invoke.Invokers$Holder.linkToTargetMethod(java.lang.Object, java.lang.Object, java.lang.Object, int, java.lang.Object)'> (0x00000000891bf9b0) thrown at [./src/hotspot/share/interpreter/linkResolver.cpp, line 773]
Event: 12.353 Thread 0x000001f828b6d800 Exception <a 'java/lang/NoSuchMethodError'{0x00000000882e60f8}: 'java.lang.Object java.lang.invoke.DirectMethodHandle$Holder.invokeSpecial(java.lang.Object, java.lang.Object, int, int, java.lang.Object, java.lang.Object, java.lang.Object)'> (0x00000000882e60f8) thrown at [./src/hotspot/share/interpreter/linkResolver.cpp, line 773]
Event: 12.353 Thread 0x000001f828b6d800 Exception <a 'java/lang/NoSuchMethodError'{0x00000000882ea678}: 'java.lang.Object java.lang.invoke.DelegatingMethodHandle$Holder.reinvoke_L(java.lang.Object, int, int, java.lang.Object, java.lang.Object, java.lang.Object)'> (0x00000000882ea678) thrown at [./src/hotspot/share/interpreter/linkResolver.cpp, line 773]
Event: 12.625 Thread 0x000001f828b6d800 Exception <a 'java/lang/NoSuchMethodError'{0x000000008757c0a8}: 'int java.lang.invoke.DirectMethodHandle$Holder.invokeInterface(java.lang.Object, java.lang.Object, java.lang.Object, java.lang.Object)'> (0x000000008757c0a8) thrown at [./src/hotspot/share/interpreter/linkResolver.cpp, line 773]
Event: 12.952 Thread 0x000001f828b6d800 Exception <a 'java/lang/NoSuchMethodError'{0x00000000866c48d0}: 'void java.lang.invoke.DirectMethodHandle$Holder.invokeInterface(java.lang.Object, java.lang.Object, java.lang.Object, java.lang.Object)'> (0x00000000866c48d0) thrown at [./src/hotspot/share/interpreter/linkResolver.cpp, line 773]

Events (20 events):
Event: 13.012 loading class org/gradle/api/Action done
Event: 13.012 loading class org/gradle/api/Task
Event: 13.012 loading class org/gradle/api/Task done
Event: 13.012 loading class org/gradle/api/Action
Event: 13.012 loading class org/gradle/api/Action done
Event: 13.013 loading class org/gradle/api/plugins/internal/DefaultBasePluginExtension
Event: 13.013 loading class org/gradle/api/plugins/internal/DefaultBasePluginExtension done
Event: 13.018 loading class org/gradle/api/plugins/internal/DefaultBasePluginConvention
Event: 13.018 loading class org/gradle/api/plugins/internal/DefaultBasePluginConvention done
Event: 13.019 loading class org/gradle/api/plugins/BasePluginConvention
Event: 13.019 loading class org/gradle/api/plugins/BasePluginConvention done
Event: 13.021 loading class org/gradle/api/internal/file/DefaultFilePropertyFactory$PathToDirectoryTransformer
Event: 13.021 loading class org/gradle/api/internal/file/DefaultFilePropertyFactory$PathToDirectoryTransformer done
Event: 13.022 loading class org/gradle/api/internal/plugins/BuildConfigurationRule
Event: 13.022 loading class org/gradle/api/internal/plugins/BuildConfigurationRule done
Event: 13.023 loading class org/gradle/api/internal/plugins/AbstractRule
Event: 13.023 loading class org/gradle/api/internal/plugins/AbstractRule done
Event: 13.024 loading class org/gradle/api/internal/tasks/DefaultRealizableTaskCollection
Event: 13.024 loading class org/gradle/api/internal/tasks/DefaultRealizableTaskCollection done
Event: 13.024 Executing VM operation: G1CollectForAllocation


Dynamic libraries:
0x00007ff603460000 - 0x00007ff60346a000 	C:\Program Files\Android\Android Studio\jre\bin\java.exe
0x00007ff96ab70000 - 0x00007ff96ad65000 	C:\WINDOWS\SYSTEM32\ntdll.dll
0x00007ff96aa10000 - 0x00007ff96aace000 	C:\WINDOWS\System32\KERNEL32.DLL
0x00007ff9688d0000 - 0x00007ff968b98000 	C:\WINDOWS\System32\KERNELBASE.dll
0x00007ff968350000 - 0x00007ff968450000 	C:\WINDOWS\System32\ucrtbase.dll
0x00007ff9620a0000 - 0x00007ff9620b9000 	C:\Program Files\Android\Android Studio\jre\bin\jli.dll
0x00007ff962060000 - 0x00007ff962077000 	C:\Program Files\Android\Android Studio\jre\bin\VCRUNTIME140.dll
0x00007ff969c80000 - 0x00007ff969e20000 	C:\WINDOWS\System32\USER32.dll
0x00007ff968320000 - 0x00007ff968342000 	C:\WINDOWS\System32\win32u.dll
0x00007ff969fb0000 - 0x00007ff969fda000 	C:\WINDOWS\System32\GDI32.dll
0x00007ff9687c0000 - 0x00007ff9688cb000 	C:\WINDOWS\System32\gdi32full.dll
0x00007ff968720000 - 0x00007ff9687bd000 	C:\WINDOWS\System32\msvcp_win.dll
0x00007ff945eb0000 - 0x00007ff94614a000 	C:\WINDOWS\WinSxS\amd64_microsoft.windows.common-controls_6595b64144ccf1df_6.0.19041.1110_none_60b5254171f9507e\COMCTL32.dll
0x00007ff96a040000 - 0x00007ff96a0de000 	C:\WINDOWS\System32\msvcrt.dll
0x00007ff96a180000 - 0x00007ff96a1b0000 	C:\WINDOWS\System32\IMM32.DLL
0x00007ff94eef0000 - 0x00007ff94ef8d000 	C:\Program Files\Android\Android Studio\jre\bin\msvcp140.dll
0x00007ff920720000 - 0x00007ff9211f5000 	C:\Program Files\Android\Android Studio\jre\bin\server\jvm.dll
0x00007ff968f70000 - 0x00007ff96901e000 	C:\WINDOWS\System32\ADVAPI32.dll
0x00007ff969770000 - 0x00007ff96980c000 	C:\WINDOWS\System32\sechost.dll
0x00007ff968e40000 - 0x00007ff968f65000 	C:\WINDOWS\System32\RPCRT4.dll
0x00007ff968e30000 - 0x00007ff968e38000 	C:\WINDOWS\System32\PSAPI.DLL
0x00007ff920450000 - 0x00007ff920459000 	C:\WINDOWS\SYSTEM32\WSOCK32.dll
0x00007ff959020000 - 0x00007ff959047000 	C:\WINDOWS\SYSTEM32\WINMM.dll
0x00007ff96a9a0000 - 0x00007ff96aa0b000 	C:\WINDOWS\System32\WS2_32.dll
0x00007ff9621a0000 - 0x00007ff9621aa000 	C:\WINDOWS\SYSTEM32\VERSION.dll
0x00007ff966b70000 - 0x00007ff966b82000 	C:\WINDOWS\SYSTEM32\kernel.appcore.dll
0x00007ff920430000 - 0x00007ff920441000 	C:\Program Files\Android\Android Studio\jre\bin\verify.dll
0x00007ff966850000 - 0x00007ff966a34000 	C:\WINDOWS\SYSTEM32\DBGHELP.DLL
0x00007ff958330000 - 0x00007ff95835c000 	C:\WINDOWS\SYSTEM32\dbgcore.DLL
0x00007ff968290000 - 0x00007ff968312000 	C:\WINDOWS\System32\bcryptPrimitives.dll
0x00007ff920400000 - 0x00007ff920429000 	C:\Program Files\Android\Android Studio\jre\bin\java.dll
0x00007ff9203f0000 - 0x00007ff9203fb000 	C:\Program Files\Android\Android Studio\jre\bin\jimage.dll
0x00007ff9203d0000 - 0x00007ff9203e8000 	C:\Program Files\Android\Android Studio\jre\bin\zip.dll
0x00007ff969020000 - 0x00007ff969764000 	C:\WINDOWS\System32\SHELL32.dll
0x00007ff9660b0000 - 0x00007ff966844000 	C:\WINDOWS\SYSTEM32\windows.storage.dll
0x00007ff96a640000 - 0x00007ff96a994000 	C:\WINDOWS\System32\combase.dll
0x00007ff967c30000 - 0x00007ff967c5c000 	C:\WINDOWS\SYSTEM32\Wldp.dll
0x00007ff968bd0000 - 0x00007ff968c7d000 	C:\WINDOWS\System32\SHCORE.dll
0x00007ff969fe0000 - 0x00007ff96a035000 	C:\WINDOWS\System32\shlwapi.dll
0x00007ff9681d0000 - 0x00007ff9681ef000 	C:\WINDOWS\SYSTEM32\profapi.dll
0x00007ff9203b0000 - 0x00007ff9203ca000 	C:\Program Files\Android\Android Studio\jre\bin\net.dll
0x00007ff958be0000 - 0x00007ff958cea000 	C:\WINDOWS\SYSTEM32\WINHTTP.dll
0x00007ff967990000 - 0x00007ff9679fa000 	C:\WINDOWS\system32\mswsock.dll
0x00007ff920390000 - 0x00007ff9203a4000 	C:\Program Files\Android\Android Studio\jre\bin\nio.dll
0x00007ff956b20000 - 0x00007ff956b47000 	C:\Users\hp\gradle-7.2\native\e1d6ef7f7dcc3fd88c89a11ec53ec762bb8ba0a96d01ffa2cd45eb1d1d8dd5c5\windows-amd64\native-platform.dll
0x00007ff932850000 - 0x00007ff932994000 	C:\Users\hp\gradle-7.2\native\5664cfc778a61ccfe75a443a1ab52a65af34e5dc3c78e0209fed803814484fcb\windows-amd64\native-platform-file-events.dll
0x00007ff945530000 - 0x00007ff94553a000 	C:\Program Files\Android\Android Studio\jre\bin\management.dll
0x00007ff920380000 - 0x00007ff92038d000 	C:\Program Files\Android\Android Studio\jre\bin\management_ext.dll
0x00007ff967b90000 - 0x00007ff967ba8000 	C:\WINDOWS\SYSTEM32\CRYPTSP.dll
0x00007ff967310000 - 0x00007ff967344000 	C:\WINDOWS\system32\rsaenh.dll
0x00007ff968ba0000 - 0x00007ff968bc7000 	C:\WINDOWS\System32\bcrypt.dll
0x00007ff968190000 - 0x00007ff9681be000 	C:\WINDOWS\SYSTEM32\USERENV.dll
0x00007ff967b80000 - 0x00007ff967b8c000 	C:\WINDOWS\SYSTEM32\CRYPTBASE.dll
0x00007ff967680000 - 0x00007ff9676bb000 	C:\WINDOWS\SYSTEM32\IPHLPAPI.DLL
0x00007ff96a1b0000 - 0x00007ff96a1b8000 	C:\WINDOWS\System32\NSI.dll
0x00007ff95ee60000 - 0x00007ff95ee77000 	C:\WINDOWS\SYSTEM32\dhcpcsvc6.DLL
0x00007ff95f850000 - 0x00007ff95f86d000 	C:\WINDOWS\SYSTEM32\dhcpcsvc.DLL
0x00007ff9676c0000 - 0x00007ff96778b000 	C:\WINDOWS\SYSTEM32\DNSAPI.dll

dbghelp: loaded successfully - version: 4.0.5 - missing functions: none
symbol engine: initialized successfully - sym options: 0x614 - pdb path: .;C:\Program Files\Android\Android Studio\jre\bin;C:\WINDOWS\SYSTEM32;C:\WINDOWS\WinSxS\amd64_microsoft.windows.common-controls_6595b64144ccf1df_6.0.19041.1110_none_60b5254171f9507e;C:\Program Files\Android\Android Studio\jre\bin\server;C:\Users\hp\gradle-7.2\native\e1d6ef7f7dcc3fd88c89a11ec53ec762bb8ba0a96d01ffa2cd45eb1d1d8dd5c5\windows-amd64;C:\Users\hp\gradle-7.2\native\5664cfc778a61ccfe75a443a1ab52a65af34e5dc3c78e0209fed803814484fcb\windows-amd64

VM Arguments:
jvm_args: --add-opens=java.base/java.util=ALL-UNNAMED --add-opens=java.base/java.lang=ALL-UNNAMED --add-opens=java.base/java.lang.invoke=ALL-UNNAMED --add-opens=java.base/java.util=ALL-UNNAMED --add-opens=java.prefs/java.util.prefs=ALL-UNNAMED --add-opens=java.prefs/java.util.prefs=ALL-UNNAMED --add-opens=java.base/java.nio.charset=ALL-UNNAMED --add-opens=java.base/java.net=ALL-UNNAMED --add-opens=java.base/java.util.concurrent.atomic=ALL-UNNAMED -Xmx2048m -Dfile.encoding=UTF-8 -Duser.country=US -Duser.language=en -Duser.variant 
java_command: org.gradle.launcher.daemon.bootstrap.GradleDaemon 7.2
java_class_path (initial): C:\Users\hp\gradle-7.2\wrapper\dists\gradle-7.2-bin\2dnblmf4td7x66yl1d74lt32g\gradle-7.2\lib\gradle-launcher-7.2.jar
Launcher Type: SUN_STANDARD

[Global flags]
     intx CICompilerCount                          = 4                                         {product} {ergonomic}
     uint ConcGCThreads                            = 2                                         {product} {ergonomic}
     uint G1ConcRefinementThreads                  = 8                                         {product} {ergonomic}
   size_t G1HeapRegionSize                         = 1048576                                   {product} {ergonomic}
    uintx GCDrainStackTargetSize                   = 64                                        {product} {ergonomic}
   size_t InitialHeapSize                          = 132120576                                 {product} {ergonomic}
   size_t MarkStackSize                            = 4194304                                   {product} {ergonomic}
   size_t MaxHeapSize                              = 2147483648                                {product} {command line}
   size_t MaxNewSize                               = 1287651328                                {product} {ergonomic}
   size_t MinHeapDeltaBytes                        = 1048576                                   {product} {ergonomic}
    uintx NonNMethodCodeHeapSize                   = 5836300                                {pd product} {ergonomic}
    uintx NonProfiledCodeHeapSize                  = 122910970                              {pd product} {ergonomic}
    uintx ProfiledCodeHeapSize                     = 122910970                              {pd product} {ergonomic}
    uintx ReservedCodeCacheSize                    = 251658240                              {pd product} {ergonomic}
     bool SegmentedCodeCache                       = true                                      {product} {ergonomic}
     bool UseCompressedClassPointers               = true                                 {lp64_product} {ergonomic}
     bool UseCompressedOops                        = true                                 {lp64_product} {ergonomic}
     bool UseG1GC                                  = true                                      {product} {ergonomic}
     bool UseLargePagesIndividualAllocation        = false                                  {pd product} {ergonomic}

Logging:
Log output configuration:
 #0: stdout all=warning uptime,level,tags
 #1: stderr all=off uptime,level,tags

Environment Variables:
JAVA_HOME=C:\Program Files\Java\jdk1.8.0_111
PATH=C:\Program Files\Common Files\Oracle\Java\javapath;C:\Program Files (x86)\Common Files\Oracle\Java\javapath;C:\Program Files\Microsoft MPI\Bin\;C:\ProgramData\Oracle\Java\javapath;C:\WINDOWS\system32;C:\WINDOWS;C:\WINDOWS\System32\Wbem;C:\WINDOWS\System32\WindowsPowerShell\v1.0\;C:\WINDOWS\System32\OpenSSH\;C:\Program Files (x86)\Microsoft SQL Server\140\Tools\Binn\;C:\Program Files\Microsoft SQL Server\140\Tools\Binn\;C:\Program Files (x86)\Microsoft SQL Server\140\DTS\Binn\;C:\Program Files\Microsoft SQL Server\140\DTS\Binn\;C:\src\flutter\bin;C:\xampp\php;C:\Program Files\Git\cmd;C:\ProgramData\ComposerSetup\bin;C:\flutter_sdk\flutter\bin;C:\Users\hp\AppData\Local\Programs\Microsoft VS Code\bin
USERNAME=hp
OS=Windows_NT
PROCESSOR_IDENTIFIER=Intel64 Family 6 Model 166 Stepping 0, GenuineIntel



---------------  S Y S T E M  ---------------

OS: Windows 10 , 64 bit Build 19041 (10.0.19041.1645)
OS uptime: 0 days 1:00 hours

CPU:total 8 (initial active 8) (4 cores per cpu, 2 threads per core) family 6 model 166 stepping 0 microcode 0xca, cmov, cx8, fxsr, mmx, sse, sse2, sse3, ssse3, sse4.1, sse4.2, popcnt, avx, avx2, aes, clmul, erms, 3dnowpref, lzcnt, ht, tsc, tscinvbit, bmi1, bmi2, adx, fma

Memory: 4k page, system-wide physical 7996M (307M free)
TotalPageFile size 24345M (AvailPageFile size 24M)
current process WorkingSet (physical memory assigned to process): 344M, peak: 350M
current process commit charge ("private bytes"): 384M, peak: 415M

vm_info: OpenJDK 64-Bit Server VM (11.0.11+9-b60-7590822) for windows-amd64 JRE (11.0.11+9-b60-7590822), built on Jul 29 2021 21:43:44 by "builder" with MS VC++ 14.0 (VS2015)

END.
